17:23:24.934 [main                     ] DEBUG Logger               - Configured Logger
17:23:24.934 [main                     ] DEBUG GameApplication      - Logging settings
Title: project5 make a square
Version: 0.0
Width: 1400
Height: 750
Fullscreen: false
Intro: false
Profiling: false
Single step:false
App Mode: DEVELOPER
Menu Key: ESCAPE
Stage Style: DECORATED
Scene Factory: class com.almasb.fxgl.app.scene.SceneFactory

17:23:25.314 [JavaFX Application Thread] DEBUG FXGLApplication      - Initializing FXGL
17:23:25.316 [JavaFX Application Thread] INFO  Engine               - FXGL-11.12 (11.12.2020 08.51) on WINDOWS (J:21.0.5 FX:15)
17:23:25.316 [JavaFX Application Thread] DEBUG Engine               - JRE Vendor Name: Oracle Corporation
17:23:25.316 [JavaFX Application Thread] DEBUG Engine               - Running on OS: Windows 10 version 10.0
17:23:25.316 [JavaFX Application Thread] DEBUG Engine               - Architecture: amd64
17:23:25.316 [JavaFX Application Thread] INFO  Engine               - Source code and latest versions at: https://github.com/AlmasB/FXGL
17:23:25.317 [JavaFX Application Thread] INFO  Engine               -              Join the FXGL chat at: https://gitter.im/AlmasB/FXGL
17:23:25.438 [JavaFX Application Thread] DEBUG MainWindow           - Creating a JavaFX scene
17:23:25.495 [JavaFX Application Thread] DEBUG MainWindow           - Target settings size: 1400.0 x 750.0
17:23:25.495 [JavaFX Application Thread] DEBUG MainWindow           - Scaled scene size:    1400.0 x 750.0
17:23:25.495 [JavaFX Application Thread] DEBUG MainWindow           - Scaled ratio: (1.0, 1.0)
17:23:25.496 [JavaFX Application Thread] DEBUG MainWindow           - Set initial scene to StartupScene
17:23:25.502 [JavaFX Application Thread] DEBUG MainWindow           - Opening main window
17:23:25.597 [JavaFX Application Thread] DEBUG MainWindow           - Window border size: (16.0, 39.0)
17:23:25.598 [JavaFX Application Thread] DEBUG MainWindow           - Scaled size: 1400.0 x 750.0
17:23:25.598 [JavaFX Application Thread] DEBUG MainWindow           - Scaled ratio: (1.0, 1.0)
17:23:25.598 [JavaFX Application Thread] DEBUG MainWindow           - Scene size: 1400.0 x 750.0
17:23:25.598 [JavaFX Application Thread] DEBUG MainWindow           - Stage size: 1416.0 x 789.0
17:23:25.608 [FXGL Background Thread 1 ] DEBUG Engine               - Initializing environment variables
17:23:25.669 [FXGL Background Thread 1 ] DEBUG GameApplicationServi - Applying CSS: fxgl_dark.css
17:23:25.669 [FXGL Background Thread 1 ] DEBUG FXGLAssetLoaderServi - Loading from file system: /assets/ui/css/fxgl_dark.css
17:23:25.724 [FXGL Background Thread 1 ] DEBUG GameApplicationServi - Initializing application scenes
17:23:25.765 [FXGL Background Thread 1 ] DEBUG GameWorld            - Game world initialized
17:23:25.850 [FXGL Background Thread 1 ] DEBUG PhysicsWorld         - Physics world initialized: appHeight=750, physics.ppm=50.0
17:23:25.853 [FXGL Background Thread 1 ] DEBUG GameScene            - Game scene initialized: 1400x750
17:23:25.853 [FXGL Background Thread 1 ] DEBUG GameApplicationServi - Application scenes initialized
17:23:25.870 [FXGL Background Thread 1 ] DEBUG SystemBundleService  - Loading FXGL system data
17:23:25.873 [FXGL Background Thread 1 ] DEBUG FileSystemAccess     - Reading from: D:\study\FCAI-H\FCAI-H projects\make-a-square\system\fxgl.bundle
17:23:25.882 [FXGL Background Thread 1 ] DEBUG SystemBundleService  - Bundle FXGL: {}
17:23:25.882 [FXGL Background Thread 1 ] DEBUG UpdaterService       - Checking for updates
17:23:25.887 [FXGL Background Thread 4 ] DEBUG FXGLApplication      - Loading fonts
17:23:25.887 [FXGL Background Thread 4 ] DEBUG FXGLAssetLoaderServi - Loading from file system: /assets/ui/fonts/VarelaRound-Regular.ttf
17:23:25.887 [FXGL Background Thread 1 ] DEBUG FXGLApplication      - Loading default localization
17:23:25.887 [FXGL Background Thread 1 ] DEBUG FXGLAssetLoaderServi - Loading from file system: /assets/languages/english.lang
17:23:25.918 [FXGL Background Thread 1 ] INFO  FXGLApplication      - FXGL initialization took: 0.310 sec
17:23:25.919 [JavaFX Application Thread] DEBUG FXGLAssetLoaderServi - Loading from file system: /assets/textures/fxgl_icon.png
17:23:25.935 [FXGL Background Thread 4 ] DEBUG FXGLAssetLoaderServi - Loading from file system: /assets/ui/fonts/Abel-Regular.ttf
17:23:25.939 [FXGL Background Thread 4 ] DEBUG FXGLAssetLoaderServi - Loading from file system: /assets/ui/fonts/lucida_console.ttf
17:23:25.945 [FXGL Background Thread 4 ] DEBUG FXGLAssetLoaderServi - Loading from file system: /assets/ui/fonts/Courier-Prime.ttf
17:23:25.971 [JavaFX Application Thread] DEBUG FXGLAssetLoaderServi - Loading from file system: /assets/ui/cursors/fxgl_default.png
17:23:25.985 [JavaFX Application Thread] DEBUG Input                - Registered new binding: Screenshot - P
17:23:25.985 [JavaFX Application Thread] DEBUG Input                - Registered new binding: System info dump - CTRL+9
17:23:25.986 [JavaFX Application Thread] DEBUG Input                - Registered new binding: Restart - CTRL+R
17:23:25.986 [JavaFX Application Thread] DEBUG Input                - Registered new binding: Toggle Debug Camera - CTRL+C
17:23:25.989 [JavaFX Application Thread] DEBUG LoopRunner           - Starting loop
17:23:25.990 [JavaFX Application Thread] DEBUG GameApplicationServi - Starting new game
17:23:25.991 [JavaFX Application Thread] DEBUG Input                - Clearing active input actions
17:23:26.006 [JavaFX Application Thread] DEBUG GameApplicationServi - Removing overlay from StartupScene and adding to FXGLLoadingScene
17:23:26.007 [JavaFX Application Thread] DEBUG MainWindow           - StartupScene -> FXGLLoadingScene
17:23:26.007 [JavaFX Application Thread] DEBUG GameApplicationServi - Clearing previous game
17:23:26.007 [JavaFX Application Thread] DEBUG GameScene            - Clearing game scene
17:23:26.007 [JavaFX Application Thread] DEBUG GameWorld            - Clearing game world
17:23:26.007 [JavaFX Application Thread] DEBUG PhysicsWorld         - Clearing physics world
17:23:26.009 [FXGL Background Thread 4 ] DEBUG FXGLApplication      - Initializing game
17:23:26.033 [FXGL Background Thread 4 ] INFO  FXGLApplication      - Game initialization took: 0.024 sec
17:23:26.069 [JavaFX Application Thread] DEBUG Input                - Clearing active input actions
17:23:26.082 [JavaFX Application Thread] DEBUG GameApplicationServi - Removing overlay from FXGLLoadingScene and adding to GameScene
17:23:26.082 [JavaFX Application Thread] DEBUG MainWindow           - FXGLLoadingScene -> GameScene
17:23:26.449 [FXGL Background Thread 2 ] INFO  UpdaterService       - Your current version:  11.12
17:23:26.449 [FXGL Background Thread 2 ] INFO  UpdaterService       - Latest stable version: 21.1
17:23:28.259 [JavaFX Application Thread] DEBUG FXGLApplication      - Exiting FXGL
17:23:28.259 [JavaFX Application Thread] DEBUG LoopRunner           - Stopping loop
17:23:28.260 [JavaFX Application Thread] DEBUG SystemBundleService  - Saving FXGL system data
17:23:28.261 [JavaFX Application Thread] DEBUG FileSystemAccess     - Writing to: D:\study\FCAI-H\FCAI-H projects\make-a-square\system\fxgl.bundle
17:23:28.263 [JavaFX Application Thread] DEBUG Async                - Shutting down background threads
17:23:28.263 [JavaFX Application Thread] DEBUG MainWindow           - Closing main window
17:23:28.273 [JavaFX Application Thread] DEBUG Logger               - Closing Logger
