16:22:29.199 [main                     ] DEBUG Logger               - Configured Logger
16:22:29.216 [main                     ] DEBUG GameApplication      - Logging settings
Title: project5 make a square
Version: 0.0
Width: 1400
Height: 750
Fullscreen: false
Intro: false
Profiling: false
Single step:false
App Mode: DEVELOPER
Menu Key: ESCAPE
Stage Style: DECORATED
Scene Factory: class com.almasb.fxgl.app.scene.SceneFactory

16:22:29.663 [JavaFX Application Thread] DEBUG FXGLApplication      - Initializing FXGL
16:22:29.664 [JavaFX Application Thread] INFO  Engine               - FXGL-11.12 (11.12.2020 08.51) on WINDOWS (J:21.0.5 FX:15)
16:22:29.665 [JavaFX Application Thread] DEBUG Engine               - JRE Vendor Name: Oracle Corporation
16:22:29.665 [JavaFX Application Thread] DEBUG Engine               - Running on OS: Windows 10 version 10.0
16:22:29.665 [JavaFX Application Thread] DEBUG Engine               - Architecture: amd64
16:22:29.665 [JavaFX Application Thread] INFO  Engine               - Source code and latest versions at: https://github.com/AlmasB/FXGL
16:22:29.665 [JavaFX Application Thread] INFO  Engine               -              Join the FXGL chat at: https://gitter.im/AlmasB/FXGL
16:22:29.805 [JavaFX Application Thread] DEBUG MainWindow           - Creating a JavaFX scene
16:22:29.863 [JavaFX Application Thread] DEBUG MainWindow           - Target settings size: 1400.0 x 750.0
16:22:29.863 [JavaFX Application Thread] DEBUG MainWindow           - Scaled scene size:    1400.0 x 750.0
16:22:29.863 [JavaFX Application Thread] DEBUG MainWindow           - Scaled ratio: (1.0, 1.0)
16:22:29.865 [JavaFX Application Thread] DEBUG MainWindow           - Set initial scene to StartupScene
16:22:29.871 [JavaFX Application Thread] DEBUG MainWindow           - Opening main window
16:22:29.972 [JavaFX Application Thread] DEBUG MainWindow           - Window border size: (16.0, 39.0)
16:22:29.973 [JavaFX Application Thread] DEBUG MainWindow           - Scaled size: 1400.0 x 750.0
16:22:29.973 [JavaFX Application Thread] DEBUG MainWindow           - Scaled ratio: (1.0, 1.0)
16:22:29.973 [JavaFX Application Thread] DEBUG MainWindow           - Scene size: 1400.0 x 750.0
16:22:29.973 [JavaFX Application Thread] DEBUG MainWindow           - Stage size: 1416.0 x 789.0
16:22:29.982 [FXGL Background Thread 1 ] DEBUG Engine               - Initializing environment variables
16:22:30.038 [FXGL Background Thread 1 ] DEBUG GameApplicationServi - Applying CSS: fxgl_dark.css
16:22:30.039 [FXGL Background Thread 1 ] DEBUG FXGLAssetLoaderServi - Loading from file system: /assets/ui/css/fxgl_dark.css
16:22:30.090 [FXGL Background Thread 1 ] DEBUG GameApplicationServi - Initializing application scenes
16:22:30.132 [FXGL Background Thread 1 ] DEBUG GameWorld            - Game world initialized
16:22:30.215 [FXGL Background Thread 1 ] DEBUG PhysicsWorld         - Physics world initialized: appHeight=750, physics.ppm=50.0
16:22:30.217 [FXGL Background Thread 1 ] DEBUG GameScene            - Game scene initialized: 1400x750
16:22:30.217 [FXGL Background Thread 1 ] DEBUG GameApplicationServi - Application scenes initialized
16:22:30.234 [FXGL Background Thread 1 ] DEBUG SystemBundleService  - Loading FXGL system data
16:22:30.238 [FXGL Background Thread 1 ] DEBUG FileSystemAccess     - Reading from: D:\study\FCAI-H\FCAI-H projects\make-a-square\system\fxgl.bundle
16:22:30.250 [FXGL Background Thread 1 ] DEBUG SystemBundleService  - Bundle FXGL: {}
16:22:30.250 [FXGL Background Thread 1 ] DEBUG UpdaterService       - Checking for updates
16:22:30.255 [FXGL Background Thread 4 ] DEBUG FXGLApplication      - Loading fonts
16:22:30.256 [FXGL Background Thread 4 ] DEBUG FXGLAssetLoaderServi - Loading from file system: /assets/ui/fonts/VarelaRound-Regular.ttf
16:22:30.256 [FXGL Background Thread 1 ] DEBUG FXGLApplication      - Loading default localization
16:22:30.256 [FXGL Background Thread 1 ] DEBUG FXGLAssetLoaderServi - Loading from file system: /assets/languages/english.lang
16:22:30.305 [FXGL Background Thread 1 ] INFO  FXGLApplication      - FXGL initialization took: 0.322 sec
16:22:30.306 [JavaFX Application Thread] DEBUG FXGLAssetLoaderServi - Loading from file system: /assets/textures/fxgl_icon.png
16:22:30.313 [FXGL Background Thread 4 ] DEBUG FXGLAssetLoaderServi - Loading from file system: /assets/ui/fonts/Abel-Regular.ttf
16:22:30.317 [FXGL Background Thread 4 ] DEBUG FXGLAssetLoaderServi - Loading from file system: /assets/ui/fonts/lucida_console.ttf
16:22:30.323 [FXGL Background Thread 4 ] DEBUG FXGLAssetLoaderServi - Loading from file system: /assets/ui/fonts/Courier-Prime.ttf
16:22:30.363 [JavaFX Application Thread] DEBUG FXGLAssetLoaderServi - Loading from file system: /assets/ui/cursors/fxgl_default.png
16:22:30.374 [JavaFX Application Thread] DEBUG Input                - Registered new binding: Screenshot - P
16:22:30.375 [JavaFX Application Thread] DEBUG Input                - Registered new binding: System info dump - CTRL+9
16:22:30.375 [JavaFX Application Thread] DEBUG Input                - Registered new binding: Restart - CTRL+R
16:22:30.376 [JavaFX Application Thread] DEBUG Input                - Registered new binding: Toggle Debug Camera - CTRL+C
16:22:30.378 [JavaFX Application Thread] DEBUG LoopRunner           - Starting loop
16:22:30.379 [JavaFX Application Thread] DEBUG GameApplicationServi - Starting new game
16:22:30.379 [JavaFX Application Thread] DEBUG Input                - Clearing active input actions
16:22:30.391 [JavaFX Application Thread] DEBUG GameApplicationServi - Removing overlay from StartupScene and adding to FXGLLoadingScene
16:22:30.391 [JavaFX Application Thread] DEBUG MainWindow           - StartupScene -> FXGLLoadingScene
16:22:30.391 [JavaFX Application Thread] DEBUG GameApplicationServi - Clearing previous game
16:22:30.391 [JavaFX Application Thread] DEBUG GameScene            - Clearing game scene
16:22:30.391 [JavaFX Application Thread] DEBUG GameWorld            - Clearing game world
16:22:30.391 [JavaFX Application Thread] DEBUG PhysicsWorld         - Clearing physics world
16:22:30.393 [JavaFX Application Thread] DEBUG FXGLApplication      - Registering font factories with UI factory
16:22:30.393 [FXGL Background Thread 4 ] DEBUG FXGLApplication      - Initializing game
16:22:30.419 [FXGL Background Thread 4 ] INFO  FXGLApplication      - Game initialization took: 0.027 sec
16:22:30.453 [JavaFX Application Thread] DEBUG Input                - Clearing active input actions
16:22:30.467 [JavaFX Application Thread] DEBUG GameApplicationServi - Removing overlay from FXGLLoadingScene and adding to GameScene
16:22:30.468 [JavaFX Application Thread] DEBUG MainWindow           - FXGLLoadingScene -> GameScene
16:22:31.156 [FXGL Background Thread 2 ] INFO  UpdaterService       - Your current version:  11.12
16:22:31.157 [FXGL Background Thread 2 ] INFO  UpdaterService       - Latest stable version: 21.1
16:22:33.254 [FXGL Background Thread 3 ] DEBUG Engine               - Logging environment variables
16:22:33.255 [FXGL Background Thread 3 ] DEBUG Engine               - achievements: []
16:22:33.255 [FXGL Background Thread 3 ] DEBUG Engine               - actualHeight: 750.0
16:22:33.255 [FXGL Background Thread 3 ] DEBUG Engine               - actualHeightProperty: ReadOnlyDoubleProperty [value: 750.0]
16:22:33.256 [FXGL Background Thread 3 ] DEBUG Engine               - actualWidth: 1400.0
16:22:33.256 [FXGL Background Thread 3 ] DEBUG Engine               - actualWidthProperty: ReadOnlyDoubleProperty [value: 1400.0]
16:22:33.256 [FXGL Background Thread 3 ] DEBUG Engine               - appIcon: fxgl_icon.png
16:22:33.256 [FXGL Background Thread 3 ] DEBUG Engine               - applicationMode: DEVELOPER
16:22:33.256 [FXGL Background Thread 3 ] DEBUG Engine               - cSSList: [fxgl_dark.css]
16:22:33.257 [FXGL Background Thread 3 ] DEBUG Engine               - configClass: Optional.empty
16:22:33.257 [FXGL Background Thread 3 ] DEBUG Engine               - credits: []
16:22:33.258 [FXGL Background Thread 3 ] DEBUG Engine               - devBBoxColorProperty: ObjectProperty [value: 0xff0000ff]
16:22:33.258 [FXGL Background Thread 3 ] DEBUG Engine               - devEnableDebugCameraProperty: BooleanProperty [value: false]
16:22:33.258 [FXGL Background Thread 3 ] DEBUG Engine               - devSensorColorProperty: ObjectProperty [value: 0xffff00ff]
16:22:33.258 [FXGL Background Thread 3 ] DEBUG Engine               - devShowBBoxProperty: BooleanProperty [value: false]
16:22:33.258 [FXGL Background Thread 3 ] DEBUG Engine               - devShowPositionProperty: BooleanProperty [value: false]
16:22:33.259 [FXGL Background Thread 3 ] DEBUG Engine               - enabledMenuItems: []
16:22:33.259 [FXGL Background Thread 3 ] DEBUG Engine               - engineServices: [class com.almasb.fxgl.app.FXGLApplication$GameApplicationService, class com.almasb.fxgl.app.services.FXGLDialogService, class com.almasb.fxgl.app.services.IOTaskExecutorService, class com.almasb.fxgl.event.EventBusService, class com.almasb.fxgl.io.FileSystemService, class com.almasb.fxgl.localization.LocalizationService, class com.almasb.fxgl.app.services.FXGLAssetLoaderService, class com.almasb.fxgl.app.services.SystemBundleService, class com.almasb.fxgl.profile.SaveLoadService, class com.almasb.fxgl.ui.FXGLUIFactoryServiceProvider, class com.almasb.fxgl.ui.FXGLDialogFactoryServiceProvider, class com.almasb.fxgl.audio.AudioPlayer, class com.almasb.fxgl.notification.impl.NotificationServiceProvider, class com.almasb.fxgl.achievement.AchievementService, class com.almasb.fxgl.cutscene.CutsceneService, class com.almasb.fxgl.minigames.MiniGameService, class com.almasb.fxgl.net.NetService, class com.almasb.fxgl.app.services.UpdaterService, class com.almasb.fxgl.dev.DevService]
16:22:33.259 [FXGL Background Thread 3 ] DEBUG Engine               - fontGame: Abel-Regular.ttf
16:22:33.259 [FXGL Background Thread 3 ] DEBUG Engine               - fontMono: lucida_console.ttf
16:22:33.259 [FXGL Background Thread 3 ] DEBUG Engine               - fontText: Courier-Prime.ttf
16:22:33.260 [FXGL Background Thread 3 ] DEBUG Engine               - fontUI: VarelaRound-Regular.ttf
16:22:33.260 [FXGL Background Thread 3 ] DEBUG Engine               - fullScreen: BooleanProperty [value: false]
16:22:33.260 [FXGL Background Thread 3 ] DEBUG Engine               - gameDifficulty: MEDIUM
16:22:33.260 [FXGL Background Thread 3 ] DEBUG Engine               - gameDifficultyProperty: ObjectProperty [value: MEDIUM]
16:22:33.260 [FXGL Background Thread 3 ] DEBUG Engine               - globalMusicVolume: 0.5
16:22:33.261 [FXGL Background Thread 3 ] DEBUG Engine               - globalMusicVolumeProperty: DoubleProperty [value: 0.5]
16:22:33.261 [FXGL Background Thread 3 ] DEBUG Engine               - globalSoundVolume: 0.5
16:22:33.261 [FXGL Background Thread 3 ] DEBUG Engine               - globalSoundVolumeProperty: DoubleProperty [value: 0.5]
16:22:33.261 [FXGL Background Thread 3 ] DEBUG Engine               - height: 750
16:22:33.262 [FXGL Background Thread 3 ] DEBUG Engine               - isAndroid: false
16:22:33.262 [FXGL Background Thread 3 ] DEBUG Engine               - isBrowser: false
16:22:33.262 [FXGL Background Thread 3 ] DEBUG Engine               - isClickFeedbackEnabled: false
16:22:33.262 [FXGL Background Thread 3 ] DEBUG Engine               - isCloseConfirmation: false
16:22:33.262 [FXGL Background Thread 3 ] DEBUG Engine               - isDesktop: true
16:22:33.262 [FXGL Background Thread 3 ] DEBUG Engine               - isDeveloperMenuEnabled: false
16:22:33.263 [FXGL Background Thread 3 ] DEBUG Engine               - isEntityPreloadEnabled: true
16:22:33.263 [FXGL Background Thread 3 ] DEBUG Engine               - isExperimental3D: false
16:22:33.263 [FXGL Background Thread 3 ] DEBUG Engine               - isExperimentalNative: false
16:22:33.263 [FXGL Background Thread 3 ] DEBUG Engine               - isExperimentalTiledLargeMap: false
16:22:33.263 [FXGL Background Thread 3 ] DEBUG Engine               - isFileSystemWriteAllowed: true
16:22:33.264 [FXGL Background Thread 3 ] DEBUG Engine               - isFullScreenAllowed: false
16:22:33.264 [FXGL Background Thread 3 ] DEBUG Engine               - isFullScreenFromStart: false
16:22:33.264 [FXGL Background Thread 3 ] DEBUG Engine               - isGameMenuEnabled: false
16:22:33.264 [FXGL Background Thread 3 ] DEBUG Engine               - isIOS: false
16:22:33.264 [FXGL Background Thread 3 ] DEBUG Engine               - isIntroEnabled: false
16:22:33.265 [FXGL Background Thread 3 ] DEBUG Engine               - isLinux: false
16:22:33.265 [FXGL Background Thread 3 ] DEBUG Engine               - isMac: false
16:22:33.265 [FXGL Background Thread 3 ] DEBUG Engine               - isMainMenuEnabled: false
16:22:33.265 [FXGL Background Thread 3 ] DEBUG Engine               - isManualResizeEnabled: false
16:22:33.265 [FXGL Background Thread 3 ] DEBUG Engine               - isMobile: false
16:22:33.265 [FXGL Background Thread 3 ] DEBUG Engine               - isPreserveResizeRatio: false
16:22:33.266 [FXGL Background Thread 3 ] DEBUG Engine               - isProfilingEnabled: false
16:22:33.266 [FXGL Background Thread 3 ] DEBUG Engine               - isScaleAffectedOnResize: true
16:22:33.266 [FXGL Background Thread 3 ] DEBUG Engine               - isSingleStep: false
16:22:33.266 [FXGL Background Thread 3 ] DEBUG Engine               - isUserProfileEnabled: false
16:22:33.266 [FXGL Background Thread 3 ] DEBUG Engine               - isWindows: true
16:22:33.266 [FXGL Background Thread 3 ] DEBUG Engine               - language: ObjectProperty [value: ENGLISH]
16:22:33.267 [FXGL Background Thread 3 ] DEBUG Engine               - menuKey: ESCAPE
16:22:33.267 [FXGL Background Thread 3 ] DEBUG Engine               - notificationViewClass: class com.almasb.fxgl.notification.view.XboxNotificationView
16:22:33.267 [FXGL Background Thread 3 ] DEBUG Engine               - pixelsPerMeter: 50.0
16:22:33.267 [FXGL Background Thread 3 ] DEBUG Engine               - platform: WINDOWS
16:22:33.267 [FXGL Background Thread 3 ] DEBUG Engine               - prefHeightProperty: ReadOnlyDoubleProperty [value: 750.0]
16:22:33.268 [FXGL Background Thread 3 ] DEBUG Engine               - prefWidthProperty: ReadOnlyDoubleProperty [value: 1400.0]
16:22:33.268 [FXGL Background Thread 3 ] DEBUG Engine               - profileDir: profiles/
16:22:33.268 [FXGL Background Thread 3 ] DEBUG Engine               - profileName: StringProperty [value: DEFAULT]
16:22:33.269 [FXGL Background Thread 3 ] DEBUG Engine               - randomSeed: -1
16:22:33.269 [FXGL Background Thread 3 ] DEBUG Engine               - runtimeInfo: RuntimeInfo(platform=WINDOWS, version=11.12, build=11.12.2020 08.51)
16:22:33.269 [FXGL Background Thread 3 ] DEBUG Engine               - saveFileExt: sav
16:22:33.269 [FXGL Background Thread 3 ] DEBUG Engine               - scaledHeightProp$fxgl: DoubleProperty [bound, value: 750.0]
16:22:33.269 [FXGL Background Thread 3 ] DEBUG Engine               - scaledWidthProp$fxgl: DoubleProperty [bound, value: 1400.0]
16:22:33.270 [FXGL Background Thread 3 ] DEBUG Engine               - sceneFactory: com.almasb.fxgl.app.scene.SceneFactory@7426eb42
16:22:33.270 [FXGL Background Thread 3 ] DEBUG Engine               - secondsIn24h: 60
16:22:33.270 [FXGL Background Thread 3 ] DEBUG Engine               - soundMenuBack: menu/back.wav
16:22:33.270 [FXGL Background Thread 3 ] DEBUG Engine               - soundMenuPress: menu/press.wav
16:22:33.270 [FXGL Background Thread 3 ] DEBUG Engine               - soundMenuSelect: menu/select.wav
16:22:33.270 [FXGL Background Thread 3 ] DEBUG Engine               - soundNotification: core/notification.wav
16:22:33.271 [FXGL Background Thread 3 ] DEBUG Engine               - stageStyle: DECORATED
16:22:33.271 [FXGL Background Thread 3 ] DEBUG Engine               - supportedLanguages: [ENGLISH, FRENCH, GERMAN, HUNGARIAN, RUSSIAN]
16:22:33.271 [FXGL Background Thread 3 ] DEBUG Engine               - title: project5 make a square
16:22:33.271 [FXGL Background Thread 3 ] DEBUG Engine               - urlGithub: https://github.com/AlmasB/FXGL
16:22:33.271 [FXGL Background Thread 3 ] DEBUG Engine               - urlLeaderboard: http://fxgl-top.herokuapp.com/
16:22:33.271 [FXGL Background Thread 3 ] DEBUG Engine               - urlPOM: https://raw.githubusercontent.com/AlmasB/FXGL/master/README.md
16:22:33.272 [FXGL Background Thread 3 ] DEBUG Engine               - version: 0.0
16:22:33.272 [FXGL Background Thread 3 ] DEBUG Engine               - versionCheckDays: 7
16:22:33.272 [FXGL Background Thread 3 ] DEBUG Engine               - width: 1400
16:22:33.272 [FXGL Background Thread 3 ] DEBUG Engine               - Logging services
16:22:33.272 [FXGL Background Thread 3 ] DEBUG Engine               - class com.almasb.fxgl.app.FXGLApplication$GameApplicationService
16:22:33.272 [FXGL Background Thread 3 ] DEBUG Engine               - class com.almasb.fxgl.app.services.FXGLDialogService
16:22:33.273 [FXGL Background Thread 3 ] DEBUG Engine               - class com.almasb.fxgl.app.services.IOTaskExecutorService
16:22:33.273 [FXGL Background Thread 3 ] DEBUG Engine               - class com.almasb.fxgl.event.EventBusService
16:22:33.273 [FXGL Background Thread 3 ] DEBUG Engine               - class com.almasb.fxgl.io.FileSystemService
16:22:33.273 [FXGL Background Thread 3 ] DEBUG Engine               - class com.almasb.fxgl.localization.LocalizationService
16:22:33.273 [FXGL Background Thread 3 ] DEBUG Engine               - class com.almasb.fxgl.app.services.FXGLAssetLoaderService
16:22:33.273 [FXGL Background Thread 3 ] DEBUG Engine               - class com.almasb.fxgl.app.services.SystemBundleService
16:22:33.274 [FXGL Background Thread 3 ] DEBUG Engine               - class com.almasb.fxgl.profile.SaveLoadService
16:22:33.274 [FXGL Background Thread 3 ] DEBUG Engine               - class com.almasb.fxgl.ui.FXGLUIFactoryServiceProvider
16:22:33.274 [FXGL Background Thread 3 ] DEBUG Engine               - class com.almasb.fxgl.ui.FXGLDialogFactoryServiceProvider
16:22:33.274 [FXGL Background Thread 3 ] DEBUG Engine               - class com.almasb.fxgl.audio.AudioPlayer
16:22:33.274 [FXGL Background Thread 3 ] DEBUG Engine               - class com.almasb.fxgl.notification.impl.NotificationServiceProvider
16:22:33.274 [FXGL Background Thread 3 ] DEBUG Engine               - class com.almasb.fxgl.achievement.AchievementService
16:22:33.274 [FXGL Background Thread 3 ] DEBUG Engine               - class com.almasb.fxgl.cutscene.CutsceneService
16:22:33.275 [FXGL Background Thread 3 ] DEBUG Engine               - class com.almasb.fxgl.minigames.MiniGameService
16:22:33.275 [FXGL Background Thread 3 ] DEBUG Engine               - class com.almasb.fxgl.net.NetService
16:22:33.275 [FXGL Background Thread 3 ] DEBUG Engine               - class com.almasb.fxgl.app.services.UpdaterService
16:22:33.275 [FXGL Background Thread 3 ] DEBUG Engine               - class com.almasb.fxgl.dev.DevService
16:22:38.443 [JavaFX Application Thread] DEBUG FXGLApplication      - Exiting FXGL
16:22:38.443 [JavaFX Application Thread] DEBUG LoopRunner           - Stopping loop
16:22:38.443 [JavaFX Application Thread] DEBUG SystemBundleService  - Saving FXGL system data
16:22:38.445 [JavaFX Application Thread] DEBUG FileSystemAccess     - Writing to: D:\study\FCAI-H\FCAI-H projects\make-a-square\system\fxgl.bundle
16:22:38.447 [JavaFX Application Thread] DEBUG Async                - Shutting down background threads
16:22:38.447 [JavaFX Application Thread] DEBUG MainWindow           - Closing main window
16:22:38.460 [JavaFX Application Thread] DEBUG Logger               - Closing Logger
