18:45:55.486 [main                     ] DEBUG Logger               - Configured Logger
18:45:55.490 [main                     ] DEBUG GameApplication      - Logging settings
Title: project5 make a square
Version: 0.0
Width: 1400
Height: 750
Fullscreen: false
Intro: false
Profiling: false
Single step:false
App Mode: DEVELOPER
Menu Key: ESCAPE
Stage Style: DECORATED
Scene Factory: class com.almasb.fxgl.app.scene.SceneFactory

18:45:55.978 [JavaFX Application Thread] DEBUG FXGLApplication      - Initializing FXGL
18:45:55.980 [JavaFX Application Thread] INFO  Engine               - FXGL-11.12 (11.12.2020 08.51) on WINDOWS (J:21.0.2 FX:15)
18:45:55.980 [JavaFX Application Thread] DEBUG Engine               - JRE Vendor Name: Oracle Corporation
18:45:55.982 [JavaFX Application Thread] DEBUG Engine               - Running on OS: Windows 10 version 10.0
18:45:55.982 [JavaFX Application Thread] DEBUG Engine               - Architecture: amd64
18:45:55.982 [JavaFX Application Thread] INFO  Engine               - Source code and latest versions at: https://github.com/AlmasB/FXGL
18:45:55.982 [JavaFX Application Thread] INFO  Engine               -              Join the FXGL chat at: https://gitter.im/AlmasB/FXGL
18:45:56.114 [JavaFX Application Thread] DEBUG MainWindow           - Creating a JavaFX scene
18:45:56.180 [JavaFX Application Thread] DEBUG MainWindow           - Target settings size: 1400.0 x 750.0
18:45:56.180 [JavaFX Application Thread] DEBUG MainWindow           - Scaled scene size:    1400.0 x 750.0
18:45:56.181 [JavaFX Application Thread] DEBUG MainWindow           - Scaled ratio: (1.0, 1.0)
18:45:56.181 [JavaFX Application Thread] DEBUG MainWindow           - Set initial scene to StartupScene
18:45:56.188 [JavaFX Application Thread] DEBUG MainWindow           - Opening main window
18:45:56.315 [JavaFX Application Thread] DEBUG MainWindow           - Window border size: (14.4000244140625, 38.0)
18:45:56.315 [JavaFX Application Thread] DEBUG MainWindow           - Scaled size: 1400.0 x 750.0
18:45:56.315 [JavaFX Application Thread] DEBUG MainWindow           - Scaled ratio: (1.0, 1.0)
18:45:56.315 [JavaFX Application Thread] DEBUG MainWindow           - Scene size: 1400.0 x 750.0
18:45:56.316 [JavaFX Application Thread] DEBUG MainWindow           - Stage size: 1414.4000244140625 x 788.0
18:45:56.326 [FXGL Background Thread 1 ] DEBUG Engine               - Initializing environment variables
18:45:56.404 [FXGL Background Thread 1 ] DEBUG GameApplicationServi - Applying CSS: fxgl_dark.css
18:45:56.406 [FXGL Background Thread 1 ] DEBUG FXGLAssetLoaderServi - Loading from file system: /assets/ui/css/fxgl_dark.css
18:45:56.468 [FXGL Background Thread 1 ] DEBUG GameApplicationServi - Initializing application scenes
18:45:56.516 [FXGL Background Thread 1 ] DEBUG GameWorld            - Game world initialized
18:45:56.651 [FXGL Background Thread 1 ] DEBUG PhysicsWorld         - Physics world initialized: appHeight=750, physics.ppm=50.0
18:45:56.653 [FXGL Background Thread 1 ] DEBUG GameScene            - Game scene initialized: 1400x750
18:45:56.654 [FXGL Background Thread 1 ] DEBUG GameApplicationServi - Application scenes initialized
18:45:56.683 [FXGL Background Thread 1 ] DEBUG SystemBundleService  - Loading FXGL system data
18:45:56.689 [FXGL Background Thread 1 ] DEBUG FileSystemAccess     - Reading from: E:\java\Project5\system\fxgl.bundle
18:45:56.703 [FXGL Background Thread 1 ] DEBUG SystemBundleService  - Bundle FXGL: {}
18:45:56.703 [FXGL Background Thread 1 ] DEBUG UpdaterService       - Checking for updates
18:45:56.710 [FXGL Background Thread 4 ] DEBUG FXGLApplication      - Loading fonts
18:45:56.710 [FXGL Background Thread 4 ] DEBUG FXGLAssetLoaderServi - Loading from file system: /assets/ui/fonts/VarelaRound-Regular.ttf
18:45:56.710 [FXGL Background Thread 1 ] DEBUG FXGLApplication      - Loading default localization
18:45:56.711 [FXGL Background Thread 1 ] DEBUG FXGLAssetLoaderServi - Loading from file system: /assets/languages/english.lang
18:45:56.763 [FXGL Background Thread 1 ] INFO  FXGLApplication      - FXGL initialization took: 0.436 sec
18:45:56.764 [JavaFX Application Thread] DEBUG FXGLAssetLoaderServi - Loading from file system: /assets/textures/fxgl_icon.png
18:45:56.783 [FXGL Background Thread 4 ] DEBUG FXGLAssetLoaderServi - Loading from file system: /assets/ui/fonts/Abel-Regular.ttf
18:45:56.789 [FXGL Background Thread 4 ] DEBUG FXGLAssetLoaderServi - Loading from file system: /assets/ui/fonts/lucida_console.ttf
18:45:56.798 [FXGL Background Thread 4 ] DEBUG FXGLAssetLoaderServi - Loading from file system: /assets/ui/fonts/Courier-Prime.ttf
18:45:56.843 [JavaFX Application Thread] DEBUG FXGLAssetLoaderServi - Loading from file system: /assets/ui/cursors/fxgl_default.png
18:45:56.863 [JavaFX Application Thread] DEBUG Input                - Registered new binding: Screenshot - P
18:45:56.864 [JavaFX Application Thread] DEBUG Input                - Registered new binding: System info dump - CTRL+9
18:45:56.864 [JavaFX Application Thread] DEBUG Input                - Registered new binding: Restart - CTRL+R
18:45:56.865 [JavaFX Application Thread] DEBUG Input                - Registered new binding: Toggle Debug Camera - CTRL+C
18:45:56.868 [JavaFX Application Thread] DEBUG LoopRunner           - Starting loop
18:45:56.869 [JavaFX Application Thread] DEBUG GameApplicationServi - Starting new game
18:45:56.870 [JavaFX Application Thread] DEBUG Input                - Clearing active input actions
18:45:56.884 [JavaFX Application Thread] DEBUG GameApplicationServi - Removing overlay from StartupScene and adding to FXGLLoadingScene
18:45:56.885 [JavaFX Application Thread] DEBUG MainWindow           - StartupScene -> FXGLLoadingScene
18:45:56.885 [JavaFX Application Thread] DEBUG GameApplicationServi - Clearing previous game
18:45:56.885 [JavaFX Application Thread] DEBUG GameScene            - Clearing game scene
18:45:56.885 [JavaFX Application Thread] DEBUG GameWorld            - Clearing game world
18:45:56.885 [JavaFX Application Thread] DEBUG PhysicsWorld         - Clearing physics world
18:45:56.889 [FXGL Background Thread 4 ] DEBUG FXGLApplication      - Initializing game
18:45:56.891 [JavaFX Application Thread] DEBUG FXGLApplication      - Registering font factories with UI factory
18:45:56.980 [JavaFX Application Thread] DEBUG LoopRunner           - Stopping loop
18:45:56.984 [JavaFX Application Thread] FATAL FXGLApplication      - Uncaught Exception:
java.lang.RuntimeException: Initialization failed
	at com.almasb.fxgl.app.FXGLApplication$InitAppTask.failed(FXGLApplication.kt:325)
	at javafx.concurrent.Task.setState(Task.java:710)
	at javafx.concurrent.Task$TaskCallable.lambda$call$2(Task.java:1455)
	at com.sun.javafx.application.PlatformImpl.lambda$runLater$10(PlatformImpl.java:428)
	at java.base/java.security.AccessController.doPrivileged(AccessController.java:400)
	at com.sun.javafx.application.PlatformImpl.lambda$runLater$11(PlatformImpl.java:427)
	at com.sun.glass.ui.InvokeLaterDispatcher$Future.run(InvokeLaterDispatcher.java:96)
	at com.sun.glass.ui.win.WinApplication._runLoop(Native Method)
	at com.sun.glass.ui.win.WinApplication.lambda$runLoop$3(WinApplication.java:174)
	at java.base/java.lang.Thread.run(Thread.java:1583)
Caused by: java.lang.ArrayIndexOutOfBoundsException: Index 0 out of bounds for length 0
	at com.project.gui.Renderer.DrawThreadTrackers(Renderer.java:71)
	at com.project.gui.Window.initGame(Window.java:25)
	at com.almasb.fxgl.app.FXGLApplication$InitAppTask.initGame(FXGLApplication.kt:321)
	at com.almasb.fxgl.app.FXGLApplication$InitAppTask.call(FXGLApplication.kt:301)
	at com.almasb.fxgl.app.FXGLApplication$InitAppTask.call(FXGLApplication.kt:293)
	at javafx.concurrent.Task$TaskCallable.call(Task.java:1425)
	at java.base/java.util.concurrent.FutureTask.run(FutureTask.java:317)
	at java.base/java.util.concurrent.Executors$RunnableAdapter.call(Executors.java:572)
	at java.base/java.util.concurrent.FutureTask.run(FutureTask.java:317)
	at java.base/java.util.concurrent.ThreadPoolExecutor.runWorker(ThreadPoolExecutor.java:1144)
	at java.base/java.util.concurrent.ThreadPoolExecutor$Worker.run(ThreadPoolExecutor.java:642)
	... 1 more

18:45:56.984 [JavaFX Application Thread] FATAL FXGLApplication      - Application will now exit
18:45:57.015 [JavaFX Application Thread] DEBUG MainWindow           - Push state: ErrorSubScene
18:45:57.015 [JavaFX Application Thread] DEBUG Input                - Clearing active input actions
18:45:57.022 [JavaFX Application Thread] DEBUG GameApplicationServi - Removing overlay from FXGLLoadingScene and adding to ErrorSubScene
18:45:57.022 [JavaFX Application Thread] DEBUG MainWindow           - FXGLLoadingScene -> ErrorSubScene
18:45:58.049 [FXGL Background Thread 2 ] INFO  UpdaterService       - Your current version:  11.12
18:45:58.050 [FXGL Background Thread 2 ] INFO  UpdaterService       - Latest stable version: 21.1
18:45:59.709 [FXGL Background Thread 3 ] DEBUG Engine               - Logging environment variables
18:45:59.711 [FXGL Background Thread 3 ] DEBUG Engine               - achievements: []
18:45:59.711 [FXGL Background Thread 3 ] DEBUG Engine               - actualHeight: 750.0
18:45:59.713 [FXGL Background Thread 3 ] DEBUG Engine               - actualHeightProperty: ReadOnlyDoubleProperty [value: 750.0]
18:45:59.713 [FXGL Background Thread 3 ] DEBUG Engine               - actualWidth: 1400.0
18:45:59.713 [FXGL Background Thread 3 ] DEBUG Engine               - actualWidthProperty: ReadOnlyDoubleProperty [value: 1400.0]
18:45:59.713 [FXGL Background Thread 3 ] DEBUG Engine               - appIcon: fxgl_icon.png
18:45:59.714 [FXGL Background Thread 3 ] DEBUG Engine               - applicationMode: DEVELOPER
18:45:59.714 [FXGL Background Thread 3 ] DEBUG Engine               - cSSList: [fxgl_dark.css]
18:45:59.715 [FXGL Background Thread 3 ] DEBUG Engine               - configClass: Optional.empty
18:45:59.716 [FXGL Background Thread 3 ] DEBUG Engine               - credits: []
18:45:59.717 [FXGL Background Thread 3 ] DEBUG Engine               - devBBoxColorProperty: ObjectProperty [value: 0xff0000ff]
18:45:59.717 [FXGL Background Thread 3 ] DEBUG Engine               - devEnableDebugCameraProperty: BooleanProperty [value: false]
18:45:59.718 [FXGL Background Thread 3 ] DEBUG Engine               - devSensorColorProperty: ObjectProperty [value: 0xffff00ff]
18:45:59.718 [FXGL Background Thread 3 ] DEBUG Engine               - devShowBBoxProperty: BooleanProperty [value: false]
18:45:59.718 [FXGL Background Thread 3 ] DEBUG Engine               - devShowPositionProperty: BooleanProperty [value: false]
18:45:59.718 [FXGL Background Thread 3 ] DEBUG Engine               - enabledMenuItems: []
18:45:59.719 [FXGL Background Thread 3 ] DEBUG Engine               - engineServices: [class com.almasb.fxgl.app.FXGLApplication$GameApplicationService, class com.almasb.fxgl.app.services.FXGLDialogService, class com.almasb.fxgl.app.services.IOTaskExecutorService, class com.almasb.fxgl.event.EventBusService, class com.almasb.fxgl.io.FileSystemService, class com.almasb.fxgl.localization.LocalizationService, class com.almasb.fxgl.app.services.FXGLAssetLoaderService, class com.almasb.fxgl.app.services.SystemBundleService, class com.almasb.fxgl.profile.SaveLoadService, class com.almasb.fxgl.ui.FXGLUIFactoryServiceProvider, class com.almasb.fxgl.ui.FXGLDialogFactoryServiceProvider, class com.almasb.fxgl.audio.AudioPlayer, class com.almasb.fxgl.notification.impl.NotificationServiceProvider, class com.almasb.fxgl.achievement.AchievementService, class com.almasb.fxgl.cutscene.CutsceneService, class com.almasb.fxgl.minigames.MiniGameService, class com.almasb.fxgl.net.NetService, class com.almasb.fxgl.app.services.UpdaterService, class com.almasb.fxgl.dev.DevService]
18:45:59.719 [FXGL Background Thread 3 ] DEBUG Engine               - fontGame: Abel-Regular.ttf
18:45:59.719 [FXGL Background Thread 3 ] DEBUG Engine               - fontMono: lucida_console.ttf
18:45:59.720 [FXGL Background Thread 3 ] DEBUG Engine               - fontText: Courier-Prime.ttf
18:45:59.720 [FXGL Background Thread 3 ] DEBUG Engine               - fontUI: VarelaRound-Regular.ttf
18:45:59.720 [FXGL Background Thread 3 ] DEBUG Engine               - fullScreen: BooleanProperty [value: false]
18:45:59.720 [FXGL Background Thread 3 ] DEBUG Engine               - gameDifficulty: MEDIUM
18:45:59.721 [FXGL Background Thread 3 ] DEBUG Engine               - gameDifficultyProperty: ObjectProperty [value: MEDIUM]
18:45:59.721 [FXGL Background Thread 3 ] DEBUG Engine               - globalMusicVolume: 0.5
18:45:59.721 [FXGL Background Thread 3 ] DEBUG Engine               - globalMusicVolumeProperty: DoubleProperty [value: 0.5]
18:45:59.721 [FXGL Background Thread 3 ] DEBUG Engine               - globalSoundVolume: 0.5
18:45:59.722 [FXGL Background Thread 3 ] DEBUG Engine               - globalSoundVolumeProperty: DoubleProperty [value: 0.5]
18:45:59.722 [FXGL Background Thread 3 ] DEBUG Engine               - height: 750
18:45:59.722 [FXGL Background Thread 3 ] DEBUG Engine               - isAndroid: false
18:45:59.723 [FXGL Background Thread 3 ] DEBUG Engine               - isBrowser: false
18:45:59.723 [FXGL Background Thread 3 ] DEBUG Engine               - isClickFeedbackEnabled: false
18:45:59.723 [FXGL Background Thread 3 ] DEBUG Engine               - isCloseConfirmation: false
18:45:59.724 [FXGL Background Thread 3 ] DEBUG Engine               - isDesktop: true
18:45:59.724 [FXGL Background Thread 3 ] DEBUG Engine               - isDeveloperMenuEnabled: false
18:45:59.724 [FXGL Background Thread 3 ] DEBUG Engine               - isEntityPreloadEnabled: true
18:45:59.725 [FXGL Background Thread 3 ] DEBUG Engine               - isExperimental3D: false
18:45:59.725 [FXGL Background Thread 3 ] DEBUG Engine               - isExperimentalNative: false
18:45:59.725 [FXGL Background Thread 3 ] DEBUG Engine               - isExperimentalTiledLargeMap: false
18:45:59.726 [FXGL Background Thread 3 ] DEBUG Engine               - isFileSystemWriteAllowed: true
18:45:59.727 [FXGL Background Thread 3 ] DEBUG Engine               - isFullScreenAllowed: false
18:45:59.727 [FXGL Background Thread 3 ] DEBUG Engine               - isFullScreenFromStart: false
18:45:59.727 [FXGL Background Thread 3 ] DEBUG Engine               - isGameMenuEnabled: false
18:45:59.727 [FXGL Background Thread 3 ] DEBUG Engine               - isIOS: false
18:45:59.727 [FXGL Background Thread 3 ] DEBUG Engine               - isIntroEnabled: false
18:45:59.727 [FXGL Background Thread 3 ] DEBUG Engine               - isLinux: false
18:45:59.728 [FXGL Background Thread 3 ] DEBUG Engine               - isMac: false
18:45:59.729 [FXGL Background Thread 3 ] DEBUG Engine               - isMainMenuEnabled: false
18:45:59.729 [FXGL Background Thread 3 ] DEBUG Engine               - isManualResizeEnabled: false
18:45:59.729 [FXGL Background Thread 3 ] DEBUG Engine               - isMobile: false
18:45:59.729 [FXGL Background Thread 3 ] DEBUG Engine               - isPreserveResizeRatio: false
18:45:59.729 [FXGL Background Thread 3 ] DEBUG Engine               - isProfilingEnabled: false
18:45:59.729 [FXGL Background Thread 3 ] DEBUG Engine               - isScaleAffectedOnResize: true
18:45:59.730 [FXGL Background Thread 3 ] DEBUG Engine               - isSingleStep: false
18:45:59.730 [FXGL Background Thread 3 ] DEBUG Engine               - isUserProfileEnabled: false
18:45:59.730 [FXGL Background Thread 3 ] DEBUG Engine               - isWindows: true
18:45:59.730 [FXGL Background Thread 3 ] DEBUG Engine               - language: ObjectProperty [value: ENGLISH]
18:45:59.731 [FXGL Background Thread 3 ] DEBUG Engine               - menuKey: ESCAPE
18:45:59.731 [FXGL Background Thread 3 ] DEBUG Engine               - notificationViewClass: class com.almasb.fxgl.notification.view.XboxNotificationView
18:45:59.731 [FXGL Background Thread 3 ] DEBUG Engine               - pixelsPerMeter: 50.0
18:45:59.731 [FXGL Background Thread 3 ] DEBUG Engine               - platform: WINDOWS
18:45:59.732 [FXGL Background Thread 3 ] DEBUG Engine               - prefHeightProperty: ReadOnlyDoubleProperty [value: 750.0]
18:45:59.732 [FXGL Background Thread 3 ] DEBUG Engine               - prefWidthProperty: ReadOnlyDoubleProperty [value: 1400.0]
18:45:59.732 [FXGL Background Thread 3 ] DEBUG Engine               - profileDir: profiles/
18:45:59.732 [FXGL Background Thread 3 ] DEBUG Engine               - profileName: StringProperty [value: DEFAULT]
18:45:59.732 [FXGL Background Thread 3 ] DEBUG Engine               - randomSeed: -1
18:45:59.732 [FXGL Background Thread 3 ] DEBUG Engine               - runtimeInfo: RuntimeInfo(platform=WINDOWS, version=11.12, build=11.12.2020 08.51)
18:45:59.733 [FXGL Background Thread 3 ] DEBUG Engine               - saveFileExt: sav
18:45:59.733 [FXGL Background Thread 3 ] DEBUG Engine               - scaledHeightProp$fxgl: DoubleProperty [bound, value: 750.0]
18:45:59.733 [FXGL Background Thread 3 ] DEBUG Engine               - scaledWidthProp$fxgl: DoubleProperty [bound, value: 1400.0]
18:45:59.734 [FXGL Background Thread 3 ] DEBUG Engine               - sceneFactory: com.almasb.fxgl.app.scene.SceneFactory@710a1048
18:45:59.734 [FXGL Background Thread 3 ] DEBUG Engine               - secondsIn24h: 60
18:45:59.734 [FXGL Background Thread 3 ] DEBUG Engine               - soundMenuBack: menu/back.wav
18:45:59.734 [FXGL Background Thread 3 ] DEBUG Engine               - soundMenuPress: menu/press.wav
18:45:59.734 [FXGL Background Thread 3 ] DEBUG Engine               - soundMenuSelect: menu/select.wav
18:45:59.734 [FXGL Background Thread 3 ] DEBUG Engine               - soundNotification: core/notification.wav
18:45:59.734 [FXGL Background Thread 3 ] DEBUG Engine               - stageStyle: DECORATED
18:45:59.734 [FXGL Background Thread 3 ] DEBUG Engine               - supportedLanguages: [ENGLISH, FRENCH, GERMAN, HUNGARIAN, RUSSIAN]
18:45:59.734 [FXGL Background Thread 3 ] DEBUG Engine               - title: project5 make a square
18:45:59.735 [FXGL Background Thread 3 ] DEBUG Engine               - urlGithub: https://github.com/AlmasB/FXGL
18:45:59.735 [FXGL Background Thread 3 ] DEBUG Engine               - urlLeaderboard: http://fxgl-top.herokuapp.com/
18:45:59.735 [FXGL Background Thread 3 ] DEBUG Engine               - urlPOM: https://raw.githubusercontent.com/AlmasB/FXGL/master/README.md
18:45:59.735 [FXGL Background Thread 3 ] DEBUG Engine               - version: 0.0
18:45:59.735 [FXGL Background Thread 3 ] DEBUG Engine               - versionCheckDays: 7
18:45:59.735 [FXGL Background Thread 3 ] DEBUG Engine               - width: 1400
18:45:59.735 [FXGL Background Thread 3 ] DEBUG Engine               - Logging services
18:45:59.736 [FXGL Background Thread 3 ] DEBUG Engine               - class com.almasb.fxgl.app.FXGLApplication$GameApplicationService
18:45:59.736 [FXGL Background Thread 3 ] DEBUG Engine               - class com.almasb.fxgl.app.services.FXGLDialogService
18:45:59.736 [FXGL Background Thread 3 ] DEBUG Engine               - class com.almasb.fxgl.app.services.IOTaskExecutorService
18:45:59.736 [FXGL Background Thread 3 ] DEBUG Engine               - class com.almasb.fxgl.event.EventBusService
18:45:59.736 [FXGL Background Thread 3 ] DEBUG Engine               - class com.almasb.fxgl.io.FileSystemService
18:45:59.736 [FXGL Background Thread 3 ] DEBUG Engine               - class com.almasb.fxgl.localization.LocalizationService
18:45:59.736 [FXGL Background Thread 3 ] DEBUG Engine               - class com.almasb.fxgl.app.services.FXGLAssetLoaderService
18:45:59.736 [FXGL Background Thread 3 ] DEBUG Engine               - class com.almasb.fxgl.app.services.SystemBundleService
18:45:59.737 [FXGL Background Thread 3 ] DEBUG Engine               - class com.almasb.fxgl.profile.SaveLoadService
18:45:59.737 [FXGL Background Thread 3 ] DEBUG Engine               - class com.almasb.fxgl.ui.FXGLUIFactoryServiceProvider
18:45:59.737 [FXGL Background Thread 3 ] DEBUG Engine               - class com.almasb.fxgl.ui.FXGLDialogFactoryServiceProvider
18:45:59.738 [FXGL Background Thread 3 ] DEBUG Engine               - class com.almasb.fxgl.audio.AudioPlayer
18:45:59.738 [FXGL Background Thread 3 ] DEBUG Engine               - class com.almasb.fxgl.notification.impl.NotificationServiceProvider
18:45:59.738 [FXGL Background Thread 3 ] DEBUG Engine               - class com.almasb.fxgl.achievement.AchievementService
18:45:59.738 [FXGL Background Thread 3 ] DEBUG Engine               - class com.almasb.fxgl.cutscene.CutsceneService
18:45:59.738 [FXGL Background Thread 3 ] DEBUG Engine               - class com.almasb.fxgl.minigames.MiniGameService
18:45:59.739 [FXGL Background Thread 3 ] DEBUG Engine               - class com.almasb.fxgl.net.NetService
18:45:59.739 [FXGL Background Thread 3 ] DEBUG Engine               - class com.almasb.fxgl.app.services.UpdaterService
18:45:59.740 [FXGL Background Thread 3 ] DEBUG Engine               - class com.almasb.fxgl.dev.DevService
18:46:03.936 [JavaFX Application Thread] DEBUG FXGLApplication      - Exiting FXGL
18:46:03.936 [JavaFX Application Thread] DEBUG Async                - Shutting down background threads
18:46:03.936 [JavaFX Application Thread] DEBUG MainWindow           - Closing main window
18:46:03.958 [JavaFX Application Thread] DEBUG Logger               - Closing Logger
