13:24:44.653 [main                     ] DEBUG Logger               - Configured Logger
13:24:44.669 [main                     ] DEBUG GameApplication      - Logging settings
Title: project5 make a square
Version: 0.0
Width: 1400
Height: 750
Fullscreen: false
Intro: false
Profiling: false
Single step:false
App Mode: DEVELOPER
Menu Key: ESCAPE
Stage Style: DECORATED
Scene Factory: class com.almasb.fxgl.app.scene.SceneFactory

13:24:45.509 [JavaFX Application Thread] DEBUG FXGLApplication      - Initializing FXGL
13:24:45.519 [JavaFX Application Thread] INFO  Engine               - FXGL-11.12 (11.12.2020 08.51) on WINDOWS (J:21.0.2 FX:15)
13:24:45.521 [JavaFX Application Thread] DEBUG Engine               - JRE Vendor Name: Oracle Corporation
13:24:45.521 [JavaFX Application Thread] DEBUG Engine               - Running on OS: Windows 10 version 10.0
13:24:45.521 [JavaFX Application Thread] DEBUG Engine               - Architecture: amd64
13:24:45.522 [JavaFX Application Thread] INFO  Engine               - Source code and latest versions at: https://github.com/AlmasB/FXGL
13:24:45.522 [JavaFX Application Thread] INFO  Engine               -              Join the FXGL chat at: https://gitter.im/AlmasB/FXGL
13:24:45.803 [JavaFX Application Thread] DEBUG MainWindow           - Creating a JavaFX scene
13:24:45.956 [JavaFX Application Thread] DEBUG MainWindow           - Target settings size: 1400.0 x 750.0
13:24:45.956 [JavaFX Application Thread] DEBUG MainWindow           - Scaled scene size:    1400.0 x 750.0
13:24:45.957 [JavaFX Application Thread] DEBUG MainWindow           - Scaled ratio: (1.0, 1.0)
13:24:45.958 [JavaFX Application Thread] DEBUG MainWindow           - Set initial scene to StartupScene
13:24:45.979 [JavaFX Application Thread] DEBUG MainWindow           - Opening main window
13:24:46.173 [JavaFX Application Thread] DEBUG MainWindow           - Window border size: (14.4000244140625, 38.0)
13:24:46.173 [JavaFX Application Thread] DEBUG MainWindow           - Scaled size: 1400.0 x 750.0
13:24:46.173 [JavaFX Application Thread] DEBUG MainWindow           - Scaled ratio: (1.0, 1.0)
13:24:46.173 [JavaFX Application Thread] DEBUG MainWindow           - Scene size: 1400.0 x 750.0
13:24:46.173 [JavaFX Application Thread] DEBUG MainWindow           - Stage size: 1414.4000244140625 x 788.0
13:24:46.181 [FXGL Background Thread 1 ] DEBUG Engine               - Initializing environment variables
13:24:46.268 [FXGL Background Thread 1 ] DEBUG GameApplicationServi - Applying CSS: fxgl_dark.css
13:24:46.269 [FXGL Background Thread 1 ] DEBUG FXGLAssetLoaderServi - Loading from file system: /assets/ui/css/fxgl_dark.css
13:24:46.340 [FXGL Background Thread 1 ] DEBUG GameApplicationServi - Initializing application scenes
13:24:46.405 [FXGL Background Thread 1 ] DEBUG GameWorld            - Game world initialized
13:24:46.502 [FXGL Background Thread 1 ] DEBUG PhysicsWorld         - Physics world initialized: appHeight=750, physics.ppm=50.0
13:24:46.504 [FXGL Background Thread 1 ] DEBUG GameScene            - Game scene initialized: 1400x750
13:24:46.505 [FXGL Background Thread 1 ] DEBUG GameApplicationServi - Application scenes initialized
13:24:46.533 [FXGL Background Thread 1 ] DEBUG SystemBundleService  - Loading FXGL system data
13:24:46.538 [FXGL Background Thread 1 ] DEBUG FileSystemAccess     - Reading from: E:\java\Project5\system\fxgl.bundle
13:24:46.548 [FXGL Background Thread 1 ] DEBUG SystemBundleService  - Bundle FXGL: {}
13:24:46.548 [FXGL Background Thread 1 ] DEBUG UpdaterService       - Checking for updates
13:24:46.555 [FXGL Background Thread 4 ] DEBUG FXGLApplication      - Loading fonts
13:24:46.555 [FXGL Background Thread 4 ] DEBUG FXGLAssetLoaderServi - Loading from file system: /assets/ui/fonts/VarelaRound-Regular.ttf
13:24:46.556 [FXGL Background Thread 1 ] DEBUG FXGLApplication      - Loading default localization
13:24:46.556 [FXGL Background Thread 1 ] DEBUG FXGLAssetLoaderServi - Loading from file system: /assets/languages/english.lang
13:24:46.619 [FXGL Background Thread 1 ] INFO  FXGLApplication      - FXGL initialization took: 0.437 sec
13:24:46.623 [FXGL Background Thread 4 ] DEBUG FXGLAssetLoaderServi - Loading from file system: /assets/ui/fonts/Abel-Regular.ttf
13:24:46.628 [FXGL Background Thread 4 ] DEBUG FXGLAssetLoaderServi - Loading from file system: /assets/ui/fonts/lucida_console.ttf
13:24:46.635 [FXGL Background Thread 4 ] DEBUG FXGLAssetLoaderServi - Loading from file system: /assets/ui/fonts/Courier-Prime.ttf
13:24:46.636 [JavaFX Application Thread] DEBUG Input                - Registered new binding: Start Solving - Enter
13:24:46.636 [JavaFX Application Thread] DEBUG FXGLAssetLoaderServi - Loading from file system: /assets/textures/fxgl_icon.png
13:24:46.699 [JavaFX Application Thread] DEBUG FXGLAssetLoaderServi - Loading from file system: /assets/ui/cursors/fxgl_default.png
13:24:46.703 [JavaFX Application Thread] DEBUG Input                - Registered new binding: Screenshot - P
13:24:46.704 [JavaFX Application Thread] DEBUG Input                - Registered new binding: System info dump - CTRL+9
13:24:46.705 [JavaFX Application Thread] DEBUG Input                - Registered new binding: Restart - CTRL+R
13:24:46.706 [JavaFX Application Thread] DEBUG Input                - Registered new binding: Toggle Debug Camera - CTRL+C
13:24:46.709 [JavaFX Application Thread] DEBUG LoopRunner           - Starting loop
13:24:46.710 [JavaFX Application Thread] DEBUG GameApplicationServi - Starting new game
13:24:46.710 [JavaFX Application Thread] DEBUG Input                - Clearing active input actions
13:24:46.723 [JavaFX Application Thread] DEBUG GameApplicationServi - Removing overlay from StartupScene and adding to FXGLLoadingScene
13:24:46.724 [JavaFX Application Thread] DEBUG MainWindow           - StartupScene -> FXGLLoadingScene
13:24:46.724 [JavaFX Application Thread] DEBUG GameApplicationServi - Clearing previous game
13:24:46.724 [JavaFX Application Thread] DEBUG GameScene            - Clearing game scene
13:24:46.724 [JavaFX Application Thread] DEBUG GameWorld            - Clearing game world
13:24:46.724 [JavaFX Application Thread] DEBUG PhysicsWorld         - Clearing physics world
13:24:46.727 [FXGL Background Thread 4 ] DEBUG FXGLApplication      - Initializing game
13:24:46.727 [JavaFX Application Thread] DEBUG FXGLApplication      - Registering font factories with UI factory
13:24:46.791 [FXGL Background Thread 4 ] INFO  FXGLApplication      - Game initialization took: 0.065 sec
13:24:46.821 [JavaFX Application Thread] DEBUG Input                - Clearing active input actions
13:24:46.836 [JavaFX Application Thread] DEBUG GameApplicationServi - Removing overlay from FXGLLoadingScene and adding to GameScene
13:24:46.836 [JavaFX Application Thread] DEBUG MainWindow           - FXGLLoadingScene -> GameScene
13:24:46.868 [FXGL Background Thread 2 ] WARN  UpdaterService       - Failed to find updates: java.net.UnknownHostException: raw.githubusercontent.com
13:24:49.554 [FXGL Background Thread 3 ] DEBUG Engine               - Logging environment variables
13:24:49.556 [FXGL Background Thread 3 ] DEBUG Engine               - achievements: []
13:24:49.556 [FXGL Background Thread 3 ] DEBUG Engine               - actualHeight: 750.0
13:24:49.556 [FXGL Background Thread 3 ] DEBUG Engine               - actualHeightProperty: ReadOnlyDoubleProperty [value: 750.0]
13:24:49.557 [FXGL Background Thread 3 ] DEBUG Engine               - actualWidth: 1400.0
13:24:49.557 [FXGL Background Thread 3 ] DEBUG Engine               - actualWidthProperty: ReadOnlyDoubleProperty [value: 1400.0]
13:24:49.557 [FXGL Background Thread 3 ] DEBUG Engine               - appIcon: fxgl_icon.png
13:24:49.557 [FXGL Background Thread 3 ] DEBUG Engine               - applicationMode: DEVELOPER
13:24:49.557 [FXGL Background Thread 3 ] DEBUG Engine               - cSSList: [fxgl_dark.css]
13:24:49.558 [FXGL Background Thread 3 ] DEBUG Engine               - configClass: Optional.empty
13:24:49.558 [FXGL Background Thread 3 ] DEBUG Engine               - credits: []
13:24:49.558 [FXGL Background Thread 3 ] DEBUG Engine               - devBBoxColorProperty: ObjectProperty [value: 0xff0000ff]
13:24:49.559 [FXGL Background Thread 3 ] DEBUG Engine               - devEnableDebugCameraProperty: BooleanProperty [value: false]
13:24:49.559 [FXGL Background Thread 3 ] DEBUG Engine               - devSensorColorProperty: ObjectProperty [value: 0xffff00ff]
13:24:49.559 [FXGL Background Thread 3 ] DEBUG Engine               - devShowBBoxProperty: BooleanProperty [value: false]
13:24:49.560 [FXGL Background Thread 3 ] DEBUG Engine               - devShowPositionProperty: BooleanProperty [value: false]
13:24:49.560 [FXGL Background Thread 3 ] DEBUG Engine               - enabledMenuItems: []
13:24:49.561 [FXGL Background Thread 3 ] DEBUG Engine               - engineServices: [class com.almasb.fxgl.app.FXGLApplication$GameApplicationService, class com.almasb.fxgl.app.services.FXGLDialogService, class com.almasb.fxgl.app.services.IOTaskExecutorService, class com.almasb.fxgl.event.EventBusService, class com.almasb.fxgl.io.FileSystemService, class com.almasb.fxgl.localization.LocalizationService, class com.almasb.fxgl.app.services.FXGLAssetLoaderService, class com.almasb.fxgl.app.services.SystemBundleService, class com.almasb.fxgl.profile.SaveLoadService, class com.almasb.fxgl.ui.FXGLUIFactoryServiceProvider, class com.almasb.fxgl.ui.FXGLDialogFactoryServiceProvider, class com.almasb.fxgl.audio.AudioPlayer, class com.almasb.fxgl.notification.impl.NotificationServiceProvider, class com.almasb.fxgl.achievement.AchievementService, class com.almasb.fxgl.cutscene.CutsceneService, class com.almasb.fxgl.minigames.MiniGameService, class com.almasb.fxgl.net.NetService, class com.almasb.fxgl.app.services.UpdaterService, class com.almasb.fxgl.dev.DevService]
13:24:49.561 [FXGL Background Thread 3 ] DEBUG Engine               - fontGame: Abel-Regular.ttf
13:24:49.561 [FXGL Background Thread 3 ] DEBUG Engine               - fontMono: lucida_console.ttf
13:24:49.562 [FXGL Background Thread 3 ] DEBUG Engine               - fontText: Courier-Prime.ttf
13:24:49.562 [FXGL Background Thread 3 ] DEBUG Engine               - fontUI: VarelaRound-Regular.ttf
13:24:49.562 [FXGL Background Thread 3 ] DEBUG Engine               - fullScreen: BooleanProperty [value: false]
13:24:49.562 [FXGL Background Thread 3 ] DEBUG Engine               - gameDifficulty: MEDIUM
13:24:49.563 [FXGL Background Thread 3 ] DEBUG Engine               - gameDifficultyProperty: ObjectProperty [value: MEDIUM]
13:24:49.563 [FXGL Background Thread 3 ] DEBUG Engine               - globalMusicVolume: 0.5
13:24:49.563 [FXGL Background Thread 3 ] DEBUG Engine               - globalMusicVolumeProperty: DoubleProperty [value: 0.5]
13:24:49.564 [FXGL Background Thread 3 ] DEBUG Engine               - globalSoundVolume: 0.5
13:24:49.564 [FXGL Background Thread 3 ] DEBUG Engine               - globalSoundVolumeProperty: DoubleProperty [value: 0.5]
13:24:49.564 [FXGL Background Thread 3 ] DEBUG Engine               - height: 750
13:24:49.564 [FXGL Background Thread 3 ] DEBUG Engine               - isAndroid: false
13:24:49.565 [FXGL Background Thread 3 ] DEBUG Engine               - isBrowser: false
13:24:49.565 [FXGL Background Thread 3 ] DEBUG Engine               - isClickFeedbackEnabled: false
13:24:49.566 [FXGL Background Thread 3 ] DEBUG Engine               - isCloseConfirmation: false
13:24:49.566 [FXGL Background Thread 3 ] DEBUG Engine               - isDesktop: true
13:24:49.566 [FXGL Background Thread 3 ] DEBUG Engine               - isDeveloperMenuEnabled: false
13:24:49.566 [FXGL Background Thread 3 ] DEBUG Engine               - isEntityPreloadEnabled: true
13:24:49.566 [FXGL Background Thread 3 ] DEBUG Engine               - isExperimental3D: false
13:24:49.567 [FXGL Background Thread 3 ] DEBUG Engine               - isExperimentalNative: false
13:24:49.567 [FXGL Background Thread 3 ] DEBUG Engine               - isExperimentalTiledLargeMap: false
13:24:49.567 [FXGL Background Thread 3 ] DEBUG Engine               - isFileSystemWriteAllowed: true
13:24:49.568 [FXGL Background Thread 3 ] DEBUG Engine               - isFullScreenAllowed: false
13:24:49.568 [FXGL Background Thread 3 ] DEBUG Engine               - isFullScreenFromStart: false
13:24:49.568 [FXGL Background Thread 3 ] DEBUG Engine               - isGameMenuEnabled: false
13:24:49.568 [FXGL Background Thread 3 ] DEBUG Engine               - isIOS: false
13:24:49.568 [FXGL Background Thread 3 ] DEBUG Engine               - isIntroEnabled: false
13:24:49.568 [FXGL Background Thread 3 ] DEBUG Engine               - isLinux: false
13:24:49.569 [FXGL Background Thread 3 ] DEBUG Engine               - isMac: false
13:24:49.569 [FXGL Background Thread 3 ] DEBUG Engine               - isMainMenuEnabled: false
13:24:49.569 [FXGL Background Thread 3 ] DEBUG Engine               - isManualResizeEnabled: false
13:24:49.569 [FXGL Background Thread 3 ] DEBUG Engine               - isMobile: false
13:24:49.569 [FXGL Background Thread 3 ] DEBUG Engine               - isPreserveResizeRatio: false
13:24:49.570 [FXGL Background Thread 3 ] DEBUG Engine               - isProfilingEnabled: false
13:24:49.570 [FXGL Background Thread 3 ] DEBUG Engine               - isScaleAffectedOnResize: true
13:24:49.570 [FXGL Background Thread 3 ] DEBUG Engine               - isSingleStep: false
13:24:49.570 [FXGL Background Thread 3 ] DEBUG Engine               - isUserProfileEnabled: false
13:24:49.571 [FXGL Background Thread 3 ] DEBUG Engine               - isWindows: true
13:24:49.571 [FXGL Background Thread 3 ] DEBUG Engine               - language: ObjectProperty [value: ENGLISH]
13:24:49.571 [FXGL Background Thread 3 ] DEBUG Engine               - menuKey: ESCAPE
13:24:49.571 [FXGL Background Thread 3 ] DEBUG Engine               - notificationViewClass: class com.almasb.fxgl.notification.view.XboxNotificationView
13:24:49.572 [FXGL Background Thread 3 ] DEBUG Engine               - pixelsPerMeter: 50.0
13:24:49.572 [FXGL Background Thread 3 ] DEBUG Engine               - platform: WINDOWS
13:24:49.572 [FXGL Background Thread 3 ] DEBUG Engine               - prefHeightProperty: ReadOnlyDoubleProperty [value: 750.0]
13:24:49.573 [FXGL Background Thread 3 ] DEBUG Engine               - prefWidthProperty: ReadOnlyDoubleProperty [value: 1400.0]
13:24:49.573 [FXGL Background Thread 3 ] DEBUG Engine               - profileDir: profiles/
13:24:49.573 [FXGL Background Thread 3 ] DEBUG Engine               - profileName: StringProperty [value: DEFAULT]
13:24:49.573 [FXGL Background Thread 3 ] DEBUG Engine               - randomSeed: -1
13:24:49.574 [FXGL Background Thread 3 ] DEBUG Engine               - runtimeInfo: RuntimeInfo(platform=WINDOWS, version=11.12, build=11.12.2020 08.51)
13:24:49.574 [FXGL Background Thread 3 ] DEBUG Engine               - saveFileExt: sav
13:24:49.574 [FXGL Background Thread 3 ] DEBUG Engine               - scaledHeightProp$fxgl: DoubleProperty [bound, value: 750.0]
13:24:49.574 [FXGL Background Thread 3 ] DEBUG Engine               - scaledWidthProp$fxgl: DoubleProperty [bound, value: 1400.0]
13:24:49.575 [FXGL Background Thread 3 ] DEBUG Engine               - sceneFactory: com.almasb.fxgl.app.scene.SceneFactory@246e8bf3
13:24:49.575 [FXGL Background Thread 3 ] DEBUG Engine               - secondsIn24h: 60
13:24:49.575 [FXGL Background Thread 3 ] DEBUG Engine               - soundMenuBack: menu/back.wav
13:24:49.575 [FXGL Background Thread 3 ] DEBUG Engine               - soundMenuPress: menu/press.wav
13:24:49.575 [FXGL Background Thread 3 ] DEBUG Engine               - soundMenuSelect: menu/select.wav
13:24:49.576 [FXGL Background Thread 3 ] DEBUG Engine               - soundNotification: core/notification.wav
13:24:49.576 [FXGL Background Thread 3 ] DEBUG Engine               - stageStyle: DECORATED
13:24:49.576 [FXGL Background Thread 3 ] DEBUG Engine               - supportedLanguages: [ENGLISH, FRENCH, GERMAN, HUNGARIAN, RUSSIAN]
13:24:49.577 [FXGL Background Thread 3 ] DEBUG Engine               - title: project5 make a square
13:24:49.577 [FXGL Background Thread 3 ] DEBUG Engine               - urlGithub: https://github.com/AlmasB/FXGL
13:24:49.577 [FXGL Background Thread 3 ] DEBUG Engine               - urlLeaderboard: http://fxgl-top.herokuapp.com/
13:24:49.577 [FXGL Background Thread 3 ] DEBUG Engine               - urlPOM: https://raw.githubusercontent.com/AlmasB/FXGL/master/README.md
13:24:49.577 [FXGL Background Thread 3 ] DEBUG Engine               - version: 0.0
13:24:49.577 [FXGL Background Thread 3 ] DEBUG Engine               - versionCheckDays: 7
13:24:49.578 [FXGL Background Thread 3 ] DEBUG Engine               - width: 1400
13:24:49.578 [FXGL Background Thread 3 ] DEBUG Engine               - Logging services
13:24:49.578 [FXGL Background Thread 3 ] DEBUG Engine               - class com.almasb.fxgl.app.FXGLApplication$GameApplicationService
13:24:49.578 [FXGL Background Thread 3 ] DEBUG Engine               - class com.almasb.fxgl.app.services.FXGLDialogService
13:24:49.578 [FXGL Background Thread 3 ] DEBUG Engine               - class com.almasb.fxgl.app.services.IOTaskExecutorService
13:24:49.579 [FXGL Background Thread 3 ] DEBUG Engine               - class com.almasb.fxgl.event.EventBusService
13:24:49.579 [FXGL Background Thread 3 ] DEBUG Engine               - class com.almasb.fxgl.io.FileSystemService
13:24:49.579 [FXGL Background Thread 3 ] DEBUG Engine               - class com.almasb.fxgl.localization.LocalizationService
13:24:49.579 [FXGL Background Thread 3 ] DEBUG Engine               - class com.almasb.fxgl.app.services.FXGLAssetLoaderService
13:24:49.579 [FXGL Background Thread 3 ] DEBUG Engine               - class com.almasb.fxgl.app.services.SystemBundleService
13:24:49.580 [FXGL Background Thread 3 ] DEBUG Engine               - class com.almasb.fxgl.profile.SaveLoadService
13:24:49.580 [FXGL Background Thread 3 ] DEBUG Engine               - class com.almasb.fxgl.ui.FXGLUIFactoryServiceProvider
13:24:49.580 [FXGL Background Thread 3 ] DEBUG Engine               - class com.almasb.fxgl.ui.FXGLDialogFactoryServiceProvider
13:24:49.580 [FXGL Background Thread 3 ] DEBUG Engine               - class com.almasb.fxgl.audio.AudioPlayer
13:24:49.580 [FXGL Background Thread 3 ] DEBUG Engine               - class com.almasb.fxgl.notification.impl.NotificationServiceProvider
13:24:49.580 [FXGL Background Thread 3 ] DEBUG Engine               - class com.almasb.fxgl.achievement.AchievementService
13:24:49.581 [FXGL Background Thread 3 ] DEBUG Engine               - class com.almasb.fxgl.cutscene.CutsceneService
13:24:49.581 [FXGL Background Thread 3 ] DEBUG Engine               - class com.almasb.fxgl.minigames.MiniGameService
13:24:49.581 [FXGL Background Thread 3 ] DEBUG Engine               - class com.almasb.fxgl.net.NetService
13:24:49.582 [FXGL Background Thread 3 ] DEBUG Engine               - class com.almasb.fxgl.app.services.UpdaterService
13:24:49.582 [FXGL Background Thread 3 ] DEBUG Engine               - class com.almasb.fxgl.dev.DevService
13:25:40.353 [JavaFX Application Thread] DEBUG FXGLApplication      - Exiting FXGL
13:25:40.353 [JavaFX Application Thread] DEBUG LoopRunner           - Stopping loop
13:25:40.353 [JavaFX Application Thread] DEBUG SystemBundleService  - Saving FXGL system data
13:25:40.356 [JavaFX Application Thread] DEBUG FileSystemAccess     - Writing to: E:\java\Project5\system\fxgl.bundle
13:25:40.358 [JavaFX Application Thread] DEBUG Async                - Shutting down background threads
13:25:40.359 [JavaFX Application Thread] DEBUG MainWindow           - Closing main window
13:25:40.383 [JavaFX Application Thread] DEBUG Logger               - Closing Logger
