19:48:41.277 [main                     ] DEBUG Logger               - Configured Logger
19:48:41.281 [main                     ] DEBUG GameApplication      - Logging settings
Title: project5 make a square
Version: 0.0
Width: 1400
Height: 750
Fullscreen: false
Intro: false
Profiling: false
Single step:false
App Mode: DEVELOPER
Menu Key: ESCAPE
Stage Style: DECORATED
Scene Factory: class com.almasb.fxgl.app.scene.SceneFactory

19:48:41.754 [JavaFX Application Thread] DEBUG FXGLApplication      - Initializing FXGL
19:48:41.763 [JavaFX Application Thread] INFO  Engine               - FXGL-11.12 (11.12.2020 08.51) on WINDOWS (J:21.0.2 FX:15)
19:48:41.763 [JavaFX Application Thread] DEBUG Engine               - JRE Vendor Name: Oracle Corporation
19:48:41.763 [JavaFX Application Thread] DEBUG Engine               - Running on OS: Windows 10 version 10.0
19:48:41.763 [JavaFX Application Thread] DEBUG Engine               - Architecture: amd64
19:48:41.763 [JavaFX Application Thread] INFO  Engine               - Source code and latest versions at: https://github.com/AlmasB/FXGL
19:48:41.764 [JavaFX Application Thread] INFO  Engine               -              Join the FXGL chat at: https://gitter.im/AlmasB/FXGL
19:48:41.905 [JavaFX Application Thread] DEBUG MainWindow           - Creating a JavaFX scene
19:48:41.974 [JavaFX Application Thread] DEBUG MainWindow           - Target settings size: 1400.0 x 750.0
19:48:41.974 [JavaFX Application Thread] DEBUG MainWindow           - Scaled scene size:    1400.0 x 750.0
19:48:41.974 [JavaFX Application Thread] DEBUG MainWindow           - Scaled ratio: (1.0, 1.0)
19:48:41.975 [JavaFX Application Thread] DEBUG MainWindow           - Set initial scene to StartupScene
19:48:41.983 [JavaFX Application Thread] DEBUG MainWindow           - Opening main window
19:48:42.114 [JavaFX Application Thread] DEBUG MainWindow           - Window border size: (14.4000244140625, 38.0)
19:48:42.114 [JavaFX Application Thread] DEBUG MainWindow           - Scaled size: 1400.0 x 750.0
19:48:42.114 [JavaFX Application Thread] DEBUG MainWindow           - Scaled ratio: (1.0, 1.0)
19:48:42.114 [JavaFX Application Thread] DEBUG MainWindow           - Scene size: 1400.0 x 750.0
19:48:42.114 [JavaFX Application Thread] DEBUG MainWindow           - Stage size: 1414.4000244140625 x 788.0
19:48:42.122 [FXGL Background Thread 1 ] DEBUG Engine               - Initializing environment variables
19:48:42.203 [FXGL Background Thread 1 ] DEBUG GameApplicationServi - Applying CSS: fxgl_dark.css
19:48:42.204 [FXGL Background Thread 1 ] DEBUG FXGLAssetLoaderServi - Loading from file system: /assets/ui/css/fxgl_dark.css
19:48:42.294 [FXGL Background Thread 1 ] DEBUG GameApplicationServi - Initializing application scenes
19:48:42.350 [FXGL Background Thread 1 ] DEBUG GameWorld            - Game world initialized
19:48:42.445 [FXGL Background Thread 1 ] DEBUG PhysicsWorld         - Physics world initialized: appHeight=750, physics.ppm=50.0
19:48:42.447 [FXGL Background Thread 1 ] DEBUG GameScene            - Game scene initialized: 1400x750
19:48:42.447 [FXGL Background Thread 1 ] DEBUG GameApplicationServi - Application scenes initialized
19:48:42.471 [FXGL Background Thread 1 ] DEBUG SystemBundleService  - Loading FXGL system data
19:48:42.476 [FXGL Background Thread 1 ] DEBUG FileSystemAccess     - Reading from: E:\java\Project5\system\fxgl.bundle
19:48:42.486 [FXGL Background Thread 1 ] DEBUG SystemBundleService  - Bundle FXGL: {}
19:48:42.486 [FXGL Background Thread 1 ] DEBUG UpdaterService       - Checking for updates
19:48:42.494 [FXGL Background Thread 4 ] DEBUG FXGLApplication      - Loading fonts
19:48:42.494 [FXGL Background Thread 4 ] DEBUG FXGLAssetLoaderServi - Loading from file system: /assets/ui/fonts/VarelaRound-Regular.ttf
19:48:42.494 [FXGL Background Thread 1 ] DEBUG FXGLApplication      - Loading default localization
19:48:42.494 [FXGL Background Thread 1 ] DEBUG FXGLAssetLoaderServi - Loading from file system: /assets/languages/english.lang
19:48:42.545 [FXGL Background Thread 1 ] INFO  FXGLApplication      - FXGL initialization took: 0.422 sec
19:48:42.550 [FXGL Background Thread 4 ] DEBUG FXGLAssetLoaderServi - Loading from file system: /assets/ui/fonts/Abel-Regular.ttf
19:48:42.555 [FXGL Background Thread 4 ] DEBUG FXGLAssetLoaderServi - Loading from file system: /assets/ui/fonts/lucida_console.ttf
19:48:42.562 [FXGL Background Thread 4 ] DEBUG FXGLAssetLoaderServi - Loading from file system: /assets/ui/fonts/Courier-Prime.ttf
19:48:42.563 [JavaFX Application Thread] DEBUG Input                - Registered new binding: Start Solving - Enter
19:48:42.563 [JavaFX Application Thread] DEBUG FXGLAssetLoaderServi - Loading from file system: /assets/textures/fxgl_icon.png
19:48:42.616 [JavaFX Application Thread] DEBUG FXGLAssetLoaderServi - Loading from file system: /assets/ui/cursors/fxgl_default.png
19:48:42.621 [JavaFX Application Thread] DEBUG Input                - Registered new binding: Screenshot - P
19:48:42.622 [JavaFX Application Thread] DEBUG Input                - Registered new binding: System info dump - CTRL+9
19:48:42.622 [JavaFX Application Thread] DEBUG Input                - Registered new binding: Restart - CTRL+R
19:48:42.623 [JavaFX Application Thread] DEBUG Input                - Registered new binding: Toggle Debug Camera - CTRL+C
19:48:42.627 [JavaFX Application Thread] DEBUG LoopRunner           - Starting loop
19:48:42.628 [JavaFX Application Thread] DEBUG GameApplicationServi - Starting new game
19:48:42.628 [JavaFX Application Thread] DEBUG Input                - Clearing active input actions
19:48:42.644 [JavaFX Application Thread] DEBUG GameApplicationServi - Removing overlay from StartupScene and adding to FXGLLoadingScene
19:48:42.644 [JavaFX Application Thread] DEBUG MainWindow           - StartupScene -> FXGLLoadingScene
19:48:42.644 [JavaFX Application Thread] DEBUG GameApplicationServi - Clearing previous game
19:48:42.644 [JavaFX Application Thread] DEBUG GameScene            - Clearing game scene
19:48:42.644 [JavaFX Application Thread] DEBUG GameWorld            - Clearing game world
19:48:42.644 [JavaFX Application Thread] DEBUG PhysicsWorld         - Clearing physics world
19:48:42.648 [FXGL Background Thread 4 ] DEBUG FXGLApplication      - Initializing game
19:48:42.648 [JavaFX Application Thread] DEBUG FXGLApplication      - Registering font factories with UI factory
19:48:42.696 [FXGL Background Thread 4 ] INFO  FXGLApplication      - Game initialization took: 0.048 sec
19:48:42.739 [JavaFX Application Thread] DEBUG Input                - Clearing active input actions
19:48:42.752 [JavaFX Application Thread] DEBUG GameApplicationServi - Removing overlay from FXGLLoadingScene and adding to GameScene
19:48:42.752 [JavaFX Application Thread] DEBUG MainWindow           - FXGLLoadingScene -> GameScene
19:48:43.376 [FXGL Background Thread 2 ] INFO  UpdaterService       - Your current version:  11.12
19:48:43.376 [FXGL Background Thread 2 ] INFO  UpdaterService       - Latest stable version: 21.1
19:48:45.492 [FXGL Background Thread 3 ] DEBUG Engine               - Logging environment variables
19:48:45.492 [FXGL Background Thread 3 ] DEBUG Engine               - achievements: []
19:48:45.493 [FXGL Background Thread 3 ] DEBUG Engine               - actualHeight: 750.0
19:48:45.493 [FXGL Background Thread 3 ] DEBUG Engine               - actualHeightProperty: ReadOnlyDoubleProperty [value: 750.0]
19:48:45.493 [FXGL Background Thread 3 ] DEBUG Engine               - actualWidth: 1400.0
19:48:45.493 [FXGL Background Thread 3 ] DEBUG Engine               - actualWidthProperty: ReadOnlyDoubleProperty [value: 1400.0]
19:48:45.493 [FXGL Background Thread 3 ] DEBUG Engine               - appIcon: fxgl_icon.png
19:48:45.493 [FXGL Background Thread 3 ] DEBUG Engine               - applicationMode: DEVELOPER
19:48:45.493 [FXGL Background Thread 3 ] DEBUG Engine               - cSSList: [fxgl_dark.css]
19:48:45.493 [FXGL Background Thread 3 ] DEBUG Engine               - configClass: Optional.empty
19:48:45.493 [FXGL Background Thread 3 ] DEBUG Engine               - credits: []
19:48:45.494 [FXGL Background Thread 3 ] DEBUG Engine               - devBBoxColorProperty: ObjectProperty [value: 0xff0000ff]
19:48:45.494 [FXGL Background Thread 3 ] DEBUG Engine               - devEnableDebugCameraProperty: BooleanProperty [value: false]
19:48:45.494 [FXGL Background Thread 3 ] DEBUG Engine               - devSensorColorProperty: ObjectProperty [value: 0xffff00ff]
19:48:45.494 [FXGL Background Thread 3 ] DEBUG Engine               - devShowBBoxProperty: BooleanProperty [value: false]
19:48:45.494 [FXGL Background Thread 3 ] DEBUG Engine               - devShowPositionProperty: BooleanProperty [value: false]
19:48:45.494 [FXGL Background Thread 3 ] DEBUG Engine               - enabledMenuItems: []
19:48:45.494 [FXGL Background Thread 3 ] DEBUG Engine               - engineServices: [class com.almasb.fxgl.app.FXGLApplication$GameApplicationService, class com.almasb.fxgl.app.services.FXGLDialogService, class com.almasb.fxgl.app.services.IOTaskExecutorService, class com.almasb.fxgl.event.EventBusService, class com.almasb.fxgl.io.FileSystemService, class com.almasb.fxgl.localization.LocalizationService, class com.almasb.fxgl.app.services.FXGLAssetLoaderService, class com.almasb.fxgl.app.services.SystemBundleService, class com.almasb.fxgl.profile.SaveLoadService, class com.almasb.fxgl.ui.FXGLUIFactoryServiceProvider, class com.almasb.fxgl.ui.FXGLDialogFactoryServiceProvider, class com.almasb.fxgl.audio.AudioPlayer, class com.almasb.fxgl.notification.impl.NotificationServiceProvider, class com.almasb.fxgl.achievement.AchievementService, class com.almasb.fxgl.cutscene.CutsceneService, class com.almasb.fxgl.minigames.MiniGameService, class com.almasb.fxgl.net.NetService, class com.almasb.fxgl.app.services.UpdaterService, class com.almasb.fxgl.dev.DevService]
19:48:45.494 [FXGL Background Thread 3 ] DEBUG Engine               - fontGame: Abel-Regular.ttf
19:48:45.494 [FXGL Background Thread 3 ] DEBUG Engine               - fontMono: lucida_console.ttf
19:48:45.494 [FXGL Background Thread 3 ] DEBUG Engine               - fontText: Courier-Prime.ttf
19:48:45.494 [FXGL Background Thread 3 ] DEBUG Engine               - fontUI: VarelaRound-Regular.ttf
19:48:45.494 [FXGL Background Thread 3 ] DEBUG Engine               - fullScreen: BooleanProperty [value: false]
19:48:45.494 [FXGL Background Thread 3 ] DEBUG Engine               - gameDifficulty: MEDIUM
19:48:45.494 [FXGL Background Thread 3 ] DEBUG Engine               - gameDifficultyProperty: ObjectProperty [value: MEDIUM]
19:48:45.495 [FXGL Background Thread 3 ] DEBUG Engine               - globalMusicVolume: 0.5
19:48:45.495 [FXGL Background Thread 3 ] DEBUG Engine               - globalMusicVolumeProperty: DoubleProperty [value: 0.5]
19:48:45.495 [FXGL Background Thread 3 ] DEBUG Engine               - globalSoundVolume: 0.5
19:48:45.495 [FXGL Background Thread 3 ] DEBUG Engine               - globalSoundVolumeProperty: DoubleProperty [value: 0.5]
19:48:45.495 [FXGL Background Thread 3 ] DEBUG Engine               - height: 750
19:48:45.495 [FXGL Background Thread 3 ] DEBUG Engine               - isAndroid: false
19:48:45.495 [FXGL Background Thread 3 ] DEBUG Engine               - isBrowser: false
19:48:45.495 [FXGL Background Thread 3 ] DEBUG Engine               - isClickFeedbackEnabled: false
19:48:45.495 [FXGL Background Thread 3 ] DEBUG Engine               - isCloseConfirmation: false
19:48:45.495 [FXGL Background Thread 3 ] DEBUG Engine               - isDesktop: true
19:48:45.495 [FXGL Background Thread 3 ] DEBUG Engine               - isDeveloperMenuEnabled: false
19:48:45.495 [FXGL Background Thread 3 ] DEBUG Engine               - isEntityPreloadEnabled: true
19:48:45.495 [FXGL Background Thread 3 ] DEBUG Engine               - isExperimental3D: false
19:48:45.495 [FXGL Background Thread 3 ] DEBUG Engine               - isExperimentalNative: false
19:48:45.496 [FXGL Background Thread 3 ] DEBUG Engine               - isExperimentalTiledLargeMap: false
19:48:45.496 [FXGL Background Thread 3 ] DEBUG Engine               - isFileSystemWriteAllowed: true
19:48:45.496 [FXGL Background Thread 3 ] DEBUG Engine               - isFullScreenAllowed: false
19:48:45.496 [FXGL Background Thread 3 ] DEBUG Engine               - isFullScreenFromStart: false
19:48:45.496 [FXGL Background Thread 3 ] DEBUG Engine               - isGameMenuEnabled: false
19:48:45.496 [FXGL Background Thread 3 ] DEBUG Engine               - isIOS: false
19:48:45.496 [FXGL Background Thread 3 ] DEBUG Engine               - isIntroEnabled: false
19:48:45.496 [FXGL Background Thread 3 ] DEBUG Engine               - isLinux: false
19:48:45.496 [FXGL Background Thread 3 ] DEBUG Engine               - isMac: false
19:48:45.496 [FXGL Background Thread 3 ] DEBUG Engine               - isMainMenuEnabled: false
19:48:45.496 [FXGL Background Thread 3 ] DEBUG Engine               - isManualResizeEnabled: false
19:48:45.496 [FXGL Background Thread 3 ] DEBUG Engine               - isMobile: false
19:48:45.496 [FXGL Background Thread 3 ] DEBUG Engine               - isPreserveResizeRatio: false
19:48:45.496 [FXGL Background Thread 3 ] DEBUG Engine               - isProfilingEnabled: false
19:48:45.496 [FXGL Background Thread 3 ] DEBUG Engine               - isScaleAffectedOnResize: true
19:48:45.497 [FXGL Background Thread 3 ] DEBUG Engine               - isSingleStep: false
19:48:45.497 [FXGL Background Thread 3 ] DEBUG Engine               - isUserProfileEnabled: false
19:48:45.497 [FXGL Background Thread 3 ] DEBUG Engine               - isWindows: true
19:48:45.497 [FXGL Background Thread 3 ] DEBUG Engine               - language: ObjectProperty [value: ENGLISH]
19:48:45.497 [FXGL Background Thread 3 ] DEBUG Engine               - menuKey: ESCAPE
19:48:45.497 [FXGL Background Thread 3 ] DEBUG Engine               - notificationViewClass: class com.almasb.fxgl.notification.view.XboxNotificationView
19:48:45.497 [FXGL Background Thread 3 ] DEBUG Engine               - pixelsPerMeter: 50.0
19:48:45.497 [FXGL Background Thread 3 ] DEBUG Engine               - platform: WINDOWS
19:48:45.497 [FXGL Background Thread 3 ] DEBUG Engine               - prefHeightProperty: ReadOnlyDoubleProperty [value: 750.0]
19:48:45.497 [FXGL Background Thread 3 ] DEBUG Engine               - prefWidthProperty: ReadOnlyDoubleProperty [value: 1400.0]
19:48:45.497 [FXGL Background Thread 3 ] DEBUG Engine               - profileDir: profiles/
19:48:45.497 [FXGL Background Thread 3 ] DEBUG Engine               - profileName: StringProperty [value: DEFAULT]
19:48:45.498 [FXGL Background Thread 3 ] DEBUG Engine               - randomSeed: -1
19:48:45.498 [FXGL Background Thread 3 ] DEBUG Engine               - runtimeInfo: RuntimeInfo(platform=WINDOWS, version=11.12, build=11.12.2020 08.51)
19:48:45.498 [FXGL Background Thread 3 ] DEBUG Engine               - saveFileExt: sav
19:48:45.498 [FXGL Background Thread 3 ] DEBUG Engine               - scaledHeightProp$fxgl: DoubleProperty [bound, value: 750.0]
19:48:45.498 [FXGL Background Thread 3 ] DEBUG Engine               - scaledWidthProp$fxgl: DoubleProperty [bound, value: 1400.0]
19:48:45.498 [FXGL Background Thread 3 ] DEBUG Engine               - sceneFactory: com.almasb.fxgl.app.scene.SceneFactory@4ec84591
19:48:45.498 [FXGL Background Thread 3 ] DEBUG Engine               - secondsIn24h: 60
19:48:45.498 [FXGL Background Thread 3 ] DEBUG Engine               - soundMenuBack: menu/back.wav
19:48:45.498 [FXGL Background Thread 3 ] DEBUG Engine               - soundMenuPress: menu/press.wav
19:48:45.498 [FXGL Background Thread 3 ] DEBUG Engine               - soundMenuSelect: menu/select.wav
19:48:45.498 [FXGL Background Thread 3 ] DEBUG Engine               - soundNotification: core/notification.wav
19:48:45.498 [FXGL Background Thread 3 ] DEBUG Engine               - stageStyle: DECORATED
19:48:45.498 [FXGL Background Thread 3 ] DEBUG Engine               - supportedLanguages: [ENGLISH, FRENCH, GERMAN, HUNGARIAN, RUSSIAN]
19:48:45.498 [FXGL Background Thread 3 ] DEBUG Engine               - title: project5 make a square
19:48:45.498 [FXGL Background Thread 3 ] DEBUG Engine               - urlGithub: https://github.com/AlmasB/FXGL
19:48:45.498 [FXGL Background Thread 3 ] DEBUG Engine               - urlLeaderboard: http://fxgl-top.herokuapp.com/
19:48:45.499 [FXGL Background Thread 3 ] DEBUG Engine               - urlPOM: https://raw.githubusercontent.com/AlmasB/FXGL/master/README.md
19:48:45.499 [FXGL Background Thread 3 ] DEBUG Engine               - version: 0.0
19:48:45.499 [FXGL Background Thread 3 ] DEBUG Engine               - versionCheckDays: 7
19:48:45.499 [FXGL Background Thread 3 ] DEBUG Engine               - width: 1400
19:48:45.499 [FXGL Background Thread 3 ] DEBUG Engine               - Logging services
19:48:45.499 [FXGL Background Thread 3 ] DEBUG Engine               - class com.almasb.fxgl.app.FXGLApplication$GameApplicationService
19:48:45.499 [FXGL Background Thread 3 ] DEBUG Engine               - class com.almasb.fxgl.app.services.FXGLDialogService
19:48:45.499 [FXGL Background Thread 3 ] DEBUG Engine               - class com.almasb.fxgl.app.services.IOTaskExecutorService
19:48:45.499 [FXGL Background Thread 3 ] DEBUG Engine               - class com.almasb.fxgl.event.EventBusService
19:48:45.499 [FXGL Background Thread 3 ] DEBUG Engine               - class com.almasb.fxgl.io.FileSystemService
19:48:45.499 [FXGL Background Thread 3 ] DEBUG Engine               - class com.almasb.fxgl.localization.LocalizationService
19:48:45.499 [FXGL Background Thread 3 ] DEBUG Engine               - class com.almasb.fxgl.app.services.FXGLAssetLoaderService
19:48:45.499 [FXGL Background Thread 3 ] DEBUG Engine               - class com.almasb.fxgl.app.services.SystemBundleService
19:48:45.499 [FXGL Background Thread 3 ] DEBUG Engine               - class com.almasb.fxgl.profile.SaveLoadService
19:48:45.499 [FXGL Background Thread 3 ] DEBUG Engine               - class com.almasb.fxgl.ui.FXGLUIFactoryServiceProvider
19:48:45.499 [FXGL Background Thread 3 ] DEBUG Engine               - class com.almasb.fxgl.ui.FXGLDialogFactoryServiceProvider
19:48:45.499 [FXGL Background Thread 3 ] DEBUG Engine               - class com.almasb.fxgl.audio.AudioPlayer
19:48:45.499 [FXGL Background Thread 3 ] DEBUG Engine               - class com.almasb.fxgl.notification.impl.NotificationServiceProvider
19:48:45.499 [FXGL Background Thread 3 ] DEBUG Engine               - class com.almasb.fxgl.achievement.AchievementService
19:48:45.499 [FXGL Background Thread 3 ] DEBUG Engine               - class com.almasb.fxgl.cutscene.CutsceneService
19:48:45.499 [FXGL Background Thread 3 ] DEBUG Engine               - class com.almasb.fxgl.minigames.MiniGameService
19:48:45.500 [FXGL Background Thread 3 ] DEBUG Engine               - class com.almasb.fxgl.net.NetService
19:48:45.500 [FXGL Background Thread 3 ] DEBUG Engine               - class com.almasb.fxgl.app.services.UpdaterService
19:48:45.500 [FXGL Background Thread 3 ] DEBUG Engine               - class com.almasb.fxgl.dev.DevService
19:49:22.118 [JavaFX Application Thread] DEBUG FXGLApplication      - Exiting FXGL
19:49:22.118 [JavaFX Application Thread] DEBUG LoopRunner           - Stopping loop
19:49:22.118 [JavaFX Application Thread] DEBUG SystemBundleService  - Saving FXGL system data
19:49:22.121 [JavaFX Application Thread] DEBUG FileSystemAccess     - Writing to: E:\java\Project5\system\fxgl.bundle
19:49:22.123 [JavaFX Application Thread] DEBUG Async                - Shutting down background threads
19:49:22.124 [JavaFX Application Thread] DEBUG MainWindow           - Closing main window
19:49:22.146 [JavaFX Application Thread] DEBUG Logger               - Closing Logger
