14:04:25.684 [com.project.app.Main.main] DEBUG Logger               - Configured Logger
14:04:25.686 [com.project.app.Main.main] DEBUG GameApplication      - Logging settings
Title: project5 make a square
Version: 0.0
Width: 1400
Height: 750
Fullscreen: false
Intro: false
Profiling: false
Single step:false
App Mode: DEVELOPER
Menu Key: ESCAPE
Stage Style: DECORATED
Scene Factory: class com.almasb.fxgl.app.scene.SceneFactory

14:04:25.960 [JavaFX Application Thread] DEBUG FXGLApplication      - Initializing FXGL
14:04:25.962 [JavaFX Application Thread] INFO  Engine               - FXGL-11.12 (11.12.2020 08.51) on LINUX (J:21.0.5 FX:15)
14:04:25.962 [JavaFX Application Thread] DEBUG Engine               - JRE Vendor Name: Red Hat, Inc.
14:04:25.962 [JavaFX Application Thread] DEBUG Engine               - Running on OS: Linux version 6.12.5-200.fc41.x86_64
14:04:25.962 [JavaFX Application Thread] DEBUG Engine               - Architecture: amd64
14:04:25.963 [JavaFX Application Thread] INFO  Engine               - Source code and latest versions at: https://github.com/AlmasB/FXGL
14:04:25.963 [JavaFX Application Thread] INFO  Engine               -              Join the FXGL chat at: https://gitter.im/AlmasB/FXGL
14:04:26.087 [JavaFX Application Thread] DEBUG MainWindow           - Creating a JavaFX scene
14:04:26.182 [JavaFX Application Thread] DEBUG MainWindow           - Target settings size: 1400.0 x 750.0
14:04:26.182 [JavaFX Application Thread] DEBUG MainWindow           - Scaled scene size:    1400.0 x 750.0
14:04:26.182 [JavaFX Application Thread] DEBUG MainWindow           - Scaled ratio: (1.0, 1.0)
14:04:26.183 [JavaFX Application Thread] DEBUG MainWindow           - Set initial scene to StartupScene
14:04:26.189 [JavaFX Application Thread] DEBUG MainWindow           - Opening main window
14:04:26.227 [JavaFX Application Thread] DEBUG MainWindow           - Window border size: (2.0, 29.0)
14:04:26.227 [JavaFX Application Thread] DEBUG MainWindow           - Scaled size: 1400.0 x 750.0
14:04:26.227 [JavaFX Application Thread] DEBUG MainWindow           - Scaled ratio: (1.0, 1.0)
14:04:26.227 [JavaFX Application Thread] DEBUG MainWindow           - Scene size: 1400.0 x 750.0
14:04:26.228 [JavaFX Application Thread] DEBUG MainWindow           - Stage size: 1402.0 x 779.0
14:04:26.235 [FXGL Background Thread 1 ] DEBUG Engine               - Initializing environment variables
14:04:26.260 [FXGL Background Thread 1 ] DEBUG GameApplicationServi - Applying CSS: fxgl_dark.css
14:04:26.260 [FXGL Background Thread 1 ] DEBUG FXGLAssetLoaderServi - Loading from file system: /assets/ui/css/fxgl_dark.css
14:04:26.313 [FXGL Background Thread 1 ] DEBUG GameApplicationServi - Initializing application scenes
14:04:26.365 [FXGL Background Thread 1 ] DEBUG GameWorld            - Game world initialized
14:04:26.447 [FXGL Background Thread 1 ] DEBUG PhysicsWorld         - Physics world initialized: appHeight=750, physics.ppm=50.0
14:04:26.449 [FXGL Background Thread 1 ] DEBUG GameScene            - Game scene initialized: 1400x750
14:04:26.449 [FXGL Background Thread 1 ] DEBUG GameApplicationServi - Application scenes initialized
14:04:26.466 [FXGL Background Thread 1 ] DEBUG SystemBundleService  - Loading FXGL system data
14:04:26.472 [FXGL Background Thread 1 ] DEBUG FileSystemAccess     - Reading from: /mnt/projects/java/Project5/system/fxgl.bundle
14:04:26.484 [FXGL Background Thread 1 ] DEBUG SystemBundleService  - Bundle FXGL: {}
14:04:26.484 [FXGL Background Thread 1 ] DEBUG UpdaterService       - Checking for updates
14:04:26.490 [FXGL Background Thread 4 ] DEBUG FXGLApplication      - Loading fonts
14:04:26.490 [FXGL Background Thread 4 ] DEBUG FXGLAssetLoaderServi - Loading from file system: /assets/ui/fonts/VarelaRound-Regular.ttf
14:04:26.491 [FXGL Background Thread 1 ] DEBUG FXGLApplication      - Loading default localization
14:04:26.491 [FXGL Background Thread 1 ] DEBUG FXGLAssetLoaderServi - Loading from file system: /assets/languages/english.lang
14:04:26.495 [FXGL Background Thread 4 ] DEBUG FXGLAssetLoaderServi - Loading from file system: /assets/ui/fonts/Abel-Regular.ttf
14:04:26.497 [FXGL Background Thread 4 ] DEBUG FXGLAssetLoaderServi - Loading from file system: /assets/ui/fonts/lucida_console.ttf
14:04:26.499 [FXGL Background Thread 4 ] DEBUG FXGLAssetLoaderServi - Loading from file system: /assets/ui/fonts/Courier-Prime.ttf
14:04:26.502 [JavaFX Application Thread] DEBUG FXGLApplication      - Registering font factories with UI factory
14:04:26.506 [FXGL Background Thread 1 ] INFO  FXGLApplication      - FXGL initialization took: 0.271 sec
14:04:26.519 [JavaFX Application Thread] DEBUG Input                - Registered new binding: Start Solving - Enter
14:04:26.519 [JavaFX Application Thread] DEBUG FXGLAssetLoaderServi - Loading from file system: /assets/textures/fxgl_icon.png
14:04:26.596 [JavaFX Application Thread] DEBUG FXGLAssetLoaderServi - Loading from file system: /assets/ui/cursors/fxgl_default.png
14:04:26.599 [JavaFX Application Thread] DEBUG Input                - Registered new binding: Screenshot - P
14:04:26.600 [JavaFX Application Thread] DEBUG Input                - Registered new binding: System info dump - CTRL+9
14:04:26.600 [JavaFX Application Thread] DEBUG Input                - Registered new binding: Restart - CTRL+R
14:04:26.601 [JavaFX Application Thread] DEBUG Input                - Registered new binding: Toggle Debug Camera - CTRL+C
14:04:26.603 [JavaFX Application Thread] DEBUG LoopRunner           - Starting loop
14:04:26.604 [JavaFX Application Thread] DEBUG GameApplicationServi - Starting new game
14:04:26.604 [JavaFX Application Thread] DEBUG Input                - Clearing active input actions
14:04:26.617 [JavaFX Application Thread] DEBUG GameApplicationServi - Removing overlay from StartupScene and adding to FXGLLoadingScene
14:04:26.617 [JavaFX Application Thread] DEBUG MainWindow           - StartupScene -> FXGLLoadingScene
14:04:26.617 [JavaFX Application Thread] DEBUG GameApplicationServi - Clearing previous game
14:04:26.617 [JavaFX Application Thread] DEBUG GameScene            - Clearing game scene
14:04:26.618 [JavaFX Application Thread] DEBUG GameWorld            - Clearing game world
14:04:26.618 [JavaFX Application Thread] DEBUG PhysicsWorld         - Clearing physics world
14:04:26.619 [FXGL Background Thread 1 ] DEBUG FXGLApplication      - Initializing game
14:04:26.651 [FXGL Background Thread 1 ] INFO  FXGLApplication      - Game initialization took: 0.032 sec
14:04:26.755 [JavaFX Application Thread] DEBUG Input                - Clearing active input actions
14:04:26.769 [JavaFX Application Thread] DEBUG GameApplicationServi - Removing overlay from FXGLLoadingScene and adding to GameScene
14:04:26.770 [JavaFX Application Thread] DEBUG MainWindow           - FXGLLoadingScene -> GameScene
14:04:29.283 [FXGL Background Thread 2 ] INFO  UpdaterService       - Your current version:  11.12
14:04:29.284 [FXGL Background Thread 2 ] INFO  UpdaterService       - Latest stable version: 21.1
14:04:29.488 [FXGL Background Thread 3 ] DEBUG Engine               - Logging environment variables
14:04:29.490 [FXGL Background Thread 3 ] DEBUG Engine               - achievements: []
14:04:29.491 [FXGL Background Thread 3 ] DEBUG Engine               - actualHeight: -28.0
14:04:29.491 [FXGL Background Thread 3 ] DEBUG Engine               - actualHeightProperty: ReadOnlyDoubleProperty [value: 757.0]
14:04:29.491 [FXGL Background Thread 3 ] DEBUG Engine               - actualWidth: -1.0
14:04:29.492 [FXGL Background Thread 3 ] DEBUG Engine               - actualWidthProperty: ReadOnlyDoubleProperty [value: 1400.0]
14:04:29.492 [FXGL Background Thread 3 ] DEBUG Engine               - appIcon: fxgl_icon.png
14:04:29.492 [FXGL Background Thread 3 ] DEBUG Engine               - applicationMode: DEVELOPER
14:04:29.492 [FXGL Background Thread 3 ] DEBUG Engine               - cSSList: [fxgl_dark.css]
14:04:29.493 [FXGL Background Thread 3 ] DEBUG Engine               - configClass: Optional.empty
14:04:29.493 [FXGL Background Thread 3 ] DEBUG Engine               - credits: []
14:04:29.493 [FXGL Background Thread 3 ] DEBUG Engine               - devBBoxColorProperty: ObjectProperty [value: 0xff0000ff]
14:04:29.493 [FXGL Background Thread 3 ] DEBUG Engine               - devEnableDebugCameraProperty: BooleanProperty [value: false]
14:04:29.494 [FXGL Background Thread 3 ] DEBUG Engine               - devSensorColorProperty: ObjectProperty [value: 0xffff00ff]
14:04:29.494 [FXGL Background Thread 3 ] DEBUG Engine               - devShowBBoxProperty: BooleanProperty [value: false]
14:04:29.494 [FXGL Background Thread 3 ] DEBUG Engine               - devShowPositionProperty: BooleanProperty [value: false]
14:04:29.494 [FXGL Background Thread 3 ] DEBUG Engine               - enabledMenuItems: []
14:04:29.494 [FXGL Background Thread 3 ] DEBUG Engine               - engineServices: [class com.almasb.fxgl.app.FXGLApplication$GameApplicationService, class com.almasb.fxgl.app.services.FXGLDialogService, class com.almasb.fxgl.app.services.IOTaskExecutorService, class com.almasb.fxgl.event.EventBusService, class com.almasb.fxgl.io.FileSystemService, class com.almasb.fxgl.localization.LocalizationService, class com.almasb.fxgl.app.services.FXGLAssetLoaderService, class com.almasb.fxgl.app.services.SystemBundleService, class com.almasb.fxgl.profile.SaveLoadService, class com.almasb.fxgl.ui.FXGLUIFactoryServiceProvider, class com.almasb.fxgl.ui.FXGLDialogFactoryServiceProvider, class com.almasb.fxgl.audio.AudioPlayer, class com.almasb.fxgl.notification.impl.NotificationServiceProvider, class com.almasb.fxgl.achievement.AchievementService, class com.almasb.fxgl.cutscene.CutsceneService, class com.almasb.fxgl.minigames.MiniGameService, class com.almasb.fxgl.net.NetService, class com.almasb.fxgl.app.services.UpdaterService, class com.almasb.fxgl.dev.DevService]
14:04:29.495 [FXGL Background Thread 3 ] DEBUG Engine               - fontGame: Abel-Regular.ttf
14:04:29.495 [FXGL Background Thread 3 ] DEBUG Engine               - fontMono: lucida_console.ttf
14:04:29.495 [FXGL Background Thread 3 ] DEBUG Engine               - fontText: Courier-Prime.ttf
14:04:29.495 [FXGL Background Thread 3 ] DEBUG Engine               - fontUI: VarelaRound-Regular.ttf
14:04:29.495 [FXGL Background Thread 3 ] DEBUG Engine               - fullScreen: BooleanProperty [value: false]
14:04:29.495 [FXGL Background Thread 3 ] DEBUG Engine               - gameDifficulty: MEDIUM
14:04:29.495 [FXGL Background Thread 3 ] DEBUG Engine               - gameDifficultyProperty: ObjectProperty [value: MEDIUM]
14:04:29.496 [FXGL Background Thread 3 ] DEBUG Engine               - globalMusicVolume: 0.5
14:04:29.496 [FXGL Background Thread 3 ] DEBUG Engine               - globalMusicVolumeProperty: DoubleProperty [value: 0.5]
14:04:29.496 [FXGL Background Thread 3 ] DEBUG Engine               - globalSoundVolume: 0.5
14:04:29.496 [FXGL Background Thread 3 ] DEBUG Engine               - globalSoundVolumeProperty: DoubleProperty [value: 0.5]
14:04:29.497 [FXGL Background Thread 3 ] DEBUG Engine               - height: 750
14:04:29.497 [FXGL Background Thread 3 ] DEBUG Engine               - isAndroid: false
14:04:29.497 [FXGL Background Thread 3 ] DEBUG Engine               - isBrowser: false
14:04:29.497 [FXGL Background Thread 3 ] DEBUG Engine               - isClickFeedbackEnabled: false
14:04:29.497 [FXGL Background Thread 3 ] DEBUG Engine               - isCloseConfirmation: false
14:04:29.497 [FXGL Background Thread 3 ] DEBUG Engine               - isDesktop: true
14:04:29.498 [FXGL Background Thread 3 ] DEBUG Engine               - isDeveloperMenuEnabled: false
14:04:29.498 [FXGL Background Thread 3 ] DEBUG Engine               - isEntityPreloadEnabled: true
14:04:29.498 [FXGL Background Thread 3 ] DEBUG Engine               - isExperimental3D: false
14:04:29.498 [FXGL Background Thread 3 ] DEBUG Engine               - isExperimentalNative: false
14:04:29.498 [FXGL Background Thread 3 ] DEBUG Engine               - isExperimentalTiledLargeMap: false
14:04:29.498 [FXGL Background Thread 3 ] DEBUG Engine               - isFileSystemWriteAllowed: true
14:04:29.499 [FXGL Background Thread 3 ] DEBUG Engine               - isFullScreenAllowed: false
14:04:29.499 [FXGL Background Thread 3 ] DEBUG Engine               - isFullScreenFromStart: false
14:04:29.499 [FXGL Background Thread 3 ] DEBUG Engine               - isGameMenuEnabled: false
14:04:29.499 [FXGL Background Thread 3 ] DEBUG Engine               - isIOS: false
14:04:29.499 [FXGL Background Thread 3 ] DEBUG Engine               - isIntroEnabled: false
14:04:29.500 [FXGL Background Thread 3 ] DEBUG Engine               - isLinux: true
14:04:29.500 [FXGL Background Thread 3 ] DEBUG Engine               - isMac: false
14:04:29.500 [FXGL Background Thread 3 ] DEBUG Engine               - isMainMenuEnabled: false
14:04:29.500 [FXGL Background Thread 3 ] DEBUG Engine               - isManualResizeEnabled: false
14:04:29.500 [FXGL Background Thread 3 ] DEBUG Engine               - isMobile: false
14:04:29.500 [FXGL Background Thread 3 ] DEBUG Engine               - isPreserveResizeRatio: false
14:04:29.500 [FXGL Background Thread 3 ] DEBUG Engine               - isProfilingEnabled: false
14:04:29.501 [FXGL Background Thread 3 ] DEBUG Engine               - isScaleAffectedOnResize: true
14:04:29.501 [FXGL Background Thread 3 ] DEBUG Engine               - isSingleStep: false
14:04:29.501 [FXGL Background Thread 3 ] DEBUG Engine               - isUserProfileEnabled: false
14:04:29.501 [FXGL Background Thread 3 ] DEBUG Engine               - isWindows: false
14:04:29.501 [FXGL Background Thread 3 ] DEBUG Engine               - language: ObjectProperty [value: ENGLISH]
14:04:29.501 [FXGL Background Thread 3 ] DEBUG Engine               - menuKey: ESCAPE
14:04:29.501 [FXGL Background Thread 3 ] DEBUG Engine               - notificationViewClass: class com.almasb.fxgl.notification.view.XboxNotificationView
14:04:29.502 [FXGL Background Thread 3 ] DEBUG Engine               - pixelsPerMeter: 50.0
14:04:29.502 [FXGL Background Thread 3 ] DEBUG Engine               - platform: LINUX
14:04:29.502 [FXGL Background Thread 3 ] DEBUG Engine               - prefHeightProperty: ReadOnlyDoubleProperty [value: 750.0]
14:04:29.502 [FXGL Background Thread 3 ] DEBUG Engine               - prefWidthProperty: ReadOnlyDoubleProperty [value: 1400.0]
14:04:29.502 [FXGL Background Thread 3 ] DEBUG Engine               - profileDir: profiles/
14:04:29.503 [FXGL Background Thread 3 ] DEBUG Engine               - profileName: StringProperty [value: DEFAULT]
14:04:29.503 [FXGL Background Thread 3 ] DEBUG Engine               - randomSeed: -1
14:04:29.503 [FXGL Background Thread 3 ] DEBUG Engine               - runtimeInfo: RuntimeInfo(platform=LINUX, version=11.12, build=11.12.2020 08.51)
14:04:29.503 [FXGL Background Thread 3 ] DEBUG Engine               - saveFileExt: sav
14:04:29.503 [FXGL Background Thread 3 ] DEBUG Engine               - scaledHeightProp$fxgl: DoubleProperty [bound, value: 757.0]
14:04:29.503 [FXGL Background Thread 3 ] DEBUG Engine               - scaledWidthProp$fxgl: DoubleProperty [bound, value: 1400.0]
14:04:29.504 [FXGL Background Thread 3 ] DEBUG Engine               - sceneFactory: com.almasb.fxgl.app.scene.SceneFactory@49193c79
14:04:29.504 [FXGL Background Thread 3 ] DEBUG Engine               - secondsIn24h: 60
14:04:29.504 [FXGL Background Thread 3 ] DEBUG Engine               - soundMenuBack: menu/back.wav
14:04:29.504 [FXGL Background Thread 3 ] DEBUG Engine               - soundMenuPress: menu/press.wav
14:04:29.504 [FXGL Background Thread 3 ] DEBUG Engine               - soundMenuSelect: menu/select.wav
14:04:29.504 [FXGL Background Thread 3 ] DEBUG Engine               - soundNotification: core/notification.wav
14:04:29.504 [FXGL Background Thread 3 ] DEBUG Engine               - stageStyle: DECORATED
14:04:29.505 [FXGL Background Thread 3 ] DEBUG Engine               - supportedLanguages: [ENGLISH, FRENCH, GERMAN, HUNGARIAN, RUSSIAN]
14:04:29.505 [FXGL Background Thread 3 ] DEBUG Engine               - title: project5 make a square
14:04:29.505 [FXGL Background Thread 3 ] DEBUG Engine               - urlGithub: https://github.com/AlmasB/FXGL
14:04:29.505 [FXGL Background Thread 3 ] DEBUG Engine               - urlLeaderboard: http://fxgl-top.herokuapp.com/
14:04:29.505 [FXGL Background Thread 3 ] DEBUG Engine               - urlPOM: https://raw.githubusercontent.com/AlmasB/FXGL/master/README.md
14:04:29.506 [FXGL Background Thread 3 ] DEBUG Engine               - version: 0.0
14:04:29.506 [FXGL Background Thread 3 ] DEBUG Engine               - versionCheckDays: 7
14:04:29.506 [FXGL Background Thread 3 ] DEBUG Engine               - width: 1400
14:04:29.506 [FXGL Background Thread 3 ] DEBUG Engine               - Logging services
14:04:29.506 [FXGL Background Thread 3 ] DEBUG Engine               - class com.almasb.fxgl.app.FXGLApplication$GameApplicationService
14:04:29.506 [FXGL Background Thread 3 ] DEBUG Engine               - class com.almasb.fxgl.app.services.FXGLDialogService
14:04:29.506 [FXGL Background Thread 3 ] DEBUG Engine               - class com.almasb.fxgl.app.services.IOTaskExecutorService
14:04:29.506 [FXGL Background Thread 3 ] DEBUG Engine               - class com.almasb.fxgl.event.EventBusService
14:04:29.507 [FXGL Background Thread 3 ] DEBUG Engine               - class com.almasb.fxgl.io.FileSystemService
14:04:29.507 [FXGL Background Thread 3 ] DEBUG Engine               - class com.almasb.fxgl.localization.LocalizationService
14:04:29.507 [FXGL Background Thread 3 ] DEBUG Engine               - class com.almasb.fxgl.app.services.FXGLAssetLoaderService
14:04:29.507 [FXGL Background Thread 3 ] DEBUG Engine               - class com.almasb.fxgl.app.services.SystemBundleService
14:04:29.507 [FXGL Background Thread 3 ] DEBUG Engine               - class com.almasb.fxgl.profile.SaveLoadService
14:04:29.507 [FXGL Background Thread 3 ] DEBUG Engine               - class com.almasb.fxgl.ui.FXGLUIFactoryServiceProvider
14:04:29.507 [FXGL Background Thread 3 ] DEBUG Engine               - class com.almasb.fxgl.ui.FXGLDialogFactoryServiceProvider
14:04:29.508 [FXGL Background Thread 3 ] DEBUG Engine               - class com.almasb.fxgl.audio.AudioPlayer
14:04:29.508 [FXGL Background Thread 3 ] DEBUG Engine               - class com.almasb.fxgl.notification.impl.NotificationServiceProvider
14:04:29.508 [FXGL Background Thread 3 ] DEBUG Engine               - class com.almasb.fxgl.achievement.AchievementService
14:04:29.508 [FXGL Background Thread 3 ] DEBUG Engine               - class com.almasb.fxgl.cutscene.CutsceneService
14:04:29.508 [FXGL Background Thread 3 ] DEBUG Engine               - class com.almasb.fxgl.minigames.MiniGameService
14:04:29.509 [FXGL Background Thread 3 ] DEBUG Engine               - class com.almasb.fxgl.net.NetService
14:04:29.509 [FXGL Background Thread 3 ] DEBUG Engine               - class com.almasb.fxgl.app.services.UpdaterService
14:04:29.509 [FXGL Background Thread 3 ] DEBUG Engine               - class com.almasb.fxgl.dev.DevService
14:04:54.794 [JavaFX Application Thread] DEBUG FXGLApplication      - Exiting FXGL
14:04:54.795 [JavaFX Application Thread] DEBUG LoopRunner           - Stopping loop
14:04:54.795 [JavaFX Application Thread] DEBUG SystemBundleService  - Saving FXGL system data
14:04:54.801 [JavaFX Application Thread] DEBUG FileSystemAccess     - Writing to: /mnt/projects/java/Project5/system/fxgl.bundle
14:04:54.812 [JavaFX Application Thread] DEBUG Async                - Shutting down background threads
14:04:54.812 [JavaFX Application Thread] DEBUG MainWindow           - Closing main window
14:04:54.817 [JavaFX Application Thread] DEBUG Logger               - Closing Logger
