18:01:16.600 [main                     ] DEBUG Logger               - Configured Logger
18:01:16.615 [main                     ] DEBUG GameApplication      - Logging settings
Title: project5 make a square
Version: 0.0
Width: 1400
Height: 750
Fullscreen: false
Intro: false
Profiling: false
Single step:false
App Mode: DEVELOPER
Menu Key: ESCAPE
Stage Style: DECORATED
Scene Factory: class com.almasb.fxgl.app.scene.SceneFactory

18:01:17.005 [JavaFX Application Thread] DEBUG FXGLApplication      - Initializing FXGL
18:01:17.007 [JavaFX Application Thread] INFO  Engine               - FXGL-11.12 (11.12.2020 08.51) on WINDOWS (J:21.0.5 FX:15)
18:01:17.007 [JavaFX Application Thread] DEBUG Engine               - JRE Vendor Name: Oracle Corporation
18:01:17.007 [JavaFX Application Thread] DEBUG Engine               - Running on OS: Windows 10 version 10.0
18:01:17.008 [JavaFX Application Thread] DEBUG Engine               - Architecture: amd64
18:01:17.008 [JavaFX Application Thread] INFO  Engine               - Source code and latest versions at: https://github.com/AlmasB/FXGL
18:01:17.008 [JavaFX Application Thread] INFO  Engine               -              Join the FXGL chat at: https://gitter.im/AlmasB/FXGL
18:01:17.136 [JavaFX Application Thread] DEBUG MainWindow           - Creating a JavaFX scene
18:01:17.190 [JavaFX Application Thread] DEBUG MainWindow           - Target settings size: 1400.0 x 750.0
18:01:17.191 [JavaFX Application Thread] DEBUG MainWindow           - Scaled scene size:    1400.0 x 750.0
18:01:17.191 [JavaFX Application Thread] DEBUG MainWindow           - Scaled ratio: (1.0, 1.0)
18:01:17.192 [JavaFX Application Thread] DEBUG MainWindow           - Set initial scene to StartupScene
18:01:17.199 [JavaFX Application Thread] DEBUG MainWindow           - Opening main window
18:01:17.294 [JavaFX Application Thread] DEBUG MainWindow           - Window border size: (16.0, 39.0)
18:01:17.294 [JavaFX Application Thread] DEBUG MainWindow           - Scaled size: 1400.0 x 750.0
18:01:17.294 [JavaFX Application Thread] DEBUG MainWindow           - Scaled ratio: (1.0, 1.0)
18:01:17.295 [JavaFX Application Thread] DEBUG MainWindow           - Scene size: 1400.0 x 750.0
18:01:17.295 [JavaFX Application Thread] DEBUG MainWindow           - Stage size: 1416.0 x 789.0
18:01:17.305 [FXGL Background Thread 1 ] DEBUG Engine               - Initializing environment variables
18:01:17.360 [FXGL Background Thread 1 ] DEBUG GameApplicationServi - Applying CSS: fxgl_dark.css
18:01:17.361 [FXGL Background Thread 1 ] DEBUG FXGLAssetLoaderServi - Loading from file system: /assets/ui/css/fxgl_dark.css
18:01:17.416 [FXGL Background Thread 1 ] DEBUG GameApplicationServi - Initializing application scenes
18:01:17.456 [FXGL Background Thread 1 ] DEBUG GameWorld            - Game world initialized
18:01:17.532 [FXGL Background Thread 1 ] DEBUG PhysicsWorld         - Physics world initialized: appHeight=750, physics.ppm=50.0
18:01:17.534 [FXGL Background Thread 1 ] DEBUG GameScene            - Game scene initialized: 1400x750
18:01:17.534 [FXGL Background Thread 1 ] DEBUG GameApplicationServi - Application scenes initialized
18:01:17.552 [FXGL Background Thread 1 ] DEBUG SystemBundleService  - Loading FXGL system data
18:01:17.556 [FXGL Background Thread 1 ] DEBUG FileSystemAccess     - Reading from: D:\study\FCAI-H\FCAI-H projects\make-a-square\system\fxgl.bundle
18:01:17.565 [FXGL Background Thread 1 ] DEBUG SystemBundleService  - Bundle FXGL: {}
18:01:17.565 [FXGL Background Thread 1 ] DEBUG UpdaterService       - Checking for updates
18:01:17.569 [FXGL Background Thread 4 ] DEBUG FXGLApplication      - Loading fonts
18:01:17.569 [FXGL Background Thread 4 ] DEBUG FXGLAssetLoaderServi - Loading from file system: /assets/ui/fonts/VarelaRound-Regular.ttf
18:01:17.570 [FXGL Background Thread 1 ] DEBUG FXGLApplication      - Loading default localization
18:01:17.570 [FXGL Background Thread 1 ] DEBUG FXGLAssetLoaderServi - Loading from file system: /assets/languages/english.lang
18:01:17.597 [FXGL Background Thread 1 ] INFO  FXGLApplication      - FXGL initialization took: 0.293 sec
18:01:17.598 [JavaFX Application Thread] DEBUG FXGLAssetLoaderServi - Loading from file system: /assets/textures/fxgl_icon.png
18:01:17.615 [FXGL Background Thread 4 ] DEBUG FXGLAssetLoaderServi - Loading from file system: /assets/ui/fonts/Abel-Regular.ttf
18:01:17.619 [FXGL Background Thread 4 ] DEBUG FXGLAssetLoaderServi - Loading from file system: /assets/ui/fonts/lucida_console.ttf
18:01:17.625 [FXGL Background Thread 4 ] DEBUG FXGLAssetLoaderServi - Loading from file system: /assets/ui/fonts/Courier-Prime.ttf
18:01:17.655 [JavaFX Application Thread] DEBUG FXGLAssetLoaderServi - Loading from file system: /assets/ui/cursors/fxgl_default.png
18:01:17.667 [JavaFX Application Thread] DEBUG Input                - Registered new binding: Screenshot - P
18:01:17.667 [JavaFX Application Thread] DEBUG Input                - Registered new binding: System info dump - CTRL+9
18:01:17.668 [JavaFX Application Thread] DEBUG Input                - Registered new binding: Restart - CTRL+R
18:01:17.668 [JavaFX Application Thread] DEBUG Input                - Registered new binding: Toggle Debug Camera - CTRL+C
18:01:17.671 [JavaFX Application Thread] DEBUG LoopRunner           - Starting loop
18:01:17.671 [JavaFX Application Thread] DEBUG GameApplicationServi - Starting new game
18:01:17.672 [JavaFX Application Thread] DEBUG Input                - Clearing active input actions
18:01:17.682 [JavaFX Application Thread] DEBUG GameApplicationServi - Removing overlay from StartupScene and adding to FXGLLoadingScene
18:01:17.682 [JavaFX Application Thread] DEBUG MainWindow           - StartupScene -> FXGLLoadingScene
18:01:17.682 [JavaFX Application Thread] DEBUG GameApplicationServi - Clearing previous game
18:01:17.682 [JavaFX Application Thread] DEBUG GameScene            - Clearing game scene
18:01:17.682 [JavaFX Application Thread] DEBUG GameWorld            - Clearing game world
18:01:17.683 [JavaFX Application Thread] DEBUG PhysicsWorld         - Clearing physics world
18:01:17.685 [FXGL Background Thread 4 ] DEBUG FXGLApplication      - Initializing game
18:01:17.685 [JavaFX Application Thread] DEBUG FXGLApplication      - Registering font factories with UI factory
18:01:17.707 [FXGL Background Thread 4 ] INFO  FXGLApplication      - Game initialization took: 0.022 sec
18:01:17.743 [JavaFX Application Thread] DEBUG Input                - Clearing active input actions
18:01:17.756 [JavaFX Application Thread] DEBUG GameApplicationServi - Removing overlay from FXGLLoadingScene and adding to GameScene
18:01:17.756 [JavaFX Application Thread] DEBUG MainWindow           - FXGLLoadingScene -> GameScene
18:01:18.131 [FXGL Background Thread 2 ] INFO  UpdaterService       - Your current version:  11.12
18:01:18.131 [FXGL Background Thread 2 ] INFO  UpdaterService       - Latest stable version: 21.1
18:01:20.569 [FXGL Background Thread 3 ] DEBUG Engine               - Logging environment variables
18:01:20.570 [FXGL Background Thread 3 ] DEBUG Engine               - achievements: []
18:01:20.570 [FXGL Background Thread 3 ] DEBUG Engine               - actualHeight: 750.0
18:01:20.570 [FXGL Background Thread 3 ] DEBUG Engine               - actualHeightProperty: ReadOnlyDoubleProperty [value: 750.0]
18:01:20.571 [FXGL Background Thread 3 ] DEBUG Engine               - actualWidth: 1400.0
18:01:20.571 [FXGL Background Thread 3 ] DEBUG Engine               - actualWidthProperty: ReadOnlyDoubleProperty [value: 1400.0]
18:01:20.571 [FXGL Background Thread 3 ] DEBUG Engine               - appIcon: fxgl_icon.png
18:01:20.571 [FXGL Background Thread 3 ] DEBUG Engine               - applicationMode: DEVELOPER
18:01:20.572 [FXGL Background Thread 3 ] DEBUG Engine               - cSSList: [fxgl_dark.css]
18:01:20.572 [FXGL Background Thread 3 ] DEBUG Engine               - configClass: Optional.empty
18:01:20.572 [FXGL Background Thread 3 ] DEBUG Engine               - credits: []
18:01:20.572 [FXGL Background Thread 3 ] DEBUG Engine               - devBBoxColorProperty: ObjectProperty [value: 0xff0000ff]
18:01:20.572 [FXGL Background Thread 3 ] DEBUG Engine               - devEnableDebugCameraProperty: BooleanProperty [value: false]
18:01:20.573 [FXGL Background Thread 3 ] DEBUG Engine               - devSensorColorProperty: ObjectProperty [value: 0xffff00ff]
18:01:20.573 [FXGL Background Thread 3 ] DEBUG Engine               - devShowBBoxProperty: BooleanProperty [value: false]
18:01:20.573 [FXGL Background Thread 3 ] DEBUG Engine               - devShowPositionProperty: BooleanProperty [value: false]
18:01:20.573 [FXGL Background Thread 3 ] DEBUG Engine               - enabledMenuItems: []
18:01:20.573 [FXGL Background Thread 3 ] DEBUG Engine               - engineServices: [class com.almasb.fxgl.app.FXGLApplication$GameApplicationService, class com.almasb.fxgl.app.services.FXGLDialogService, class com.almasb.fxgl.app.services.IOTaskExecutorService, class com.almasb.fxgl.event.EventBusService, class com.almasb.fxgl.io.FileSystemService, class com.almasb.fxgl.localization.LocalizationService, class com.almasb.fxgl.app.services.FXGLAssetLoaderService, class com.almasb.fxgl.app.services.SystemBundleService, class com.almasb.fxgl.profile.SaveLoadService, class com.almasb.fxgl.ui.FXGLUIFactoryServiceProvider, class com.almasb.fxgl.ui.FXGLDialogFactoryServiceProvider, class com.almasb.fxgl.audio.AudioPlayer, class com.almasb.fxgl.notification.impl.NotificationServiceProvider, class com.almasb.fxgl.achievement.AchievementService, class com.almasb.fxgl.cutscene.CutsceneService, class com.almasb.fxgl.minigames.MiniGameService, class com.almasb.fxgl.net.NetService, class com.almasb.fxgl.app.services.UpdaterService, class com.almasb.fxgl.dev.DevService]
18:01:20.573 [FXGL Background Thread 3 ] DEBUG Engine               - fontGame: Abel-Regular.ttf
18:01:20.574 [FXGL Background Thread 3 ] DEBUG Engine               - fontMono: lucida_console.ttf
18:01:20.574 [FXGL Background Thread 3 ] DEBUG Engine               - fontText: Courier-Prime.ttf
18:01:20.574 [FXGL Background Thread 3 ] DEBUG Engine               - fontUI: VarelaRound-Regular.ttf
18:01:20.574 [FXGL Background Thread 3 ] DEBUG Engine               - fullScreen: BooleanProperty [value: false]
18:01:20.574 [FXGL Background Thread 3 ] DEBUG Engine               - gameDifficulty: MEDIUM
18:01:20.574 [FXGL Background Thread 3 ] DEBUG Engine               - gameDifficultyProperty: ObjectProperty [value: MEDIUM]
18:01:20.574 [FXGL Background Thread 3 ] DEBUG Engine               - globalMusicVolume: 0.5
18:01:20.575 [FXGL Background Thread 3 ] DEBUG Engine               - globalMusicVolumeProperty: DoubleProperty [value: 0.5]
18:01:20.575 [FXGL Background Thread 3 ] DEBUG Engine               - globalSoundVolume: 0.5
18:01:20.575 [FXGL Background Thread 3 ] DEBUG Engine               - globalSoundVolumeProperty: DoubleProperty [value: 0.5]
18:01:20.575 [FXGL Background Thread 3 ] DEBUG Engine               - height: 750
18:01:20.575 [FXGL Background Thread 3 ] DEBUG Engine               - isAndroid: false
18:01:20.575 [FXGL Background Thread 3 ] DEBUG Engine               - isBrowser: false
18:01:20.575 [FXGL Background Thread 3 ] DEBUG Engine               - isClickFeedbackEnabled: false
18:01:20.576 [FXGL Background Thread 3 ] DEBUG Engine               - isCloseConfirmation: false
18:01:20.576 [FXGL Background Thread 3 ] DEBUG Engine               - isDesktop: true
18:01:20.576 [FXGL Background Thread 3 ] DEBUG Engine               - isDeveloperMenuEnabled: false
18:01:20.576 [FXGL Background Thread 3 ] DEBUG Engine               - isEntityPreloadEnabled: true
18:01:20.576 [FXGL Background Thread 3 ] DEBUG Engine               - isExperimental3D: false
18:01:20.576 [FXGL Background Thread 3 ] DEBUG Engine               - isExperimentalNative: false
18:01:20.576 [FXGL Background Thread 3 ] DEBUG Engine               - isExperimentalTiledLargeMap: false
18:01:20.576 [FXGL Background Thread 3 ] DEBUG Engine               - isFileSystemWriteAllowed: true
18:01:20.577 [FXGL Background Thread 3 ] DEBUG Engine               - isFullScreenAllowed: false
18:01:20.577 [FXGL Background Thread 3 ] DEBUG Engine               - isFullScreenFromStart: false
18:01:20.577 [FXGL Background Thread 3 ] DEBUG Engine               - isGameMenuEnabled: false
18:01:20.577 [FXGL Background Thread 3 ] DEBUG Engine               - isIOS: false
18:01:20.577 [FXGL Background Thread 3 ] DEBUG Engine               - isIntroEnabled: false
18:01:20.577 [FXGL Background Thread 3 ] DEBUG Engine               - isLinux: false
18:01:20.577 [FXGL Background Thread 3 ] DEBUG Engine               - isMac: false
18:01:20.577 [FXGL Background Thread 3 ] DEBUG Engine               - isMainMenuEnabled: false
18:01:20.578 [FXGL Background Thread 3 ] DEBUG Engine               - isManualResizeEnabled: false
18:01:20.578 [FXGL Background Thread 3 ] DEBUG Engine               - isMobile: false
18:01:20.578 [FXGL Background Thread 3 ] DEBUG Engine               - isPreserveResizeRatio: false
18:01:20.578 [FXGL Background Thread 3 ] DEBUG Engine               - isProfilingEnabled: false
18:01:20.578 [FXGL Background Thread 3 ] DEBUG Engine               - isScaleAffectedOnResize: true
18:01:20.578 [FXGL Background Thread 3 ] DEBUG Engine               - isSingleStep: false
18:01:20.578 [FXGL Background Thread 3 ] DEBUG Engine               - isUserProfileEnabled: false
18:01:20.578 [FXGL Background Thread 3 ] DEBUG Engine               - isWindows: true
18:01:20.578 [FXGL Background Thread 3 ] DEBUG Engine               - language: ObjectProperty [value: ENGLISH]
18:01:20.579 [FXGL Background Thread 3 ] DEBUG Engine               - menuKey: ESCAPE
18:01:20.579 [FXGL Background Thread 3 ] DEBUG Engine               - notificationViewClass: class com.almasb.fxgl.notification.view.XboxNotificationView
18:01:20.579 [FXGL Background Thread 3 ] DEBUG Engine               - pixelsPerMeter: 50.0
18:01:20.579 [FXGL Background Thread 3 ] DEBUG Engine               - platform: WINDOWS
18:01:20.579 [FXGL Background Thread 3 ] DEBUG Engine               - prefHeightProperty: ReadOnlyDoubleProperty [value: 750.0]
18:01:20.579 [FXGL Background Thread 3 ] DEBUG Engine               - prefWidthProperty: ReadOnlyDoubleProperty [value: 1400.0]
18:01:20.580 [FXGL Background Thread 3 ] DEBUG Engine               - profileDir: profiles/
18:01:20.580 [FXGL Background Thread 3 ] DEBUG Engine               - profileName: StringProperty [value: DEFAULT]
18:01:20.580 [FXGL Background Thread 3 ] DEBUG Engine               - randomSeed: -1
18:01:20.580 [FXGL Background Thread 3 ] DEBUG Engine               - runtimeInfo: RuntimeInfo(platform=WINDOWS, version=11.12, build=11.12.2020 08.51)
18:01:20.580 [FXGL Background Thread 3 ] DEBUG Engine               - saveFileExt: sav
18:01:20.581 [FXGL Background Thread 3 ] DEBUG Engine               - scaledHeightProp$fxgl: DoubleProperty [bound, value: 750.0]
18:01:20.581 [FXGL Background Thread 3 ] DEBUG Engine               - scaledWidthProp$fxgl: DoubleProperty [bound, value: 1400.0]
18:01:20.581 [FXGL Background Thread 3 ] DEBUG Engine               - sceneFactory: com.almasb.fxgl.app.scene.SceneFactory@6a996a59
18:01:20.581 [FXGL Background Thread 3 ] DEBUG Engine               - secondsIn24h: 60
18:01:20.581 [FXGL Background Thread 3 ] DEBUG Engine               - soundMenuBack: menu/back.wav
18:01:20.581 [FXGL Background Thread 3 ] DEBUG Engine               - soundMenuPress: menu/press.wav
18:01:20.581 [FXGL Background Thread 3 ] DEBUG Engine               - soundMenuSelect: menu/select.wav
18:01:20.581 [FXGL Background Thread 3 ] DEBUG Engine               - soundNotification: core/notification.wav
18:01:20.582 [FXGL Background Thread 3 ] DEBUG Engine               - stageStyle: DECORATED
18:01:20.582 [FXGL Background Thread 3 ] DEBUG Engine               - supportedLanguages: [ENGLISH, FRENCH, GERMAN, HUNGARIAN, RUSSIAN]
18:01:20.582 [FXGL Background Thread 3 ] DEBUG Engine               - title: project5 make a square
18:01:20.582 [FXGL Background Thread 3 ] DEBUG Engine               - urlGithub: https://github.com/AlmasB/FXGL
18:01:20.582 [FXGL Background Thread 3 ] DEBUG Engine               - urlLeaderboard: http://fxgl-top.herokuapp.com/
18:01:20.582 [FXGL Background Thread 3 ] DEBUG Engine               - urlPOM: https://raw.githubusercontent.com/AlmasB/FXGL/master/README.md
18:01:20.582 [FXGL Background Thread 3 ] DEBUG Engine               - version: 0.0
18:01:20.583 [FXGL Background Thread 3 ] DEBUG Engine               - versionCheckDays: 7
18:01:20.583 [FXGL Background Thread 3 ] DEBUG Engine               - width: 1400
18:01:20.583 [FXGL Background Thread 3 ] DEBUG Engine               - Logging services
18:01:20.583 [FXGL Background Thread 3 ] DEBUG Engine               - class com.almasb.fxgl.app.FXGLApplication$GameApplicationService
18:01:20.583 [FXGL Background Thread 3 ] DEBUG Engine               - class com.almasb.fxgl.app.services.FXGLDialogService
18:01:20.583 [FXGL Background Thread 3 ] DEBUG Engine               - class com.almasb.fxgl.app.services.IOTaskExecutorService
18:01:20.583 [FXGL Background Thread 3 ] DEBUG Engine               - class com.almasb.fxgl.event.EventBusService
18:01:20.583 [FXGL Background Thread 3 ] DEBUG Engine               - class com.almasb.fxgl.io.FileSystemService
18:01:20.584 [FXGL Background Thread 3 ] DEBUG Engine               - class com.almasb.fxgl.localization.LocalizationService
18:01:20.584 [FXGL Background Thread 3 ] DEBUG Engine               - class com.almasb.fxgl.app.services.FXGLAssetLoaderService
18:01:20.584 [FXGL Background Thread 3 ] DEBUG Engine               - class com.almasb.fxgl.app.services.SystemBundleService
18:01:20.584 [FXGL Background Thread 3 ] DEBUG Engine               - class com.almasb.fxgl.profile.SaveLoadService
18:01:20.584 [FXGL Background Thread 3 ] DEBUG Engine               - class com.almasb.fxgl.ui.FXGLUIFactoryServiceProvider
18:01:20.584 [FXGL Background Thread 3 ] DEBUG Engine               - class com.almasb.fxgl.ui.FXGLDialogFactoryServiceProvider
18:01:20.584 [FXGL Background Thread 3 ] DEBUG Engine               - class com.almasb.fxgl.audio.AudioPlayer
18:01:20.584 [FXGL Background Thread 3 ] DEBUG Engine               - class com.almasb.fxgl.notification.impl.NotificationServiceProvider
18:01:20.585 [FXGL Background Thread 3 ] DEBUG Engine               - class com.almasb.fxgl.achievement.AchievementService
18:01:20.585 [FXGL Background Thread 3 ] DEBUG Engine               - class com.almasb.fxgl.cutscene.CutsceneService
18:01:20.585 [FXGL Background Thread 3 ] DEBUG Engine               - class com.almasb.fxgl.minigames.MiniGameService
18:01:20.585 [FXGL Background Thread 3 ] DEBUG Engine               - class com.almasb.fxgl.net.NetService
18:01:20.585 [FXGL Background Thread 3 ] DEBUG Engine               - class com.almasb.fxgl.app.services.UpdaterService
18:01:20.585 [FXGL Background Thread 3 ] DEBUG Engine               - class com.almasb.fxgl.dev.DevService
18:01:30.149 [JavaFX Application Thread] DEBUG FXGLApplication      - Exiting FXGL
18:01:30.149 [JavaFX Application Thread] DEBUG LoopRunner           - Stopping loop
18:01:30.149 [JavaFX Application Thread] DEBUG SystemBundleService  - Saving FXGL system data
18:01:30.151 [JavaFX Application Thread] DEBUG FileSystemAccess     - Writing to: D:\study\FCAI-H\FCAI-H projects\make-a-square\system\fxgl.bundle
18:01:30.153 [JavaFX Application Thread] DEBUG Async                - Shutting down background threads
18:01:30.153 [JavaFX Application Thread] DEBUG MainWindow           - Closing main window
18:01:30.170 [JavaFX Application Thread] DEBUG Logger               - Closing Logger
