17:45:02.762 [main                     ] DEBUG Logger               - Configured Logger
17:45:02.767 [main                     ] DEBUG GameApplication      - Logging settings
Title: project5 make a square
Version: 0.0
Width: 1400
Height: 750
Fullscreen: false
Intro: false
Profiling: false
Single step:false
App Mode: DEVELOPER
Menu Key: ESCAPE
Stage Style: DECORATED
Scene Factory: class com.almasb.fxgl.app.scene.SceneFactory

17:45:03.284 [JavaFX Application Thread] DEBUG FXGLApplication      - Initializing FXGL
17:45:03.286 [JavaFX Application Thread] INFO  Engine               - FXGL-11.12 (11.12.2020 08.51) on WINDOWS (J:21.0.2 FX:15)
17:45:03.287 [JavaFX Application Thread] DEBUG Engine               - JRE Vendor Name: Oracle Corporation
17:45:03.287 [JavaFX Application Thread] DEBUG Engine               - Running on OS: Windows 10 version 10.0
17:45:03.287 [JavaFX Application Thread] DEBUG Engine               - Architecture: amd64
17:45:03.287 [JavaFX Application Thread] INFO  Engine               - Source code and latest versions at: https://github.com/AlmasB/FXGL
17:45:03.287 [JavaFX Application Thread] INFO  Engine               -              Join the FXGL chat at: https://gitter.im/AlmasB/FXGL
17:45:03.437 [JavaFX Application Thread] DEBUG MainWindow           - Creating a JavaFX scene
17:45:03.511 [JavaFX Application Thread] DEBUG MainWindow           - Target settings size: 1400.0 x 750.0
17:45:03.511 [JavaFX Application Thread] DEBUG MainWindow           - Scaled scene size:    1400.0 x 750.0
17:45:03.511 [JavaFX Application Thread] DEBUG MainWindow           - Scaled ratio: (1.0, 1.0)
17:45:03.512 [JavaFX Application Thread] DEBUG MainWindow           - Set initial scene to StartupScene
17:45:03.520 [JavaFX Application Thread] DEBUG MainWindow           - Opening main window
17:45:03.644 [JavaFX Application Thread] DEBUG MainWindow           - Window border size: (14.4000244140625, 38.0)
17:45:03.644 [JavaFX Application Thread] DEBUG MainWindow           - Scaled size: 1400.0 x 750.0
17:45:03.644 [JavaFX Application Thread] DEBUG MainWindow           - Scaled ratio: (1.0, 1.0)
17:45:03.644 [JavaFX Application Thread] DEBUG MainWindow           - Scene size: 1400.0 x 750.0
17:45:03.644 [JavaFX Application Thread] DEBUG MainWindow           - Stage size: 1414.4000244140625 x 788.0
17:45:03.656 [FXGL Background Thread 1 ] DEBUG Engine               - Initializing environment variables
17:45:03.724 [FXGL Background Thread 1 ] DEBUG GameApplicationServi - Applying CSS: fxgl_dark.css
17:45:03.724 [FXGL Background Thread 1 ] DEBUG FXGLAssetLoaderServi - Loading from file system: /assets/ui/css/fxgl_dark.css
17:45:03.789 [FXGL Background Thread 1 ] DEBUG GameApplicationServi - Initializing application scenes
17:45:03.839 [FXGL Background Thread 1 ] DEBUG GameWorld            - Game world initialized
17:45:03.961 [FXGL Background Thread 1 ] DEBUG PhysicsWorld         - Physics world initialized: appHeight=750, physics.ppm=50.0
17:45:03.963 [FXGL Background Thread 1 ] DEBUG GameScene            - Game scene initialized: 1400x750
17:45:04.005 [FXGL Background Thread 1 ] DEBUG FXGLAssetLoaderServi - Loading from file system: /assets/textures/particles/trace_horizontal.png
17:45:04.057 [FXGL Background Thread 1 ] DEBUG FXGL.DefaultMenu     - createMenuBodyGameMenu()
17:45:04.080 [FXGL Background Thread 1 ] DEBUG FXGL.DefaultMenu     - createOptionsMenu()
17:45:04.085 [FXGL Background Thread 1 ] DEBUG FXGLAssetLoaderServi - Loading from file system: /assets/textures/particles/smoke.png
17:45:04.154 [FXGL Background Thread 1 ] DEBUG GameApplicationServi - Application scenes initialized
17:45:04.169 [FXGL Background Thread 1 ] DEBUG SystemBundleService  - Loading FXGL system data
17:45:04.175 [FXGL Background Thread 1 ] DEBUG FileSystemAccess     - Reading from: E:\java\Project5\system\fxgl.bundle
17:45:04.190 [FXGL Background Thread 1 ] DEBUG SystemBundleService  - Bundle FXGL: {}
17:45:04.190 [FXGL Background Thread 1 ] DEBUG UpdaterService       - Checking for updates
17:45:04.200 [FXGL Background Thread 4 ] DEBUG FXGLApplication      - Loading fonts
17:45:04.200 [FXGL Background Thread 4 ] DEBUG FXGLAssetLoaderServi - Loading from file system: /assets/ui/fonts/VarelaRound-Regular.ttf
17:45:04.202 [FXGL Background Thread 1 ] DEBUG FXGLApplication      - Loading default localization
17:45:04.202 [FXGL Background Thread 1 ] DEBUG FXGLAssetLoaderServi - Loading from file system: /assets/languages/english.lang
17:45:04.253 [FXGL Background Thread 1 ] INFO  FXGLApplication      - FXGL initialization took: 0.597 sec
17:45:04.254 [JavaFX Application Thread] DEBUG FXGLAssetLoaderServi - Loading from file system: /assets/textures/fxgl_icon.png
17:45:04.260 [FXGL Background Thread 4 ] DEBUG FXGLAssetLoaderServi - Loading from file system: /assets/ui/fonts/Abel-Regular.ttf
17:45:04.264 [FXGL Background Thread 4 ] DEBUG FXGLAssetLoaderServi - Loading from file system: /assets/ui/fonts/lucida_console.ttf
17:45:04.271 [FXGL Background Thread 4 ] DEBUG FXGLAssetLoaderServi - Loading from file system: /assets/ui/fonts/Courier-Prime.ttf
17:45:04.294 [JavaFX Application Thread] DEBUG FXGLAssetLoaderServi - Loading from file system: /assets/ui/cursors/fxgl_default.png
17:45:04.311 [JavaFX Application Thread] DEBUG Input                - Registered new binding: Screenshot - P
17:45:04.312 [JavaFX Application Thread] DEBUG Input                - Registered new binding: System info dump - CTRL+9
17:45:04.312 [JavaFX Application Thread] DEBUG Input                - Registered new binding: Restart - CTRL+R
17:45:04.313 [JavaFX Application Thread] DEBUG Input                - Registered new binding: Toggle Debug Camera - CTRL+C
17:45:04.316 [JavaFX Application Thread] DEBUG LoopRunner           - Starting loop
17:45:04.317 [JavaFX Application Thread] DEBUG GameApplicationServi - Starting new game
17:45:04.317 [JavaFX Application Thread] DEBUG Input                - Clearing active input actions
17:45:04.332 [JavaFX Application Thread] DEBUG GameApplicationServi - Removing overlay from StartupScene and adding to FXGLLoadingScene
17:45:04.332 [JavaFX Application Thread] DEBUG MainWindow           - StartupScene -> FXGLLoadingScene
17:45:04.332 [JavaFX Application Thread] DEBUG GameApplicationServi - Clearing previous game
17:45:04.333 [JavaFX Application Thread] DEBUG GameScene            - Clearing game scene
17:45:04.333 [JavaFX Application Thread] DEBUG GameWorld            - Clearing game world
17:45:04.333 [JavaFX Application Thread] DEBUG PhysicsWorld         - Clearing physics world
17:45:04.334 [FXGL Background Thread 4 ] DEBUG FXGLApplication      - Initializing game
17:45:04.334 [JavaFX Application Thread] DEBUG FXGLApplication      - Registering font factories with UI factory
17:45:04.370 [FXGL Background Thread 4 ] INFO  FXGLApplication      - Game initialization took: 0.035 sec
17:45:04.395 [JavaFX Application Thread] DEBUG Input                - Clearing active input actions
17:45:04.403 [JavaFX Application Thread] DEBUG GameApplicationServi - Removing overlay from FXGLLoadingScene and adding to GameScene
17:45:04.404 [JavaFX Application Thread] DEBUG MainWindow           - FXGLLoadingScene -> GameScene
17:45:05.119 [FXGL Background Thread 2 ] INFO  UpdaterService       - Your current version:  11.12
17:45:05.119 [FXGL Background Thread 2 ] INFO  UpdaterService       - Latest stable version: 21.1
17:45:07.197 [FXGL Background Thread 3 ] DEBUG Engine               - Logging environment variables
17:45:07.197 [FXGL Background Thread 3 ] DEBUG Engine               - achievements: []
17:45:07.197 [FXGL Background Thread 3 ] DEBUG Engine               - actualHeight: 750.0
17:45:07.197 [FXGL Background Thread 3 ] DEBUG Engine               - actualHeightProperty: ReadOnlyDoubleProperty [value: 750.0]
17:45:07.197 [FXGL Background Thread 3 ] DEBUG Engine               - actualWidth: 1400.0
17:45:07.198 [FXGL Background Thread 3 ] DEBUG Engine               - actualWidthProperty: ReadOnlyDoubleProperty [value: 1400.0]
17:45:07.198 [FXGL Background Thread 3 ] DEBUG Engine               - appIcon: fxgl_icon.png
17:45:07.198 [FXGL Background Thread 3 ] DEBUG Engine               - applicationMode: DEVELOPER
17:45:07.198 [FXGL Background Thread 3 ] DEBUG Engine               - cSSList: [fxgl_dark.css]
17:45:07.198 [FXGL Background Thread 3 ] DEBUG Engine               - configClass: Optional.empty
17:45:07.198 [FXGL Background Thread 3 ] DEBUG Engine               - credits: []
17:45:07.198 [FXGL Background Thread 3 ] DEBUG Engine               - devBBoxColorProperty: ObjectProperty [value: 0xff0000ff]
17:45:07.198 [FXGL Background Thread 3 ] DEBUG Engine               - devEnableDebugCameraProperty: BooleanProperty [value: false]
17:45:07.198 [FXGL Background Thread 3 ] DEBUG Engine               - devSensorColorProperty: ObjectProperty [value: 0xffff00ff]
17:45:07.198 [FXGL Background Thread 3 ] DEBUG Engine               - devShowBBoxProperty: BooleanProperty [value: false]
17:45:07.198 [FXGL Background Thread 3 ] DEBUG Engine               - devShowPositionProperty: BooleanProperty [value: false]
17:45:07.198 [FXGL Background Thread 3 ] DEBUG Engine               - enabledMenuItems: []
17:45:07.199 [FXGL Background Thread 3 ] DEBUG Engine               - engineServices: [class com.almasb.fxgl.app.FXGLApplication$GameApplicationService, class com.almasb.fxgl.app.services.FXGLDialogService, class com.almasb.fxgl.app.services.IOTaskExecutorService, class com.almasb.fxgl.event.EventBusService, class com.almasb.fxgl.io.FileSystemService, class com.almasb.fxgl.localization.LocalizationService, class com.almasb.fxgl.app.services.FXGLAssetLoaderService, class com.almasb.fxgl.app.services.SystemBundleService, class com.almasb.fxgl.profile.SaveLoadService, class com.almasb.fxgl.ui.FXGLUIFactoryServiceProvider, class com.almasb.fxgl.ui.FXGLDialogFactoryServiceProvider, class com.almasb.fxgl.audio.AudioPlayer, class com.almasb.fxgl.notification.impl.NotificationServiceProvider, class com.almasb.fxgl.achievement.AchievementService, class com.almasb.fxgl.cutscene.CutsceneService, class com.almasb.fxgl.minigames.MiniGameService, class com.almasb.fxgl.net.NetService, class com.almasb.fxgl.app.services.UpdaterService, class com.almasb.fxgl.dev.DevService]
17:45:07.199 [FXGL Background Thread 3 ] DEBUG Engine               - fontGame: Abel-Regular.ttf
17:45:07.199 [FXGL Background Thread 3 ] DEBUG Engine               - fontMono: lucida_console.ttf
17:45:07.199 [FXGL Background Thread 3 ] DEBUG Engine               - fontText: Courier-Prime.ttf
17:45:07.199 [FXGL Background Thread 3 ] DEBUG Engine               - fontUI: VarelaRound-Regular.ttf
17:45:07.199 [FXGL Background Thread 3 ] DEBUG Engine               - fullScreen: BooleanProperty [value: false]
17:45:07.199 [FXGL Background Thread 3 ] DEBUG Engine               - gameDifficulty: MEDIUM
17:45:07.199 [FXGL Background Thread 3 ] DEBUG Engine               - gameDifficultyProperty: ObjectProperty [value: MEDIUM]
17:45:07.199 [FXGL Background Thread 3 ] DEBUG Engine               - globalMusicVolume: 0.5
17:45:07.199 [FXGL Background Thread 3 ] DEBUG Engine               - globalMusicVolumeProperty: DoubleProperty [value: 0.5]
17:45:07.199 [FXGL Background Thread 3 ] DEBUG Engine               - globalSoundVolume: 0.5
17:45:07.199 [FXGL Background Thread 3 ] DEBUG Engine               - globalSoundVolumeProperty: DoubleProperty [value: 0.5]
17:45:07.199 [FXGL Background Thread 3 ] DEBUG Engine               - height: 750
17:45:07.199 [FXGL Background Thread 3 ] DEBUG Engine               - isAndroid: false
17:45:07.199 [FXGL Background Thread 3 ] DEBUG Engine               - isBrowser: false
17:45:07.200 [FXGL Background Thread 3 ] DEBUG Engine               - isClickFeedbackEnabled: false
17:45:07.200 [FXGL Background Thread 3 ] DEBUG Engine               - isCloseConfirmation: false
17:45:07.200 [FXGL Background Thread 3 ] DEBUG Engine               - isDesktop: true
17:45:07.200 [FXGL Background Thread 3 ] DEBUG Engine               - isDeveloperMenuEnabled: false
17:45:07.200 [FXGL Background Thread 3 ] DEBUG Engine               - isEntityPreloadEnabled: true
17:45:07.200 [FXGL Background Thread 3 ] DEBUG Engine               - isExperimental3D: false
17:45:07.200 [FXGL Background Thread 3 ] DEBUG Engine               - isExperimentalNative: false
17:45:07.200 [FXGL Background Thread 3 ] DEBUG Engine               - isExperimentalTiledLargeMap: false
17:45:07.200 [FXGL Background Thread 3 ] DEBUG Engine               - isFileSystemWriteAllowed: true
17:45:07.200 [FXGL Background Thread 3 ] DEBUG Engine               - isFullScreenAllowed: false
17:45:07.200 [FXGL Background Thread 3 ] DEBUG Engine               - isFullScreenFromStart: false
17:45:07.200 [FXGL Background Thread 3 ] DEBUG Engine               - isGameMenuEnabled: true
17:45:07.200 [FXGL Background Thread 3 ] DEBUG Engine               - isIOS: false
17:45:07.200 [FXGL Background Thread 3 ] DEBUG Engine               - isIntroEnabled: false
17:45:07.200 [FXGL Background Thread 3 ] DEBUG Engine               - isLinux: false
17:45:07.201 [FXGL Background Thread 3 ] DEBUG Engine               - isMac: false
17:45:07.201 [FXGL Background Thread 3 ] DEBUG Engine               - isMainMenuEnabled: false
17:45:07.201 [FXGL Background Thread 3 ] DEBUG Engine               - isManualResizeEnabled: false
17:45:07.201 [FXGL Background Thread 3 ] DEBUG Engine               - isMobile: false
17:45:07.201 [FXGL Background Thread 3 ] DEBUG Engine               - isPreserveResizeRatio: false
17:45:07.201 [FXGL Background Thread 3 ] DEBUG Engine               - isProfilingEnabled: false
17:45:07.201 [FXGL Background Thread 3 ] DEBUG Engine               - isScaleAffectedOnResize: true
17:45:07.201 [FXGL Background Thread 3 ] DEBUG Engine               - isSingleStep: false
17:45:07.201 [FXGL Background Thread 3 ] DEBUG Engine               - isUserProfileEnabled: false
17:45:07.201 [FXGL Background Thread 3 ] DEBUG Engine               - isWindows: true
17:45:07.201 [FXGL Background Thread 3 ] DEBUG Engine               - language: ObjectProperty [value: ENGLISH]
17:45:07.201 [FXGL Background Thread 3 ] DEBUG Engine               - menuKey: ESCAPE
17:45:07.201 [FXGL Background Thread 3 ] DEBUG Engine               - notificationViewClass: class com.almasb.fxgl.notification.view.XboxNotificationView
17:45:07.201 [FXGL Background Thread 3 ] DEBUG Engine               - pixelsPerMeter: 50.0
17:45:07.202 [FXGL Background Thread 3 ] DEBUG Engine               - platform: WINDOWS
17:45:07.202 [FXGL Background Thread 3 ] DEBUG Engine               - prefHeightProperty: ReadOnlyDoubleProperty [value: 750.0]
17:45:07.202 [FXGL Background Thread 3 ] DEBUG Engine               - prefWidthProperty: ReadOnlyDoubleProperty [value: 1400.0]
17:45:07.202 [FXGL Background Thread 3 ] DEBUG Engine               - profileDir: profiles/
17:45:07.202 [FXGL Background Thread 3 ] DEBUG Engine               - profileName: StringProperty [value: DEFAULT]
17:45:07.202 [FXGL Background Thread 3 ] DEBUG Engine               - randomSeed: -1
17:45:07.202 [FXGL Background Thread 3 ] DEBUG Engine               - runtimeInfo: RuntimeInfo(platform=WINDOWS, version=11.12, build=11.12.2020 08.51)
17:45:07.202 [FXGL Background Thread 3 ] DEBUG Engine               - saveFileExt: sav
17:45:07.202 [FXGL Background Thread 3 ] DEBUG Engine               - scaledHeightProp$fxgl: DoubleProperty [bound, value: 750.0]
17:45:07.202 [FXGL Background Thread 3 ] DEBUG Engine               - scaledWidthProp$fxgl: DoubleProperty [bound, value: 1400.0]
17:45:07.202 [FXGL Background Thread 3 ] DEBUG Engine               - sceneFactory: com.almasb.fxgl.app.scene.SceneFactory@63ba5eb9
17:45:07.202 [FXGL Background Thread 3 ] DEBUG Engine               - secondsIn24h: 60
17:45:07.202 [FXGL Background Thread 3 ] DEBUG Engine               - soundMenuBack: menu/back.wav
17:45:07.203 [FXGL Background Thread 3 ] DEBUG Engine               - soundMenuPress: menu/press.wav
17:45:07.203 [FXGL Background Thread 3 ] DEBUG Engine               - soundMenuSelect: menu/select.wav
17:45:07.203 [FXGL Background Thread 3 ] DEBUG Engine               - soundNotification: core/notification.wav
17:45:07.203 [FXGL Background Thread 3 ] DEBUG Engine               - stageStyle: DECORATED
17:45:07.203 [FXGL Background Thread 3 ] DEBUG Engine               - supportedLanguages: [ENGLISH, FRENCH, GERMAN, HUNGARIAN, RUSSIAN]
17:45:07.203 [FXGL Background Thread 3 ] DEBUG Engine               - title: project5 make a square
17:45:07.203 [FXGL Background Thread 3 ] DEBUG Engine               - urlGithub: https://github.com/AlmasB/FXGL
17:45:07.203 [FXGL Background Thread 3 ] DEBUG Engine               - urlLeaderboard: http://fxgl-top.herokuapp.com/
17:45:07.203 [FXGL Background Thread 3 ] DEBUG Engine               - urlPOM: https://raw.githubusercontent.com/AlmasB/FXGL/master/README.md
17:45:07.203 [FXGL Background Thread 3 ] DEBUG Engine               - version: 0.0
17:45:07.203 [FXGL Background Thread 3 ] DEBUG Engine               - versionCheckDays: 7
17:45:07.203 [FXGL Background Thread 3 ] DEBUG Engine               - width: 1400
17:45:07.203 [FXGL Background Thread 3 ] DEBUG Engine               - Logging services
17:45:07.204 [FXGL Background Thread 3 ] DEBUG Engine               - class com.almasb.fxgl.app.FXGLApplication$GameApplicationService
17:45:07.204 [FXGL Background Thread 3 ] DEBUG Engine               - class com.almasb.fxgl.app.services.FXGLDialogService
17:45:07.204 [FXGL Background Thread 3 ] DEBUG Engine               - class com.almasb.fxgl.app.services.IOTaskExecutorService
17:45:07.204 [FXGL Background Thread 3 ] DEBUG Engine               - class com.almasb.fxgl.event.EventBusService
17:45:07.204 [FXGL Background Thread 3 ] DEBUG Engine               - class com.almasb.fxgl.io.FileSystemService
17:45:07.204 [FXGL Background Thread 3 ] DEBUG Engine               - class com.almasb.fxgl.localization.LocalizationService
17:45:07.204 [FXGL Background Thread 3 ] DEBUG Engine               - class com.almasb.fxgl.app.services.FXGLAssetLoaderService
17:45:07.204 [FXGL Background Thread 3 ] DEBUG Engine               - class com.almasb.fxgl.app.services.SystemBundleService
17:45:07.204 [FXGL Background Thread 3 ] DEBUG Engine               - class com.almasb.fxgl.profile.SaveLoadService
17:45:07.204 [FXGL Background Thread 3 ] DEBUG Engine               - class com.almasb.fxgl.ui.FXGLUIFactoryServiceProvider
17:45:07.204 [FXGL Background Thread 3 ] DEBUG Engine               - class com.almasb.fxgl.ui.FXGLDialogFactoryServiceProvider
17:45:07.204 [FXGL Background Thread 3 ] DEBUG Engine               - class com.almasb.fxgl.audio.AudioPlayer
17:45:07.204 [FXGL Background Thread 3 ] DEBUG Engine               - class com.almasb.fxgl.notification.impl.NotificationServiceProvider
17:45:07.204 [FXGL Background Thread 3 ] DEBUG Engine               - class com.almasb.fxgl.achievement.AchievementService
17:45:07.204 [FXGL Background Thread 3 ] DEBUG Engine               - class com.almasb.fxgl.cutscene.CutsceneService
17:45:07.204 [FXGL Background Thread 3 ] DEBUG Engine               - class com.almasb.fxgl.minigames.MiniGameService
17:45:07.204 [FXGL Background Thread 3 ] DEBUG Engine               - class com.almasb.fxgl.net.NetService
17:45:07.205 [FXGL Background Thread 3 ] DEBUG Engine               - class com.almasb.fxgl.app.services.UpdaterService
17:45:07.205 [FXGL Background Thread 3 ] DEBUG Engine               - class com.almasb.fxgl.dev.DevService
17:45:07.302 [JavaFX Application Thread] DEBUG FXGLApplication      - Exiting FXGL
17:45:07.303 [JavaFX Application Thread] DEBUG LoopRunner           - Stopping loop
17:45:07.303 [JavaFX Application Thread] DEBUG SystemBundleService  - Saving FXGL system data
17:45:07.305 [JavaFX Application Thread] DEBUG FileSystemAccess     - Writing to: E:\java\Project5\system\fxgl.bundle
17:45:07.308 [JavaFX Application Thread] DEBUG Async                - Shutting down background threads
17:45:07.308 [JavaFX Application Thread] DEBUG MainWindow           - Closing main window
17:45:07.336 [JavaFX Application Thread] DEBUG Logger               - Closing Logger
