19:01:36.115 [main                     ] DEBUG Logger               - Configured Logger
19:01:36.118 [main                     ] DEBUG GameApplication      - Logging settings
Title: project5 make a square
Version: 0.0
Width: 1400
Height: 750
Fullscreen: false
Intro: false
Profiling: false
Single step:false
App Mode: DEVELOPER
Menu Key: ESCAPE
Stage Style: DECORATED
Scene Factory: class com.almasb.fxgl.app.scene.SceneFactory

19:01:36.605 [JavaFX Application Thread] DEBUG FXGLApplication      - Initializing FXGL
19:01:36.608 [JavaFX Application Thread] INFO  Engine               - FXGL-11.12 (11.12.2020 08.51) on WINDOWS (J:21.0.2 FX:15)
19:01:36.608 [JavaFX Application Thread] DEBUG Engine               - JRE Vendor Name: Oracle Corporation
19:01:36.608 [JavaFX Application Thread] DEBUG Engine               - Running on OS: Windows 10 version 10.0
19:01:36.609 [JavaFX Application Thread] DEBUG Engine               - Architecture: amd64
19:01:36.609 [JavaFX Application Thread] INFO  Engine               - Source code and latest versions at: https://github.com/AlmasB/FXGL
19:01:36.609 [JavaFX Application Thread] INFO  Engine               -              Join the FXGL chat at: https://gitter.im/AlmasB/FXGL
19:01:36.755 [JavaFX Application Thread] DEBUG MainWindow           - Creating a JavaFX scene
19:01:36.821 [JavaFX Application Thread] DEBUG MainWindow           - Target settings size: 1400.0 x 750.0
19:01:36.821 [JavaFX Application Thread] DEBUG MainWindow           - Scaled scene size:    1400.0 x 750.0
19:01:36.821 [JavaFX Application Thread] DEBUG MainWindow           - Scaled ratio: (1.0, 1.0)
19:01:36.822 [JavaFX Application Thread] DEBUG MainWindow           - Set initial scene to StartupScene
19:01:36.829 [JavaFX Application Thread] DEBUG MainWindow           - Opening main window
19:01:36.952 [JavaFX Application Thread] DEBUG MainWindow           - Window border size: (14.4000244140625, 38.0)
19:01:36.952 [JavaFX Application Thread] DEBUG MainWindow           - Scaled size: 1400.0 x 750.0
19:01:36.952 [JavaFX Application Thread] DEBUG MainWindow           - Scaled ratio: (1.0, 1.0)
19:01:36.952 [JavaFX Application Thread] DEBUG MainWindow           - Scene size: 1400.0 x 750.0
19:01:36.953 [JavaFX Application Thread] DEBUG MainWindow           - Stage size: 1414.4000244140625 x 788.0
19:01:36.964 [FXGL Background Thread 1 ] DEBUG Engine               - Initializing environment variables
19:01:37.052 [FXGL Background Thread 1 ] DEBUG GameApplicationServi - Applying CSS: fxgl_dark.css
19:01:37.052 [FXGL Background Thread 1 ] DEBUG FXGLAssetLoaderServi - Loading from file system: /assets/ui/css/fxgl_dark.css
19:01:37.116 [FXGL Background Thread 1 ] DEBUG GameApplicationServi - Initializing application scenes
19:01:37.168 [FXGL Background Thread 1 ] DEBUG GameWorld            - Game world initialized
19:01:37.315 [FXGL Background Thread 1 ] DEBUG PhysicsWorld         - Physics world initialized: appHeight=750, physics.ppm=50.0
19:01:37.319 [FXGL Background Thread 1 ] DEBUG GameScene            - Game scene initialized: 1400x750
19:01:37.319 [FXGL Background Thread 1 ] DEBUG GameApplicationServi - Application scenes initialized
19:01:37.341 [FXGL Background Thread 1 ] DEBUG SystemBundleService  - Loading FXGL system data
19:01:37.346 [FXGL Background Thread 1 ] DEBUG FileSystemAccess     - Reading from: E:\java\Project5\system\fxgl.bundle
19:01:37.359 [FXGL Background Thread 1 ] DEBUG SystemBundleService  - Bundle FXGL: {}
19:01:37.359 [FXGL Background Thread 1 ] DEBUG UpdaterService       - Checking for updates
19:01:37.366 [FXGL Background Thread 4 ] DEBUG FXGLApplication      - Loading fonts
19:01:37.366 [FXGL Background Thread 4 ] DEBUG FXGLAssetLoaderServi - Loading from file system: /assets/ui/fonts/VarelaRound-Regular.ttf
19:01:37.367 [FXGL Background Thread 1 ] DEBUG FXGLApplication      - Loading default localization
19:01:37.367 [FXGL Background Thread 1 ] DEBUG FXGLAssetLoaderServi - Loading from file system: /assets/languages/english.lang
19:01:37.415 [FXGL Background Thread 1 ] INFO  FXGLApplication      - FXGL initialization took: 0.451 sec
19:01:37.416 [JavaFX Application Thread] DEBUG FXGLAssetLoaderServi - Loading from file system: /assets/textures/fxgl_icon.png
19:01:37.427 [FXGL Background Thread 4 ] DEBUG FXGLAssetLoaderServi - Loading from file system: /assets/ui/fonts/Abel-Regular.ttf
19:01:37.432 [FXGL Background Thread 4 ] DEBUG FXGLAssetLoaderServi - Loading from file system: /assets/ui/fonts/lucida_console.ttf
19:01:37.439 [FXGL Background Thread 4 ] DEBUG FXGLAssetLoaderServi - Loading from file system: /assets/ui/fonts/Courier-Prime.ttf
19:01:37.489 [JavaFX Application Thread] DEBUG FXGLAssetLoaderServi - Loading from file system: /assets/ui/cursors/fxgl_default.png
19:01:37.510 [JavaFX Application Thread] DEBUG Input                - Registered new binding: Screenshot - P
19:01:37.511 [JavaFX Application Thread] DEBUG Input                - Registered new binding: System info dump - CTRL+9
19:01:37.511 [JavaFX Application Thread] DEBUG Input                - Registered new binding: Restart - CTRL+R
19:01:37.512 [JavaFX Application Thread] DEBUG Input                - Registered new binding: Toggle Debug Camera - CTRL+C
19:01:37.516 [JavaFX Application Thread] DEBUG LoopRunner           - Starting loop
19:01:37.516 [JavaFX Application Thread] DEBUG GameApplicationServi - Starting new game
19:01:37.517 [JavaFX Application Thread] DEBUG Input                - Clearing active input actions
19:01:37.536 [JavaFX Application Thread] DEBUG GameApplicationServi - Removing overlay from StartupScene and adding to FXGLLoadingScene
19:01:37.537 [JavaFX Application Thread] DEBUG MainWindow           - StartupScene -> FXGLLoadingScene
19:01:37.537 [JavaFX Application Thread] DEBUG GameApplicationServi - Clearing previous game
19:01:37.537 [JavaFX Application Thread] DEBUG GameScene            - Clearing game scene
19:01:37.537 [JavaFX Application Thread] DEBUG GameWorld            - Clearing game world
19:01:37.537 [JavaFX Application Thread] DEBUG PhysicsWorld         - Clearing physics world
19:01:37.540 [FXGL Background Thread 4 ] DEBUG FXGLApplication      - Initializing game
19:01:37.540 [JavaFX Application Thread] DEBUG FXGLApplication      - Registering font factories with UI factory
19:01:37.572 [FXGL Background Thread 4 ] INFO  FXGLApplication      - Game initialization took: 0.032 sec
19:01:37.618 [JavaFX Application Thread] DEBUG Input                - Clearing active input actions
19:01:37.631 [JavaFX Application Thread] DEBUG GameApplicationServi - Removing overlay from FXGLLoadingScene and adding to GameScene
19:01:37.632 [JavaFX Application Thread] DEBUG MainWindow           - FXGLLoadingScene -> GameScene
19:01:38.800 [FXGL Background Thread 2 ] INFO  UpdaterService       - Your current version:  11.12
19:01:38.801 [FXGL Background Thread 2 ] INFO  UpdaterService       - Latest stable version: 21.1
19:01:40.365 [FXGL Background Thread 3 ] DEBUG Engine               - Logging environment variables
19:01:40.366 [FXGL Background Thread 3 ] DEBUG Engine               - achievements: []
19:01:40.367 [FXGL Background Thread 3 ] DEBUG Engine               - actualHeight: 750.0
19:01:40.367 [FXGL Background Thread 3 ] DEBUG Engine               - actualHeightProperty: ReadOnlyDoubleProperty [value: 750.0]
19:01:40.367 [FXGL Background Thread 3 ] DEBUG Engine               - actualWidth: 1400.0
19:01:40.367 [FXGL Background Thread 3 ] DEBUG Engine               - actualWidthProperty: ReadOnlyDoubleProperty [value: 1400.0]
19:01:40.367 [FXGL Background Thread 3 ] DEBUG Engine               - appIcon: fxgl_icon.png
19:01:40.367 [FXGL Background Thread 3 ] DEBUG Engine               - applicationMode: DEVELOPER
19:01:40.367 [FXGL Background Thread 3 ] DEBUG Engine               - cSSList: [fxgl_dark.css]
19:01:40.368 [FXGL Background Thread 3 ] DEBUG Engine               - configClass: Optional.empty
19:01:40.368 [FXGL Background Thread 3 ] DEBUG Engine               - credits: []
19:01:40.368 [FXGL Background Thread 3 ] DEBUG Engine               - devBBoxColorProperty: ObjectProperty [value: 0xff0000ff]
19:01:40.368 [FXGL Background Thread 3 ] DEBUG Engine               - devEnableDebugCameraProperty: BooleanProperty [value: false]
19:01:40.368 [FXGL Background Thread 3 ] DEBUG Engine               - devSensorColorProperty: ObjectProperty [value: 0xffff00ff]
19:01:40.368 [FXGL Background Thread 3 ] DEBUG Engine               - devShowBBoxProperty: BooleanProperty [value: false]
19:01:40.369 [FXGL Background Thread 3 ] DEBUG Engine               - devShowPositionProperty: BooleanProperty [value: false]
19:01:40.369 [FXGL Background Thread 3 ] DEBUG Engine               - enabledMenuItems: []
19:01:40.369 [FXGL Background Thread 3 ] DEBUG Engine               - engineServices: [class com.almasb.fxgl.app.FXGLApplication$GameApplicationService, class com.almasb.fxgl.app.services.FXGLDialogService, class com.almasb.fxgl.app.services.IOTaskExecutorService, class com.almasb.fxgl.event.EventBusService, class com.almasb.fxgl.io.FileSystemService, class com.almasb.fxgl.localization.LocalizationService, class com.almasb.fxgl.app.services.FXGLAssetLoaderService, class com.almasb.fxgl.app.services.SystemBundleService, class com.almasb.fxgl.profile.SaveLoadService, class com.almasb.fxgl.ui.FXGLUIFactoryServiceProvider, class com.almasb.fxgl.ui.FXGLDialogFactoryServiceProvider, class com.almasb.fxgl.audio.AudioPlayer, class com.almasb.fxgl.notification.impl.NotificationServiceProvider, class com.almasb.fxgl.achievement.AchievementService, class com.almasb.fxgl.cutscene.CutsceneService, class com.almasb.fxgl.minigames.MiniGameService, class com.almasb.fxgl.net.NetService, class com.almasb.fxgl.app.services.UpdaterService, class com.almasb.fxgl.dev.DevService]
19:01:40.369 [FXGL Background Thread 3 ] DEBUG Engine               - fontGame: Abel-Regular.ttf
19:01:40.369 [FXGL Background Thread 3 ] DEBUG Engine               - fontMono: lucida_console.ttf
19:01:40.369 [FXGL Background Thread 3 ] DEBUG Engine               - fontText: Courier-Prime.ttf
19:01:40.369 [FXGL Background Thread 3 ] DEBUG Engine               - fontUI: VarelaRound-Regular.ttf
19:01:40.369 [FXGL Background Thread 3 ] DEBUG Engine               - fullScreen: BooleanProperty [value: false]
19:01:40.370 [FXGL Background Thread 3 ] DEBUG Engine               - gameDifficulty: MEDIUM
19:01:40.370 [FXGL Background Thread 3 ] DEBUG Engine               - gameDifficultyProperty: ObjectProperty [value: MEDIUM]
19:01:40.370 [FXGL Background Thread 3 ] DEBUG Engine               - globalMusicVolume: 0.5
19:01:40.370 [FXGL Background Thread 3 ] DEBUG Engine               - globalMusicVolumeProperty: DoubleProperty [value: 0.5]
19:01:40.371 [FXGL Background Thread 3 ] DEBUG Engine               - globalSoundVolume: 0.5
19:01:40.371 [FXGL Background Thread 3 ] DEBUG Engine               - globalSoundVolumeProperty: DoubleProperty [value: 0.5]
19:01:40.371 [FXGL Background Thread 3 ] DEBUG Engine               - height: 750
19:01:40.371 [FXGL Background Thread 3 ] DEBUG Engine               - isAndroid: false
19:01:40.371 [FXGL Background Thread 3 ] DEBUG Engine               - isBrowser: false
19:01:40.371 [FXGL Background Thread 3 ] DEBUG Engine               - isClickFeedbackEnabled: false
19:01:40.371 [FXGL Background Thread 3 ] DEBUG Engine               - isCloseConfirmation: false
19:01:40.371 [FXGL Background Thread 3 ] DEBUG Engine               - isDesktop: true
19:01:40.372 [FXGL Background Thread 3 ] DEBUG Engine               - isDeveloperMenuEnabled: false
19:01:40.372 [FXGL Background Thread 3 ] DEBUG Engine               - isEntityPreloadEnabled: true
19:01:40.372 [FXGL Background Thread 3 ] DEBUG Engine               - isExperimental3D: false
19:01:40.372 [FXGL Background Thread 3 ] DEBUG Engine               - isExperimentalNative: false
19:01:40.372 [FXGL Background Thread 3 ] DEBUG Engine               - isExperimentalTiledLargeMap: false
19:01:40.373 [FXGL Background Thread 3 ] DEBUG Engine               - isFileSystemWriteAllowed: true
19:01:40.373 [FXGL Background Thread 3 ] DEBUG Engine               - isFullScreenAllowed: false
19:01:40.373 [FXGL Background Thread 3 ] DEBUG Engine               - isFullScreenFromStart: false
19:01:40.373 [FXGL Background Thread 3 ] DEBUG Engine               - isGameMenuEnabled: false
19:01:40.373 [FXGL Background Thread 3 ] DEBUG Engine               - isIOS: false
19:01:40.373 [FXGL Background Thread 3 ] DEBUG Engine               - isIntroEnabled: false
19:01:40.374 [FXGL Background Thread 3 ] DEBUG Engine               - isLinux: false
19:01:40.374 [FXGL Background Thread 3 ] DEBUG Engine               - isMac: false
19:01:40.374 [FXGL Background Thread 3 ] DEBUG Engine               - isMainMenuEnabled: false
19:01:40.374 [FXGL Background Thread 3 ] DEBUG Engine               - isManualResizeEnabled: false
19:01:40.374 [FXGL Background Thread 3 ] DEBUG Engine               - isMobile: false
19:01:40.374 [FXGL Background Thread 3 ] DEBUG Engine               - isPreserveResizeRatio: false
19:01:40.374 [FXGL Background Thread 3 ] DEBUG Engine               - isProfilingEnabled: false
19:01:40.374 [FXGL Background Thread 3 ] DEBUG Engine               - isScaleAffectedOnResize: true
19:01:40.375 [FXGL Background Thread 3 ] DEBUG Engine               - isSingleStep: false
19:01:40.375 [FXGL Background Thread 3 ] DEBUG Engine               - isUserProfileEnabled: false
19:01:40.375 [FXGL Background Thread 3 ] DEBUG Engine               - isWindows: true
19:01:40.375 [FXGL Background Thread 3 ] DEBUG Engine               - language: ObjectProperty [value: ENGLISH]
19:01:40.375 [FXGL Background Thread 3 ] DEBUG Engine               - menuKey: ESCAPE
19:01:40.375 [FXGL Background Thread 3 ] DEBUG Engine               - notificationViewClass: class com.almasb.fxgl.notification.view.XboxNotificationView
19:01:40.375 [FXGL Background Thread 3 ] DEBUG Engine               - pixelsPerMeter: 50.0
19:01:40.375 [FXGL Background Thread 3 ] DEBUG Engine               - platform: WINDOWS
19:01:40.375 [FXGL Background Thread 3 ] DEBUG Engine               - prefHeightProperty: ReadOnlyDoubleProperty [value: 750.0]
19:01:40.376 [FXGL Background Thread 3 ] DEBUG Engine               - prefWidthProperty: ReadOnlyDoubleProperty [value: 1400.0]
19:01:40.376 [FXGL Background Thread 3 ] DEBUG Engine               - profileDir: profiles/
19:01:40.376 [FXGL Background Thread 3 ] DEBUG Engine               - profileName: StringProperty [value: DEFAULT]
19:01:40.376 [FXGL Background Thread 3 ] DEBUG Engine               - randomSeed: -1
19:01:40.376 [FXGL Background Thread 3 ] DEBUG Engine               - runtimeInfo: RuntimeInfo(platform=WINDOWS, version=11.12, build=11.12.2020 08.51)
19:01:40.377 [FXGL Background Thread 3 ] DEBUG Engine               - saveFileExt: sav
19:01:40.377 [FXGL Background Thread 3 ] DEBUG Engine               - scaledHeightProp$fxgl: DoubleProperty [bound, value: 750.0]
19:01:40.377 [FXGL Background Thread 3 ] DEBUG Engine               - scaledWidthProp$fxgl: DoubleProperty [bound, value: 1400.0]
19:01:40.377 [FXGL Background Thread 3 ] DEBUG Engine               - sceneFactory: com.almasb.fxgl.app.scene.SceneFactory@6824633f
19:01:40.377 [FXGL Background Thread 3 ] DEBUG Engine               - secondsIn24h: 60
19:01:40.377 [FXGL Background Thread 3 ] DEBUG Engine               - soundMenuBack: menu/back.wav
19:01:40.378 [FXGL Background Thread 3 ] DEBUG Engine               - soundMenuPress: menu/press.wav
19:01:40.378 [FXGL Background Thread 3 ] DEBUG Engine               - soundMenuSelect: menu/select.wav
19:01:40.378 [FXGL Background Thread 3 ] DEBUG Engine               - soundNotification: core/notification.wav
19:01:40.378 [FXGL Background Thread 3 ] DEBUG Engine               - stageStyle: DECORATED
19:01:40.378 [FXGL Background Thread 3 ] DEBUG Engine               - supportedLanguages: [ENGLISH, FRENCH, GERMAN, HUNGARIAN, RUSSIAN]
19:01:40.378 [FXGL Background Thread 3 ] DEBUG Engine               - title: project5 make a square
19:01:40.378 [FXGL Background Thread 3 ] DEBUG Engine               - urlGithub: https://github.com/AlmasB/FXGL
19:01:40.378 [FXGL Background Thread 3 ] DEBUG Engine               - urlLeaderboard: http://fxgl-top.herokuapp.com/
19:01:40.379 [FXGL Background Thread 3 ] DEBUG Engine               - urlPOM: https://raw.githubusercontent.com/AlmasB/FXGL/master/README.md
19:01:40.379 [FXGL Background Thread 3 ] DEBUG Engine               - version: 0.0
19:01:40.379 [FXGL Background Thread 3 ] DEBUG Engine               - versionCheckDays: 7
19:01:40.379 [FXGL Background Thread 3 ] DEBUG Engine               - width: 1400
19:01:40.379 [FXGL Background Thread 3 ] DEBUG Engine               - Logging services
19:01:40.379 [FXGL Background Thread 3 ] DEBUG Engine               - class com.almasb.fxgl.app.FXGLApplication$GameApplicationService
19:01:40.379 [FXGL Background Thread 3 ] DEBUG Engine               - class com.almasb.fxgl.app.services.FXGLDialogService
19:01:40.379 [FXGL Background Thread 3 ] DEBUG Engine               - class com.almasb.fxgl.app.services.IOTaskExecutorService
19:01:40.380 [FXGL Background Thread 3 ] DEBUG Engine               - class com.almasb.fxgl.event.EventBusService
19:01:40.380 [FXGL Background Thread 3 ] DEBUG Engine               - class com.almasb.fxgl.io.FileSystemService
19:01:40.380 [FXGL Background Thread 3 ] DEBUG Engine               - class com.almasb.fxgl.localization.LocalizationService
19:01:40.380 [FXGL Background Thread 3 ] DEBUG Engine               - class com.almasb.fxgl.app.services.FXGLAssetLoaderService
19:01:40.380 [FXGL Background Thread 3 ] DEBUG Engine               - class com.almasb.fxgl.app.services.SystemBundleService
19:01:40.380 [FXGL Background Thread 3 ] DEBUG Engine               - class com.almasb.fxgl.profile.SaveLoadService
19:01:40.380 [FXGL Background Thread 3 ] DEBUG Engine               - class com.almasb.fxgl.ui.FXGLUIFactoryServiceProvider
19:01:40.380 [FXGL Background Thread 3 ] DEBUG Engine               - class com.almasb.fxgl.ui.FXGLDialogFactoryServiceProvider
19:01:40.381 [FXGL Background Thread 3 ] DEBUG Engine               - class com.almasb.fxgl.audio.AudioPlayer
19:01:40.381 [FXGL Background Thread 3 ] DEBUG Engine               - class com.almasb.fxgl.notification.impl.NotificationServiceProvider
19:01:40.381 [FXGL Background Thread 3 ] DEBUG Engine               - class com.almasb.fxgl.achievement.AchievementService
19:01:40.381 [FXGL Background Thread 3 ] DEBUG Engine               - class com.almasb.fxgl.cutscene.CutsceneService
19:01:40.381 [FXGL Background Thread 3 ] DEBUG Engine               - class com.almasb.fxgl.minigames.MiniGameService
19:01:40.381 [FXGL Background Thread 3 ] DEBUG Engine               - class com.almasb.fxgl.net.NetService
19:01:40.381 [FXGL Background Thread 3 ] DEBUG Engine               - class com.almasb.fxgl.app.services.UpdaterService
19:01:40.382 [FXGL Background Thread 3 ] DEBUG Engine               - class com.almasb.fxgl.dev.DevService
19:02:10.669 [JavaFX Application Thread] DEBUG FXGLApplication      - Exiting FXGL
19:02:10.669 [JavaFX Application Thread] DEBUG LoopRunner           - Stopping loop
19:02:10.669 [JavaFX Application Thread] DEBUG SystemBundleService  - Saving FXGL system data
19:02:10.671 [JavaFX Application Thread] DEBUG FileSystemAccess     - Writing to: E:\java\Project5\system\fxgl.bundle
19:02:10.674 [JavaFX Application Thread] DEBUG Async                - Shutting down background threads
19:02:10.674 [JavaFX Application Thread] DEBUG MainWindow           - Closing main window
19:02:10.704 [JavaFX Application Thread] DEBUG Logger               - Closing Logger
