20:51:32.404 [main                     ] DEBUG Logger               - Configured Logger
20:51:32.408 [main                     ] DEBUG GameApplication      - Logging settings
Title: project5 make a square
Version: 0.0
Width: 1400
Height: 750
Fullscreen: false
Intro: false
Profiling: false
Single step:false
App Mode: DEVELOPER
Menu Key: ESCAPE
Stage Style: DECORATED
Scene Factory: class com.almasb.fxgl.app.scene.SceneFactory

20:51:32.937 [JavaFX Application Thread] DEBUG FXGLApplication      - Initializing FXGL
20:51:32.939 [JavaFX Application Thread] INFO  Engine               - FXGL-11.12 (11.12.2020 08.51) on WINDOWS (J:21.0.2 FX:15)
20:51:32.940 [JavaFX Application Thread] DEBUG Engine               - JRE Vendor Name: Oracle Corporation
20:51:32.940 [JavaFX Application Thread] DEBUG Engine               - Running on OS: Windows 10 version 10.0
20:51:32.940 [JavaFX Application Thread] DEBUG Engine               - Architecture: amd64
20:51:32.940 [JavaFX Application Thread] INFO  Engine               - Source code and latest versions at: https://github.com/AlmasB/FXGL
20:51:32.940 [JavaFX Application Thread] INFO  Engine               -              Join the FXGL chat at: https://gitter.im/AlmasB/FXGL
20:51:33.092 [JavaFX Application Thread] DEBUG MainWindow           - Creating a JavaFX scene
20:51:33.166 [JavaFX Application Thread] DEBUG MainWindow           - Target settings size: 1400.0 x 750.0
20:51:33.166 [JavaFX Application Thread] DEBUG MainWindow           - Scaled scene size:    1400.0 x 750.0
20:51:33.166 [JavaFX Application Thread] DEBUG MainWindow           - Scaled ratio: (1.0, 1.0)
20:51:33.168 [JavaFX Application Thread] DEBUG MainWindow           - Set initial scene to StartupScene
20:51:33.176 [JavaFX Application Thread] DEBUG MainWindow           - Opening main window
20:51:33.304 [JavaFX Application Thread] DEBUG MainWindow           - Window border size: (14.4000244140625, 38.0)
20:51:33.305 [JavaFX Application Thread] DEBUG MainWindow           - Scaled size: 1400.0 x 750.0
20:51:33.305 [JavaFX Application Thread] DEBUG MainWindow           - Scaled ratio: (1.0, 1.0)
20:51:33.305 [JavaFX Application Thread] DEBUG MainWindow           - Scene size: 1400.0 x 750.0
20:51:33.305 [JavaFX Application Thread] DEBUG MainWindow           - Stage size: 1414.4000244140625 x 788.0
20:51:33.315 [FXGL Background Thread 1 ] DEBUG Engine               - Initializing environment variables
20:51:33.386 [FXGL Background Thread 1 ] DEBUG GameApplicationServi - Applying CSS: fxgl_dark.css
20:51:33.387 [FXGL Background Thread 1 ] DEBUG FXGLAssetLoaderServi - Loading from file system: /assets/ui/css/fxgl_dark.css
20:51:33.454 [FXGL Background Thread 1 ] DEBUG GameApplicationServi - Initializing application scenes
20:51:33.504 [FXGL Background Thread 1 ] DEBUG GameWorld            - Game world initialized
20:51:33.627 [FXGL Background Thread 1 ] DEBUG PhysicsWorld         - Physics world initialized: appHeight=750, physics.ppm=50.0
20:51:33.630 [FXGL Background Thread 1 ] DEBUG GameScene            - Game scene initialized: 1400x750
20:51:33.630 [FXGL Background Thread 1 ] DEBUG GameApplicationServi - Application scenes initialized
20:51:33.651 [FXGL Background Thread 1 ] DEBUG SystemBundleService  - Loading FXGL system data
20:51:33.656 [FXGL Background Thread 1 ] DEBUG FileSystemAccess     - Reading from: E:\java\Project5\system\fxgl.bundle
20:51:33.668 [FXGL Background Thread 1 ] DEBUG SystemBundleService  - Bundle FXGL: {}
20:51:33.668 [FXGL Background Thread 1 ] DEBUG UpdaterService       - Checking for updates
20:51:33.675 [FXGL Background Thread 4 ] DEBUG FXGLApplication      - Loading fonts
20:51:33.675 [FXGL Background Thread 4 ] DEBUG FXGLAssetLoaderServi - Loading from file system: /assets/ui/fonts/VarelaRound-Regular.ttf
20:51:33.675 [FXGL Background Thread 1 ] DEBUG FXGLApplication      - Loading default localization
20:51:33.675 [FXGL Background Thread 1 ] DEBUG FXGLAssetLoaderServi - Loading from file system: /assets/languages/english.lang
20:51:33.726 [FXGL Background Thread 1 ] INFO  FXGLApplication      - FXGL initialization took: 0.411 sec
20:51:33.727 [JavaFX Application Thread] DEBUG FXGLAssetLoaderServi - Loading from file system: /assets/textures/fxgl_icon.png
20:51:33.739 [FXGL Background Thread 4 ] DEBUG FXGLAssetLoaderServi - Loading from file system: /assets/ui/fonts/Abel-Regular.ttf
20:51:33.744 [FXGL Background Thread 4 ] DEBUG FXGLAssetLoaderServi - Loading from file system: /assets/ui/fonts/lucida_console.ttf
20:51:33.750 [FXGL Background Thread 4 ] DEBUG FXGLAssetLoaderServi - Loading from file system: /assets/ui/fonts/Courier-Prime.ttf
20:51:33.797 [JavaFX Application Thread] DEBUG FXGLAssetLoaderServi - Loading from file system: /assets/ui/cursors/fxgl_default.png
20:51:33.817 [JavaFX Application Thread] DEBUG Input                - Registered new binding: Screenshot - P
20:51:33.817 [JavaFX Application Thread] DEBUG Input                - Registered new binding: System info dump - CTRL+9
20:51:33.818 [JavaFX Application Thread] DEBUG Input                - Registered new binding: Restart - CTRL+R
20:51:33.819 [JavaFX Application Thread] DEBUG Input                - Registered new binding: Toggle Debug Camera - CTRL+C
20:51:33.823 [JavaFX Application Thread] DEBUG LoopRunner           - Starting loop
20:51:33.824 [JavaFX Application Thread] DEBUG GameApplicationServi - Starting new game
20:51:33.825 [JavaFX Application Thread] DEBUG Input                - Clearing active input actions
20:51:33.836 [JavaFX Application Thread] DEBUG GameApplicationServi - Removing overlay from StartupScene and adding to FXGLLoadingScene
20:51:33.837 [JavaFX Application Thread] DEBUG MainWindow           - StartupScene -> FXGLLoadingScene
20:51:33.837 [JavaFX Application Thread] DEBUG GameApplicationServi - Clearing previous game
20:51:33.837 [JavaFX Application Thread] DEBUG GameScene            - Clearing game scene
20:51:33.837 [JavaFX Application Thread] DEBUG GameWorld            - Clearing game world
20:51:33.837 [JavaFX Application Thread] DEBUG PhysicsWorld         - Clearing physics world
20:51:33.841 [JavaFX Application Thread] DEBUG FXGLApplication      - Registering font factories with UI factory
20:51:33.841 [FXGL Background Thread 4 ] DEBUG FXGLApplication      - Initializing game
20:51:33.901 [FXGL Background Thread 4 ] INFO  FXGLApplication      - Game initialization took: 0.060 sec
20:51:33.990 [JavaFX Application Thread] DEBUG Input                - Clearing active input actions
20:51:34.003 [JavaFX Application Thread] DEBUG GameApplicationServi - Removing overlay from FXGLLoadingScene and adding to GameScene
20:51:34.004 [JavaFX Application Thread] DEBUG MainWindow           - FXGLLoadingScene -> GameScene
20:51:34.395 [FXGL Background Thread 2 ] INFO  UpdaterService       - Your current version:  11.12
20:51:34.395 [FXGL Background Thread 2 ] INFO  UpdaterService       - Latest stable version: 21.1
20:51:36.674 [FXGL Background Thread 3 ] DEBUG Engine               - Logging environment variables
20:51:36.674 [FXGL Background Thread 3 ] DEBUG Engine               - achievements: []
20:51:36.674 [FXGL Background Thread 3 ] DEBUG Engine               - actualHeight: 750.0
20:51:36.674 [FXGL Background Thread 3 ] DEBUG Engine               - actualHeightProperty: ReadOnlyDoubleProperty [value: 750.0]
20:51:36.674 [FXGL Background Thread 3 ] DEBUG Engine               - actualWidth: 1400.0
20:51:36.675 [FXGL Background Thread 3 ] DEBUG Engine               - actualWidthProperty: ReadOnlyDoubleProperty [value: 1400.0]
20:51:36.675 [FXGL Background Thread 3 ] DEBUG Engine               - appIcon: fxgl_icon.png
20:51:36.675 [FXGL Background Thread 3 ] DEBUG Engine               - applicationMode: DEVELOPER
20:51:36.675 [FXGL Background Thread 3 ] DEBUG Engine               - cSSList: [fxgl_dark.css]
20:51:36.675 [FXGL Background Thread 3 ] DEBUG Engine               - configClass: Optional.empty
20:51:36.675 [FXGL Background Thread 3 ] DEBUG Engine               - credits: []
20:51:36.675 [FXGL Background Thread 3 ] DEBUG Engine               - devBBoxColorProperty: ObjectProperty [value: 0xff0000ff]
20:51:36.675 [FXGL Background Thread 3 ] DEBUG Engine               - devEnableDebugCameraProperty: BooleanProperty [value: false]
20:51:36.675 [FXGL Background Thread 3 ] DEBUG Engine               - devSensorColorProperty: ObjectProperty [value: 0xffff00ff]
20:51:36.676 [FXGL Background Thread 3 ] DEBUG Engine               - devShowBBoxProperty: BooleanProperty [value: false]
20:51:36.676 [FXGL Background Thread 3 ] DEBUG Engine               - devShowPositionProperty: BooleanProperty [value: false]
20:51:36.676 [FXGL Background Thread 3 ] DEBUG Engine               - enabledMenuItems: []
20:51:36.676 [FXGL Background Thread 3 ] DEBUG Engine               - engineServices: [class com.almasb.fxgl.app.FXGLApplication$GameApplicationService, class com.almasb.fxgl.app.services.FXGLDialogService, class com.almasb.fxgl.app.services.IOTaskExecutorService, class com.almasb.fxgl.event.EventBusService, class com.almasb.fxgl.io.FileSystemService, class com.almasb.fxgl.localization.LocalizationService, class com.almasb.fxgl.app.services.FXGLAssetLoaderService, class com.almasb.fxgl.app.services.SystemBundleService, class com.almasb.fxgl.profile.SaveLoadService, class com.almasb.fxgl.ui.FXGLUIFactoryServiceProvider, class com.almasb.fxgl.ui.FXGLDialogFactoryServiceProvider, class com.almasb.fxgl.audio.AudioPlayer, class com.almasb.fxgl.notification.impl.NotificationServiceProvider, class com.almasb.fxgl.achievement.AchievementService, class com.almasb.fxgl.cutscene.CutsceneService, class com.almasb.fxgl.minigames.MiniGameService, class com.almasb.fxgl.net.NetService, class com.almasb.fxgl.app.services.UpdaterService, class com.almasb.fxgl.dev.DevService]
20:51:36.676 [FXGL Background Thread 3 ] DEBUG Engine               - fontGame: Abel-Regular.ttf
20:51:36.676 [FXGL Background Thread 3 ] DEBUG Engine               - fontMono: lucida_console.ttf
20:51:36.676 [FXGL Background Thread 3 ] DEBUG Engine               - fontText: Courier-Prime.ttf
20:51:36.676 [FXGL Background Thread 3 ] DEBUG Engine               - fontUI: VarelaRound-Regular.ttf
20:51:36.676 [FXGL Background Thread 3 ] DEBUG Engine               - fullScreen: BooleanProperty [value: false]
20:51:36.676 [FXGL Background Thread 3 ] DEBUG Engine               - gameDifficulty: MEDIUM
20:51:36.676 [FXGL Background Thread 3 ] DEBUG Engine               - gameDifficultyProperty: ObjectProperty [value: MEDIUM]
20:51:36.676 [FXGL Background Thread 3 ] DEBUG Engine               - globalMusicVolume: 0.5
20:51:36.676 [FXGL Background Thread 3 ] DEBUG Engine               - globalMusicVolumeProperty: DoubleProperty [value: 0.5]
20:51:36.676 [FXGL Background Thread 3 ] DEBUG Engine               - globalSoundVolume: 0.5
20:51:36.677 [FXGL Background Thread 3 ] DEBUG Engine               - globalSoundVolumeProperty: DoubleProperty [value: 0.5]
20:51:36.677 [FXGL Background Thread 3 ] DEBUG Engine               - height: 750
20:51:36.677 [FXGL Background Thread 3 ] DEBUG Engine               - isAndroid: false
20:51:36.677 [FXGL Background Thread 3 ] DEBUG Engine               - isBrowser: false
20:51:36.677 [FXGL Background Thread 3 ] DEBUG Engine               - isClickFeedbackEnabled: false
20:51:36.677 [FXGL Background Thread 3 ] DEBUG Engine               - isCloseConfirmation: false
20:51:36.677 [FXGL Background Thread 3 ] DEBUG Engine               - isDesktop: true
20:51:36.677 [FXGL Background Thread 3 ] DEBUG Engine               - isDeveloperMenuEnabled: false
20:51:36.677 [FXGL Background Thread 3 ] DEBUG Engine               - isEntityPreloadEnabled: true
20:51:36.677 [FXGL Background Thread 3 ] DEBUG Engine               - isExperimental3D: false
20:51:36.677 [FXGL Background Thread 3 ] DEBUG Engine               - isExperimentalNative: false
20:51:36.677 [FXGL Background Thread 3 ] DEBUG Engine               - isExperimentalTiledLargeMap: false
20:51:36.677 [FXGL Background Thread 3 ] DEBUG Engine               - isFileSystemWriteAllowed: true
20:51:36.677 [FXGL Background Thread 3 ] DEBUG Engine               - isFullScreenAllowed: false
20:51:36.677 [FXGL Background Thread 3 ] DEBUG Engine               - isFullScreenFromStart: false
20:51:36.678 [FXGL Background Thread 3 ] DEBUG Engine               - isGameMenuEnabled: false
20:51:36.678 [FXGL Background Thread 3 ] DEBUG Engine               - isIOS: false
20:51:36.678 [FXGL Background Thread 3 ] DEBUG Engine               - isIntroEnabled: false
20:51:36.678 [FXGL Background Thread 3 ] DEBUG Engine               - isLinux: false
20:51:36.678 [FXGL Background Thread 3 ] DEBUG Engine               - isMac: false
20:51:36.678 [FXGL Background Thread 3 ] DEBUG Engine               - isMainMenuEnabled: false
20:51:36.678 [FXGL Background Thread 3 ] DEBUG Engine               - isManualResizeEnabled: false
20:51:36.678 [FXGL Background Thread 3 ] DEBUG Engine               - isMobile: false
20:51:36.678 [FXGL Background Thread 3 ] DEBUG Engine               - isPreserveResizeRatio: false
20:51:36.678 [FXGL Background Thread 3 ] DEBUG Engine               - isProfilingEnabled: false
20:51:36.678 [FXGL Background Thread 3 ] DEBUG Engine               - isScaleAffectedOnResize: true
20:51:36.678 [FXGL Background Thread 3 ] DEBUG Engine               - isSingleStep: false
20:51:36.678 [FXGL Background Thread 3 ] DEBUG Engine               - isUserProfileEnabled: false
20:51:36.679 [FXGL Background Thread 3 ] DEBUG Engine               - isWindows: true
20:51:36.679 [FXGL Background Thread 3 ] DEBUG Engine               - language: ObjectProperty [value: ENGLISH]
20:51:36.679 [FXGL Background Thread 3 ] DEBUG Engine               - menuKey: ESCAPE
20:51:36.679 [FXGL Background Thread 3 ] DEBUG Engine               - notificationViewClass: class com.almasb.fxgl.notification.view.XboxNotificationView
20:51:36.679 [FXGL Background Thread 3 ] DEBUG Engine               - pixelsPerMeter: 50.0
20:51:36.679 [FXGL Background Thread 3 ] DEBUG Engine               - platform: WINDOWS
20:51:36.679 [FXGL Background Thread 3 ] DEBUG Engine               - prefHeightProperty: ReadOnlyDoubleProperty [value: 750.0]
20:51:36.679 [FXGL Background Thread 3 ] DEBUG Engine               - prefWidthProperty: ReadOnlyDoubleProperty [value: 1400.0]
20:51:36.679 [FXGL Background Thread 3 ] DEBUG Engine               - profileDir: profiles/
20:51:36.679 [FXGL Background Thread 3 ] DEBUG Engine               - profileName: StringProperty [value: DEFAULT]
20:51:36.679 [FXGL Background Thread 3 ] DEBUG Engine               - randomSeed: -1
20:51:36.681 [FXGL Background Thread 3 ] DEBUG Engine               - runtimeInfo: RuntimeInfo(platform=WINDOWS, version=11.12, build=11.12.2020 08.51)
20:51:36.681 [FXGL Background Thread 3 ] DEBUG Engine               - saveFileExt: sav
20:51:36.681 [FXGL Background Thread 3 ] DEBUG Engine               - scaledHeightProp$fxgl: DoubleProperty [bound, value: 750.0]
20:51:36.681 [FXGL Background Thread 3 ] DEBUG Engine               - scaledWidthProp$fxgl: DoubleProperty [bound, value: 1400.0]
20:51:36.681 [FXGL Background Thread 3 ] DEBUG Engine               - sceneFactory: com.almasb.fxgl.app.scene.SceneFactory@4672e296
20:51:36.681 [FXGL Background Thread 3 ] DEBUG Engine               - secondsIn24h: 60
20:51:36.681 [FXGL Background Thread 3 ] DEBUG Engine               - soundMenuBack: menu/back.wav
20:51:36.681 [FXGL Background Thread 3 ] DEBUG Engine               - soundMenuPress: menu/press.wav
20:51:36.681 [FXGL Background Thread 3 ] DEBUG Engine               - soundMenuSelect: menu/select.wav
20:51:36.681 [FXGL Background Thread 3 ] DEBUG Engine               - soundNotification: core/notification.wav
20:51:36.681 [FXGL Background Thread 3 ] DEBUG Engine               - stageStyle: DECORATED
20:51:36.681 [FXGL Background Thread 3 ] DEBUG Engine               - supportedLanguages: [ENGLISH, FRENCH, GERMAN, HUNGARIAN, RUSSIAN]
20:51:36.681 [FXGL Background Thread 3 ] DEBUG Engine               - title: project5 make a square
20:51:36.681 [FXGL Background Thread 3 ] DEBUG Engine               - urlGithub: https://github.com/AlmasB/FXGL
20:51:36.681 [FXGL Background Thread 3 ] DEBUG Engine               - urlLeaderboard: http://fxgl-top.herokuapp.com/
20:51:36.681 [FXGL Background Thread 3 ] DEBUG Engine               - urlPOM: https://raw.githubusercontent.com/AlmasB/FXGL/master/README.md
20:51:36.681 [FXGL Background Thread 3 ] DEBUG Engine               - version: 0.0
20:51:36.681 [FXGL Background Thread 3 ] DEBUG Engine               - versionCheckDays: 7
20:51:36.681 [FXGL Background Thread 3 ] DEBUG Engine               - width: 1400
20:51:36.681 [FXGL Background Thread 3 ] DEBUG Engine               - Logging services
20:51:36.681 [FXGL Background Thread 3 ] DEBUG Engine               - class com.almasb.fxgl.app.FXGLApplication$GameApplicationService
20:51:36.681 [FXGL Background Thread 3 ] DEBUG Engine               - class com.almasb.fxgl.app.services.FXGLDialogService
20:51:36.681 [FXGL Background Thread 3 ] DEBUG Engine               - class com.almasb.fxgl.app.services.IOTaskExecutorService
20:51:36.681 [FXGL Background Thread 3 ] DEBUG Engine               - class com.almasb.fxgl.event.EventBusService
20:51:36.681 [FXGL Background Thread 3 ] DEBUG Engine               - class com.almasb.fxgl.io.FileSystemService
20:51:36.681 [FXGL Background Thread 3 ] DEBUG Engine               - class com.almasb.fxgl.localization.LocalizationService
20:51:36.681 [FXGL Background Thread 3 ] DEBUG Engine               - class com.almasb.fxgl.app.services.FXGLAssetLoaderService
20:51:36.681 [FXGL Background Thread 3 ] DEBUG Engine               - class com.almasb.fxgl.app.services.SystemBundleService
20:51:36.681 [FXGL Background Thread 3 ] DEBUG Engine               - class com.almasb.fxgl.profile.SaveLoadService
20:51:36.681 [FXGL Background Thread 3 ] DEBUG Engine               - class com.almasb.fxgl.ui.FXGLUIFactoryServiceProvider
20:51:36.681 [FXGL Background Thread 3 ] DEBUG Engine               - class com.almasb.fxgl.ui.FXGLDialogFactoryServiceProvider
20:51:36.681 [FXGL Background Thread 3 ] DEBUG Engine               - class com.almasb.fxgl.audio.AudioPlayer
20:51:36.681 [FXGL Background Thread 3 ] DEBUG Engine               - class com.almasb.fxgl.notification.impl.NotificationServiceProvider
20:51:36.681 [FXGL Background Thread 3 ] DEBUG Engine               - class com.almasb.fxgl.achievement.AchievementService
20:51:36.681 [FXGL Background Thread 3 ] DEBUG Engine               - class com.almasb.fxgl.cutscene.CutsceneService
20:51:36.681 [FXGL Background Thread 3 ] DEBUG Engine               - class com.almasb.fxgl.minigames.MiniGameService
20:51:36.681 [FXGL Background Thread 3 ] DEBUG Engine               - class com.almasb.fxgl.net.NetService
20:51:36.682 [FXGL Background Thread 3 ] DEBUG Engine               - class com.almasb.fxgl.app.services.UpdaterService
20:51:36.682 [FXGL Background Thread 3 ] DEBUG Engine               - class com.almasb.fxgl.dev.DevService
20:51:37.884 [JavaFX Application Thread] DEBUG FXGLApplication      - Exiting FXGL
20:51:37.884 [JavaFX Application Thread] DEBUG LoopRunner           - Stopping loop
20:51:37.884 [JavaFX Application Thread] DEBUG SystemBundleService  - Saving FXGL system data
20:51:37.888 [JavaFX Application Thread] DEBUG FileSystemAccess     - Writing to: E:\java\Project5\system\fxgl.bundle
20:51:37.890 [JavaFX Application Thread] DEBUG Async                - Shutting down background threads
20:51:37.891 [JavaFX Application Thread] DEBUG MainWindow           - Closing main window
20:51:37.909 [JavaFX Application Thread] DEBUG Logger               - Closing Logger
