22:53:04.464 [main                     ] DEBUG Logger               - Configured Logger
22:53:04.469 [main                     ] DEBUG GameApplication      - Logging settings
Title: project5 make a square
Version: 0.0
Width: 1400
Height: 750
Fullscreen: false
Intro: false
Profiling: false
Single step:false
App Mode: DEVELOPER
Menu Key: ESCAPE
Stage Style: DECORATED
Scene Factory: class com.almasb.fxgl.app.scene.SceneFactory

22:53:05.076 [JavaFX Application Thread] DEBUG FXGLApplication      - Initializing FXGL
22:53:05.081 [JavaFX Application Thread] INFO  Engine               - FXGL-11.12 (11.12.2020 08.51) on WINDOWS (J:21.0.2 FX:15)
22:53:05.081 [JavaFX Application Thread] DEBUG Engine               - JRE Vendor Name: Oracle Corporation
22:53:05.082 [JavaFX Application Thread] DEBUG Engine               - Running on OS: Windows 10 version 10.0
22:53:05.082 [JavaFX Application Thread] DEBUG Engine               - Architecture: amd64
22:53:05.082 [JavaFX Application Thread] INFO  Engine               - Source code and latest versions at: https://github.com/AlmasB/FXGL
22:53:05.082 [JavaFX Application Thread] INFO  Engine               -              Join the FXGL chat at: https://gitter.im/AlmasB/FXGL
22:53:05.246 [JavaFX Application Thread] DEBUG MainWindow           - Creating a JavaFX scene
22:53:05.330 [JavaFX Application Thread] DEBUG MainWindow           - Target settings size: 1400.0 x 750.0
22:53:05.330 [JavaFX Application Thread] DEBUG MainWindow           - Scaled scene size:    1400.0 x 750.0
22:53:05.330 [JavaFX Application Thread] DEBUG MainWindow           - Scaled ratio: (1.0, 1.0)
22:53:05.331 [JavaFX Application Thread] DEBUG MainWindow           - Set initial scene to StartupScene
22:53:05.342 [JavaFX Application Thread] DEBUG MainWindow           - Opening main window
22:53:05.493 [JavaFX Application Thread] DEBUG MainWindow           - Window border size: (14.4000244140625, 38.0)
22:53:05.493 [JavaFX Application Thread] DEBUG MainWindow           - Scaled size: 1400.0 x 750.0
22:53:05.493 [JavaFX Application Thread] DEBUG MainWindow           - Scaled ratio: (1.0, 1.0)
22:53:05.494 [JavaFX Application Thread] DEBUG MainWindow           - Scene size: 1400.0 x 750.0
22:53:05.494 [JavaFX Application Thread] DEBUG MainWindow           - Stage size: 1414.4000244140625 x 788.0
22:53:05.508 [FXGL Background Thread 1 ] DEBUG Engine               - Initializing environment variables
22:53:05.596 [FXGL Background Thread 1 ] DEBUG GameApplicationServi - Applying CSS: fxgl_dark.css
22:53:05.598 [FXGL Background Thread 1 ] DEBUG FXGLAssetLoaderServi - Loading from file system: /assets/ui/css/fxgl_dark.css
22:53:05.682 [FXGL Background Thread 1 ] DEBUG GameApplicationServi - Initializing application scenes
22:53:05.749 [FXGL Background Thread 1 ] DEBUG GameWorld            - Game world initialized
22:53:05.886 [FXGL Background Thread 1 ] DEBUG PhysicsWorld         - Physics world initialized: appHeight=750, physics.ppm=50.0
22:53:05.889 [FXGL Background Thread 1 ] DEBUG GameScene            - Game scene initialized: 1400x750
22:53:05.890 [FXGL Background Thread 1 ] DEBUG GameApplicationServi - Application scenes initialized
22:53:05.920 [FXGL Background Thread 1 ] DEBUG SystemBundleService  - Loading FXGL system data
22:53:05.927 [FXGL Background Thread 1 ] DEBUG FileSystemAccess     - Reading from: E:\java\Project5\system\fxgl.bundle
22:53:05.941 [FXGL Background Thread 1 ] DEBUG SystemBundleService  - Bundle FXGL: {}
22:53:05.942 [FXGL Background Thread 1 ] DEBUG UpdaterService       - Checking for updates
22:53:05.951 [FXGL Background Thread 4 ] DEBUG FXGLApplication      - Loading fonts
22:53:05.951 [FXGL Background Thread 4 ] DEBUG FXGLAssetLoaderServi - Loading from file system: /assets/ui/fonts/VarelaRound-Regular.ttf
22:53:05.953 [FXGL Background Thread 1 ] DEBUG FXGLApplication      - Loading default localization
22:53:05.953 [FXGL Background Thread 1 ] DEBUG FXGLAssetLoaderServi - Loading from file system: /assets/languages/english.lang
22:53:06.004 [FXGL Background Thread 1 ] INFO  FXGLApplication      - FXGL initialization took: 0.496 sec
22:53:06.005 [JavaFX Application Thread] DEBUG FXGLAssetLoaderServi - Loading from file system: /assets/textures/fxgl_icon.png
22:53:06.026 [FXGL Background Thread 4 ] DEBUG FXGLAssetLoaderServi - Loading from file system: /assets/ui/fonts/Abel-Regular.ttf
22:53:06.031 [FXGL Background Thread 4 ] DEBUG FXGLAssetLoaderServi - Loading from file system: /assets/ui/fonts/lucida_console.ttf
22:53:06.039 [FXGL Background Thread 4 ] DEBUG FXGLAssetLoaderServi - Loading from file system: /assets/ui/fonts/Courier-Prime.ttf
22:53:06.096 [JavaFX Application Thread] DEBUG FXGLAssetLoaderServi - Loading from file system: /assets/ui/cursors/fxgl_default.png
22:53:06.113 [JavaFX Application Thread] DEBUG Input                - Registered new binding: Screenshot - P
22:53:06.115 [JavaFX Application Thread] DEBUG Input                - Registered new binding: System info dump - CTRL+9
22:53:06.115 [JavaFX Application Thread] DEBUG Input                - Registered new binding: Restart - CTRL+R
22:53:06.116 [JavaFX Application Thread] DEBUG Input                - Registered new binding: Toggle Debug Camera - CTRL+C
22:53:06.120 [JavaFX Application Thread] DEBUG LoopRunner           - Starting loop
22:53:06.121 [JavaFX Application Thread] DEBUG GameApplicationServi - Starting new game
22:53:06.121 [JavaFX Application Thread] DEBUG Input                - Clearing active input actions
22:53:06.138 [JavaFX Application Thread] DEBUG GameApplicationServi - Removing overlay from StartupScene and adding to FXGLLoadingScene
22:53:06.139 [JavaFX Application Thread] DEBUG MainWindow           - StartupScene -> FXGLLoadingScene
22:53:06.139 [JavaFX Application Thread] DEBUG GameApplicationServi - Clearing previous game
22:53:06.139 [JavaFX Application Thread] DEBUG GameScene            - Clearing game scene
22:53:06.139 [JavaFX Application Thread] DEBUG GameWorld            - Clearing game world
22:53:06.139 [JavaFX Application Thread] DEBUG PhysicsWorld         - Clearing physics world
22:53:06.142 [FXGL Background Thread 4 ] DEBUG FXGLApplication      - Initializing game
22:53:06.144 [JavaFX Application Thread] DEBUG FXGLApplication      - Registering font factories with UI factory
22:53:06.210 [FXGL Background Thread 4 ] INFO  FXGLApplication      - Game initialization took: 0.068 sec
22:53:06.237 [JavaFX Application Thread] DEBUG Input                - Clearing active input actions
22:53:06.284 [JavaFX Application Thread] DEBUG GameApplicationServi - Removing overlay from FXGLLoadingScene and adding to GameScene
22:53:06.284 [JavaFX Application Thread] DEBUG MainWindow           - FXGLLoadingScene -> GameScene
22:53:07.407 [FXGL Background Thread 2 ] INFO  UpdaterService       - Your current version:  11.12
22:53:07.407 [FXGL Background Thread 2 ] INFO  UpdaterService       - Latest stable version: 21.1
22:53:08.949 [FXGL Background Thread 3 ] DEBUG Engine               - Logging environment variables
22:53:08.949 [FXGL Background Thread 3 ] DEBUG Engine               - achievements: []
22:53:08.950 [FXGL Background Thread 3 ] DEBUG Engine               - actualHeight: 750.0
22:53:08.950 [FXGL Background Thread 3 ] DEBUG Engine               - actualHeightProperty: ReadOnlyDoubleProperty [value: 750.0]
22:53:08.950 [FXGL Background Thread 3 ] DEBUG Engine               - actualWidth: 1400.0
22:53:08.950 [FXGL Background Thread 3 ] DEBUG Engine               - actualWidthProperty: ReadOnlyDoubleProperty [value: 1400.0]
22:53:08.950 [FXGL Background Thread 3 ] DEBUG Engine               - appIcon: fxgl_icon.png
22:53:08.950 [FXGL Background Thread 3 ] DEBUG Engine               - applicationMode: DEVELOPER
22:53:08.950 [FXGL Background Thread 3 ] DEBUG Engine               - cSSList: [fxgl_dark.css]
22:53:08.950 [FXGL Background Thread 3 ] DEBUG Engine               - configClass: Optional.empty
22:53:08.950 [FXGL Background Thread 3 ] DEBUG Engine               - credits: []
22:53:08.950 [FXGL Background Thread 3 ] DEBUG Engine               - devBBoxColorProperty: ObjectProperty [value: 0xff0000ff]
22:53:08.950 [FXGL Background Thread 3 ] DEBUG Engine               - devEnableDebugCameraProperty: BooleanProperty [value: false]
22:53:08.950 [FXGL Background Thread 3 ] DEBUG Engine               - devSensorColorProperty: ObjectProperty [value: 0xffff00ff]
22:53:08.950 [FXGL Background Thread 3 ] DEBUG Engine               - devShowBBoxProperty: BooleanProperty [value: false]
22:53:08.951 [FXGL Background Thread 3 ] DEBUG Engine               - devShowPositionProperty: BooleanProperty [value: false]
22:53:08.951 [FXGL Background Thread 3 ] DEBUG Engine               - enabledMenuItems: []
22:53:08.951 [FXGL Background Thread 3 ] DEBUG Engine               - engineServices: [class com.almasb.fxgl.app.FXGLApplication$GameApplicationService, class com.almasb.fxgl.app.services.FXGLDialogService, class com.almasb.fxgl.app.services.IOTaskExecutorService, class com.almasb.fxgl.event.EventBusService, class com.almasb.fxgl.io.FileSystemService, class com.almasb.fxgl.localization.LocalizationService, class com.almasb.fxgl.app.services.FXGLAssetLoaderService, class com.almasb.fxgl.app.services.SystemBundleService, class com.almasb.fxgl.profile.SaveLoadService, class com.almasb.fxgl.ui.FXGLUIFactoryServiceProvider, class com.almasb.fxgl.ui.FXGLDialogFactoryServiceProvider, class com.almasb.fxgl.audio.AudioPlayer, class com.almasb.fxgl.notification.impl.NotificationServiceProvider, class com.almasb.fxgl.achievement.AchievementService, class com.almasb.fxgl.cutscene.CutsceneService, class com.almasb.fxgl.minigames.MiniGameService, class com.almasb.fxgl.net.NetService, class com.almasb.fxgl.app.services.UpdaterService, class com.almasb.fxgl.dev.DevService]
22:53:08.951 [FXGL Background Thread 3 ] DEBUG Engine               - fontGame: Abel-Regular.ttf
22:53:08.951 [FXGL Background Thread 3 ] DEBUG Engine               - fontMono: lucida_console.ttf
22:53:08.951 [FXGL Background Thread 3 ] DEBUG Engine               - fontText: Courier-Prime.ttf
22:53:08.951 [FXGL Background Thread 3 ] DEBUG Engine               - fontUI: VarelaRound-Regular.ttf
22:53:08.951 [FXGL Background Thread 3 ] DEBUG Engine               - fullScreen: BooleanProperty [value: false]
22:53:08.951 [FXGL Background Thread 3 ] DEBUG Engine               - gameDifficulty: MEDIUM
22:53:08.952 [FXGL Background Thread 3 ] DEBUG Engine               - gameDifficultyProperty: ObjectProperty [value: MEDIUM]
22:53:08.952 [FXGL Background Thread 3 ] DEBUG Engine               - globalMusicVolume: 0.5
22:53:08.953 [FXGL Background Thread 3 ] DEBUG Engine               - globalMusicVolumeProperty: DoubleProperty [value: 0.5]
22:53:08.953 [FXGL Background Thread 3 ] DEBUG Engine               - globalSoundVolume: 0.5
22:53:08.953 [FXGL Background Thread 3 ] DEBUG Engine               - globalSoundVolumeProperty: DoubleProperty [value: 0.5]
22:53:08.953 [FXGL Background Thread 3 ] DEBUG Engine               - height: 750
22:53:08.953 [FXGL Background Thread 3 ] DEBUG Engine               - isAndroid: false
22:53:08.953 [FXGL Background Thread 3 ] DEBUG Engine               - isBrowser: false
22:53:08.953 [FXGL Background Thread 3 ] DEBUG Engine               - isClickFeedbackEnabled: false
22:53:08.954 [FXGL Background Thread 3 ] DEBUG Engine               - isCloseConfirmation: false
22:53:08.954 [FXGL Background Thread 3 ] DEBUG Engine               - isDesktop: true
22:53:08.954 [FXGL Background Thread 3 ] DEBUG Engine               - isDeveloperMenuEnabled: false
22:53:08.954 [FXGL Background Thread 3 ] DEBUG Engine               - isEntityPreloadEnabled: true
22:53:08.954 [FXGL Background Thread 3 ] DEBUG Engine               - isExperimental3D: false
22:53:08.954 [FXGL Background Thread 3 ] DEBUG Engine               - isExperimentalNative: false
22:53:08.954 [FXGL Background Thread 3 ] DEBUG Engine               - isExperimentalTiledLargeMap: false
22:53:08.955 [FXGL Background Thread 3 ] DEBUG Engine               - isFileSystemWriteAllowed: true
22:53:08.955 [FXGL Background Thread 3 ] DEBUG Engine               - isFullScreenAllowed: false
22:53:08.955 [FXGL Background Thread 3 ] DEBUG Engine               - isFullScreenFromStart: false
22:53:08.955 [FXGL Background Thread 3 ] DEBUG Engine               - isGameMenuEnabled: false
22:53:08.955 [FXGL Background Thread 3 ] DEBUG Engine               - isIOS: false
22:53:08.955 [FXGL Background Thread 3 ] DEBUG Engine               - isIntroEnabled: false
22:53:08.955 [FXGL Background Thread 3 ] DEBUG Engine               - isLinux: false
22:53:08.955 [FXGL Background Thread 3 ] DEBUG Engine               - isMac: false
22:53:08.955 [FXGL Background Thread 3 ] DEBUG Engine               - isMainMenuEnabled: false
22:53:08.956 [FXGL Background Thread 3 ] DEBUG Engine               - isManualResizeEnabled: false
22:53:08.956 [FXGL Background Thread 3 ] DEBUG Engine               - isMobile: false
22:53:08.956 [FXGL Background Thread 3 ] DEBUG Engine               - isPreserveResizeRatio: false
22:53:08.956 [FXGL Background Thread 3 ] DEBUG Engine               - isProfilingEnabled: false
22:53:08.956 [FXGL Background Thread 3 ] DEBUG Engine               - isScaleAffectedOnResize: true
22:53:08.956 [FXGL Background Thread 3 ] DEBUG Engine               - isSingleStep: false
22:53:08.956 [FXGL Background Thread 3 ] DEBUG Engine               - isUserProfileEnabled: false
22:53:08.956 [FXGL Background Thread 3 ] DEBUG Engine               - isWindows: true
22:53:08.956 [FXGL Background Thread 3 ] DEBUG Engine               - language: ObjectProperty [value: ENGLISH]
22:53:08.956 [FXGL Background Thread 3 ] DEBUG Engine               - menuKey: ESCAPE
22:53:08.956 [FXGL Background Thread 3 ] DEBUG Engine               - notificationViewClass: class com.almasb.fxgl.notification.view.XboxNotificationView
22:53:08.956 [FXGL Background Thread 3 ] DEBUG Engine               - pixelsPerMeter: 50.0
22:53:08.956 [FXGL Background Thread 3 ] DEBUG Engine               - platform: WINDOWS
22:53:08.956 [FXGL Background Thread 3 ] DEBUG Engine               - prefHeightProperty: ReadOnlyDoubleProperty [value: 750.0]
22:53:08.956 [FXGL Background Thread 3 ] DEBUG Engine               - prefWidthProperty: ReadOnlyDoubleProperty [value: 1400.0]
22:53:08.956 [FXGL Background Thread 3 ] DEBUG Engine               - profileDir: profiles/
22:53:08.956 [FXGL Background Thread 3 ] DEBUG Engine               - profileName: StringProperty [value: DEFAULT]
22:53:08.956 [FXGL Background Thread 3 ] DEBUG Engine               - randomSeed: -1
22:53:08.956 [FXGL Background Thread 3 ] DEBUG Engine               - runtimeInfo: RuntimeInfo(platform=WINDOWS, version=11.12, build=11.12.2020 08.51)
22:53:08.957 [FXGL Background Thread 3 ] DEBUG Engine               - saveFileExt: sav
22:53:08.957 [FXGL Background Thread 3 ] DEBUG Engine               - scaledHeightProp$fxgl: DoubleProperty [bound, value: 750.0]
22:53:08.957 [FXGL Background Thread 3 ] DEBUG Engine               - scaledWidthProp$fxgl: DoubleProperty [bound, value: 1400.0]
22:53:08.957 [FXGL Background Thread 3 ] DEBUG Engine               - sceneFactory: com.almasb.fxgl.app.scene.SceneFactory@21428d9c
22:53:08.957 [FXGL Background Thread 3 ] DEBUG Engine               - secondsIn24h: 60
22:53:08.957 [FXGL Background Thread 3 ] DEBUG Engine               - soundMenuBack: menu/back.wav
22:53:08.957 [FXGL Background Thread 3 ] DEBUG Engine               - soundMenuPress: menu/press.wav
22:53:08.957 [FXGL Background Thread 3 ] DEBUG Engine               - soundMenuSelect: menu/select.wav
22:53:08.957 [FXGL Background Thread 3 ] DEBUG Engine               - soundNotification: core/notification.wav
22:53:08.957 [FXGL Background Thread 3 ] DEBUG Engine               - stageStyle: DECORATED
22:53:08.958 [FXGL Background Thread 3 ] DEBUG Engine               - supportedLanguages: [ENGLISH, FRENCH, GERMAN, HUNGARIAN, RUSSIAN]
22:53:08.958 [FXGL Background Thread 3 ] DEBUG Engine               - title: project5 make a square
22:53:08.958 [FXGL Background Thread 3 ] DEBUG Engine               - urlGithub: https://github.com/AlmasB/FXGL
22:53:08.958 [FXGL Background Thread 3 ] DEBUG Engine               - urlLeaderboard: http://fxgl-top.herokuapp.com/
22:53:08.959 [FXGL Background Thread 3 ] DEBUG Engine               - urlPOM: https://raw.githubusercontent.com/AlmasB/FXGL/master/README.md
22:53:08.959 [FXGL Background Thread 3 ] DEBUG Engine               - version: 0.0
22:53:08.959 [FXGL Background Thread 3 ] DEBUG Engine               - versionCheckDays: 7
22:53:08.959 [FXGL Background Thread 3 ] DEBUG Engine               - width: 1400
22:53:08.959 [FXGL Background Thread 3 ] DEBUG Engine               - Logging services
22:53:08.959 [FXGL Background Thread 3 ] DEBUG Engine               - class com.almasb.fxgl.app.FXGLApplication$GameApplicationService
22:53:08.959 [FXGL Background Thread 3 ] DEBUG Engine               - class com.almasb.fxgl.app.services.FXGLDialogService
22:53:08.959 [FXGL Background Thread 3 ] DEBUG Engine               - class com.almasb.fxgl.app.services.IOTaskExecutorService
22:53:08.959 [FXGL Background Thread 3 ] DEBUG Engine               - class com.almasb.fxgl.event.EventBusService
22:53:08.959 [FXGL Background Thread 3 ] DEBUG Engine               - class com.almasb.fxgl.io.FileSystemService
22:53:08.959 [FXGL Background Thread 3 ] DEBUG Engine               - class com.almasb.fxgl.localization.LocalizationService
22:53:08.959 [FXGL Background Thread 3 ] DEBUG Engine               - class com.almasb.fxgl.app.services.FXGLAssetLoaderService
22:53:08.959 [FXGL Background Thread 3 ] DEBUG Engine               - class com.almasb.fxgl.app.services.SystemBundleService
22:53:08.959 [FXGL Background Thread 3 ] DEBUG Engine               - class com.almasb.fxgl.profile.SaveLoadService
22:53:08.959 [FXGL Background Thread 3 ] DEBUG Engine               - class com.almasb.fxgl.ui.FXGLUIFactoryServiceProvider
22:53:08.959 [FXGL Background Thread 3 ] DEBUG Engine               - class com.almasb.fxgl.ui.FXGLDialogFactoryServiceProvider
22:53:08.959 [FXGL Background Thread 3 ] DEBUG Engine               - class com.almasb.fxgl.audio.AudioPlayer
22:53:08.959 [FXGL Background Thread 3 ] DEBUG Engine               - class com.almasb.fxgl.notification.impl.NotificationServiceProvider
22:53:08.959 [FXGL Background Thread 3 ] DEBUG Engine               - class com.almasb.fxgl.achievement.AchievementService
22:53:08.959 [FXGL Background Thread 3 ] DEBUG Engine               - class com.almasb.fxgl.cutscene.CutsceneService
22:53:08.959 [FXGL Background Thread 3 ] DEBUG Engine               - class com.almasb.fxgl.minigames.MiniGameService
22:53:08.959 [FXGL Background Thread 3 ] DEBUG Engine               - class com.almasb.fxgl.net.NetService
22:53:08.960 [FXGL Background Thread 3 ] DEBUG Engine               - class com.almasb.fxgl.app.services.UpdaterService
22:53:08.960 [FXGL Background Thread 3 ] DEBUG Engine               - class com.almasb.fxgl.dev.DevService
22:53:13.943 [JavaFX Application Thread] DEBUG FXGLApplication      - Exiting FXGL
22:53:13.943 [JavaFX Application Thread] DEBUG LoopRunner           - Stopping loop
22:53:13.943 [JavaFX Application Thread] DEBUG SystemBundleService  - Saving FXGL system data
22:53:13.945 [JavaFX Application Thread] DEBUG FileSystemAccess     - Writing to: E:\java\Project5\system\fxgl.bundle
22:53:13.948 [JavaFX Application Thread] DEBUG Async                - Shutting down background threads
22:53:13.949 [JavaFX Application Thread] DEBUG MainWindow           - Closing main window
22:53:13.965 [JavaFX Application Thread] DEBUG Logger               - Closing Logger
