14:24:35.599 [main                     ] DEBUG Logger               - Configured Logger
14:24:35.603 [main                     ] DEBUG GameApplication      - Logging settings
Title: project5 make a square
Version: 0.0
Width: 1400
Height: 750
Fullscreen: false
Intro: false
Profiling: false
Single step:false
App Mode: DEVELOPER
Menu Key: ESCAPE
Stage Style: DECORATED
Scene Factory: class com.almasb.fxgl.app.scene.SceneFactory

14:24:36.091 [JavaFX Application Thread] DEBUG FXGLApplication      - Initializing FXGL
14:24:36.097 [JavaFX Application Thread] INFO  Engine               - FXGL-11.12 (11.12.2020 08.51) on WINDOWS (J:21.0.2 FX:15)
14:24:36.097 [JavaFX Application Thread] DEBUG Engine               - JRE Vendor Name: Oracle Corporation
14:24:36.098 [JavaFX Application Thread] DEBUG Engine               - Running on OS: Windows 10 version 10.0
14:24:36.098 [JavaFX Application Thread] DEBUG Engine               - Architecture: amd64
14:24:36.098 [JavaFX Application Thread] INFO  Engine               - Source code and latest versions at: https://github.com/AlmasB/FXGL
14:24:36.098 [JavaFX Application Thread] INFO  Engine               -              Join the FXGL chat at: https://gitter.im/AlmasB/FXGL
14:24:36.246 [JavaFX Application Thread] DEBUG MainWindow           - Creating a JavaFX scene
14:24:36.317 [JavaFX Application Thread] DEBUG MainWindow           - Target settings size: 1400.0 x 750.0
14:24:36.317 [JavaFX Application Thread] DEBUG MainWindow           - Scaled scene size:    1400.0 x 750.0
14:24:36.317 [JavaFX Application Thread] DEBUG MainWindow           - Scaled ratio: (1.0, 1.0)
14:24:36.318 [JavaFX Application Thread] DEBUG MainWindow           - Set initial scene to StartupScene
14:24:36.326 [JavaFX Application Thread] DEBUG MainWindow           - Opening main window
14:24:36.443 [JavaFX Application Thread] DEBUG MainWindow           - Window border size: (14.4000244140625, 38.0)
14:24:36.444 [JavaFX Application Thread] DEBUG MainWindow           - Scaled size: 1400.0 x 750.0
14:24:36.444 [JavaFX Application Thread] DEBUG MainWindow           - Scaled ratio: (1.0, 1.0)
14:24:36.444 [JavaFX Application Thread] DEBUG MainWindow           - Scene size: 1400.0 x 750.0
14:24:36.444 [JavaFX Application Thread] DEBUG MainWindow           - Stage size: 1414.4000244140625 x 788.0
14:24:36.452 [FXGL Background Thread 1 ] DEBUG Engine               - Initializing environment variables
14:24:36.535 [FXGL Background Thread 1 ] DEBUG GameApplicationServi - Applying CSS: fxgl_dark.css
14:24:36.535 [FXGL Background Thread 1 ] DEBUG FXGLAssetLoaderServi - Loading from file system: /assets/ui/css/fxgl_dark.css
14:24:36.601 [FXGL Background Thread 1 ] DEBUG GameApplicationServi - Initializing application scenes
14:24:36.647 [FXGL Background Thread 1 ] DEBUG GameWorld            - Game world initialized
14:24:36.729 [FXGL Background Thread 1 ] DEBUG PhysicsWorld         - Physics world initialized: appHeight=750, physics.ppm=50.0
14:24:36.732 [FXGL Background Thread 1 ] DEBUG GameScene            - Game scene initialized: 1400x750
14:24:36.732 [FXGL Background Thread 1 ] DEBUG GameApplicationServi - Application scenes initialized
14:24:36.755 [FXGL Background Thread 1 ] DEBUG SystemBundleService  - Loading FXGL system data
14:24:36.759 [FXGL Background Thread 1 ] DEBUG FileSystemAccess     - Reading from: E:\java\Project5\system\fxgl.bundle
14:24:36.769 [FXGL Background Thread 1 ] DEBUG SystemBundleService  - Bundle FXGL: {}
14:24:36.769 [FXGL Background Thread 1 ] DEBUG UpdaterService       - Checking for updates
14:24:36.775 [FXGL Background Thread 4 ] DEBUG FXGLApplication      - Loading fonts
14:24:36.776 [FXGL Background Thread 4 ] DEBUG FXGLAssetLoaderServi - Loading from file system: /assets/ui/fonts/VarelaRound-Regular.ttf
14:24:36.776 [FXGL Background Thread 1 ] DEBUG FXGLApplication      - Loading default localization
14:24:36.776 [FXGL Background Thread 1 ] DEBUG FXGLAssetLoaderServi - Loading from file system: /assets/languages/english.lang
14:24:36.823 [FXGL Background Thread 1 ] INFO  FXGLApplication      - FXGL initialization took: 0.371 sec
14:24:36.836 [FXGL Background Thread 4 ] DEBUG FXGLAssetLoaderServi - Loading from file system: /assets/ui/fonts/Abel-Regular.ttf
14:24:36.840 [JavaFX Application Thread] DEBUG Input                - Registered new binding: Start Solving - Enter
14:24:36.840 [JavaFX Application Thread] DEBUG FXGLAssetLoaderServi - Loading from file system: /assets/textures/fxgl_icon.png
14:24:36.841 [FXGL Background Thread 4 ] DEBUG FXGLAssetLoaderServi - Loading from file system: /assets/ui/fonts/lucida_console.ttf
14:24:36.848 [FXGL Background Thread 4 ] DEBUG FXGLAssetLoaderServi - Loading from file system: /assets/ui/fonts/Courier-Prime.ttf
14:24:36.902 [JavaFX Application Thread] DEBUG FXGLAssetLoaderServi - Loading from file system: /assets/ui/cursors/fxgl_default.png
14:24:36.906 [JavaFX Application Thread] DEBUG Input                - Registered new binding: Screenshot - P
14:24:36.907 [JavaFX Application Thread] DEBUG Input                - Registered new binding: System info dump - CTRL+9
14:24:36.907 [JavaFX Application Thread] DEBUG Input                - Registered new binding: Restart - CTRL+R
14:24:36.908 [JavaFX Application Thread] DEBUG Input                - Registered new binding: Toggle Debug Camera - CTRL+C
14:24:36.910 [JavaFX Application Thread] DEBUG LoopRunner           - Starting loop
14:24:36.911 [JavaFX Application Thread] DEBUG GameApplicationServi - Starting new game
14:24:36.912 [JavaFX Application Thread] DEBUG Input                - Clearing active input actions
14:24:36.927 [JavaFX Application Thread] DEBUG GameApplicationServi - Removing overlay from StartupScene and adding to FXGLLoadingScene
14:24:36.927 [JavaFX Application Thread] DEBUG MainWindow           - StartupScene -> FXGLLoadingScene
14:24:36.927 [JavaFX Application Thread] DEBUG GameApplicationServi - Clearing previous game
14:24:36.927 [JavaFX Application Thread] DEBUG GameScene            - Clearing game scene
14:24:36.927 [JavaFX Application Thread] DEBUG GameWorld            - Clearing game world
14:24:36.927 [JavaFX Application Thread] DEBUG PhysicsWorld         - Clearing physics world
14:24:36.930 [FXGL Background Thread 4 ] DEBUG FXGLApplication      - Initializing game
14:24:36.970 [FXGL Background Thread 4 ] INFO  FXGLApplication      - Game initialization took: 0.040 sec
14:24:37.013 [JavaFX Application Thread] DEBUG Input                - Clearing active input actions
14:24:37.027 [JavaFX Application Thread] DEBUG GameApplicationServi - Removing overlay from FXGLLoadingScene and adding to GameScene
14:24:37.028 [JavaFX Application Thread] DEBUG MainWindow           - FXGLLoadingScene -> GameScene
14:24:37.527 [FXGL Background Thread 2 ] INFO  UpdaterService       - Your current version:  11.12
14:24:37.527 [FXGL Background Thread 2 ] INFO  UpdaterService       - Latest stable version: 21.1
14:24:39.775 [FXGL Background Thread 3 ] DEBUG Engine               - Logging environment variables
14:24:39.775 [FXGL Background Thread 3 ] DEBUG Engine               - achievements: []
14:24:39.775 [FXGL Background Thread 3 ] DEBUG Engine               - actualHeight: 750.0
14:24:39.775 [FXGL Background Thread 3 ] DEBUG Engine               - actualHeightProperty: ReadOnlyDoubleProperty [value: 750.0]
14:24:39.775 [FXGL Background Thread 3 ] DEBUG Engine               - actualWidth: 1400.0
14:24:39.776 [FXGL Background Thread 3 ] DEBUG Engine               - actualWidthProperty: ReadOnlyDoubleProperty [value: 1400.0]
14:24:39.776 [FXGL Background Thread 3 ] DEBUG Engine               - appIcon: fxgl_icon.png
14:24:39.776 [FXGL Background Thread 3 ] DEBUG Engine               - applicationMode: DEVELOPER
14:24:39.776 [FXGL Background Thread 3 ] DEBUG Engine               - cSSList: [fxgl_dark.css]
14:24:39.776 [FXGL Background Thread 3 ] DEBUG Engine               - configClass: Optional.empty
14:24:39.776 [FXGL Background Thread 3 ] DEBUG Engine               - credits: []
14:24:39.776 [FXGL Background Thread 3 ] DEBUG Engine               - devBBoxColorProperty: ObjectProperty [value: 0xff0000ff]
14:24:39.776 [FXGL Background Thread 3 ] DEBUG Engine               - devEnableDebugCameraProperty: BooleanProperty [value: false]
14:24:39.776 [FXGL Background Thread 3 ] DEBUG Engine               - devSensorColorProperty: ObjectProperty [value: 0xffff00ff]
14:24:39.776 [FXGL Background Thread 3 ] DEBUG Engine               - devShowBBoxProperty: BooleanProperty [value: false]
14:24:39.776 [FXGL Background Thread 3 ] DEBUG Engine               - devShowPositionProperty: BooleanProperty [value: false]
14:24:39.776 [FXGL Background Thread 3 ] DEBUG Engine               - enabledMenuItems: []
14:24:39.777 [FXGL Background Thread 3 ] DEBUG Engine               - engineServices: [class com.almasb.fxgl.app.FXGLApplication$GameApplicationService, class com.almasb.fxgl.app.services.FXGLDialogService, class com.almasb.fxgl.app.services.IOTaskExecutorService, class com.almasb.fxgl.event.EventBusService, class com.almasb.fxgl.io.FileSystemService, class com.almasb.fxgl.localization.LocalizationService, class com.almasb.fxgl.app.services.FXGLAssetLoaderService, class com.almasb.fxgl.app.services.SystemBundleService, class com.almasb.fxgl.profile.SaveLoadService, class com.almasb.fxgl.ui.FXGLUIFactoryServiceProvider, class com.almasb.fxgl.ui.FXGLDialogFactoryServiceProvider, class com.almasb.fxgl.audio.AudioPlayer, class com.almasb.fxgl.notification.impl.NotificationServiceProvider, class com.almasb.fxgl.achievement.AchievementService, class com.almasb.fxgl.cutscene.CutsceneService, class com.almasb.fxgl.minigames.MiniGameService, class com.almasb.fxgl.net.NetService, class com.almasb.fxgl.app.services.UpdaterService, class com.almasb.fxgl.dev.DevService]
14:24:39.777 [FXGL Background Thread 3 ] DEBUG Engine               - fontGame: Abel-Regular.ttf
14:24:39.777 [FXGL Background Thread 3 ] DEBUG Engine               - fontMono: lucida_console.ttf
14:24:39.777 [FXGL Background Thread 3 ] DEBUG Engine               - fontText: Courier-Prime.ttf
14:24:39.777 [FXGL Background Thread 3 ] DEBUG Engine               - fontUI: VarelaRound-Regular.ttf
14:24:39.777 [FXGL Background Thread 3 ] DEBUG Engine               - fullScreen: BooleanProperty [value: false]
14:24:39.777 [FXGL Background Thread 3 ] DEBUG Engine               - gameDifficulty: MEDIUM
14:24:39.777 [FXGL Background Thread 3 ] DEBUG Engine               - gameDifficultyProperty: ObjectProperty [value: MEDIUM]
14:24:39.777 [FXGL Background Thread 3 ] DEBUG Engine               - globalMusicVolume: 0.5
14:24:39.777 [FXGL Background Thread 3 ] DEBUG Engine               - globalMusicVolumeProperty: DoubleProperty [value: 0.5]
14:24:39.777 [FXGL Background Thread 3 ] DEBUG Engine               - globalSoundVolume: 0.5
14:24:39.777 [FXGL Background Thread 3 ] DEBUG Engine               - globalSoundVolumeProperty: DoubleProperty [value: 0.5]
14:24:39.777 [FXGL Background Thread 3 ] DEBUG Engine               - height: 750
14:24:39.777 [FXGL Background Thread 3 ] DEBUG Engine               - isAndroid: false
14:24:39.778 [FXGL Background Thread 3 ] DEBUG Engine               - isBrowser: false
14:24:39.778 [FXGL Background Thread 3 ] DEBUG Engine               - isClickFeedbackEnabled: false
14:24:39.778 [FXGL Background Thread 3 ] DEBUG Engine               - isCloseConfirmation: false
14:24:39.778 [FXGL Background Thread 3 ] DEBUG Engine               - isDesktop: true
14:24:39.778 [FXGL Background Thread 3 ] DEBUG Engine               - isDeveloperMenuEnabled: false
14:24:39.778 [FXGL Background Thread 3 ] DEBUG Engine               - isEntityPreloadEnabled: true
14:24:39.778 [FXGL Background Thread 3 ] DEBUG Engine               - isExperimental3D: false
14:24:39.778 [FXGL Background Thread 3 ] DEBUG Engine               - isExperimentalNative: false
14:24:39.778 [FXGL Background Thread 3 ] DEBUG Engine               - isExperimentalTiledLargeMap: false
14:24:39.778 [FXGL Background Thread 3 ] DEBUG Engine               - isFileSystemWriteAllowed: true
14:24:39.778 [FXGL Background Thread 3 ] DEBUG Engine               - isFullScreenAllowed: false
14:24:39.778 [FXGL Background Thread 3 ] DEBUG Engine               - isFullScreenFromStart: false
14:24:39.778 [FXGL Background Thread 3 ] DEBUG Engine               - isGameMenuEnabled: false
14:24:39.778 [FXGL Background Thread 3 ] DEBUG Engine               - isIOS: false
14:24:39.779 [FXGL Background Thread 3 ] DEBUG Engine               - isIntroEnabled: false
14:24:39.779 [FXGL Background Thread 3 ] DEBUG Engine               - isLinux: false
14:24:39.779 [FXGL Background Thread 3 ] DEBUG Engine               - isMac: false
14:24:39.779 [FXGL Background Thread 3 ] DEBUG Engine               - isMainMenuEnabled: false
14:24:39.779 [FXGL Background Thread 3 ] DEBUG Engine               - isManualResizeEnabled: false
14:24:39.779 [FXGL Background Thread 3 ] DEBUG Engine               - isMobile: false
14:24:39.779 [FXGL Background Thread 3 ] DEBUG Engine               - isPreserveResizeRatio: false
14:24:39.779 [FXGL Background Thread 3 ] DEBUG Engine               - isProfilingEnabled: false
14:24:39.779 [FXGL Background Thread 3 ] DEBUG Engine               - isScaleAffectedOnResize: true
14:24:39.779 [FXGL Background Thread 3 ] DEBUG Engine               - isSingleStep: false
14:24:39.779 [FXGL Background Thread 3 ] DEBUG Engine               - isUserProfileEnabled: false
14:24:39.779 [FXGL Background Thread 3 ] DEBUG Engine               - isWindows: true
14:24:39.779 [FXGL Background Thread 3 ] DEBUG Engine               - language: ObjectProperty [value: ENGLISH]
14:24:39.779 [FXGL Background Thread 3 ] DEBUG Engine               - menuKey: ESCAPE
14:24:39.779 [FXGL Background Thread 3 ] DEBUG Engine               - notificationViewClass: class com.almasb.fxgl.notification.view.XboxNotificationView
14:24:39.779 [FXGL Background Thread 3 ] DEBUG Engine               - pixelsPerMeter: 50.0
14:24:39.780 [FXGL Background Thread 3 ] DEBUG Engine               - platform: WINDOWS
14:24:39.780 [FXGL Background Thread 3 ] DEBUG Engine               - prefHeightProperty: ReadOnlyDoubleProperty [value: 750.0]
14:24:39.780 [FXGL Background Thread 3 ] DEBUG Engine               - prefWidthProperty: ReadOnlyDoubleProperty [value: 1400.0]
14:24:39.780 [FXGL Background Thread 3 ] DEBUG Engine               - profileDir: profiles/
14:24:39.780 [FXGL Background Thread 3 ] DEBUG Engine               - profileName: StringProperty [value: DEFAULT]
14:24:39.780 [FXGL Background Thread 3 ] DEBUG Engine               - randomSeed: -1
14:24:39.780 [FXGL Background Thread 3 ] DEBUG Engine               - runtimeInfo: RuntimeInfo(platform=WINDOWS, version=11.12, build=11.12.2020 08.51)
14:24:39.780 [FXGL Background Thread 3 ] DEBUG Engine               - saveFileExt: sav
14:24:39.780 [FXGL Background Thread 3 ] DEBUG Engine               - scaledHeightProp$fxgl: DoubleProperty [bound, value: 750.0]
14:24:39.781 [FXGL Background Thread 3 ] DEBUG Engine               - scaledWidthProp$fxgl: DoubleProperty [bound, value: 1400.0]
14:24:39.781 [FXGL Background Thread 3 ] DEBUG Engine               - sceneFactory: com.almasb.fxgl.app.scene.SceneFactory@20d7d459
14:24:39.781 [FXGL Background Thread 3 ] DEBUG Engine               - secondsIn24h: 60
14:24:39.781 [FXGL Background Thread 3 ] DEBUG Engine               - soundMenuBack: menu/back.wav
14:24:39.781 [FXGL Background Thread 3 ] DEBUG Engine               - soundMenuPress: menu/press.wav
14:24:39.781 [FXGL Background Thread 3 ] DEBUG Engine               - soundMenuSelect: menu/select.wav
14:24:39.781 [FXGL Background Thread 3 ] DEBUG Engine               - soundNotification: core/notification.wav
14:24:39.781 [FXGL Background Thread 3 ] DEBUG Engine               - stageStyle: DECORATED
14:24:39.781 [FXGL Background Thread 3 ] DEBUG Engine               - supportedLanguages: [ENGLISH, FRENCH, GERMAN, HUNGARIAN, RUSSIAN]
14:24:39.781 [FXGL Background Thread 3 ] DEBUG Engine               - title: project5 make a square
14:24:39.781 [FXGL Background Thread 3 ] DEBUG Engine               - urlGithub: https://github.com/AlmasB/FXGL
14:24:39.781 [FXGL Background Thread 3 ] DEBUG Engine               - urlLeaderboard: http://fxgl-top.herokuapp.com/
14:24:39.781 [FXGL Background Thread 3 ] DEBUG Engine               - urlPOM: https://raw.githubusercontent.com/AlmasB/FXGL/master/README.md
14:24:39.781 [FXGL Background Thread 3 ] DEBUG Engine               - version: 0.0
14:24:39.781 [FXGL Background Thread 3 ] DEBUG Engine               - versionCheckDays: 7
14:24:39.781 [FXGL Background Thread 3 ] DEBUG Engine               - width: 1400
14:24:39.782 [FXGL Background Thread 3 ] DEBUG Engine               - Logging services
14:24:39.782 [FXGL Background Thread 3 ] DEBUG Engine               - class com.almasb.fxgl.app.FXGLApplication$GameApplicationService
14:24:39.782 [FXGL Background Thread 3 ] DEBUG Engine               - class com.almasb.fxgl.app.services.FXGLDialogService
14:24:39.782 [FXGL Background Thread 3 ] DEBUG Engine               - class com.almasb.fxgl.app.services.IOTaskExecutorService
14:24:39.782 [FXGL Background Thread 3 ] DEBUG Engine               - class com.almasb.fxgl.event.EventBusService
14:24:39.782 [FXGL Background Thread 3 ] DEBUG Engine               - class com.almasb.fxgl.io.FileSystemService
14:24:39.782 [FXGL Background Thread 3 ] DEBUG Engine               - class com.almasb.fxgl.localization.LocalizationService
14:24:39.782 [FXGL Background Thread 3 ] DEBUG Engine               - class com.almasb.fxgl.app.services.FXGLAssetLoaderService
14:24:39.782 [FXGL Background Thread 3 ] DEBUG Engine               - class com.almasb.fxgl.app.services.SystemBundleService
14:24:39.782 [FXGL Background Thread 3 ] DEBUG Engine               - class com.almasb.fxgl.profile.SaveLoadService
14:24:39.782 [FXGL Background Thread 3 ] DEBUG Engine               - class com.almasb.fxgl.ui.FXGLUIFactoryServiceProvider
14:24:39.782 [FXGL Background Thread 3 ] DEBUG Engine               - class com.almasb.fxgl.ui.FXGLDialogFactoryServiceProvider
14:24:39.782 [FXGL Background Thread 3 ] DEBUG Engine               - class com.almasb.fxgl.audio.AudioPlayer
14:24:39.782 [FXGL Background Thread 3 ] DEBUG Engine               - class com.almasb.fxgl.notification.impl.NotificationServiceProvider
14:24:39.782 [FXGL Background Thread 3 ] DEBUG Engine               - class com.almasb.fxgl.achievement.AchievementService
14:24:39.782 [FXGL Background Thread 3 ] DEBUG Engine               - class com.almasb.fxgl.cutscene.CutsceneService
14:24:39.783 [FXGL Background Thread 3 ] DEBUG Engine               - class com.almasb.fxgl.minigames.MiniGameService
14:24:39.783 [FXGL Background Thread 3 ] DEBUG Engine               - class com.almasb.fxgl.net.NetService
14:24:39.783 [FXGL Background Thread 3 ] DEBUG Engine               - class com.almasb.fxgl.app.services.UpdaterService
14:24:39.783 [FXGL Background Thread 3 ] DEBUG Engine               - class com.almasb.fxgl.dev.DevService
14:24:41.704 [JavaFX Application Thread] DEBUG LoopRunner           - Stopping loop
14:24:41.705 [JavaFX Application Thread] FATAL FXGLApplication      - Uncaught Exception:
java.lang.IndexOutOfBoundsException: Index -1 out of bounds for length 2
	at java.base/jdk.internal.util.Preconditions.outOfBounds(Preconditions.java:100)
	at java.base/jdk.internal.util.Preconditions.outOfBoundsCheckIndex(Preconditions.java:106)
	at java.base/jdk.internal.util.Preconditions.checkIndex(Preconditions.java:302)
	at java.base/java.util.Objects.checkIndex(Objects.java:385)
	at java.base/java.util.ArrayList.get(ArrayList.java:427)
	at javafx.scene.Parent.updateCachedBounds(Parent.java:1704)
	at javafx.scene.Parent.recomputeBounds(Parent.java:1648)
	at javafx.scene.Parent.doComputeGeomBounds(Parent.java:1501)
	at javafx.scene.Parent$1.doComputeGeomBounds(Parent.java:115)
	at com.sun.javafx.scene.ParentHelper.computeGeomBoundsImpl(ParentHelper.java:84)
	at com.sun.javafx.scene.NodeHelper.computeGeomBounds(NodeHelper.java:115)
	at javafx.scene.Node.updateGeomBounds(Node.java:3844)
	at javafx.scene.Node.getGeomBounds(Node.java:3806)
	at javafx.scene.Node.doComputeLayoutBounds(Node.java:3654)
	at javafx.scene.Node$1.doComputeLayoutBounds(Node.java:440)
	at com.sun.javafx.scene.NodeHelper.computeLayoutBoundsImpl(NodeHelper.java:166)
	at com.sun.javafx.scene.GroupHelper.computeLayoutBoundsImpl(GroupHelper.java:63)
	at com.sun.javafx.scene.NodeHelper.computeLayoutBounds(NodeHelper.java:106)
	at javafx.scene.Node$13.computeBounds(Node.java:3506)
	at javafx.scene.Node$LazyBoundsProperty.get(Node.java:9779)
	at javafx.scene.Node$LazyBoundsProperty.get(Node.java:9749)
	at javafx.scene.Node.getLayoutBounds(Node.java:3521)
	at javafx.scene.Parent.computePrefWidth(Parent.java:1090)
	at javafx.scene.layout.Region.computePrefWidth(Region.java:1638)
	at javafx.scene.Parent.prefWidth(Parent.java:1020)
	at javafx.scene.layout.Region.prefWidth(Region.java:1543)
	at javafx.scene.Node.autosize(Node.java:3161)
	at javafx.scene.Parent.layoutChildren(Parent.java:1238)
	at javafx.scene.Parent.layout(Parent.java:1207)
	at javafx.scene.Scene.doLayoutPass(Scene.java:576)
	at javafx.scene.Scene$ScenePulseListener.pulse(Scene.java:2476)
	at com.sun.javafx.tk.Toolkit.lambda$runPulse$2(Toolkit.java:413)
	at java.base/java.security.AccessController.doPrivileged(AccessController.java:400)
	at com.sun.javafx.tk.Toolkit.runPulse(Toolkit.java:412)
	at com.sun.javafx.tk.Toolkit.firePulse(Toolkit.java:439)
	at com.sun.javafx.tk.quantum.QuantumToolkit.pulse(QuantumToolkit.java:563)
	at com.sun.javafx.tk.quantum.QuantumToolkit.pulse(QuantumToolkit.java:543)
	at com.sun.javafx.tk.quantum.QuantumToolkit.pulseFromQueue(QuantumToolkit.java:536)
	at com.sun.javafx.tk.quantum.QuantumToolkit.lambda$runToolkit$11(QuantumToolkit.java:342)
	at com.sun.glass.ui.InvokeLaterDispatcher$Future.run(InvokeLaterDispatcher.java:96)
	at com.sun.glass.ui.win.WinApplication._runLoop(Native Method)
	at com.sun.glass.ui.win.WinApplication.lambda$runLoop$3(WinApplication.java:174)
	at java.base/java.lang.Thread.run(Thread.java:1583)

14:24:41.705 [JavaFX Application Thread] FATAL FXGLApplication      - Application will now exit
14:24:41.727 [JavaFX Application Thread] DEBUG MainWindow           - Push state: ErrorSubScene
14:24:41.727 [JavaFX Application Thread] DEBUG Input                - Clearing active input actions
14:24:41.734 [JavaFX Application Thread] DEBUG GameApplicationServi - Removing overlay from GameScene and adding to ErrorSubScene
14:24:41.735 [JavaFX Application Thread] DEBUG MainWindow           - GameScene -> ErrorSubScene
14:24:43.935 [JavaFX Application Thread] DEBUG FXGLApplication      - Exiting FXGL
14:24:43.935 [JavaFX Application Thread] DEBUG Async                - Shutting down background threads
14:24:43.936 [JavaFX Application Thread] DEBUG MainWindow           - Closing main window
14:24:43.953 [JavaFX Application Thread] DEBUG Logger               - Closing Logger
