11:20:03.617 [main                     ] DEBUG Logger               - Configured Logger
11:20:03.622 [main                     ] DEBUG GameApplication      - Logging settings
Title: project5 make a square
Version: 0.0
Width: 1400
Height: 750
Fullscreen: false
Intro: false
Profiling: false
Single step:false
App Mode: DEVELOPER
Menu Key: ESCAPE
Stage Style: DECORATED
Scene Factory: class com.almasb.fxgl.app.scene.SceneFactory

11:20:04.132 [JavaFX Application Thread] DEBUG FXGLApplication      - Initializing FXGL
11:20:04.134 [JavaFX Application Thread] INFO  Engine               - FXGL-11.12 (11.12.2020 08.51) on WINDOWS (J:21.0.2 FX:15)
11:20:04.135 [JavaFX Application Thread] DEBUG Engine               - JRE Vendor Name: Oracle Corporation
11:20:04.135 [JavaFX Application Thread] DEBUG Engine               - Running on OS: Windows 10 version 10.0
11:20:04.135 [JavaFX Application Thread] DEBUG Engine               - Architecture: amd64
11:20:04.135 [JavaFX Application Thread] INFO  Engine               - Source code and latest versions at: https://github.com/AlmasB/FXGL
11:20:04.136 [JavaFX Application Thread] INFO  Engine               -              Join the FXGL chat at: https://gitter.im/AlmasB/FXGL
11:20:04.272 [JavaFX Application Thread] DEBUG MainWindow           - Creating a JavaFX scene
11:20:04.338 [JavaFX Application Thread] DEBUG MainWindow           - Target settings size: 1400.0 x 750.0
11:20:04.338 [JavaFX Application Thread] DEBUG MainWindow           - Scaled scene size:    1400.0 x 750.0
11:20:04.339 [JavaFX Application Thread] DEBUG MainWindow           - Scaled ratio: (1.0, 1.0)
11:20:04.339 [JavaFX Application Thread] DEBUG MainWindow           - Set initial scene to StartupScene
11:20:04.346 [JavaFX Application Thread] DEBUG MainWindow           - Opening main window
11:20:04.462 [JavaFX Application Thread] DEBUG MainWindow           - Window border size: (14.4000244140625, 38.0)
11:20:04.462 [JavaFX Application Thread] DEBUG MainWindow           - Scaled size: 1400.0 x 750.0
11:20:04.462 [JavaFX Application Thread] DEBUG MainWindow           - Scaled ratio: (1.0, 1.0)
11:20:04.462 [JavaFX Application Thread] DEBUG MainWindow           - Scene size: 1400.0 x 750.0
11:20:04.463 [JavaFX Application Thread] DEBUG MainWindow           - Stage size: 1414.4000244140625 x 788.0
11:20:04.474 [FXGL Background Thread 1 ] DEBUG Engine               - Initializing environment variables
11:20:04.539 [FXGL Background Thread 1 ] DEBUG GameApplicationServi - Applying CSS: fxgl_dark.css
11:20:04.540 [FXGL Background Thread 1 ] DEBUG FXGLAssetLoaderServi - Loading from file system: /assets/ui/css/fxgl_dark.css
11:20:04.606 [FXGL Background Thread 1 ] DEBUG GameApplicationServi - Initializing application scenes
11:20:04.658 [FXGL Background Thread 1 ] DEBUG GameWorld            - Game world initialized
11:20:04.783 [FXGL Background Thread 1 ] DEBUG PhysicsWorld         - Physics world initialized: appHeight=750, physics.ppm=50.0
11:20:04.786 [FXGL Background Thread 1 ] DEBUG GameScene            - Game scene initialized: 1400x750
11:20:04.838 [FXGL Background Thread 1 ] DEBUG FXGLAssetLoaderServi - Loading from file system: /assets/textures/particles/trace_horizontal.png
11:20:04.896 [FXGL Background Thread 1 ] DEBUG FXGL.DefaultMenu     - createMenuBodyGameMenu()
11:20:04.913 [FXGL Background Thread 1 ] DEBUG FXGL.DefaultMenu     - createOptionsMenu()
11:20:04.918 [FXGL Background Thread 1 ] DEBUG FXGLAssetLoaderServi - Loading from file system: /assets/textures/particles/smoke.png
11:20:04.987 [FXGL Background Thread 1 ] DEBUG GameApplicationServi - Application scenes initialized
11:20:05.000 [FXGL Background Thread 1 ] DEBUG SystemBundleService  - Loading FXGL system data
11:20:05.008 [FXGL Background Thread 1 ] DEBUG FileSystemAccess     - Reading from: E:\java\Project5\system\fxgl.bundle
11:20:05.021 [FXGL Background Thread 1 ] DEBUG SystemBundleService  - Bundle FXGL: {}
11:20:05.021 [FXGL Background Thread 1 ] DEBUG UpdaterService       - Checking for updates
11:20:05.033 [FXGL Background Thread 4 ] DEBUG FXGLApplication      - Loading fonts
11:20:05.033 [FXGL Background Thread 4 ] DEBUG FXGLAssetLoaderServi - Loading from file system: /assets/ui/fonts/VarelaRound-Regular.ttf
11:20:05.034 [FXGL Background Thread 1 ] DEBUG FXGLApplication      - Loading default localization
11:20:05.034 [FXGL Background Thread 1 ] DEBUG FXGLAssetLoaderServi - Loading from file system: /assets/languages/english.lang
11:20:05.092 [FXGL Background Thread 1 ] INFO  FXGLApplication      - FXGL initialization took: 0.618 sec
11:20:05.093 [JavaFX Application Thread] DEBUG FXGLAssetLoaderServi - Loading from file system: /assets/textures/fxgl_icon.png
11:20:05.100 [FXGL Background Thread 4 ] DEBUG FXGLAssetLoaderServi - Loading from file system: /assets/ui/fonts/Abel-Regular.ttf
11:20:05.106 [FXGL Background Thread 4 ] DEBUG FXGLAssetLoaderServi - Loading from file system: /assets/ui/fonts/lucida_console.ttf
11:20:05.114 [FXGL Background Thread 4 ] DEBUG FXGLAssetLoaderServi - Loading from file system: /assets/ui/fonts/Courier-Prime.ttf
11:20:05.124 [JavaFX Application Thread] DEBUG FXGLAssetLoaderServi - Loading from file system: /assets/ui/cursors/fxgl_default.png
11:20:05.143 [JavaFX Application Thread] DEBUG Input                - Registered new binding: Screenshot - P
11:20:05.144 [JavaFX Application Thread] DEBUG Input                - Registered new binding: System info dump - CTRL+9
11:20:05.145 [JavaFX Application Thread] DEBUG Input                - Registered new binding: Restart - CTRL+R
11:20:05.146 [JavaFX Application Thread] DEBUG Input                - Registered new binding: Toggle Debug Camera - CTRL+C
11:20:05.149 [JavaFX Application Thread] DEBUG LoopRunner           - Starting loop
11:20:05.151 [JavaFX Application Thread] DEBUG GameApplicationServi - Starting new game
11:20:05.151 [JavaFX Application Thread] DEBUG Input                - Clearing active input actions
11:20:05.166 [JavaFX Application Thread] DEBUG GameApplicationServi - Removing overlay from StartupScene and adding to FXGLLoadingScene
11:20:05.167 [JavaFX Application Thread] DEBUG MainWindow           - StartupScene -> FXGLLoadingScene
11:20:05.167 [JavaFX Application Thread] DEBUG GameApplicationServi - Clearing previous game
11:20:05.167 [JavaFX Application Thread] DEBUG GameScene            - Clearing game scene
11:20:05.167 [JavaFX Application Thread] DEBUG GameWorld            - Clearing game world
11:20:05.167 [JavaFX Application Thread] DEBUG PhysicsWorld         - Clearing physics world
11:20:05.170 [FXGL Background Thread 4 ] DEBUG FXGLApplication      - Initializing game
11:20:05.170 [JavaFX Application Thread] DEBUG FXGLApplication      - Registering font factories with UI factory
11:20:05.210 [FXGL Background Thread 4 ] INFO  FXGLApplication      - Game initialization took: 0.040 sec
11:20:05.226 [JavaFX Application Thread] DEBUG Input                - Clearing active input actions
11:20:05.237 [JavaFX Application Thread] DEBUG GameApplicationServi - Removing overlay from FXGLLoadingScene and adding to GameScene
11:20:05.238 [JavaFX Application Thread] DEBUG MainWindow           - FXGLLoadingScene -> GameScene
11:20:05.792 [FXGL Background Thread 2 ] INFO  UpdaterService       - Your current version:  11.12
11:20:05.793 [FXGL Background Thread 2 ] INFO  UpdaterService       - Latest stable version: 21.1
11:20:07.926 [JavaFX Application Thread] DEBUG FXGLApplication      - Exiting FXGL
11:20:07.926 [JavaFX Application Thread] DEBUG LoopRunner           - Stopping loop
11:20:07.927 [JavaFX Application Thread] DEBUG SystemBundleService  - Saving FXGL system data
11:20:07.928 [JavaFX Application Thread] DEBUG FileSystemAccess     - Writing to: E:\java\Project5\system\fxgl.bundle
11:20:07.932 [JavaFX Application Thread] DEBUG Async                - Shutting down background threads
11:20:07.932 [JavaFX Application Thread] DEBUG MainWindow           - Closing main window
11:20:07.954 [JavaFX Application Thread] DEBUG Logger               - Closing Logger
