22:07:46.445 [main                     ] DEBUG Logger               - Configured Logger
22:07:46.448 [main                     ] DEBUG GameApplication      - Logging settings
Title: project5 make a square
Version: 0.0
Width: 1400
Height: 750
Fullscreen: false
Intro: false
Profiling: false
Single step:false
App Mode: DEVELOPER
Menu Key: ESCAPE
Stage Style: DECORATED
Scene Factory: class com.almasb.fxgl.app.scene.SceneFactory

22:07:47.348 [JavaFX Application Thread] DEBUG FXGLApplication      - Initializing FXGL
22:07:47.352 [JavaFX Application Thread] INFO  Engine               - FXGL-11.12 (11.12.2020 08.51) on WINDOWS (J:21.0.1 FX:15)
22:07:47.352 [JavaFX Application Thread] DEBUG Engine               - JRE Vendor Name: Oracle Corporation
22:07:47.352 [JavaFX Application Thread] DEBUG Engine               - Running on OS: Windows 10 version 10.0
22:07:47.352 [JavaFX Application Thread] DEBUG Engine               - Architecture: amd64
22:07:47.353 [JavaFX Application Thread] INFO  Engine               - Source code and latest versions at: https://github.com/AlmasB/FXGL
22:07:47.353 [JavaFX Application Thread] INFO  Engine               -              Join the FXGL chat at: https://gitter.im/AlmasB/FXGL
22:07:47.521 [JavaFX Application Thread] DEBUG MainWindow           - Creating a JavaFX scene
22:07:47.594 [JavaFX Application Thread] DEBUG MainWindow           - Target settings size: 1400.0 x 750.0
22:07:47.594 [JavaFX Application Thread] DEBUG MainWindow           - Scaled scene size:    1400.0 x 750.0
22:07:47.594 [JavaFX Application Thread] DEBUG MainWindow           - Scaled ratio: (1.0, 1.0)
22:07:47.595 [JavaFX Application Thread] DEBUG MainWindow           - Set initial scene to StartupScene
22:07:47.604 [JavaFX Application Thread] DEBUG MainWindow           - Opening main window
22:07:47.703 [JavaFX Application Thread] DEBUG MainWindow           - Window border size: (14.4000244140625, 38.0)
22:07:47.703 [JavaFX Application Thread] DEBUG MainWindow           - Scaled size: 1400.0 x 750.0
22:07:47.703 [JavaFX Application Thread] DEBUG MainWindow           - Scaled ratio: (1.0, 1.0)
22:07:47.703 [JavaFX Application Thread] DEBUG MainWindow           - Scene size: 1400.0 x 750.0
22:07:47.703 [JavaFX Application Thread] DEBUG MainWindow           - Stage size: 1414.4000244140625 x 788.0
22:07:47.713 [FXGL Background Thread 1 ] DEBUG Engine               - Initializing environment variables
22:07:47.773 [FXGL Background Thread 1 ] DEBUG GameApplicationServi - Applying CSS: fxgl_dark.css
22:07:47.774 [FXGL Background Thread 1 ] DEBUG FXGLAssetLoaderServi - Loading from file system: /assets/ui/css/fxgl_dark.css
22:07:47.843 [FXGL Background Thread 1 ] DEBUG GameApplicationServi - Initializing application scenes
22:07:47.896 [FXGL Background Thread 1 ] DEBUG GameWorld            - Game world initialized
22:07:47.987 [FXGL Background Thread 1 ] DEBUG PhysicsWorld         - Physics world initialized: appHeight=750, physics.ppm=50.0
22:07:47.990 [FXGL Background Thread 1 ] DEBUG GameScene            - Game scene initialized: 1400x750
22:07:47.990 [FXGL Background Thread 1 ] DEBUG GameApplicationServi - Application scenes initialized
22:07:48.019 [FXGL Background Thread 1 ] DEBUG SystemBundleService  - Loading FXGL system data
22:07:48.024 [FXGL Background Thread 1 ] DEBUG FileSystemAccess     - Reading from: C:\Users\ahmma\Desktop\make-a-square\system\fxgl.bundle
22:07:48.034 [FXGL Background Thread 1 ] DEBUG SystemBundleService  - Bundle FXGL: {}
22:07:48.034 [FXGL Background Thread 1 ] DEBUG UpdaterService       - Checking for updates
22:07:48.041 [FXGL Background Thread 4 ] DEBUG FXGLApplication      - Loading fonts
22:07:48.041 [FXGL Background Thread 4 ] DEBUG FXGLAssetLoaderServi - Loading from file system: /assets/ui/fonts/VarelaRound-Regular.ttf
22:07:48.042 [FXGL Background Thread 1 ] DEBUG FXGLApplication      - Loading default localization
22:07:48.042 [FXGL Background Thread 1 ] DEBUG FXGLAssetLoaderServi - Loading from file system: /assets/languages/english.lang
22:07:48.088 [FXGL Background Thread 1 ] INFO  FXGLApplication      - FXGL initialization took: 0.375 sec
22:07:48.096 [FXGL Background Thread 4 ] DEBUG FXGLAssetLoaderServi - Loading from file system: /assets/ui/fonts/Abel-Regular.ttf
22:07:48.100 [FXGL Background Thread 4 ] DEBUG FXGLAssetLoaderServi - Loading from file system: /assets/ui/fonts/lucida_console.ttf
22:07:48.107 [FXGL Background Thread 4 ] DEBUG FXGLAssetLoaderServi - Loading from file system: /assets/ui/fonts/Courier-Prime.ttf
22:07:48.111 [JavaFX Application Thread] DEBUG Input                - Registered new binding: Start Solving - Enter
22:07:48.111 [JavaFX Application Thread] DEBUG FXGLAssetLoaderServi - Loading from file system: /assets/textures/fxgl_icon.png
22:07:48.173 [JavaFX Application Thread] DEBUG FXGLAssetLoaderServi - Loading from file system: /assets/ui/cursors/fxgl_default.png
22:07:48.177 [JavaFX Application Thread] DEBUG Input                - Registered new binding: Screenshot - P
22:07:48.178 [JavaFX Application Thread] DEBUG Input                - Registered new binding: System info dump - CTRL+9
22:07:48.178 [JavaFX Application Thread] DEBUG Input                - Registered new binding: Restart - CTRL+R
22:07:48.179 [JavaFX Application Thread] DEBUG Input                - Registered new binding: Toggle Debug Camera - CTRL+C
22:07:48.184 [JavaFX Application Thread] DEBUG LoopRunner           - Starting loop
22:07:48.186 [JavaFX Application Thread] DEBUG GameApplicationServi - Starting new game
22:07:48.187 [JavaFX Application Thread] DEBUG Input                - Clearing active input actions
22:07:48.209 [JavaFX Application Thread] DEBUG GameApplicationServi - Removing overlay from StartupScene and adding to FXGLLoadingScene
22:07:48.209 [JavaFX Application Thread] DEBUG MainWindow           - StartupScene -> FXGLLoadingScene
22:07:48.209 [JavaFX Application Thread] DEBUG GameApplicationServi - Clearing previous game
22:07:48.210 [JavaFX Application Thread] DEBUG GameScene            - Clearing game scene
22:07:48.210 [JavaFX Application Thread] DEBUG GameWorld            - Clearing game world
22:07:48.210 [JavaFX Application Thread] DEBUG PhysicsWorld         - Clearing physics world
22:07:48.213 [JavaFX Application Thread] DEBUG FXGLApplication      - Registering font factories with UI factory
22:07:48.213 [FXGL Background Thread 4 ] DEBUG FXGLApplication      - Initializing game
22:07:48.254 [FXGL Background Thread 4 ] INFO  FXGLApplication      - Game initialization took: 0.041 sec
22:07:48.290 [JavaFX Application Thread] DEBUG Input                - Clearing active input actions
22:07:48.304 [JavaFX Application Thread] DEBUG GameApplicationServi - Removing overlay from FXGLLoadingScene and adding to GameScene
22:07:48.305 [JavaFX Application Thread] DEBUG MainWindow           - FXGLLoadingScene -> GameScene
22:07:48.703 [FXGL Background Thread 2 ] INFO  UpdaterService       - Your current version:  11.12
22:07:48.704 [FXGL Background Thread 2 ] INFO  UpdaterService       - Latest stable version: 21.1
22:07:51.040 [FXGL Background Thread 3 ] DEBUG Engine               - Logging environment variables
22:07:51.040 [FXGL Background Thread 3 ] DEBUG Engine               - achievements: []
22:07:51.040 [FXGL Background Thread 3 ] DEBUG Engine               - actualHeight: 750.0
22:07:51.040 [FXGL Background Thread 3 ] DEBUG Engine               - actualHeightProperty: ReadOnlyDoubleProperty [value: 750.0]
22:07:51.040 [FXGL Background Thread 3 ] DEBUG Engine               - actualWidth: 1400.0
22:07:51.040 [FXGL Background Thread 3 ] DEBUG Engine               - actualWidthProperty: ReadOnlyDoubleProperty [value: 1400.0]
22:07:51.041 [FXGL Background Thread 3 ] DEBUG Engine               - appIcon: fxgl_icon.png
22:07:51.041 [FXGL Background Thread 3 ] DEBUG Engine               - applicationMode: DEVELOPER
22:07:51.041 [FXGL Background Thread 3 ] DEBUG Engine               - cSSList: [fxgl_dark.css]
22:07:51.041 [FXGL Background Thread 3 ] DEBUG Engine               - configClass: Optional.empty
22:07:51.041 [FXGL Background Thread 3 ] DEBUG Engine               - credits: []
22:07:51.041 [FXGL Background Thread 3 ] DEBUG Engine               - devBBoxColorProperty: ObjectProperty [value: 0xff0000ff]
22:07:51.041 [FXGL Background Thread 3 ] DEBUG Engine               - devEnableDebugCameraProperty: BooleanProperty [value: false]
22:07:51.041 [FXGL Background Thread 3 ] DEBUG Engine               - devSensorColorProperty: ObjectProperty [value: 0xffff00ff]
22:07:51.041 [FXGL Background Thread 3 ] DEBUG Engine               - devShowBBoxProperty: BooleanProperty [value: false]
22:07:51.041 [FXGL Background Thread 3 ] DEBUG Engine               - devShowPositionProperty: BooleanProperty [value: false]
22:07:51.042 [FXGL Background Thread 3 ] DEBUG Engine               - enabledMenuItems: []
22:07:51.042 [FXGL Background Thread 3 ] DEBUG Engine               - engineServices: [class com.almasb.fxgl.app.FXGLApplication$GameApplicationService, class com.almasb.fxgl.app.services.FXGLDialogService, class com.almasb.fxgl.app.services.IOTaskExecutorService, class com.almasb.fxgl.event.EventBusService, class com.almasb.fxgl.io.FileSystemService, class com.almasb.fxgl.localization.LocalizationService, class com.almasb.fxgl.app.services.FXGLAssetLoaderService, class com.almasb.fxgl.app.services.SystemBundleService, class com.almasb.fxgl.profile.SaveLoadService, class com.almasb.fxgl.ui.FXGLUIFactoryServiceProvider, class com.almasb.fxgl.ui.FXGLDialogFactoryServiceProvider, class com.almasb.fxgl.audio.AudioPlayer, class com.almasb.fxgl.notification.impl.NotificationServiceProvider, class com.almasb.fxgl.achievement.AchievementService, class com.almasb.fxgl.cutscene.CutsceneService, class com.almasb.fxgl.minigames.MiniGameService, class com.almasb.fxgl.net.NetService, class com.almasb.fxgl.app.services.UpdaterService, class com.almasb.fxgl.dev.DevService]
22:07:51.042 [FXGL Background Thread 3 ] DEBUG Engine               - fontGame: Abel-Regular.ttf
22:07:51.042 [FXGL Background Thread 3 ] DEBUG Engine               - fontMono: lucida_console.ttf
22:07:51.042 [FXGL Background Thread 3 ] DEBUG Engine               - fontText: Courier-Prime.ttf
22:07:51.042 [FXGL Background Thread 3 ] DEBUG Engine               - fontUI: VarelaRound-Regular.ttf
22:07:51.042 [FXGL Background Thread 3 ] DEBUG Engine               - fullScreen: BooleanProperty [value: false]
22:07:51.042 [FXGL Background Thread 3 ] DEBUG Engine               - gameDifficulty: MEDIUM
22:07:51.042 [FXGL Background Thread 3 ] DEBUG Engine               - gameDifficultyProperty: ObjectProperty [value: MEDIUM]
22:07:51.042 [FXGL Background Thread 3 ] DEBUG Engine               - globalMusicVolume: 0.5
22:07:51.042 [FXGL Background Thread 3 ] DEBUG Engine               - globalMusicVolumeProperty: DoubleProperty [value: 0.5]
22:07:51.042 [FXGL Background Thread 3 ] DEBUG Engine               - globalSoundVolume: 0.5
22:07:51.042 [FXGL Background Thread 3 ] DEBUG Engine               - globalSoundVolumeProperty: DoubleProperty [value: 0.5]
22:07:51.043 [FXGL Background Thread 3 ] DEBUG Engine               - height: 750
22:07:51.043 [FXGL Background Thread 3 ] DEBUG Engine               - isAndroid: false
22:07:51.043 [FXGL Background Thread 3 ] DEBUG Engine               - isBrowser: false
22:07:51.043 [FXGL Background Thread 3 ] DEBUG Engine               - isClickFeedbackEnabled: false
22:07:51.043 [FXGL Background Thread 3 ] DEBUG Engine               - isCloseConfirmation: false
22:07:51.043 [FXGL Background Thread 3 ] DEBUG Engine               - isDesktop: true
22:07:51.043 [FXGL Background Thread 3 ] DEBUG Engine               - isDeveloperMenuEnabled: false
22:07:51.043 [FXGL Background Thread 3 ] DEBUG Engine               - isEntityPreloadEnabled: true
22:07:51.043 [FXGL Background Thread 3 ] DEBUG Engine               - isExperimental3D: false
22:07:51.043 [FXGL Background Thread 3 ] DEBUG Engine               - isExperimentalNative: false
22:07:51.043 [FXGL Background Thread 3 ] DEBUG Engine               - isExperimentalTiledLargeMap: false
22:07:51.043 [FXGL Background Thread 3 ] DEBUG Engine               - isFileSystemWriteAllowed: true
22:07:51.043 [FXGL Background Thread 3 ] DEBUG Engine               - isFullScreenAllowed: false
22:07:51.043 [FXGL Background Thread 3 ] DEBUG Engine               - isFullScreenFromStart: false
22:07:51.044 [FXGL Background Thread 3 ] DEBUG Engine               - isGameMenuEnabled: false
22:07:51.044 [FXGL Background Thread 3 ] DEBUG Engine               - isIOS: false
22:07:51.044 [FXGL Background Thread 3 ] DEBUG Engine               - isIntroEnabled: false
22:07:51.044 [FXGL Background Thread 3 ] DEBUG Engine               - isLinux: false
22:07:51.044 [FXGL Background Thread 3 ] DEBUG Engine               - isMac: false
22:07:51.044 [FXGL Background Thread 3 ] DEBUG Engine               - isMainMenuEnabled: false
22:07:51.044 [FXGL Background Thread 3 ] DEBUG Engine               - isManualResizeEnabled: false
22:07:51.044 [FXGL Background Thread 3 ] DEBUG Engine               - isMobile: false
22:07:51.044 [FXGL Background Thread 3 ] DEBUG Engine               - isPreserveResizeRatio: false
22:07:51.044 [FXGL Background Thread 3 ] DEBUG Engine               - isProfilingEnabled: false
22:07:51.044 [FXGL Background Thread 3 ] DEBUG Engine               - isScaleAffectedOnResize: true
22:07:51.044 [FXGL Background Thread 3 ] DEBUG Engine               - isSingleStep: false
22:07:51.044 [FXGL Background Thread 3 ] DEBUG Engine               - isUserProfileEnabled: false
22:07:51.044 [FXGL Background Thread 3 ] DEBUG Engine               - isWindows: true
22:07:51.045 [FXGL Background Thread 3 ] DEBUG Engine               - language: ObjectProperty [value: ENGLISH]
22:07:51.045 [FXGL Background Thread 3 ] DEBUG Engine               - menuKey: ESCAPE
22:07:51.045 [FXGL Background Thread 3 ] DEBUG Engine               - notificationViewClass: class com.almasb.fxgl.notification.view.XboxNotificationView
22:07:51.045 [FXGL Background Thread 3 ] DEBUG Engine               - pixelsPerMeter: 50.0
22:07:51.045 [FXGL Background Thread 3 ] DEBUG Engine               - platform: WINDOWS
22:07:51.045 [FXGL Background Thread 3 ] DEBUG Engine               - prefHeightProperty: ReadOnlyDoubleProperty [value: 750.0]
22:07:51.045 [FXGL Background Thread 3 ] DEBUG Engine               - prefWidthProperty: ReadOnlyDoubleProperty [value: 1400.0]
22:07:51.045 [FXGL Background Thread 3 ] DEBUG Engine               - profileDir: profiles/
22:07:51.045 [FXGL Background Thread 3 ] DEBUG Engine               - profileName: StringProperty [value: DEFAULT]
22:07:51.045 [FXGL Background Thread 3 ] DEBUG Engine               - randomSeed: -1
22:07:51.045 [FXGL Background Thread 3 ] DEBUG Engine               - runtimeInfo: RuntimeInfo(platform=WINDOWS, version=11.12, build=11.12.2020 08.51)
22:07:51.045 [FXGL Background Thread 3 ] DEBUG Engine               - saveFileExt: sav
22:07:51.046 [FXGL Background Thread 3 ] DEBUG Engine               - scaledHeightProp$fxgl: DoubleProperty [bound, value: 750.0]
22:07:51.046 [FXGL Background Thread 3 ] DEBUG Engine               - scaledWidthProp$fxgl: DoubleProperty [bound, value: 1400.0]
22:07:51.046 [FXGL Background Thread 3 ] DEBUG Engine               - sceneFactory: com.almasb.fxgl.app.scene.SceneFactory@63fb9cc4
22:07:51.046 [FXGL Background Thread 3 ] DEBUG Engine               - secondsIn24h: 60
22:07:51.046 [FXGL Background Thread 3 ] DEBUG Engine               - soundMenuBack: menu/back.wav
22:07:51.046 [FXGL Background Thread 3 ] DEBUG Engine               - soundMenuPress: menu/press.wav
22:07:51.046 [FXGL Background Thread 3 ] DEBUG Engine               - soundMenuSelect: menu/select.wav
22:07:51.046 [FXGL Background Thread 3 ] DEBUG Engine               - soundNotification: core/notification.wav
22:07:51.046 [FXGL Background Thread 3 ] DEBUG Engine               - stageStyle: DECORATED
22:07:51.046 [FXGL Background Thread 3 ] DEBUG Engine               - supportedLanguages: [ENGLISH, FRENCH, GERMAN, HUNGARIAN, RUSSIAN]
22:07:51.046 [FXGL Background Thread 3 ] DEBUG Engine               - title: project5 make a square
22:07:51.046 [FXGL Background Thread 3 ] DEBUG Engine               - urlGithub: https://github.com/AlmasB/FXGL
22:07:51.046 [FXGL Background Thread 3 ] DEBUG Engine               - urlLeaderboard: http://fxgl-top.herokuapp.com/
22:07:51.046 [FXGL Background Thread 3 ] DEBUG Engine               - urlPOM: https://raw.githubusercontent.com/AlmasB/FXGL/master/README.md
22:07:51.047 [FXGL Background Thread 3 ] DEBUG Engine               - version: 0.0
22:07:51.047 [FXGL Background Thread 3 ] DEBUG Engine               - versionCheckDays: 7
22:07:51.047 [FXGL Background Thread 3 ] DEBUG Engine               - width: 1400
22:07:51.047 [FXGL Background Thread 3 ] DEBUG Engine               - Logging services
22:07:51.047 [FXGL Background Thread 3 ] DEBUG Engine               - class com.almasb.fxgl.app.FXGLApplication$GameApplicationService
22:07:51.047 [FXGL Background Thread 3 ] DEBUG Engine               - class com.almasb.fxgl.app.services.FXGLDialogService
22:07:51.047 [FXGL Background Thread 3 ] DEBUG Engine               - class com.almasb.fxgl.app.services.IOTaskExecutorService
22:07:51.047 [FXGL Background Thread 3 ] DEBUG Engine               - class com.almasb.fxgl.event.EventBusService
22:07:51.047 [FXGL Background Thread 3 ] DEBUG Engine               - class com.almasb.fxgl.io.FileSystemService
22:07:51.047 [FXGL Background Thread 3 ] DEBUG Engine               - class com.almasb.fxgl.localization.LocalizationService
22:07:51.047 [FXGL Background Thread 3 ] DEBUG Engine               - class com.almasb.fxgl.app.services.FXGLAssetLoaderService
22:07:51.047 [FXGL Background Thread 3 ] DEBUG Engine               - class com.almasb.fxgl.app.services.SystemBundleService
22:07:51.047 [FXGL Background Thread 3 ] DEBUG Engine               - class com.almasb.fxgl.profile.SaveLoadService
22:07:51.047 [FXGL Background Thread 3 ] DEBUG Engine               - class com.almasb.fxgl.ui.FXGLUIFactoryServiceProvider
22:07:51.047 [FXGL Background Thread 3 ] DEBUG Engine               - class com.almasb.fxgl.ui.FXGLDialogFactoryServiceProvider
22:07:51.047 [FXGL Background Thread 3 ] DEBUG Engine               - class com.almasb.fxgl.audio.AudioPlayer
22:07:51.048 [FXGL Background Thread 3 ] DEBUG Engine               - class com.almasb.fxgl.notification.impl.NotificationServiceProvider
22:07:51.048 [FXGL Background Thread 3 ] DEBUG Engine               - class com.almasb.fxgl.achievement.AchievementService
22:07:51.048 [FXGL Background Thread 3 ] DEBUG Engine               - class com.almasb.fxgl.cutscene.CutsceneService
22:07:51.048 [FXGL Background Thread 3 ] DEBUG Engine               - class com.almasb.fxgl.minigames.MiniGameService
22:07:51.048 [FXGL Background Thread 3 ] DEBUG Engine               - class com.almasb.fxgl.net.NetService
22:07:51.048 [FXGL Background Thread 3 ] DEBUG Engine               - class com.almasb.fxgl.app.services.UpdaterService
22:07:51.048 [FXGL Background Thread 3 ] DEBUG Engine               - class com.almasb.fxgl.dev.DevService
22:08:08.240 [JavaFX Application Thread] DEBUG FXGLApplication      - Exiting FXGL
22:08:08.241 [JavaFX Application Thread] DEBUG LoopRunner           - Stopping loop
22:08:08.241 [JavaFX Application Thread] DEBUG SystemBundleService  - Saving FXGL system data
22:08:08.248 [JavaFX Application Thread] DEBUG FileSystemAccess     - Writing to: C:\Users\ahmma\Desktop\make-a-square\system\fxgl.bundle
22:08:08.252 [JavaFX Application Thread] DEBUG Async                - Shutting down background threads
22:08:08.253 [JavaFX Application Thread] DEBUG MainWindow           - Closing main window
22:08:08.278 [JavaFX Application Thread] DEBUG Logger               - Closing Logger
