20:22:09.108 [main                     ] DEBUG Logger               - Configured Logger
20:22:09.111 [main                     ] DEBUG GameApplication      - Logging settings
Title: project5 make a square
Version: 0.0
Width: 1400
Height: 750
Fullscreen: false
Intro: false
Profiling: false
Single step:false
App Mode: DEVELOPER
Menu Key: ESCAPE
Stage Style: DECORATED
Scene Factory: class com.almasb.fxgl.app.scene.SceneFactory

20:22:10.233 [JavaFX Application Thread] DEBUG FXGLApplication      - Initializing FXGL
20:22:10.236 [JavaFX Application Thread] INFO  Engine               - FXGL-11.12 (11.12.2020 08.51) on WINDOWS (J:21.0.1 FX:15)
20:22:10.236 [JavaFX Application Thread] DEBUG Engine               - JRE Vendor Name: Oracle Corporation
20:22:10.236 [JavaFX Application Thread] DEBUG Engine               - Running on OS: Windows 10 version 10.0
20:22:10.236 [JavaFX Application Thread] DEBUG Engine               - Architecture: amd64
20:22:10.236 [JavaFX Application Thread] INFO  Engine               - Source code and latest versions at: https://github.com/AlmasB/FXGL
20:22:10.236 [JavaFX Application Thread] INFO  Engine               -              Join the FXGL chat at: https://gitter.im/AlmasB/FXGL
20:22:10.424 [JavaFX Application Thread] DEBUG MainWindow           - Creating a JavaFX scene
20:22:10.503 [JavaFX Application Thread] DEBUG MainWindow           - Target settings size: 1400.0 x 750.0
20:22:10.503 [JavaFX Application Thread] DEBUG MainWindow           - Scaled scene size:    1400.0 x 750.0
20:22:10.503 [JavaFX Application Thread] DEBUG MainWindow           - Scaled ratio: (1.0, 1.0)
20:22:10.504 [JavaFX Application Thread] DEBUG MainWindow           - Set initial scene to StartupScene
20:22:10.515 [JavaFX Application Thread] DEBUG MainWindow           - Opening main window
20:22:10.627 [JavaFX Application Thread] DEBUG MainWindow           - Window border size: (14.4000244140625, 38.0)
20:22:10.627 [JavaFX Application Thread] DEBUG MainWindow           - Scaled size: 1400.0 x 750.0
20:22:10.628 [JavaFX Application Thread] DEBUG MainWindow           - Scaled ratio: (1.0, 1.0)
20:22:10.628 [JavaFX Application Thread] DEBUG MainWindow           - Scene size: 1400.0 x 750.0
20:22:10.628 [JavaFX Application Thread] DEBUG MainWindow           - Stage size: 1414.4000244140625 x 788.0
20:22:10.640 [FXGL Background Thread 1 ] DEBUG Engine               - Initializing environment variables
20:22:10.706 [FXGL Background Thread 1 ] DEBUG GameApplicationServi - Applying CSS: fxgl_dark.css
20:22:10.706 [FXGL Background Thread 1 ] DEBUG FXGLAssetLoaderServi - Loading from file system: /assets/ui/css/fxgl_dark.css
20:22:10.776 [FXGL Background Thread 1 ] DEBUG GameApplicationServi - Initializing application scenes
20:22:10.835 [FXGL Background Thread 1 ] DEBUG GameWorld            - Game world initialized
20:22:10.930 [FXGL Background Thread 1 ] DEBUG PhysicsWorld         - Physics world initialized: appHeight=750, physics.ppm=50.0
20:22:10.932 [FXGL Background Thread 1 ] DEBUG GameScene            - Game scene initialized: 1400x750
20:22:10.932 [FXGL Background Thread 1 ] DEBUG GameApplicationServi - Application scenes initialized
20:22:10.961 [FXGL Background Thread 1 ] DEBUG SystemBundleService  - Loading FXGL system data
20:22:10.967 [FXGL Background Thread 1 ] DEBUG FileSystemAccess     - Reading from: C:\Users\ahmma\Desktop\make-a-square\system\fxgl.bundle
20:22:10.982 [FXGL Background Thread 1 ] DEBUG SystemBundleService  - Bundle FXGL: {}
20:22:10.982 [FXGL Background Thread 1 ] DEBUG UpdaterService       - Checking for updates
20:22:10.989 [FXGL Background Thread 4 ] DEBUG FXGLApplication      - Loading fonts
20:22:10.989 [FXGL Background Thread 4 ] DEBUG FXGLAssetLoaderServi - Loading from file system: /assets/ui/fonts/VarelaRound-Regular.ttf
20:22:10.992 [FXGL Background Thread 1 ] DEBUG FXGLApplication      - Loading default localization
20:22:10.992 [FXGL Background Thread 1 ] DEBUG FXGLAssetLoaderServi - Loading from file system: /assets/languages/english.lang
20:22:11.037 [FXGL Background Thread 1 ] INFO  FXGLApplication      - FXGL initialization took: 0.397 sec
20:22:11.047 [FXGL Background Thread 4 ] DEBUG FXGLAssetLoaderServi - Loading from file system: /assets/ui/fonts/Abel-Regular.ttf
20:22:11.052 [FXGL Background Thread 4 ] DEBUG FXGLAssetLoaderServi - Loading from file system: /assets/ui/fonts/lucida_console.ttf
20:22:11.058 [FXGL Background Thread 4 ] DEBUG FXGLAssetLoaderServi - Loading from file system: /assets/ui/fonts/Courier-Prime.ttf
20:22:11.059 [JavaFX Application Thread] DEBUG Input                - Registered new binding: Start Solving - Enter
20:22:11.059 [JavaFX Application Thread] DEBUG FXGLAssetLoaderServi - Loading from file system: /assets/textures/fxgl_icon.png
20:22:11.124 [JavaFX Application Thread] DEBUG FXGLAssetLoaderServi - Loading from file system: /assets/ui/cursors/fxgl_default.png
20:22:11.128 [JavaFX Application Thread] DEBUG Input                - Registered new binding: Screenshot - P
20:22:11.128 [JavaFX Application Thread] DEBUG Input                - Registered new binding: System info dump - CTRL+9
20:22:11.129 [JavaFX Application Thread] DEBUG Input                - Registered new binding: Restart - CTRL+R
20:22:11.129 [JavaFX Application Thread] DEBUG Input                - Registered new binding: Toggle Debug Camera - CTRL+C
20:22:11.132 [JavaFX Application Thread] DEBUG LoopRunner           - Starting loop
20:22:11.135 [JavaFX Application Thread] DEBUG GameApplicationServi - Starting new game
20:22:11.135 [JavaFX Application Thread] DEBUG Input                - Clearing active input actions
20:22:11.150 [JavaFX Application Thread] DEBUG GameApplicationServi - Removing overlay from StartupScene and adding to FXGLLoadingScene
20:22:11.151 [JavaFX Application Thread] DEBUG MainWindow           - StartupScene -> FXGLLoadingScene
20:22:11.151 [JavaFX Application Thread] DEBUG GameApplicationServi - Clearing previous game
20:22:11.151 [JavaFX Application Thread] DEBUG GameScene            - Clearing game scene
20:22:11.151 [JavaFX Application Thread] DEBUG GameWorld            - Clearing game world
20:22:11.151 [JavaFX Application Thread] DEBUG PhysicsWorld         - Clearing physics world
20:22:11.153 [JavaFX Application Thread] DEBUG FXGLApplication      - Registering font factories with UI factory
20:22:11.153 [FXGL Background Thread 4 ] DEBUG FXGLApplication      - Initializing game
20:22:11.198 [FXGL Background Thread 4 ] INFO  FXGLApplication      - Game initialization took: 0.045 sec
20:22:11.244 [JavaFX Application Thread] DEBUG Input                - Clearing active input actions
20:22:11.255 [JavaFX Application Thread] DEBUG GameApplicationServi - Removing overlay from FXGLLoadingScene and adding to GameScene
20:22:11.256 [JavaFX Application Thread] DEBUG MainWindow           - FXGLLoadingScene -> GameScene
20:22:11.962 [FXGL Background Thread 2 ] INFO  UpdaterService       - Your current version:  11.12
20:22:11.962 [FXGL Background Thread 2 ] INFO  UpdaterService       - Latest stable version: 21.1
20:22:13.989 [FXGL Background Thread 3 ] DEBUG Engine               - Logging environment variables
20:22:13.989 [FXGL Background Thread 3 ] DEBUG Engine               - achievements: []
20:22:13.990 [FXGL Background Thread 3 ] DEBUG Engine               - actualHeight: 750.0
20:22:13.990 [FXGL Background Thread 3 ] DEBUG Engine               - actualHeightProperty: ReadOnlyDoubleProperty [value: 750.0]
20:22:13.990 [FXGL Background Thread 3 ] DEBUG Engine               - actualWidth: 1400.0
20:22:13.990 [FXGL Background Thread 3 ] DEBUG Engine               - actualWidthProperty: ReadOnlyDoubleProperty [value: 1400.0]
20:22:13.991 [FXGL Background Thread 3 ] DEBUG Engine               - appIcon: fxgl_icon.png
20:22:13.991 [FXGL Background Thread 3 ] DEBUG Engine               - applicationMode: DEVELOPER
20:22:13.991 [FXGL Background Thread 3 ] DEBUG Engine               - cSSList: [fxgl_dark.css]
20:22:13.991 [FXGL Background Thread 3 ] DEBUG Engine               - configClass: Optional.empty
20:22:13.992 [FXGL Background Thread 3 ] DEBUG Engine               - credits: []
20:22:13.992 [FXGL Background Thread 3 ] DEBUG Engine               - devBBoxColorProperty: ObjectProperty [value: 0xff0000ff]
20:22:13.992 [FXGL Background Thread 3 ] DEBUG Engine               - devEnableDebugCameraProperty: BooleanProperty [value: false]
20:22:13.993 [FXGL Background Thread 3 ] DEBUG Engine               - devSensorColorProperty: ObjectProperty [value: 0xffff00ff]
20:22:13.993 [FXGL Background Thread 3 ] DEBUG Engine               - devShowBBoxProperty: BooleanProperty [value: false]
20:22:13.993 [FXGL Background Thread 3 ] DEBUG Engine               - devShowPositionProperty: BooleanProperty [value: false]
20:22:13.993 [FXGL Background Thread 3 ] DEBUG Engine               - enabledMenuItems: []
20:22:13.994 [FXGL Background Thread 3 ] DEBUG Engine               - engineServices: [class com.almasb.fxgl.app.FXGLApplication$GameApplicationService, class com.almasb.fxgl.app.services.FXGLDialogService, class com.almasb.fxgl.app.services.IOTaskExecutorService, class com.almasb.fxgl.event.EventBusService, class com.almasb.fxgl.io.FileSystemService, class com.almasb.fxgl.localization.LocalizationService, class com.almasb.fxgl.app.services.FXGLAssetLoaderService, class com.almasb.fxgl.app.services.SystemBundleService, class com.almasb.fxgl.profile.SaveLoadService, class com.almasb.fxgl.ui.FXGLUIFactoryServiceProvider, class com.almasb.fxgl.ui.FXGLDialogFactoryServiceProvider, class com.almasb.fxgl.audio.AudioPlayer, class com.almasb.fxgl.notification.impl.NotificationServiceProvider, class com.almasb.fxgl.achievement.AchievementService, class com.almasb.fxgl.cutscene.CutsceneService, class com.almasb.fxgl.minigames.MiniGameService, class com.almasb.fxgl.net.NetService, class com.almasb.fxgl.app.services.UpdaterService, class com.almasb.fxgl.dev.DevService]
20:22:13.994 [FXGL Background Thread 3 ] DEBUG Engine               - fontGame: Abel-Regular.ttf
20:22:13.994 [FXGL Background Thread 3 ] DEBUG Engine               - fontMono: lucida_console.ttf
20:22:13.994 [FXGL Background Thread 3 ] DEBUG Engine               - fontText: Courier-Prime.ttf
20:22:13.994 [FXGL Background Thread 3 ] DEBUG Engine               - fontUI: VarelaRound-Regular.ttf
20:22:13.995 [FXGL Background Thread 3 ] DEBUG Engine               - fullScreen: BooleanProperty [value: false]
20:22:13.995 [FXGL Background Thread 3 ] DEBUG Engine               - gameDifficulty: MEDIUM
20:22:13.995 [FXGL Background Thread 3 ] DEBUG Engine               - gameDifficultyProperty: ObjectProperty [value: MEDIUM]
20:22:13.995 [FXGL Background Thread 3 ] DEBUG Engine               - globalMusicVolume: 0.5
20:22:13.996 [FXGL Background Thread 3 ] DEBUG Engine               - globalMusicVolumeProperty: DoubleProperty [value: 0.5]
20:22:13.996 [FXGL Background Thread 3 ] DEBUG Engine               - globalSoundVolume: 0.5
20:22:13.996 [FXGL Background Thread 3 ] DEBUG Engine               - globalSoundVolumeProperty: DoubleProperty [value: 0.5]
20:22:13.996 [FXGL Background Thread 3 ] DEBUG Engine               - height: 750
20:22:13.997 [FXGL Background Thread 3 ] DEBUG Engine               - isAndroid: false
20:22:13.997 [FXGL Background Thread 3 ] DEBUG Engine               - isBrowser: false
20:22:13.997 [FXGL Background Thread 3 ] DEBUG Engine               - isClickFeedbackEnabled: false
20:22:13.997 [FXGL Background Thread 3 ] DEBUG Engine               - isCloseConfirmation: false
20:22:13.997 [FXGL Background Thread 3 ] DEBUG Engine               - isDesktop: true
20:22:13.998 [FXGL Background Thread 3 ] DEBUG Engine               - isDeveloperMenuEnabled: false
20:22:13.998 [FXGL Background Thread 3 ] DEBUG Engine               - isEntityPreloadEnabled: true
20:22:13.998 [FXGL Background Thread 3 ] DEBUG Engine               - isExperimental3D: false
20:22:13.999 [FXGL Background Thread 3 ] DEBUG Engine               - isExperimentalNative: false
20:22:13.999 [FXGL Background Thread 3 ] DEBUG Engine               - isExperimentalTiledLargeMap: false
20:22:13.999 [FXGL Background Thread 3 ] DEBUG Engine               - isFileSystemWriteAllowed: true
20:22:13.999 [FXGL Background Thread 3 ] DEBUG Engine               - isFullScreenAllowed: false
20:22:14.000 [FXGL Background Thread 3 ] DEBUG Engine               - isFullScreenFromStart: false
20:22:14.000 [FXGL Background Thread 3 ] DEBUG Engine               - isGameMenuEnabled: false
20:22:14.000 [FXGL Background Thread 3 ] DEBUG Engine               - isIOS: false
20:22:14.000 [FXGL Background Thread 3 ] DEBUG Engine               - isIntroEnabled: false
20:22:14.000 [FXGL Background Thread 3 ] DEBUG Engine               - isLinux: false
20:22:14.001 [FXGL Background Thread 3 ] DEBUG Engine               - isMac: false
20:22:14.001 [FXGL Background Thread 3 ] DEBUG Engine               - isMainMenuEnabled: false
20:22:14.001 [FXGL Background Thread 3 ] DEBUG Engine               - isManualResizeEnabled: false
20:22:14.001 [FXGL Background Thread 3 ] DEBUG Engine               - isMobile: false
20:22:14.001 [FXGL Background Thread 3 ] DEBUG Engine               - isPreserveResizeRatio: false
20:22:14.002 [FXGL Background Thread 3 ] DEBUG Engine               - isProfilingEnabled: false
20:22:14.002 [FXGL Background Thread 3 ] DEBUG Engine               - isScaleAffectedOnResize: true
20:22:14.002 [FXGL Background Thread 3 ] DEBUG Engine               - isSingleStep: false
20:22:14.002 [FXGL Background Thread 3 ] DEBUG Engine               - isUserProfileEnabled: false
20:22:14.002 [FXGL Background Thread 3 ] DEBUG Engine               - isWindows: true
20:22:14.003 [FXGL Background Thread 3 ] DEBUG Engine               - language: ObjectProperty [value: ENGLISH]
20:22:14.003 [FXGL Background Thread 3 ] DEBUG Engine               - menuKey: ESCAPE
20:22:14.003 [FXGL Background Thread 3 ] DEBUG Engine               - notificationViewClass: class com.almasb.fxgl.notification.view.XboxNotificationView
20:22:14.003 [FXGL Background Thread 3 ] DEBUG Engine               - pixelsPerMeter: 50.0
20:22:14.004 [FXGL Background Thread 3 ] DEBUG Engine               - platform: WINDOWS
20:22:14.004 [FXGL Background Thread 3 ] DEBUG Engine               - prefHeightProperty: ReadOnlyDoubleProperty [value: 750.0]
20:22:14.004 [FXGL Background Thread 3 ] DEBUG Engine               - prefWidthProperty: ReadOnlyDoubleProperty [value: 1400.0]
20:22:14.005 [FXGL Background Thread 3 ] DEBUG Engine               - profileDir: profiles/
20:22:14.005 [FXGL Background Thread 3 ] DEBUG Engine               - profileName: StringProperty [value: DEFAULT]
20:22:14.005 [FXGL Background Thread 3 ] DEBUG Engine               - randomSeed: -1
20:22:14.006 [FXGL Background Thread 3 ] DEBUG Engine               - runtimeInfo: RuntimeInfo(platform=WINDOWS, version=11.12, build=11.12.2020 08.51)
20:22:14.006 [FXGL Background Thread 3 ] DEBUG Engine               - saveFileExt: sav
20:22:14.006 [FXGL Background Thread 3 ] DEBUG Engine               - scaledHeightProp$fxgl: DoubleProperty [bound, value: 750.0]
20:22:14.006 [FXGL Background Thread 3 ] DEBUG Engine               - scaledWidthProp$fxgl: DoubleProperty [bound, value: 1400.0]
20:22:14.007 [FXGL Background Thread 3 ] DEBUG Engine               - sceneFactory: com.almasb.fxgl.app.scene.SceneFactory@370ade04
20:22:14.007 [FXGL Background Thread 3 ] DEBUG Engine               - secondsIn24h: 60
20:22:14.007 [FXGL Background Thread 3 ] DEBUG Engine               - soundMenuBack: menu/back.wav
20:22:14.007 [FXGL Background Thread 3 ] DEBUG Engine               - soundMenuPress: menu/press.wav
20:22:14.007 [FXGL Background Thread 3 ] DEBUG Engine               - soundMenuSelect: menu/select.wav
20:22:14.008 [FXGL Background Thread 3 ] DEBUG Engine               - soundNotification: core/notification.wav
20:22:14.008 [FXGL Background Thread 3 ] DEBUG Engine               - stageStyle: DECORATED
20:22:14.008 [FXGL Background Thread 3 ] DEBUG Engine               - supportedLanguages: [ENGLISH, FRENCH, GERMAN, HUNGARIAN, RUSSIAN]
20:22:14.008 [FXGL Background Thread 3 ] DEBUG Engine               - title: project5 make a square
20:22:14.008 [FXGL Background Thread 3 ] DEBUG Engine               - urlGithub: https://github.com/AlmasB/FXGL
20:22:14.009 [FXGL Background Thread 3 ] DEBUG Engine               - urlLeaderboard: http://fxgl-top.herokuapp.com/
20:22:14.009 [FXGL Background Thread 3 ] DEBUG Engine               - urlPOM: https://raw.githubusercontent.com/AlmasB/FXGL/master/README.md
20:22:14.009 [FXGL Background Thread 3 ] DEBUG Engine               - version: 0.0
20:22:14.009 [FXGL Background Thread 3 ] DEBUG Engine               - versionCheckDays: 7
20:22:14.009 [FXGL Background Thread 3 ] DEBUG Engine               - width: 1400
20:22:14.010 [FXGL Background Thread 3 ] DEBUG Engine               - Logging services
20:22:14.010 [FXGL Background Thread 3 ] DEBUG Engine               - class com.almasb.fxgl.app.FXGLApplication$GameApplicationService
20:22:14.010 [FXGL Background Thread 3 ] DEBUG Engine               - class com.almasb.fxgl.app.services.FXGLDialogService
20:22:14.010 [FXGL Background Thread 3 ] DEBUG Engine               - class com.almasb.fxgl.app.services.IOTaskExecutorService
20:22:14.010 [FXGL Background Thread 3 ] DEBUG Engine               - class com.almasb.fxgl.event.EventBusService
20:22:14.011 [FXGL Background Thread 3 ] DEBUG Engine               - class com.almasb.fxgl.io.FileSystemService
20:22:14.011 [FXGL Background Thread 3 ] DEBUG Engine               - class com.almasb.fxgl.localization.LocalizationService
20:22:14.011 [FXGL Background Thread 3 ] DEBUG Engine               - class com.almasb.fxgl.app.services.FXGLAssetLoaderService
20:22:14.011 [FXGL Background Thread 3 ] DEBUG Engine               - class com.almasb.fxgl.app.services.SystemBundleService
20:22:14.011 [FXGL Background Thread 3 ] DEBUG Engine               - class com.almasb.fxgl.profile.SaveLoadService
20:22:14.012 [FXGL Background Thread 3 ] DEBUG Engine               - class com.almasb.fxgl.ui.FXGLUIFactoryServiceProvider
20:22:14.012 [FXGL Background Thread 3 ] DEBUG Engine               - class com.almasb.fxgl.ui.FXGLDialogFactoryServiceProvider
20:22:14.012 [FXGL Background Thread 3 ] DEBUG Engine               - class com.almasb.fxgl.audio.AudioPlayer
20:22:14.012 [FXGL Background Thread 3 ] DEBUG Engine               - class com.almasb.fxgl.notification.impl.NotificationServiceProvider
20:22:14.012 [FXGL Background Thread 3 ] DEBUG Engine               - class com.almasb.fxgl.achievement.AchievementService
20:22:14.013 [FXGL Background Thread 3 ] DEBUG Engine               - class com.almasb.fxgl.cutscene.CutsceneService
20:22:14.013 [FXGL Background Thread 3 ] DEBUG Engine               - class com.almasb.fxgl.minigames.MiniGameService
20:22:14.013 [FXGL Background Thread 3 ] DEBUG Engine               - class com.almasb.fxgl.net.NetService
20:22:14.013 [FXGL Background Thread 3 ] DEBUG Engine               - class com.almasb.fxgl.app.services.UpdaterService
20:22:14.014 [FXGL Background Thread 3 ] DEBUG Engine               - class com.almasb.fxgl.dev.DevService
20:22:47.277 [JavaFX Application Thread] DEBUG FXGLApplication      - Exiting FXGL
20:22:47.278 [JavaFX Application Thread] DEBUG LoopRunner           - Stopping loop
20:22:47.279 [JavaFX Application Thread] DEBUG SystemBundleService  - Saving FXGL system data
20:22:47.295 [JavaFX Application Thread] DEBUG FileSystemAccess     - Writing to: C:\Users\ahmma\Desktop\make-a-square\system\fxgl.bundle
20:22:47.303 [JavaFX Application Thread] DEBUG Async                - Shutting down background threads
20:22:47.303 [JavaFX Application Thread] DEBUG MainWindow           - Closing main window
20:22:47.331 [JavaFX Application Thread] DEBUG Logger               - Closing Logger
