11:15:12.618 [main                     ] DEBUG Logger               - Configured Logger
11:15:12.623 [main                     ] DEBUG GameApplication      - Logging settings
Title: project5 make a square
Version: 0.0
Width: 1400
Height: 750
Fullscreen: false
Intro: false
Profiling: false
Single step:false
App Mode: DEVELOPER
Menu Key: ESCAPE
Stage Style: DECORATED
Scene Factory: class com.almasb.fxgl.app.scene.SceneFactory

11:15:13.130 [JavaFX Application Thread] DEBUG FXGLApplication      - Initializing FXGL
11:15:13.132 [JavaFX Application Thread] INFO  Engine               - FXGL-11.12 (11.12.2020 08.51) on WINDOWS (J:21.0.2 FX:15)
11:15:13.133 [JavaFX Application Thread] DEBUG Engine               - JRE Vendor Name: Oracle Corporation
11:15:13.133 [JavaFX Application Thread] DEBUG Engine               - Running on OS: Windows 10 version 10.0
11:15:13.133 [JavaFX Application Thread] DEBUG Engine               - Architecture: amd64
11:15:13.133 [JavaFX Application Thread] INFO  Engine               - Source code and latest versions at: https://github.com/AlmasB/FXGL
11:15:13.133 [JavaFX Application Thread] INFO  Engine               -              Join the FXGL chat at: https://gitter.im/AlmasB/FXGL
11:15:13.276 [JavaFX Application Thread] DEBUG MainWindow           - Creating a JavaFX scene
11:15:13.350 [JavaFX Application Thread] DEBUG MainWindow           - Target settings size: 1400.0 x 750.0
11:15:13.350 [JavaFX Application Thread] DEBUG MainWindow           - Scaled scene size:    1400.0 x 750.0
11:15:13.350 [JavaFX Application Thread] DEBUG MainWindow           - Scaled ratio: (1.0, 1.0)
11:15:13.351 [JavaFX Application Thread] DEBUG MainWindow           - Set initial scene to StartupScene
11:15:13.358 [JavaFX Application Thread] DEBUG MainWindow           - Opening main window
11:15:13.477 [JavaFX Application Thread] DEBUG MainWindow           - Window border size: (14.4000244140625, 38.0)
11:15:13.477 [JavaFX Application Thread] DEBUG MainWindow           - Scaled size: 1400.0 x 750.0
11:15:13.477 [JavaFX Application Thread] DEBUG MainWindow           - Scaled ratio: (1.0, 1.0)
11:15:13.477 [JavaFX Application Thread] DEBUG MainWindow           - Scene size: 1400.0 x 750.0
11:15:13.478 [JavaFX Application Thread] DEBUG MainWindow           - Stage size: 1414.4000244140625 x 788.0
11:15:13.488 [FXGL Background Thread 1 ] DEBUG Engine               - Initializing environment variables
11:15:13.563 [FXGL Background Thread 1 ] DEBUG GameApplicationServi - Applying CSS: fxgl_dark.css
11:15:13.565 [FXGL Background Thread 1 ] DEBUG FXGLAssetLoaderServi - Loading from file system: /assets/ui/css/fxgl_dark.css
11:15:13.628 [FXGL Background Thread 1 ] DEBUG GameApplicationServi - Initializing application scenes
11:15:13.676 [FXGL Background Thread 1 ] DEBUG GameWorld            - Game world initialized
11:15:13.779 [FXGL Background Thread 1 ] DEBUG PhysicsWorld         - Physics world initialized: appHeight=750, physics.ppm=50.0
11:15:13.781 [FXGL Background Thread 1 ] DEBUG GameScene            - Game scene initialized: 1400x750
11:15:13.823 [FXGL Background Thread 1 ] DEBUG FXGLAssetLoaderServi - Loading from file system: /assets/textures/particles/trace_horizontal.png
11:15:13.872 [FXGL Background Thread 1 ] DEBUG FXGL.DefaultMenu     - createMenuBodyGameMenu()
11:15:13.896 [FXGL Background Thread 1 ] DEBUG FXGL.DefaultMenu     - createOptionsMenu()
11:15:13.901 [FXGL Background Thread 1 ] DEBUG FXGLAssetLoaderServi - Loading from file system: /assets/textures/particles/smoke.png
11:15:13.969 [FXGL Background Thread 1 ] DEBUG GameApplicationServi - Application scenes initialized
11:15:13.986 [FXGL Background Thread 1 ] DEBUG SystemBundleService  - Loading FXGL system data
11:15:13.992 [FXGL Background Thread 1 ] DEBUG FileSystemAccess     - Reading from: E:\java\Project5\system\fxgl.bundle
11:15:14.012 [FXGL Background Thread 1 ] DEBUG SystemBundleService  - Bundle FXGL: {}
11:15:14.012 [FXGL Background Thread 1 ] DEBUG UpdaterService       - Checking for updates
11:15:14.021 [FXGL Background Thread 4 ] DEBUG FXGLApplication      - Loading fonts
11:15:14.022 [FXGL Background Thread 4 ] DEBUG FXGLAssetLoaderServi - Loading from file system: /assets/ui/fonts/VarelaRound-Regular.ttf
11:15:14.023 [FXGL Background Thread 1 ] DEBUG FXGLApplication      - Loading default localization
11:15:14.023 [FXGL Background Thread 1 ] DEBUG FXGLAssetLoaderServi - Loading from file system: /assets/languages/english.lang
11:15:14.056 [FXGL Background Thread 1 ] INFO  FXGLApplication      - FXGL initialization took: 0.568 sec
11:15:14.057 [JavaFX Application Thread] DEBUG FXGLAssetLoaderServi - Loading from file system: /assets/textures/fxgl_icon.png
11:15:14.077 [FXGL Background Thread 4 ] DEBUG FXGLAssetLoaderServi - Loading from file system: /assets/ui/fonts/Abel-Regular.ttf
11:15:14.082 [FXGL Background Thread 4 ] DEBUG FXGLAssetLoaderServi - Loading from file system: /assets/ui/fonts/lucida_console.ttf
11:15:14.088 [FXGL Background Thread 4 ] DEBUG FXGLAssetLoaderServi - Loading from file system: /assets/ui/fonts/Courier-Prime.ttf
11:15:14.097 [JavaFX Application Thread] DEBUG FXGLAssetLoaderServi - Loading from file system: /assets/ui/cursors/fxgl_default.png
11:15:14.117 [JavaFX Application Thread] DEBUG Input                - Registered new binding: Screenshot - P
11:15:14.118 [JavaFX Application Thread] DEBUG Input                - Registered new binding: System info dump - CTRL+9
11:15:14.118 [JavaFX Application Thread] DEBUG Input                - Registered new binding: Restart - CTRL+R
11:15:14.119 [JavaFX Application Thread] DEBUG Input                - Registered new binding: Toggle Debug Camera - CTRL+C
11:15:14.122 [JavaFX Application Thread] DEBUG LoopRunner           - Starting loop
11:15:14.124 [JavaFX Application Thread] DEBUG GameApplicationServi - Starting new game
11:15:14.124 [JavaFX Application Thread] DEBUG Input                - Clearing active input actions
11:15:14.141 [JavaFX Application Thread] DEBUG GameApplicationServi - Removing overlay from StartupScene and adding to FXGLLoadingScene
11:15:14.142 [JavaFX Application Thread] DEBUG MainWindow           - StartupScene -> FXGLLoadingScene
11:15:14.142 [JavaFX Application Thread] DEBUG GameApplicationServi - Clearing previous game
11:15:14.142 [JavaFX Application Thread] DEBUG GameScene            - Clearing game scene
11:15:14.142 [JavaFX Application Thread] DEBUG GameWorld            - Clearing game world
11:15:14.142 [JavaFX Application Thread] DEBUG PhysicsWorld         - Clearing physics world
11:15:14.144 [FXGL Background Thread 4 ] DEBUG FXGLApplication      - Initializing game
11:15:14.144 [JavaFX Application Thread] DEBUG FXGLApplication      - Registering font factories with UI factory
11:15:14.183 [FXGL Background Thread 4 ] INFO  FXGLApplication      - Game initialization took: 0.039 sec
11:15:14.200 [JavaFX Application Thread] DEBUG Input                - Clearing active input actions
11:15:14.213 [JavaFX Application Thread] DEBUG GameApplicationServi - Removing overlay from FXGLLoadingScene and adding to GameScene
11:15:14.213 [JavaFX Application Thread] DEBUG MainWindow           - FXGLLoadingScene -> GameScene
11:15:14.748 [FXGL Background Thread 2 ] INFO  UpdaterService       - Your current version:  11.12
11:15:14.748 [FXGL Background Thread 2 ] INFO  UpdaterService       - Latest stable version: 21.1
11:15:17.018 [FXGL Background Thread 3 ] DEBUG Engine               - Logging environment variables
11:15:17.018 [FXGL Background Thread 3 ] DEBUG Engine               - achievements: []
11:15:17.018 [FXGL Background Thread 3 ] DEBUG Engine               - actualHeight: 750.0
11:15:17.018 [FXGL Background Thread 3 ] DEBUG Engine               - actualHeightProperty: ReadOnlyDoubleProperty [value: 750.0]
11:15:17.018 [FXGL Background Thread 3 ] DEBUG Engine               - actualWidth: 1400.0
11:15:17.018 [FXGL Background Thread 3 ] DEBUG Engine               - actualWidthProperty: ReadOnlyDoubleProperty [value: 1400.0]
11:15:17.019 [FXGL Background Thread 3 ] DEBUG Engine               - appIcon: fxgl_icon.png
11:15:17.019 [FXGL Background Thread 3 ] DEBUG Engine               - applicationMode: DEVELOPER
11:15:17.019 [FXGL Background Thread 3 ] DEBUG Engine               - cSSList: [fxgl_dark.css]
11:15:17.019 [FXGL Background Thread 3 ] DEBUG Engine               - configClass: Optional.empty
11:15:17.019 [FXGL Background Thread 3 ] DEBUG Engine               - credits: []
11:15:17.019 [FXGL Background Thread 3 ] DEBUG Engine               - devBBoxColorProperty: ObjectProperty [value: 0xff0000ff]
11:15:17.019 [FXGL Background Thread 3 ] DEBUG Engine               - devEnableDebugCameraProperty: BooleanProperty [value: false]
11:15:17.019 [FXGL Background Thread 3 ] DEBUG Engine               - devSensorColorProperty: ObjectProperty [value: 0xffff00ff]
11:15:17.019 [FXGL Background Thread 3 ] DEBUG Engine               - devShowBBoxProperty: BooleanProperty [value: false]
11:15:17.019 [FXGL Background Thread 3 ] DEBUG Engine               - devShowPositionProperty: BooleanProperty [value: false]
11:15:17.019 [FXGL Background Thread 3 ] DEBUG Engine               - enabledMenuItems: []
11:15:17.019 [FXGL Background Thread 3 ] DEBUG Engine               - engineServices: [class com.almasb.fxgl.app.FXGLApplication$GameApplicationService, class com.almasb.fxgl.app.services.FXGLDialogService, class com.almasb.fxgl.app.services.IOTaskExecutorService, class com.almasb.fxgl.event.EventBusService, class com.almasb.fxgl.io.FileSystemService, class com.almasb.fxgl.localization.LocalizationService, class com.almasb.fxgl.app.services.FXGLAssetLoaderService, class com.almasb.fxgl.app.services.SystemBundleService, class com.almasb.fxgl.profile.SaveLoadService, class com.almasb.fxgl.ui.FXGLUIFactoryServiceProvider, class com.almasb.fxgl.ui.FXGLDialogFactoryServiceProvider, class com.almasb.fxgl.audio.AudioPlayer, class com.almasb.fxgl.notification.impl.NotificationServiceProvider, class com.almasb.fxgl.achievement.AchievementService, class com.almasb.fxgl.cutscene.CutsceneService, class com.almasb.fxgl.minigames.MiniGameService, class com.almasb.fxgl.net.NetService, class com.almasb.fxgl.app.services.UpdaterService, class com.almasb.fxgl.dev.DevService]
11:15:17.020 [FXGL Background Thread 3 ] DEBUG Engine               - fontGame: Abel-Regular.ttf
11:15:17.020 [FXGL Background Thread 3 ] DEBUG Engine               - fontMono: lucida_console.ttf
11:15:17.020 [FXGL Background Thread 3 ] DEBUG Engine               - fontText: Courier-Prime.ttf
11:15:17.020 [FXGL Background Thread 3 ] DEBUG Engine               - fontUI: VarelaRound-Regular.ttf
11:15:17.020 [FXGL Background Thread 3 ] DEBUG Engine               - fullScreen: BooleanProperty [value: false]
11:15:17.020 [FXGL Background Thread 3 ] DEBUG Engine               - gameDifficulty: MEDIUM
11:15:17.020 [FXGL Background Thread 3 ] DEBUG Engine               - gameDifficultyProperty: ObjectProperty [value: MEDIUM]
11:15:17.020 [FXGL Background Thread 3 ] DEBUG Engine               - globalMusicVolume: 0.5
11:15:17.020 [FXGL Background Thread 3 ] DEBUG Engine               - globalMusicVolumeProperty: DoubleProperty [value: 0.5]
11:15:17.020 [FXGL Background Thread 3 ] DEBUG Engine               - globalSoundVolume: 0.5
11:15:17.020 [FXGL Background Thread 3 ] DEBUG Engine               - globalSoundVolumeProperty: DoubleProperty [value: 0.5]
11:15:17.020 [FXGL Background Thread 3 ] DEBUG Engine               - height: 750
11:15:17.020 [FXGL Background Thread 3 ] DEBUG Engine               - isAndroid: false
11:15:17.020 [FXGL Background Thread 3 ] DEBUG Engine               - isBrowser: false
11:15:17.021 [FXGL Background Thread 3 ] DEBUG Engine               - isClickFeedbackEnabled: false
11:15:17.021 [FXGL Background Thread 3 ] DEBUG Engine               - isCloseConfirmation: false
11:15:17.021 [FXGL Background Thread 3 ] DEBUG Engine               - isDesktop: true
11:15:17.021 [FXGL Background Thread 3 ] DEBUG Engine               - isDeveloperMenuEnabled: false
11:15:17.021 [FXGL Background Thread 3 ] DEBUG Engine               - isEntityPreloadEnabled: true
11:15:17.021 [FXGL Background Thread 3 ] DEBUG Engine               - isExperimental3D: false
11:15:17.021 [FXGL Background Thread 3 ] DEBUG Engine               - isExperimentalNative: false
11:15:17.021 [FXGL Background Thread 3 ] DEBUG Engine               - isExperimentalTiledLargeMap: false
11:15:17.021 [FXGL Background Thread 3 ] DEBUG Engine               - isFileSystemWriteAllowed: true
11:15:17.021 [FXGL Background Thread 3 ] DEBUG Engine               - isFullScreenAllowed: false
11:15:17.021 [FXGL Background Thread 3 ] DEBUG Engine               - isFullScreenFromStart: false
11:15:17.021 [FXGL Background Thread 3 ] DEBUG Engine               - isGameMenuEnabled: true
11:15:17.021 [FXGL Background Thread 3 ] DEBUG Engine               - isIOS: false
11:15:17.021 [FXGL Background Thread 3 ] DEBUG Engine               - isIntroEnabled: false
11:15:17.021 [FXGL Background Thread 3 ] DEBUG Engine               - isLinux: false
11:15:17.022 [FXGL Background Thread 3 ] DEBUG Engine               - isMac: false
11:15:17.022 [FXGL Background Thread 3 ] DEBUG Engine               - isMainMenuEnabled: false
11:15:17.022 [FXGL Background Thread 3 ] DEBUG Engine               - isManualResizeEnabled: false
11:15:17.022 [FXGL Background Thread 3 ] DEBUG Engine               - isMobile: false
11:15:17.022 [FXGL Background Thread 3 ] DEBUG Engine               - isPreserveResizeRatio: false
11:15:17.022 [FXGL Background Thread 3 ] DEBUG Engine               - isProfilingEnabled: false
11:15:17.022 [FXGL Background Thread 3 ] DEBUG Engine               - isScaleAffectedOnResize: true
11:15:17.022 [FXGL Background Thread 3 ] DEBUG Engine               - isSingleStep: false
11:15:17.022 [FXGL Background Thread 3 ] DEBUG Engine               - isUserProfileEnabled: false
11:15:17.022 [FXGL Background Thread 3 ] DEBUG Engine               - isWindows: true
11:15:17.022 [FXGL Background Thread 3 ] DEBUG Engine               - language: ObjectProperty [value: ENGLISH]
11:15:17.022 [FXGL Background Thread 3 ] DEBUG Engine               - menuKey: ESCAPE
11:15:17.022 [FXGL Background Thread 3 ] DEBUG Engine               - notificationViewClass: class com.almasb.fxgl.notification.view.XboxNotificationView
11:15:17.022 [FXGL Background Thread 3 ] DEBUG Engine               - pixelsPerMeter: 50.0
11:15:17.022 [FXGL Background Thread 3 ] DEBUG Engine               - platform: WINDOWS
11:15:17.023 [FXGL Background Thread 3 ] DEBUG Engine               - prefHeightProperty: ReadOnlyDoubleProperty [value: 750.0]
11:15:17.023 [FXGL Background Thread 3 ] DEBUG Engine               - prefWidthProperty: ReadOnlyDoubleProperty [value: 1400.0]
11:15:17.023 [FXGL Background Thread 3 ] DEBUG Engine               - profileDir: profiles/
11:15:17.023 [FXGL Background Thread 3 ] DEBUG Engine               - profileName: StringProperty [value: DEFAULT]
11:15:17.023 [FXGL Background Thread 3 ] DEBUG Engine               - randomSeed: -1
11:15:17.023 [FXGL Background Thread 3 ] DEBUG Engine               - runtimeInfo: RuntimeInfo(platform=WINDOWS, version=11.12, build=11.12.2020 08.51)
11:15:17.023 [FXGL Background Thread 3 ] DEBUG Engine               - saveFileExt: sav
11:15:17.023 [FXGL Background Thread 3 ] DEBUG Engine               - scaledHeightProp$fxgl: DoubleProperty [bound, value: 750.0]
11:15:17.023 [FXGL Background Thread 3 ] DEBUG Engine               - scaledWidthProp$fxgl: DoubleProperty [bound, value: 1400.0]
11:15:17.023 [FXGL Background Thread 3 ] DEBUG Engine               - sceneFactory: com.almasb.fxgl.app.scene.SceneFactory@7262b9fb
11:15:17.023 [FXGL Background Thread 3 ] DEBUG Engine               - secondsIn24h: 60
11:15:17.023 [FXGL Background Thread 3 ] DEBUG Engine               - soundMenuBack: menu/back.wav
11:15:17.024 [FXGL Background Thread 3 ] DEBUG Engine               - soundMenuPress: menu/press.wav
11:15:17.024 [FXGL Background Thread 3 ] DEBUG Engine               - soundMenuSelect: menu/select.wav
11:15:17.024 [FXGL Background Thread 3 ] DEBUG Engine               - soundNotification: core/notification.wav
11:15:17.024 [FXGL Background Thread 3 ] DEBUG Engine               - stageStyle: DECORATED
11:15:17.024 [FXGL Background Thread 3 ] DEBUG Engine               - supportedLanguages: [ENGLISH, FRENCH, GERMAN, HUNGARIAN, RUSSIAN]
11:15:17.024 [FXGL Background Thread 3 ] DEBUG Engine               - title: project5 make a square
11:15:17.024 [FXGL Background Thread 3 ] DEBUG Engine               - urlGithub: https://github.com/AlmasB/FXGL
11:15:17.024 [FXGL Background Thread 3 ] DEBUG Engine               - urlLeaderboard: http://fxgl-top.herokuapp.com/
11:15:17.024 [FXGL Background Thread 3 ] DEBUG Engine               - urlPOM: https://raw.githubusercontent.com/AlmasB/FXGL/master/README.md
11:15:17.024 [FXGL Background Thread 3 ] DEBUG Engine               - version: 0.0
11:15:17.024 [FXGL Background Thread 3 ] DEBUG Engine               - versionCheckDays: 7
11:15:17.024 [FXGL Background Thread 3 ] DEBUG Engine               - width: 1400
11:15:17.024 [FXGL Background Thread 3 ] DEBUG Engine               - Logging services
11:15:17.024 [FXGL Background Thread 3 ] DEBUG Engine               - class com.almasb.fxgl.app.FXGLApplication$GameApplicationService
11:15:17.024 [FXGL Background Thread 3 ] DEBUG Engine               - class com.almasb.fxgl.app.services.FXGLDialogService
11:15:17.024 [FXGL Background Thread 3 ] DEBUG Engine               - class com.almasb.fxgl.app.services.IOTaskExecutorService
11:15:17.024 [FXGL Background Thread 3 ] DEBUG Engine               - class com.almasb.fxgl.event.EventBusService
11:15:17.024 [FXGL Background Thread 3 ] DEBUG Engine               - class com.almasb.fxgl.io.FileSystemService
11:15:17.025 [FXGL Background Thread 3 ] DEBUG Engine               - class com.almasb.fxgl.localization.LocalizationService
11:15:17.025 [FXGL Background Thread 3 ] DEBUG Engine               - class com.almasb.fxgl.app.services.FXGLAssetLoaderService
11:15:17.025 [FXGL Background Thread 3 ] DEBUG Engine               - class com.almasb.fxgl.app.services.SystemBundleService
11:15:17.025 [FXGL Background Thread 3 ] DEBUG Engine               - class com.almasb.fxgl.profile.SaveLoadService
11:15:17.025 [FXGL Background Thread 3 ] DEBUG Engine               - class com.almasb.fxgl.ui.FXGLUIFactoryServiceProvider
11:15:17.025 [FXGL Background Thread 3 ] DEBUG Engine               - class com.almasb.fxgl.ui.FXGLDialogFactoryServiceProvider
11:15:17.025 [FXGL Background Thread 3 ] DEBUG Engine               - class com.almasb.fxgl.audio.AudioPlayer
11:15:17.025 [FXGL Background Thread 3 ] DEBUG Engine               - class com.almasb.fxgl.notification.impl.NotificationServiceProvider
11:15:17.025 [FXGL Background Thread 3 ] DEBUG Engine               - class com.almasb.fxgl.achievement.AchievementService
11:15:17.025 [FXGL Background Thread 3 ] DEBUG Engine               - class com.almasb.fxgl.cutscene.CutsceneService
11:15:17.025 [FXGL Background Thread 3 ] DEBUG Engine               - class com.almasb.fxgl.minigames.MiniGameService
11:15:17.025 [FXGL Background Thread 3 ] DEBUG Engine               - class com.almasb.fxgl.net.NetService
11:15:17.025 [FXGL Background Thread 3 ] DEBUG Engine               - class com.almasb.fxgl.app.services.UpdaterService
11:15:17.025 [FXGL Background Thread 3 ] DEBUG Engine               - class com.almasb.fxgl.dev.DevService
11:15:23.510 [JavaFX Application Thread] DEBUG FXGLApplication      - Exiting FXGL
11:15:23.510 [JavaFX Application Thread] DEBUG LoopRunner           - Stopping loop
11:15:23.510 [JavaFX Application Thread] DEBUG SystemBundleService  - Saving FXGL system data
11:15:23.512 [JavaFX Application Thread] DEBUG FileSystemAccess     - Writing to: E:\java\Project5\system\fxgl.bundle
11:15:23.514 [JavaFX Application Thread] DEBUG Async                - Shutting down background threads
11:15:23.515 [JavaFX Application Thread] DEBUG MainWindow           - Closing main window
11:15:23.540 [JavaFX Application Thread] DEBUG Logger               - Closing Logger
