17:27:30.312 [main                     ] DEBUG Logger               - Configured Logger
17:27:30.317 [main                     ] DEBUG GameApplication      - Logging settings
Title: project5 make a square
Version: 0.0
Width: 1400
Height: 750
Fullscreen: false
Intro: false
Profiling: false
Single step:false
App Mode: DEVELOPER
Menu Key: ESCAPE
Stage Style: DECORATED
Scene Factory: class com.almasb.fxgl.app.scene.SceneFactory

17:27:30.836 [JavaFX Application Thread] DEBUG FXGLApplication      - Initializing FXGL
17:27:30.838 [JavaFX Application Thread] INFO  Engine               - FXGL-11.12 (11.12.2020 08.51) on WINDOWS (J:21.0.2 FX:15)
17:27:30.839 [JavaFX Application Thread] DEBUG Engine               - JRE Vendor Name: Oracle Corporation
17:27:30.839 [JavaFX Application Thread] DEBUG Engine               - Running on OS: Windows 10 version 10.0
17:27:30.839 [JavaFX Application Thread] DEBUG Engine               - Architecture: amd64
17:27:30.839 [JavaFX Application Thread] INFO  Engine               - Source code and latest versions at: https://github.com/AlmasB/FXGL
17:27:30.839 [JavaFX Application Thread] INFO  Engine               -              Join the FXGL chat at: https://gitter.im/AlmasB/FXGL
17:27:30.985 [JavaFX Application Thread] DEBUG MainWindow           - Creating a JavaFX scene
17:27:31.056 [JavaFX Application Thread] DEBUG MainWindow           - Target settings size: 1400.0 x 750.0
17:27:31.056 [JavaFX Application Thread] DEBUG MainWindow           - Scaled scene size:    1400.0 x 750.0
17:27:31.056 [JavaFX Application Thread] DEBUG MainWindow           - Scaled ratio: (1.0, 1.0)
17:27:31.057 [JavaFX Application Thread] DEBUG MainWindow           - Set initial scene to StartupScene
17:27:31.065 [JavaFX Application Thread] DEBUG MainWindow           - Opening main window
17:27:31.186 [JavaFX Application Thread] DEBUG MainWindow           - Window border size: (14.4000244140625, 38.0)
17:27:31.186 [JavaFX Application Thread] DEBUG MainWindow           - Scaled size: 1400.0 x 750.0
17:27:31.186 [JavaFX Application Thread] DEBUG MainWindow           - Scaled ratio: (1.0, 1.0)
17:27:31.186 [JavaFX Application Thread] DEBUG MainWindow           - Scene size: 1400.0 x 750.0
17:27:31.186 [JavaFX Application Thread] DEBUG MainWindow           - Stage size: 1414.4000244140625 x 788.0
17:27:31.197 [FXGL Background Thread 1 ] DEBUG Engine               - Initializing environment variables
17:27:31.265 [FXGL Background Thread 1 ] DEBUG GameApplicationServi - Applying CSS: fxgl_dark.css
17:27:31.265 [FXGL Background Thread 1 ] DEBUG FXGLAssetLoaderServi - Loading from file system: /assets/ui/css/fxgl_dark.css
17:27:31.329 [FXGL Background Thread 1 ] DEBUG GameApplicationServi - Initializing application scenes
17:27:31.382 [FXGL Background Thread 1 ] DEBUG GameWorld            - Game world initialized
17:27:31.501 [FXGL Background Thread 1 ] DEBUG PhysicsWorld         - Physics world initialized: appHeight=750, physics.ppm=50.0
17:27:31.504 [FXGL Background Thread 1 ] DEBUG GameScene            - Game scene initialized: 1400x750
17:27:31.545 [FXGL Background Thread 1 ] DEBUG FXGLAssetLoaderServi - Loading from file system: /assets/textures/particles/trace_horizontal.png
17:27:31.609 [FXGL Background Thread 1 ] DEBUG FXGL.DefaultMenu     - createMenuBodyGameMenu()
17:27:31.626 [FXGL Background Thread 1 ] DEBUG FXGL.DefaultMenu     - createOptionsMenu()
17:27:31.631 [FXGL Background Thread 1 ] DEBUG FXGLAssetLoaderServi - Loading from file system: /assets/textures/particles/smoke.png
17:27:31.719 [FXGL Background Thread 1 ] DEBUG GameApplicationServi - Application scenes initialized
17:27:31.738 [FXGL Background Thread 1 ] DEBUG SystemBundleService  - Loading FXGL system data
17:27:31.746 [FXGL Background Thread 1 ] DEBUG FileSystemAccess     - Reading from: E:\java\Project5\system\fxgl.bundle
17:27:31.765 [FXGL Background Thread 1 ] DEBUG SystemBundleService  - Bundle FXGL: {}
17:27:31.766 [FXGL Background Thread 1 ] DEBUG UpdaterService       - Checking for updates
17:27:31.775 [FXGL Background Thread 4 ] DEBUG FXGLApplication      - Loading fonts
17:27:31.775 [FXGL Background Thread 4 ] DEBUG FXGLAssetLoaderServi - Loading from file system: /assets/ui/fonts/VarelaRound-Regular.ttf
17:27:31.777 [FXGL Background Thread 1 ] DEBUG FXGLApplication      - Loading default localization
17:27:31.777 [FXGL Background Thread 1 ] DEBUG FXGLAssetLoaderServi - Loading from file system: /assets/languages/english.lang
17:27:31.819 [FXGL Background Thread 1 ] INFO  FXGLApplication      - FXGL initialization took: 0.622 sec
17:27:31.819 [JavaFX Application Thread] DEBUG FXGLAssetLoaderServi - Loading from file system: /assets/textures/fxgl_icon.png
17:27:31.843 [FXGL Background Thread 4 ] DEBUG FXGLAssetLoaderServi - Loading from file system: /assets/ui/fonts/Abel-Regular.ttf
17:27:31.848 [FXGL Background Thread 4 ] DEBUG FXGLAssetLoaderServi - Loading from file system: /assets/ui/fonts/lucida_console.ttf
17:27:31.856 [FXGL Background Thread 4 ] DEBUG FXGLAssetLoaderServi - Loading from file system: /assets/ui/fonts/Courier-Prime.ttf
17:27:31.856 [JavaFX Application Thread] DEBUG FXGLAssetLoaderServi - Loading from file system: /assets/ui/cursors/fxgl_default.png
17:27:31.877 [JavaFX Application Thread] DEBUG Input                - Registered new binding: Screenshot - P
17:27:31.878 [JavaFX Application Thread] DEBUG Input                - Registered new binding: System info dump - CTRL+9
17:27:31.879 [JavaFX Application Thread] DEBUG Input                - Registered new binding: Restart - CTRL+R
17:27:31.880 [JavaFX Application Thread] DEBUG Input                - Registered new binding: Toggle Debug Camera - CTRL+C
17:27:31.886 [JavaFX Application Thread] DEBUG LoopRunner           - Starting loop
17:27:31.889 [JavaFX Application Thread] DEBUG GameApplicationServi - Starting new game
17:27:31.890 [JavaFX Application Thread] DEBUG Input                - Clearing active input actions
17:27:31.904 [JavaFX Application Thread] DEBUG GameApplicationServi - Removing overlay from StartupScene and adding to FXGLLoadingScene
17:27:31.904 [JavaFX Application Thread] DEBUG MainWindow           - StartupScene -> FXGLLoadingScene
17:27:31.905 [JavaFX Application Thread] DEBUG GameApplicationServi - Clearing previous game
17:27:31.905 [JavaFX Application Thread] DEBUG GameScene            - Clearing game scene
17:27:31.905 [JavaFX Application Thread] DEBUG GameWorld            - Clearing game world
17:27:31.905 [JavaFX Application Thread] DEBUG PhysicsWorld         - Clearing physics world
17:27:31.907 [FXGL Background Thread 4 ] DEBUG FXGLApplication      - Initializing game
17:27:31.907 [JavaFX Application Thread] DEBUG FXGLApplication      - Registering font factories with UI factory
17:27:31.950 [FXGL Background Thread 4 ] INFO  FXGLApplication      - Game initialization took: 0.043 sec
17:27:31.967 [JavaFX Application Thread] DEBUG Input                - Clearing active input actions
17:27:31.981 [JavaFX Application Thread] DEBUG GameApplicationServi - Removing overlay from FXGLLoadingScene and adding to GameScene
17:27:31.981 [JavaFX Application Thread] DEBUG MainWindow           - FXGLLoadingScene -> GameScene
17:27:32.526 [FXGL Background Thread 2 ] INFO  UpdaterService       - Your current version:  11.12
17:27:32.526 [FXGL Background Thread 2 ] INFO  UpdaterService       - Latest stable version: 21.1
17:27:34.772 [FXGL Background Thread 3 ] DEBUG Engine               - Logging environment variables
17:27:34.772 [FXGL Background Thread 3 ] DEBUG Engine               - achievements: []
17:27:34.773 [FXGL Background Thread 3 ] DEBUG Engine               - actualHeight: 750.0
17:27:34.773 [FXGL Background Thread 3 ] DEBUG Engine               - actualHeightProperty: ReadOnlyDoubleProperty [value: 750.0]
17:27:34.773 [FXGL Background Thread 3 ] DEBUG Engine               - actualWidth: 1400.0
17:27:34.773 [FXGL Background Thread 3 ] DEBUG Engine               - actualWidthProperty: ReadOnlyDoubleProperty [value: 1400.0]
17:27:34.773 [FXGL Background Thread 3 ] DEBUG Engine               - appIcon: fxgl_icon.png
17:27:34.773 [FXGL Background Thread 3 ] DEBUG Engine               - applicationMode: DEVELOPER
17:27:34.773 [FXGL Background Thread 3 ] DEBUG Engine               - cSSList: [fxgl_dark.css]
17:27:34.773 [FXGL Background Thread 3 ] DEBUG Engine               - configClass: Optional.empty
17:27:34.773 [FXGL Background Thread 3 ] DEBUG Engine               - credits: []
17:27:34.773 [FXGL Background Thread 3 ] DEBUG Engine               - devBBoxColorProperty: ObjectProperty [value: 0xff0000ff]
17:27:34.774 [FXGL Background Thread 3 ] DEBUG Engine               - devEnableDebugCameraProperty: BooleanProperty [value: false]
17:27:34.774 [FXGL Background Thread 3 ] DEBUG Engine               - devSensorColorProperty: ObjectProperty [value: 0xffff00ff]
17:27:34.774 [FXGL Background Thread 3 ] DEBUG Engine               - devShowBBoxProperty: BooleanProperty [value: false]
17:27:34.774 [FXGL Background Thread 3 ] DEBUG Engine               - devShowPositionProperty: BooleanProperty [value: false]
17:27:34.774 [FXGL Background Thread 3 ] DEBUG Engine               - enabledMenuItems: []
17:27:34.774 [FXGL Background Thread 3 ] DEBUG Engine               - engineServices: [class com.almasb.fxgl.app.FXGLApplication$GameApplicationService, class com.almasb.fxgl.app.services.FXGLDialogService, class com.almasb.fxgl.app.services.IOTaskExecutorService, class com.almasb.fxgl.event.EventBusService, class com.almasb.fxgl.io.FileSystemService, class com.almasb.fxgl.localization.LocalizationService, class com.almasb.fxgl.app.services.FXGLAssetLoaderService, class com.almasb.fxgl.app.services.SystemBundleService, class com.almasb.fxgl.profile.SaveLoadService, class com.almasb.fxgl.ui.FXGLUIFactoryServiceProvider, class com.almasb.fxgl.ui.FXGLDialogFactoryServiceProvider, class com.almasb.fxgl.audio.AudioPlayer, class com.almasb.fxgl.notification.impl.NotificationServiceProvider, class com.almasb.fxgl.achievement.AchievementService, class com.almasb.fxgl.cutscene.CutsceneService, class com.almasb.fxgl.minigames.MiniGameService, class com.almasb.fxgl.net.NetService, class com.almasb.fxgl.app.services.UpdaterService, class com.almasb.fxgl.dev.DevService]
17:27:34.774 [FXGL Background Thread 3 ] DEBUG Engine               - fontGame: Abel-Regular.ttf
17:27:34.774 [FXGL Background Thread 3 ] DEBUG Engine               - fontMono: lucida_console.ttf
17:27:34.774 [FXGL Background Thread 3 ] DEBUG Engine               - fontText: Courier-Prime.ttf
17:27:34.774 [FXGL Background Thread 3 ] DEBUG Engine               - fontUI: VarelaRound-Regular.ttf
17:27:34.774 [FXGL Background Thread 3 ] DEBUG Engine               - fullScreen: BooleanProperty [value: false]
17:27:34.774 [FXGL Background Thread 3 ] DEBUG Engine               - gameDifficulty: MEDIUM
17:27:34.774 [FXGL Background Thread 3 ] DEBUG Engine               - gameDifficultyProperty: ObjectProperty [value: MEDIUM]
17:27:34.775 [FXGL Background Thread 3 ] DEBUG Engine               - globalMusicVolume: 0.5
17:27:34.775 [FXGL Background Thread 3 ] DEBUG Engine               - globalMusicVolumeProperty: DoubleProperty [value: 0.5]
17:27:34.775 [FXGL Background Thread 3 ] DEBUG Engine               - globalSoundVolume: 0.5
17:27:34.775 [FXGL Background Thread 3 ] DEBUG Engine               - globalSoundVolumeProperty: DoubleProperty [value: 0.5]
17:27:34.775 [FXGL Background Thread 3 ] DEBUG Engine               - height: 750
17:27:34.775 [FXGL Background Thread 3 ] DEBUG Engine               - isAndroid: false
17:27:34.775 [FXGL Background Thread 3 ] DEBUG Engine               - isBrowser: false
17:27:34.775 [FXGL Background Thread 3 ] DEBUG Engine               - isClickFeedbackEnabled: false
17:27:34.775 [FXGL Background Thread 3 ] DEBUG Engine               - isCloseConfirmation: false
17:27:34.775 [FXGL Background Thread 3 ] DEBUG Engine               - isDesktop: true
17:27:34.775 [FXGL Background Thread 3 ] DEBUG Engine               - isDeveloperMenuEnabled: false
17:27:34.775 [FXGL Background Thread 3 ] DEBUG Engine               - isEntityPreloadEnabled: true
17:27:34.775 [FXGL Background Thread 3 ] DEBUG Engine               - isExperimental3D: false
17:27:34.775 [FXGL Background Thread 3 ] DEBUG Engine               - isExperimentalNative: false
17:27:34.775 [FXGL Background Thread 3 ] DEBUG Engine               - isExperimentalTiledLargeMap: false
17:27:34.776 [FXGL Background Thread 3 ] DEBUG Engine               - isFileSystemWriteAllowed: true
17:27:34.776 [FXGL Background Thread 3 ] DEBUG Engine               - isFullScreenAllowed: false
17:27:34.776 [FXGL Background Thread 3 ] DEBUG Engine               - isFullScreenFromStart: false
17:27:34.776 [FXGL Background Thread 3 ] DEBUG Engine               - isGameMenuEnabled: true
17:27:34.776 [FXGL Background Thread 3 ] DEBUG Engine               - isIOS: false
17:27:34.776 [FXGL Background Thread 3 ] DEBUG Engine               - isIntroEnabled: false
17:27:34.776 [FXGL Background Thread 3 ] DEBUG Engine               - isLinux: false
17:27:34.776 [FXGL Background Thread 3 ] DEBUG Engine               - isMac: false
17:27:34.776 [FXGL Background Thread 3 ] DEBUG Engine               - isMainMenuEnabled: false
17:27:34.776 [FXGL Background Thread 3 ] DEBUG Engine               - isManualResizeEnabled: false
17:27:34.776 [FXGL Background Thread 3 ] DEBUG Engine               - isMobile: false
17:27:34.776 [FXGL Background Thread 3 ] DEBUG Engine               - isPreserveResizeRatio: false
17:27:34.776 [FXGL Background Thread 3 ] DEBUG Engine               - isProfilingEnabled: false
17:27:34.776 [FXGL Background Thread 3 ] DEBUG Engine               - isScaleAffectedOnResize: true
17:27:34.776 [FXGL Background Thread 3 ] DEBUG Engine               - isSingleStep: false
17:27:34.776 [FXGL Background Thread 3 ] DEBUG Engine               - isUserProfileEnabled: false
17:27:34.777 [FXGL Background Thread 3 ] DEBUG Engine               - isWindows: true
17:27:34.777 [FXGL Background Thread 3 ] DEBUG Engine               - language: ObjectProperty [value: ENGLISH]
17:27:34.777 [FXGL Background Thread 3 ] DEBUG Engine               - menuKey: ESCAPE
17:27:34.777 [FXGL Background Thread 3 ] DEBUG Engine               - notificationViewClass: class com.almasb.fxgl.notification.view.XboxNotificationView
17:27:34.777 [FXGL Background Thread 3 ] DEBUG Engine               - pixelsPerMeter: 50.0
17:27:34.777 [FXGL Background Thread 3 ] DEBUG Engine               - platform: WINDOWS
17:27:34.777 [FXGL Background Thread 3 ] DEBUG Engine               - prefHeightProperty: ReadOnlyDoubleProperty [value: 750.0]
17:27:34.777 [FXGL Background Thread 3 ] DEBUG Engine               - prefWidthProperty: ReadOnlyDoubleProperty [value: 1400.0]
17:27:34.777 [FXGL Background Thread 3 ] DEBUG Engine               - profileDir: profiles/
17:27:34.777 [FXGL Background Thread 3 ] DEBUG Engine               - profileName: StringProperty [value: DEFAULT]
17:27:34.777 [FXGL Background Thread 3 ] DEBUG Engine               - randomSeed: -1
17:27:34.777 [FXGL Background Thread 3 ] DEBUG Engine               - runtimeInfo: RuntimeInfo(platform=WINDOWS, version=11.12, build=11.12.2020 08.51)
17:27:34.777 [FXGL Background Thread 3 ] DEBUG Engine               - saveFileExt: sav
17:27:34.778 [FXGL Background Thread 3 ] DEBUG Engine               - scaledHeightProp$fxgl: DoubleProperty [bound, value: 750.0]
17:27:34.778 [FXGL Background Thread 3 ] DEBUG Engine               - scaledWidthProp$fxgl: DoubleProperty [bound, value: 1400.0]
17:27:34.778 [FXGL Background Thread 3 ] DEBUG Engine               - sceneFactory: com.almasb.fxgl.app.scene.SceneFactory@2139187f
17:27:34.778 [FXGL Background Thread 3 ] DEBUG Engine               - secondsIn24h: 60
17:27:34.778 [FXGL Background Thread 3 ] DEBUG Engine               - soundMenuBack: menu/back.wav
17:27:34.778 [FXGL Background Thread 3 ] DEBUG Engine               - soundMenuPress: menu/press.wav
17:27:34.778 [FXGL Background Thread 3 ] DEBUG Engine               - soundMenuSelect: menu/select.wav
17:27:34.778 [FXGL Background Thread 3 ] DEBUG Engine               - soundNotification: core/notification.wav
17:27:34.778 [FXGL Background Thread 3 ] DEBUG Engine               - stageStyle: DECORATED
17:27:34.778 [FXGL Background Thread 3 ] DEBUG Engine               - supportedLanguages: [ENGLISH, FRENCH, GERMAN, HUNGARIAN, RUSSIAN]
17:27:34.778 [FXGL Background Thread 3 ] DEBUG Engine               - title: project5 make a square
17:27:34.778 [FXGL Background Thread 3 ] DEBUG Engine               - urlGithub: https://github.com/AlmasB/FXGL
17:27:34.778 [FXGL Background Thread 3 ] DEBUG Engine               - urlLeaderboard: http://fxgl-top.herokuapp.com/
17:27:34.778 [FXGL Background Thread 3 ] DEBUG Engine               - urlPOM: https://raw.githubusercontent.com/AlmasB/FXGL/master/README.md
17:27:34.778 [FXGL Background Thread 3 ] DEBUG Engine               - version: 0.0
17:27:34.778 [FXGL Background Thread 3 ] DEBUG Engine               - versionCheckDays: 7
17:27:34.778 [FXGL Background Thread 3 ] DEBUG Engine               - width: 1400
17:27:34.779 [FXGL Background Thread 3 ] DEBUG Engine               - Logging services
17:27:34.779 [FXGL Background Thread 3 ] DEBUG Engine               - class com.almasb.fxgl.app.FXGLApplication$GameApplicationService
17:27:34.779 [FXGL Background Thread 3 ] DEBUG Engine               - class com.almasb.fxgl.app.services.FXGLDialogService
17:27:34.779 [FXGL Background Thread 3 ] DEBUG Engine               - class com.almasb.fxgl.app.services.IOTaskExecutorService
17:27:34.779 [FXGL Background Thread 3 ] DEBUG Engine               - class com.almasb.fxgl.event.EventBusService
17:27:34.779 [FXGL Background Thread 3 ] DEBUG Engine               - class com.almasb.fxgl.io.FileSystemService
17:27:34.779 [FXGL Background Thread 3 ] DEBUG Engine               - class com.almasb.fxgl.localization.LocalizationService
17:27:34.779 [FXGL Background Thread 3 ] DEBUG Engine               - class com.almasb.fxgl.app.services.FXGLAssetLoaderService
17:27:34.779 [FXGL Background Thread 3 ] DEBUG Engine               - class com.almasb.fxgl.app.services.SystemBundleService
17:27:34.779 [FXGL Background Thread 3 ] DEBUG Engine               - class com.almasb.fxgl.profile.SaveLoadService
17:27:34.779 [FXGL Background Thread 3 ] DEBUG Engine               - class com.almasb.fxgl.ui.FXGLUIFactoryServiceProvider
17:27:34.779 [FXGL Background Thread 3 ] DEBUG Engine               - class com.almasb.fxgl.ui.FXGLDialogFactoryServiceProvider
17:27:34.779 [FXGL Background Thread 3 ] DEBUG Engine               - class com.almasb.fxgl.audio.AudioPlayer
17:27:34.779 [FXGL Background Thread 3 ] DEBUG Engine               - class com.almasb.fxgl.notification.impl.NotificationServiceProvider
17:27:34.779 [FXGL Background Thread 3 ] DEBUG Engine               - class com.almasb.fxgl.achievement.AchievementService
17:27:34.779 [FXGL Background Thread 3 ] DEBUG Engine               - class com.almasb.fxgl.cutscene.CutsceneService
17:27:34.779 [FXGL Background Thread 3 ] DEBUG Engine               - class com.almasb.fxgl.minigames.MiniGameService
17:27:34.779 [FXGL Background Thread 3 ] DEBUG Engine               - class com.almasb.fxgl.net.NetService
17:27:34.780 [FXGL Background Thread 3 ] DEBUG Engine               - class com.almasb.fxgl.app.services.UpdaterService
17:27:34.780 [FXGL Background Thread 3 ] DEBUG Engine               - class com.almasb.fxgl.dev.DevService
17:27:36.184 [JavaFX Application Thread] DEBUG FXGLApplication      - Exiting FXGL
17:27:36.184 [JavaFX Application Thread] DEBUG LoopRunner           - Stopping loop
17:27:36.184 [JavaFX Application Thread] DEBUG SystemBundleService  - Saving FXGL system data
17:27:36.187 [JavaFX Application Thread] DEBUG FileSystemAccess     - Writing to: E:\java\Project5\system\fxgl.bundle
17:27:36.189 [JavaFX Application Thread] DEBUG Async                - Shutting down background threads
17:27:36.190 [JavaFX Application Thread] DEBUG MainWindow           - Closing main window
17:27:36.215 [JavaFX Application Thread] DEBUG Logger               - Closing Logger
