15:23:15.583 [main                     ] DEBUG Logger               - Configured Logger
15:23:15.589 [main                     ] DEBUG GameApplication      - Logging settings
Title: project5 make a square
Version: 0.0
Width: 1400
Height: 750
Fullscreen: false
Intro: false
Profiling: false
Single step:false
App Mode: DEVELOPER
Menu Key: ESCAPE
Stage Style: DECORATED
Scene Factory: class com.almasb.fxgl.app.scene.SceneFactory

15:23:16.075 [JavaFX Application Thread] DEBUG FXGLApplication      - Initializing FXGL
15:23:16.088 [JavaFX Application Thread] INFO  Engine               - FXGL-11.12 (11.12.2020 08.51) on WINDOWS (J:21.0.2 FX:15)
15:23:16.089 [JavaFX Application Thread] DEBUG Engine               - JRE Vendor Name: Oracle Corporation
15:23:16.089 [JavaFX Application Thread] DEBUG Engine               - Running on OS: Windows 10 version 10.0
15:23:16.089 [JavaFX Application Thread] DEBUG Engine               - Architecture: amd64
15:23:16.089 [JavaFX Application Thread] INFO  Engine               - Source code and latest versions at: https://github.com/AlmasB/FXGL
15:23:16.090 [JavaFX Application Thread] INFO  Engine               -              Join the FXGL chat at: https://gitter.im/AlmasB/FXGL
15:23:16.222 [JavaFX Application Thread] DEBUG MainWindow           - Creating a JavaFX scene
15:23:16.291 [JavaFX Application Thread] DEBUG MainWindow           - Target settings size: 1400.0 x 750.0
15:23:16.291 [JavaFX Application Thread] DEBUG MainWindow           - Scaled scene size:    1400.0 x 750.0
15:23:16.291 [JavaFX Application Thread] DEBUG MainWindow           - Scaled ratio: (1.0, 1.0)
15:23:16.292 [JavaFX Application Thread] DEBUG MainWindow           - Set initial scene to StartupScene
15:23:16.301 [JavaFX Application Thread] DEBUG MainWindow           - Opening main window
15:23:16.424 [JavaFX Application Thread] DEBUG MainWindow           - Window border size: (14.4000244140625, 38.0)
15:23:16.424 [JavaFX Application Thread] DEBUG MainWindow           - Scaled size: 1400.0 x 750.0
15:23:16.424 [JavaFX Application Thread] DEBUG MainWindow           - Scaled ratio: (1.0, 1.0)
15:23:16.425 [JavaFX Application Thread] DEBUG MainWindow           - Scene size: 1400.0 x 750.0
15:23:16.425 [JavaFX Application Thread] DEBUG MainWindow           - Stage size: 1414.4000244140625 x 788.0
15:23:16.431 [FXGL Background Thread 1 ] DEBUG Engine               - Initializing environment variables
15:23:16.509 [FXGL Background Thread 1 ] DEBUG GameApplicationServi - Applying CSS: fxgl_dark.css
15:23:16.509 [FXGL Background Thread 1 ] DEBUG FXGLAssetLoaderServi - Loading from file system: /assets/ui/css/fxgl_dark.css
15:23:16.592 [FXGL Background Thread 1 ] DEBUG GameApplicationServi - Initializing application scenes
15:23:16.639 [FXGL Background Thread 1 ] DEBUG GameWorld            - Game world initialized
15:23:16.730 [FXGL Background Thread 1 ] DEBUG PhysicsWorld         - Physics world initialized: appHeight=750, physics.ppm=50.0
15:23:16.732 [FXGL Background Thread 1 ] DEBUG GameScene            - Game scene initialized: 1400x750
15:23:16.732 [FXGL Background Thread 1 ] DEBUG GameApplicationServi - Application scenes initialized
15:23:16.757 [FXGL Background Thread 1 ] DEBUG SystemBundleService  - Loading FXGL system data
15:23:16.763 [FXGL Background Thread 1 ] DEBUG FileSystemAccess     - Reading from: E:\java\Project5\system\fxgl.bundle
15:23:16.773 [FXGL Background Thread 1 ] DEBUG SystemBundleService  - Bundle FXGL: {}
15:23:16.774 [FXGL Background Thread 1 ] DEBUG UpdaterService       - Checking for updates
15:23:16.780 [FXGL Background Thread 4 ] DEBUG FXGLApplication      - Loading fonts
15:23:16.780 [FXGL Background Thread 4 ] DEBUG FXGLAssetLoaderServi - Loading from file system: /assets/ui/fonts/VarelaRound-Regular.ttf
15:23:16.781 [FXGL Background Thread 1 ] DEBUG FXGLApplication      - Loading default localization
15:23:16.781 [FXGL Background Thread 1 ] DEBUG FXGLAssetLoaderServi - Loading from file system: /assets/languages/english.lang
15:23:16.830 [FXGL Background Thread 1 ] INFO  FXGLApplication      - FXGL initialization took: 0.399 sec
15:23:16.845 [FXGL Background Thread 4 ] DEBUG FXGLAssetLoaderServi - Loading from file system: /assets/ui/fonts/Abel-Regular.ttf
15:23:16.849 [JavaFX Application Thread] DEBUG Input                - Registered new binding: Start Solving - Enter
15:23:16.849 [JavaFX Application Thread] DEBUG FXGLAssetLoaderServi - Loading from file system: /assets/textures/fxgl_icon.png
15:23:16.851 [FXGL Background Thread 4 ] DEBUG FXGLAssetLoaderServi - Loading from file system: /assets/ui/fonts/lucida_console.ttf
15:23:16.858 [FXGL Background Thread 4 ] DEBUG FXGLAssetLoaderServi - Loading from file system: /assets/ui/fonts/Courier-Prime.ttf
15:23:16.913 [JavaFX Application Thread] DEBUG FXGLAssetLoaderServi - Loading from file system: /assets/ui/cursors/fxgl_default.png
15:23:16.917 [JavaFX Application Thread] DEBUG Input                - Registered new binding: Screenshot - P
15:23:16.918 [JavaFX Application Thread] DEBUG Input                - Registered new binding: System info dump - CTRL+9
15:23:16.918 [JavaFX Application Thread] DEBUG Input                - Registered new binding: Restart - CTRL+R
15:23:16.919 [JavaFX Application Thread] DEBUG Input                - Registered new binding: Toggle Debug Camera - CTRL+C
15:23:16.924 [JavaFX Application Thread] DEBUG LoopRunner           - Starting loop
15:23:16.926 [JavaFX Application Thread] DEBUG GameApplicationServi - Starting new game
15:23:16.927 [JavaFX Application Thread] DEBUG Input                - Clearing active input actions
15:23:16.942 [JavaFX Application Thread] DEBUG GameApplicationServi - Removing overlay from StartupScene and adding to FXGLLoadingScene
15:23:16.942 [JavaFX Application Thread] DEBUG MainWindow           - StartupScene -> FXGLLoadingScene
15:23:16.942 [JavaFX Application Thread] DEBUG GameApplicationServi - Clearing previous game
15:23:16.942 [JavaFX Application Thread] DEBUG GameScene            - Clearing game scene
15:23:16.942 [JavaFX Application Thread] DEBUG GameWorld            - Clearing game world
15:23:16.942 [JavaFX Application Thread] DEBUG PhysicsWorld         - Clearing physics world
15:23:16.946 [FXGL Background Thread 4 ] DEBUG FXGLApplication      - Initializing game
15:23:17.014 [FXGL Background Thread 4 ] INFO  FXGLApplication      - Game initialization took: 0.068 sec
15:23:17.043 [JavaFX Application Thread] DEBUG Input                - Clearing active input actions
15:23:17.057 [JavaFX Application Thread] DEBUG GameApplicationServi - Removing overlay from FXGLLoadingScene and adding to GameScene
15:23:17.057 [JavaFX Application Thread] DEBUG MainWindow           - FXGLLoadingScene -> GameScene
15:23:17.096 [FXGL Background Thread 2 ] WARN  UpdaterService       - Failed to find updates: java.net.UnknownHostException: raw.githubusercontent.com
15:23:19.780 [FXGL Background Thread 3 ] DEBUG Engine               - Logging environment variables
15:23:19.780 [FXGL Background Thread 3 ] DEBUG Engine               - achievements: []
15:23:19.780 [FXGL Background Thread 3 ] DEBUG Engine               - actualHeight: 750.0
15:23:19.781 [FXGL Background Thread 3 ] DEBUG Engine               - actualHeightProperty: ReadOnlyDoubleProperty [value: 750.0]
15:23:19.781 [FXGL Background Thread 3 ] DEBUG Engine               - actualWidth: 1400.0
15:23:19.781 [FXGL Background Thread 3 ] DEBUG Engine               - actualWidthProperty: ReadOnlyDoubleProperty [value: 1400.0]
15:23:19.781 [FXGL Background Thread 3 ] DEBUG Engine               - appIcon: fxgl_icon.png
15:23:19.781 [FXGL Background Thread 3 ] DEBUG Engine               - applicationMode: DEVELOPER
15:23:19.781 [FXGL Background Thread 3 ] DEBUG Engine               - cSSList: [fxgl_dark.css]
15:23:19.781 [FXGL Background Thread 3 ] DEBUG Engine               - configClass: Optional.empty
15:23:19.781 [FXGL Background Thread 3 ] DEBUG Engine               - credits: []
15:23:19.781 [FXGL Background Thread 3 ] DEBUG Engine               - devBBoxColorProperty: ObjectProperty [value: 0xff0000ff]
15:23:19.782 [FXGL Background Thread 3 ] DEBUG Engine               - devEnableDebugCameraProperty: BooleanProperty [value: false]
15:23:19.782 [FXGL Background Thread 3 ] DEBUG Engine               - devSensorColorProperty: ObjectProperty [value: 0xffff00ff]
15:23:19.782 [FXGL Background Thread 3 ] DEBUG Engine               - devShowBBoxProperty: BooleanProperty [value: false]
15:23:19.782 [FXGL Background Thread 3 ] DEBUG Engine               - devShowPositionProperty: BooleanProperty [value: false]
15:23:19.782 [FXGL Background Thread 3 ] DEBUG Engine               - enabledMenuItems: []
15:23:19.782 [FXGL Background Thread 3 ] DEBUG Engine               - engineServices: [class com.almasb.fxgl.app.FXGLApplication$GameApplicationService, class com.almasb.fxgl.app.services.FXGLDialogService, class com.almasb.fxgl.app.services.IOTaskExecutorService, class com.almasb.fxgl.event.EventBusService, class com.almasb.fxgl.io.FileSystemService, class com.almasb.fxgl.localization.LocalizationService, class com.almasb.fxgl.app.services.FXGLAssetLoaderService, class com.almasb.fxgl.app.services.SystemBundleService, class com.almasb.fxgl.profile.SaveLoadService, class com.almasb.fxgl.ui.FXGLUIFactoryServiceProvider, class com.almasb.fxgl.ui.FXGLDialogFactoryServiceProvider, class com.almasb.fxgl.audio.AudioPlayer, class com.almasb.fxgl.notification.impl.NotificationServiceProvider, class com.almasb.fxgl.achievement.AchievementService, class com.almasb.fxgl.cutscene.CutsceneService, class com.almasb.fxgl.minigames.MiniGameService, class com.almasb.fxgl.net.NetService, class com.almasb.fxgl.app.services.UpdaterService, class com.almasb.fxgl.dev.DevService]
15:23:19.782 [FXGL Background Thread 3 ] DEBUG Engine               - fontGame: Abel-Regular.ttf
15:23:19.782 [FXGL Background Thread 3 ] DEBUG Engine               - fontMono: lucida_console.ttf
15:23:19.782 [FXGL Background Thread 3 ] DEBUG Engine               - fontText: Courier-Prime.ttf
15:23:19.782 [FXGL Background Thread 3 ] DEBUG Engine               - fontUI: VarelaRound-Regular.ttf
15:23:19.782 [FXGL Background Thread 3 ] DEBUG Engine               - fullScreen: BooleanProperty [value: false]
15:23:19.782 [FXGL Background Thread 3 ] DEBUG Engine               - gameDifficulty: MEDIUM
15:23:19.783 [FXGL Background Thread 3 ] DEBUG Engine               - gameDifficultyProperty: ObjectProperty [value: MEDIUM]
15:23:19.783 [FXGL Background Thread 3 ] DEBUG Engine               - globalMusicVolume: 0.5
15:23:19.783 [FXGL Background Thread 3 ] DEBUG Engine               - globalMusicVolumeProperty: DoubleProperty [value: 0.5]
15:23:19.783 [FXGL Background Thread 3 ] DEBUG Engine               - globalSoundVolume: 0.5
15:23:19.783 [FXGL Background Thread 3 ] DEBUG Engine               - globalSoundVolumeProperty: DoubleProperty [value: 0.5]
15:23:19.783 [FXGL Background Thread 3 ] DEBUG Engine               - height: 750
15:23:19.783 [FXGL Background Thread 3 ] DEBUG Engine               - isAndroid: false
15:23:19.783 [FXGL Background Thread 3 ] DEBUG Engine               - isBrowser: false
15:23:19.783 [FXGL Background Thread 3 ] DEBUG Engine               - isClickFeedbackEnabled: false
15:23:19.783 [FXGL Background Thread 3 ] DEBUG Engine               - isCloseConfirmation: false
15:23:19.783 [FXGL Background Thread 3 ] DEBUG Engine               - isDesktop: true
15:23:19.783 [FXGL Background Thread 3 ] DEBUG Engine               - isDeveloperMenuEnabled: false
15:23:19.783 [FXGL Background Thread 3 ] DEBUG Engine               - isEntityPreloadEnabled: true
15:23:19.784 [FXGL Background Thread 3 ] DEBUG Engine               - isExperimental3D: false
15:23:19.784 [FXGL Background Thread 3 ] DEBUG Engine               - isExperimentalNative: false
15:23:19.784 [FXGL Background Thread 3 ] DEBUG Engine               - isExperimentalTiledLargeMap: false
15:23:19.784 [FXGL Background Thread 3 ] DEBUG Engine               - isFileSystemWriteAllowed: true
15:23:19.784 [FXGL Background Thread 3 ] DEBUG Engine               - isFullScreenAllowed: false
15:23:19.784 [FXGL Background Thread 3 ] DEBUG Engine               - isFullScreenFromStart: false
15:23:19.784 [FXGL Background Thread 3 ] DEBUG Engine               - isGameMenuEnabled: false
15:23:19.784 [FXGL Background Thread 3 ] DEBUG Engine               - isIOS: false
15:23:19.784 [FXGL Background Thread 3 ] DEBUG Engine               - isIntroEnabled: false
15:23:19.784 [FXGL Background Thread 3 ] DEBUG Engine               - isLinux: false
15:23:19.784 [FXGL Background Thread 3 ] DEBUG Engine               - isMac: false
15:23:19.784 [FXGL Background Thread 3 ] DEBUG Engine               - isMainMenuEnabled: false
15:23:19.784 [FXGL Background Thread 3 ] DEBUG Engine               - isManualResizeEnabled: false
15:23:19.784 [FXGL Background Thread 3 ] DEBUG Engine               - isMobile: false
15:23:19.784 [FXGL Background Thread 3 ] DEBUG Engine               - isPreserveResizeRatio: false
15:23:19.784 [FXGL Background Thread 3 ] DEBUG Engine               - isProfilingEnabled: false
15:23:19.785 [FXGL Background Thread 3 ] DEBUG Engine               - isScaleAffectedOnResize: true
15:23:19.785 [FXGL Background Thread 3 ] DEBUG Engine               - isSingleStep: false
15:23:19.785 [FXGL Background Thread 3 ] DEBUG Engine               - isUserProfileEnabled: false
15:23:19.785 [FXGL Background Thread 3 ] DEBUG Engine               - isWindows: true
15:23:19.785 [FXGL Background Thread 3 ] DEBUG Engine               - language: ObjectProperty [value: ENGLISH]
15:23:19.785 [FXGL Background Thread 3 ] DEBUG Engine               - menuKey: ESCAPE
15:23:19.785 [FXGL Background Thread 3 ] DEBUG Engine               - notificationViewClass: class com.almasb.fxgl.notification.view.XboxNotificationView
15:23:19.785 [FXGL Background Thread 3 ] DEBUG Engine               - pixelsPerMeter: 50.0
15:23:19.785 [FXGL Background Thread 3 ] DEBUG Engine               - platform: WINDOWS
15:23:19.785 [FXGL Background Thread 3 ] DEBUG Engine               - prefHeightProperty: ReadOnlyDoubleProperty [value: 750.0]
15:23:19.785 [FXGL Background Thread 3 ] DEBUG Engine               - prefWidthProperty: ReadOnlyDoubleProperty [value: 1400.0]
15:23:19.785 [FXGL Background Thread 3 ] DEBUG Engine               - profileDir: profiles/
15:23:19.785 [FXGL Background Thread 3 ] DEBUG Engine               - profileName: StringProperty [value: DEFAULT]
15:23:19.785 [FXGL Background Thread 3 ] DEBUG Engine               - randomSeed: -1
15:23:19.786 [FXGL Background Thread 3 ] DEBUG Engine               - runtimeInfo: RuntimeInfo(platform=WINDOWS, version=11.12, build=11.12.2020 08.51)
15:23:19.786 [FXGL Background Thread 3 ] DEBUG Engine               - saveFileExt: sav
15:23:19.786 [FXGL Background Thread 3 ] DEBUG Engine               - scaledHeightProp$fxgl: DoubleProperty [bound, value: 750.0]
15:23:19.786 [FXGL Background Thread 3 ] DEBUG Engine               - scaledWidthProp$fxgl: DoubleProperty [bound, value: 1400.0]
15:23:19.786 [FXGL Background Thread 3 ] DEBUG Engine               - sceneFactory: com.almasb.fxgl.app.scene.SceneFactory@174a606d
15:23:19.786 [FXGL Background Thread 3 ] DEBUG Engine               - secondsIn24h: 60
15:23:19.786 [FXGL Background Thread 3 ] DEBUG Engine               - soundMenuBack: menu/back.wav
15:23:19.786 [FXGL Background Thread 3 ] DEBUG Engine               - soundMenuPress: menu/press.wav
15:23:19.786 [FXGL Background Thread 3 ] DEBUG Engine               - soundMenuSelect: menu/select.wav
15:23:19.786 [FXGL Background Thread 3 ] DEBUG Engine               - soundNotification: core/notification.wav
15:23:19.786 [FXGL Background Thread 3 ] DEBUG Engine               - stageStyle: DECORATED
15:23:19.786 [FXGL Background Thread 3 ] DEBUG Engine               - supportedLanguages: [ENGLISH, FRENCH, GERMAN, HUNGARIAN, RUSSIAN]
15:23:19.786 [FXGL Background Thread 3 ] DEBUG Engine               - title: project5 make a square
15:23:19.786 [FXGL Background Thread 3 ] DEBUG Engine               - urlGithub: https://github.com/AlmasB/FXGL
15:23:19.786 [FXGL Background Thread 3 ] DEBUG Engine               - urlLeaderboard: http://fxgl-top.herokuapp.com/
15:23:19.786 [FXGL Background Thread 3 ] DEBUG Engine               - urlPOM: https://raw.githubusercontent.com/AlmasB/FXGL/master/README.md
15:23:19.787 [FXGL Background Thread 3 ] DEBUG Engine               - version: 0.0
15:23:19.787 [FXGL Background Thread 3 ] DEBUG Engine               - versionCheckDays: 7
15:23:19.787 [FXGL Background Thread 3 ] DEBUG Engine               - width: 1400
15:23:19.787 [FXGL Background Thread 3 ] DEBUG Engine               - Logging services
15:23:19.787 [FXGL Background Thread 3 ] DEBUG Engine               - class com.almasb.fxgl.app.FXGLApplication$GameApplicationService
15:23:19.787 [FXGL Background Thread 3 ] DEBUG Engine               - class com.almasb.fxgl.app.services.FXGLDialogService
15:23:19.787 [FXGL Background Thread 3 ] DEBUG Engine               - class com.almasb.fxgl.app.services.IOTaskExecutorService
15:23:19.787 [FXGL Background Thread 3 ] DEBUG Engine               - class com.almasb.fxgl.event.EventBusService
15:23:19.787 [FXGL Background Thread 3 ] DEBUG Engine               - class com.almasb.fxgl.io.FileSystemService
15:23:19.787 [FXGL Background Thread 3 ] DEBUG Engine               - class com.almasb.fxgl.localization.LocalizationService
15:23:19.787 [FXGL Background Thread 3 ] DEBUG Engine               - class com.almasb.fxgl.app.services.FXGLAssetLoaderService
15:23:19.787 [FXGL Background Thread 3 ] DEBUG Engine               - class com.almasb.fxgl.app.services.SystemBundleService
15:23:19.787 [FXGL Background Thread 3 ] DEBUG Engine               - class com.almasb.fxgl.profile.SaveLoadService
15:23:19.787 [FXGL Background Thread 3 ] DEBUG Engine               - class com.almasb.fxgl.ui.FXGLUIFactoryServiceProvider
15:23:19.787 [FXGL Background Thread 3 ] DEBUG Engine               - class com.almasb.fxgl.ui.FXGLDialogFactoryServiceProvider
15:23:19.787 [FXGL Background Thread 3 ] DEBUG Engine               - class com.almasb.fxgl.audio.AudioPlayer
15:23:19.787 [FXGL Background Thread 3 ] DEBUG Engine               - class com.almasb.fxgl.notification.impl.NotificationServiceProvider
15:23:19.787 [FXGL Background Thread 3 ] DEBUG Engine               - class com.almasb.fxgl.achievement.AchievementService
15:23:19.788 [FXGL Background Thread 3 ] DEBUG Engine               - class com.almasb.fxgl.cutscene.CutsceneService
15:23:19.788 [FXGL Background Thread 3 ] DEBUG Engine               - class com.almasb.fxgl.minigames.MiniGameService
15:23:19.788 [FXGL Background Thread 3 ] DEBUG Engine               - class com.almasb.fxgl.net.NetService
15:23:19.788 [FXGL Background Thread 3 ] DEBUG Engine               - class com.almasb.fxgl.app.services.UpdaterService
15:23:19.788 [FXGL Background Thread 3 ] DEBUG Engine               - class com.almasb.fxgl.dev.DevService
15:23:34.375 [JavaFX Application Thread] DEBUG FXGLApplication      - Exiting FXGL
15:23:34.376 [JavaFX Application Thread] DEBUG LoopRunner           - Stopping loop
15:23:34.376 [JavaFX Application Thread] DEBUG SystemBundleService  - Saving FXGL system data
15:23:34.378 [JavaFX Application Thread] DEBUG FileSystemAccess     - Writing to: E:\java\Project5\system\fxgl.bundle
15:23:34.381 [JavaFX Application Thread] DEBUG Async                - Shutting down background threads
15:23:34.381 [JavaFX Application Thread] DEBUG MainWindow           - Closing main window
15:23:34.408 [JavaFX Application Thread] DEBUG Logger               - Closing Logger
