18:13:50.175 [main                     ] DEBUG Logger               - Configured Logger
18:13:50.180 [main                     ] DEBUG GameApplication      - Logging settings
Title: project5 make a square
Version: 0.0
Width: 1400
Height: 750
Fullscreen: false
Intro: false
Profiling: false
Single step:false
App Mode: DEVELOPER
Menu Key: ESCAPE
Stage Style: DECORATED
Scene Factory: class com.almasb.fxgl.app.scene.SceneFactory

18:13:50.658 [JavaFX Application Thread] DEBUG FXGLApplication      - Initializing FXGL
18:13:50.662 [JavaFX Application Thread] INFO  Engine               - FXGL-11.12 (11.12.2020 08.51) on WINDOWS (J:21.0.2 FX:15)
18:13:50.663 [JavaFX Application Thread] DEBUG Engine               - JRE Vendor Name: Oracle Corporation
18:13:50.664 [JavaFX Application Thread] DEBUG Engine               - Running on OS: Windows 10 version 10.0
18:13:50.664 [JavaFX Application Thread] DEBUG Engine               - Architecture: amd64
18:13:50.664 [JavaFX Application Thread] INFO  Engine               - Source code and latest versions at: https://github.com/AlmasB/FXGL
18:13:50.664 [JavaFX Application Thread] INFO  Engine               -              Join the FXGL chat at: https://gitter.im/AlmasB/FXGL
18:13:50.810 [JavaFX Application Thread] DEBUG MainWindow           - Creating a JavaFX scene
18:13:50.886 [JavaFX Application Thread] DEBUG MainWindow           - Target settings size: 1400.0 x 750.0
18:13:50.886 [JavaFX Application Thread] DEBUG MainWindow           - Scaled scene size:    1400.0 x 750.0
18:13:50.887 [JavaFX Application Thread] DEBUG MainWindow           - Scaled ratio: (1.0, 1.0)
18:13:50.888 [JavaFX Application Thread] DEBUG MainWindow           - Set initial scene to StartupScene
18:13:50.895 [JavaFX Application Thread] DEBUG MainWindow           - Opening main window
18:13:51.017 [JavaFX Application Thread] DEBUG MainWindow           - Window border size: (14.4000244140625, 38.0)
18:13:51.017 [JavaFX Application Thread] DEBUG MainWindow           - Scaled size: 1400.0 x 750.0
18:13:51.017 [JavaFX Application Thread] DEBUG MainWindow           - Scaled ratio: (1.0, 1.0)
18:13:51.017 [JavaFX Application Thread] DEBUG MainWindow           - Scene size: 1400.0 x 750.0
18:13:51.017 [JavaFX Application Thread] DEBUG MainWindow           - Stage size: 1414.4000244140625 x 788.0
18:13:51.026 [FXGL Background Thread 1 ] DEBUG Engine               - Initializing environment variables
18:13:51.111 [FXGL Background Thread 1 ] DEBUG GameApplicationServi - Applying CSS: fxgl_dark.css
18:13:51.112 [FXGL Background Thread 1 ] DEBUG FXGLAssetLoaderServi - Loading from file system: /assets/ui/css/fxgl_dark.css
18:13:51.184 [FXGL Background Thread 1 ] DEBUG GameApplicationServi - Initializing application scenes
18:13:51.240 [FXGL Background Thread 1 ] DEBUG GameWorld            - Game world initialized
18:13:51.333 [FXGL Background Thread 1 ] DEBUG PhysicsWorld         - Physics world initialized: appHeight=750, physics.ppm=50.0
18:13:51.335 [FXGL Background Thread 1 ] DEBUG GameScene            - Game scene initialized: 1400x750
18:13:51.335 [FXGL Background Thread 1 ] DEBUG GameApplicationServi - Application scenes initialized
18:13:51.362 [FXGL Background Thread 1 ] DEBUG SystemBundleService  - Loading FXGL system data
18:13:51.367 [FXGL Background Thread 1 ] DEBUG FileSystemAccess     - Reading from: E:\java\Project5\system\fxgl.bundle
18:13:51.378 [FXGL Background Thread 1 ] DEBUG SystemBundleService  - Bundle FXGL: {}
18:13:51.378 [FXGL Background Thread 1 ] DEBUG UpdaterService       - Checking for updates
18:13:51.384 [FXGL Background Thread 4 ] DEBUG FXGLApplication      - Loading fonts
18:13:51.384 [FXGL Background Thread 4 ] DEBUG FXGLAssetLoaderServi - Loading from file system: /assets/ui/fonts/VarelaRound-Regular.ttf
18:13:51.385 [FXGL Background Thread 1 ] DEBUG FXGLApplication      - Loading default localization
18:13:51.385 [FXGL Background Thread 1 ] DEBUG FXGLAssetLoaderServi - Loading from file system: /assets/languages/english.lang
18:13:51.429 [FXGL Background Thread 1 ] INFO  FXGLApplication      - FXGL initialization took: 0.404 sec
18:13:51.444 [FXGL Background Thread 4 ] DEBUG FXGLAssetLoaderServi - Loading from file system: /assets/ui/fonts/Abel-Regular.ttf
18:13:51.448 [FXGL Background Thread 4 ] DEBUG FXGLAssetLoaderServi - Loading from file system: /assets/ui/fonts/lucida_console.ttf
18:13:51.451 [JavaFX Application Thread] DEBUG Input                - Registered new binding: Start Solving - Enter
18:13:51.451 [JavaFX Application Thread] DEBUG FXGLAssetLoaderServi - Loading from file system: /assets/textures/fxgl_icon.png
18:13:51.454 [FXGL Background Thread 4 ] DEBUG FXGLAssetLoaderServi - Loading from file system: /assets/ui/fonts/Courier-Prime.ttf
18:13:51.512 [JavaFX Application Thread] DEBUG FXGLAssetLoaderServi - Loading from file system: /assets/ui/cursors/fxgl_default.png
18:13:51.514 [JavaFX Application Thread] DEBUG Input                - Registered new binding: Screenshot - P
18:13:51.515 [JavaFX Application Thread] DEBUG Input                - Registered new binding: System info dump - CTRL+9
18:13:51.515 [JavaFX Application Thread] DEBUG Input                - Registered new binding: Restart - CTRL+R
18:13:51.516 [JavaFX Application Thread] DEBUG Input                - Registered new binding: Toggle Debug Camera - CTRL+C
18:13:51.519 [JavaFX Application Thread] DEBUG LoopRunner           - Starting loop
18:13:51.520 [JavaFX Application Thread] DEBUG GameApplicationServi - Starting new game
18:13:51.521 [JavaFX Application Thread] DEBUG Input                - Clearing active input actions
18:13:51.537 [JavaFX Application Thread] DEBUG GameApplicationServi - Removing overlay from StartupScene and adding to FXGLLoadingScene
18:13:51.537 [JavaFX Application Thread] DEBUG MainWindow           - StartupScene -> FXGLLoadingScene
18:13:51.537 [JavaFX Application Thread] DEBUG GameApplicationServi - Clearing previous game
18:13:51.537 [JavaFX Application Thread] DEBUG GameScene            - Clearing game scene
18:13:51.538 [JavaFX Application Thread] DEBUG GameWorld            - Clearing game world
18:13:51.538 [JavaFX Application Thread] DEBUG PhysicsWorld         - Clearing physics world
18:13:51.541 [JavaFX Application Thread] DEBUG FXGLApplication      - Registering font factories with UI factory
18:13:51.541 [FXGL Background Thread 4 ] DEBUG FXGLApplication      - Initializing game
18:13:51.593 [FXGL Background Thread 4 ] INFO  FXGLApplication      - Game initialization took: 0.051 sec
18:13:51.625 [JavaFX Application Thread] DEBUG Input                - Clearing active input actions
18:13:51.644 [JavaFX Application Thread] DEBUG GameApplicationServi - Removing overlay from FXGLLoadingScene and adding to GameScene
18:13:51.644 [JavaFX Application Thread] DEBUG MainWindow           - FXGLLoadingScene -> GameScene
18:13:54.383 [FXGL Background Thread 3 ] DEBUG Engine               - Logging environment variables
18:13:54.383 [FXGL Background Thread 3 ] DEBUG Engine               - achievements: []
18:13:54.383 [FXGL Background Thread 3 ] DEBUG Engine               - actualHeight: 750.0
18:13:54.383 [FXGL Background Thread 3 ] DEBUG Engine               - actualHeightProperty: ReadOnlyDoubleProperty [value: 750.0]
18:13:54.384 [FXGL Background Thread 3 ] DEBUG Engine               - actualWidth: 1400.0
18:13:54.384 [FXGL Background Thread 3 ] DEBUG Engine               - actualWidthProperty: ReadOnlyDoubleProperty [value: 1400.0]
18:13:54.384 [FXGL Background Thread 3 ] DEBUG Engine               - appIcon: fxgl_icon.png
18:13:54.384 [FXGL Background Thread 3 ] DEBUG Engine               - applicationMode: DEVELOPER
18:13:54.384 [FXGL Background Thread 3 ] DEBUG Engine               - cSSList: [fxgl_dark.css]
18:13:54.384 [FXGL Background Thread 3 ] DEBUG Engine               - configClass: Optional.empty
18:13:54.384 [FXGL Background Thread 3 ] DEBUG Engine               - credits: []
18:13:54.384 [FXGL Background Thread 3 ] DEBUG Engine               - devBBoxColorProperty: ObjectProperty [value: 0xff0000ff]
18:13:54.384 [FXGL Background Thread 3 ] DEBUG Engine               - devEnableDebugCameraProperty: BooleanProperty [value: false]
18:13:54.384 [FXGL Background Thread 3 ] DEBUG Engine               - devSensorColorProperty: ObjectProperty [value: 0xffff00ff]
18:13:54.384 [FXGL Background Thread 3 ] DEBUG Engine               - devShowBBoxProperty: BooleanProperty [value: false]
18:13:54.384 [FXGL Background Thread 3 ] DEBUG Engine               - devShowPositionProperty: BooleanProperty [value: false]
18:13:54.385 [FXGL Background Thread 3 ] DEBUG Engine               - enabledMenuItems: []
18:13:54.385 [FXGL Background Thread 3 ] DEBUG Engine               - engineServices: [class com.almasb.fxgl.app.FXGLApplication$GameApplicationService, class com.almasb.fxgl.app.services.FXGLDialogService, class com.almasb.fxgl.app.services.IOTaskExecutorService, class com.almasb.fxgl.event.EventBusService, class com.almasb.fxgl.io.FileSystemService, class com.almasb.fxgl.localization.LocalizationService, class com.almasb.fxgl.app.services.FXGLAssetLoaderService, class com.almasb.fxgl.app.services.SystemBundleService, class com.almasb.fxgl.profile.SaveLoadService, class com.almasb.fxgl.ui.FXGLUIFactoryServiceProvider, class com.almasb.fxgl.ui.FXGLDialogFactoryServiceProvider, class com.almasb.fxgl.audio.AudioPlayer, class com.almasb.fxgl.notification.impl.NotificationServiceProvider, class com.almasb.fxgl.achievement.AchievementService, class com.almasb.fxgl.cutscene.CutsceneService, class com.almasb.fxgl.minigames.MiniGameService, class com.almasb.fxgl.net.NetService, class com.almasb.fxgl.app.services.UpdaterService, class com.almasb.fxgl.dev.DevService]
18:13:54.385 [FXGL Background Thread 3 ] DEBUG Engine               - fontGame: Abel-Regular.ttf
18:13:54.385 [FXGL Background Thread 3 ] DEBUG Engine               - fontMono: lucida_console.ttf
18:13:54.385 [FXGL Background Thread 3 ] DEBUG Engine               - fontText: Courier-Prime.ttf
18:13:54.385 [FXGL Background Thread 3 ] DEBUG Engine               - fontUI: VarelaRound-Regular.ttf
18:13:54.385 [FXGL Background Thread 3 ] DEBUG Engine               - fullScreen: BooleanProperty [value: false]
18:13:54.385 [FXGL Background Thread 3 ] DEBUG Engine               - gameDifficulty: MEDIUM
18:13:54.385 [FXGL Background Thread 3 ] DEBUG Engine               - gameDifficultyProperty: ObjectProperty [value: MEDIUM]
18:13:54.385 [FXGL Background Thread 3 ] DEBUG Engine               - globalMusicVolume: 0.5
18:13:54.385 [FXGL Background Thread 3 ] DEBUG Engine               - globalMusicVolumeProperty: DoubleProperty [value: 0.5]
18:13:54.385 [FXGL Background Thread 3 ] DEBUG Engine               - globalSoundVolume: 0.5
18:13:54.385 [FXGL Background Thread 3 ] DEBUG Engine               - globalSoundVolumeProperty: DoubleProperty [value: 0.5]
18:13:54.385 [FXGL Background Thread 3 ] DEBUG Engine               - height: 750
18:13:54.386 [FXGL Background Thread 3 ] DEBUG Engine               - isAndroid: false
18:13:54.386 [FXGL Background Thread 3 ] DEBUG Engine               - isBrowser: false
18:13:54.386 [FXGL Background Thread 3 ] DEBUG Engine               - isClickFeedbackEnabled: false
18:13:54.386 [FXGL Background Thread 3 ] DEBUG Engine               - isCloseConfirmation: false
18:13:54.386 [FXGL Background Thread 3 ] DEBUG Engine               - isDesktop: true
18:13:54.386 [FXGL Background Thread 3 ] DEBUG Engine               - isDeveloperMenuEnabled: false
18:13:54.386 [FXGL Background Thread 3 ] DEBUG Engine               - isEntityPreloadEnabled: true
18:13:54.386 [FXGL Background Thread 3 ] DEBUG Engine               - isExperimental3D: false
18:13:54.386 [FXGL Background Thread 3 ] DEBUG Engine               - isExperimentalNative: false
18:13:54.386 [FXGL Background Thread 3 ] DEBUG Engine               - isExperimentalTiledLargeMap: false
18:13:54.386 [FXGL Background Thread 3 ] DEBUG Engine               - isFileSystemWriteAllowed: true
18:13:54.386 [FXGL Background Thread 3 ] DEBUG Engine               - isFullScreenAllowed: false
18:13:54.386 [FXGL Background Thread 3 ] DEBUG Engine               - isFullScreenFromStart: false
18:13:54.386 [FXGL Background Thread 3 ] DEBUG Engine               - isGameMenuEnabled: false
18:13:54.386 [FXGL Background Thread 3 ] DEBUG Engine               - isIOS: false
18:13:54.387 [FXGL Background Thread 3 ] DEBUG Engine               - isIntroEnabled: false
18:13:54.387 [FXGL Background Thread 3 ] DEBUG Engine               - isLinux: false
18:13:54.387 [FXGL Background Thread 3 ] DEBUG Engine               - isMac: false
18:13:54.387 [FXGL Background Thread 3 ] DEBUG Engine               - isMainMenuEnabled: false
18:13:54.387 [FXGL Background Thread 3 ] DEBUG Engine               - isManualResizeEnabled: false
18:13:54.387 [FXGL Background Thread 3 ] DEBUG Engine               - isMobile: false
18:13:54.387 [FXGL Background Thread 3 ] DEBUG Engine               - isPreserveResizeRatio: false
18:13:54.387 [FXGL Background Thread 3 ] DEBUG Engine               - isProfilingEnabled: false
18:13:54.387 [FXGL Background Thread 3 ] DEBUG Engine               - isScaleAffectedOnResize: true
18:13:54.387 [FXGL Background Thread 3 ] DEBUG Engine               - isSingleStep: false
18:13:54.387 [FXGL Background Thread 3 ] DEBUG Engine               - isUserProfileEnabled: false
18:13:54.387 [FXGL Background Thread 3 ] DEBUG Engine               - isWindows: true
18:13:54.387 [FXGL Background Thread 3 ] DEBUG Engine               - language: ObjectProperty [value: ENGLISH]
18:13:54.387 [FXGL Background Thread 3 ] DEBUG Engine               - menuKey: ESCAPE
18:13:54.388 [FXGL Background Thread 3 ] DEBUG Engine               - notificationViewClass: class com.almasb.fxgl.notification.view.XboxNotificationView
18:13:54.388 [FXGL Background Thread 3 ] DEBUG Engine               - pixelsPerMeter: 50.0
18:13:54.388 [FXGL Background Thread 3 ] DEBUG Engine               - platform: WINDOWS
18:13:54.388 [FXGL Background Thread 3 ] DEBUG Engine               - prefHeightProperty: ReadOnlyDoubleProperty [value: 750.0]
18:13:54.388 [FXGL Background Thread 3 ] DEBUG Engine               - prefWidthProperty: ReadOnlyDoubleProperty [value: 1400.0]
18:13:54.388 [FXGL Background Thread 3 ] DEBUG Engine               - profileDir: profiles/
18:13:54.388 [FXGL Background Thread 3 ] DEBUG Engine               - profileName: StringProperty [value: DEFAULT]
18:13:54.388 [FXGL Background Thread 3 ] DEBUG Engine               - randomSeed: -1
18:13:54.388 [FXGL Background Thread 3 ] DEBUG Engine               - runtimeInfo: RuntimeInfo(platform=WINDOWS, version=11.12, build=11.12.2020 08.51)
18:13:54.388 [FXGL Background Thread 3 ] DEBUG Engine               - saveFileExt: sav
18:13:54.389 [FXGL Background Thread 3 ] DEBUG Engine               - scaledHeightProp$fxgl: DoubleProperty [bound, value: 750.0]
18:13:54.389 [FXGL Background Thread 3 ] DEBUG Engine               - scaledWidthProp$fxgl: DoubleProperty [bound, value: 1400.0]
18:13:54.389 [FXGL Background Thread 3 ] DEBUG Engine               - sceneFactory: com.almasb.fxgl.app.scene.SceneFactory@60837d82
18:13:54.389 [FXGL Background Thread 3 ] DEBUG Engine               - secondsIn24h: 60
18:13:54.389 [FXGL Background Thread 3 ] DEBUG Engine               - soundMenuBack: menu/back.wav
18:13:54.389 [FXGL Background Thread 3 ] DEBUG Engine               - soundMenuPress: menu/press.wav
18:13:54.389 [FXGL Background Thread 3 ] DEBUG Engine               - soundMenuSelect: menu/select.wav
18:13:54.389 [FXGL Background Thread 3 ] DEBUG Engine               - soundNotification: core/notification.wav
18:13:54.389 [FXGL Background Thread 3 ] DEBUG Engine               - stageStyle: DECORATED
18:13:54.389 [FXGL Background Thread 3 ] DEBUG Engine               - supportedLanguages: [ENGLISH, FRENCH, GERMAN, HUNGARIAN, RUSSIAN]
18:13:54.389 [FXGL Background Thread 3 ] DEBUG Engine               - title: project5 make a square
18:13:54.389 [FXGL Background Thread 3 ] DEBUG Engine               - urlGithub: https://github.com/AlmasB/FXGL
18:13:54.389 [FXGL Background Thread 3 ] DEBUG Engine               - urlLeaderboard: http://fxgl-top.herokuapp.com/
18:13:54.389 [FXGL Background Thread 3 ] DEBUG Engine               - urlPOM: https://raw.githubusercontent.com/AlmasB/FXGL/master/README.md
18:13:54.389 [FXGL Background Thread 3 ] DEBUG Engine               - version: 0.0
18:13:54.389 [FXGL Background Thread 3 ] DEBUG Engine               - versionCheckDays: 7
18:13:54.389 [FXGL Background Thread 3 ] DEBUG Engine               - width: 1400
18:13:54.389 [FXGL Background Thread 3 ] DEBUG Engine               - Logging services
18:13:54.390 [FXGL Background Thread 3 ] DEBUG Engine               - class com.almasb.fxgl.app.FXGLApplication$GameApplicationService
18:13:54.390 [FXGL Background Thread 3 ] DEBUG Engine               - class com.almasb.fxgl.app.services.FXGLDialogService
18:13:54.390 [FXGL Background Thread 3 ] DEBUG Engine               - class com.almasb.fxgl.app.services.IOTaskExecutorService
18:13:54.390 [FXGL Background Thread 3 ] DEBUG Engine               - class com.almasb.fxgl.event.EventBusService
18:13:54.390 [FXGL Background Thread 3 ] DEBUG Engine               - class com.almasb.fxgl.io.FileSystemService
18:13:54.390 [FXGL Background Thread 3 ] DEBUG Engine               - class com.almasb.fxgl.localization.LocalizationService
18:13:54.390 [FXGL Background Thread 3 ] DEBUG Engine               - class com.almasb.fxgl.app.services.FXGLAssetLoaderService
18:13:54.390 [FXGL Background Thread 3 ] DEBUG Engine               - class com.almasb.fxgl.app.services.SystemBundleService
18:13:54.390 [FXGL Background Thread 3 ] DEBUG Engine               - class com.almasb.fxgl.profile.SaveLoadService
18:13:54.390 [FXGL Background Thread 3 ] DEBUG Engine               - class com.almasb.fxgl.ui.FXGLUIFactoryServiceProvider
18:13:54.390 [FXGL Background Thread 3 ] DEBUG Engine               - class com.almasb.fxgl.ui.FXGLDialogFactoryServiceProvider
18:13:54.390 [FXGL Background Thread 3 ] DEBUG Engine               - class com.almasb.fxgl.audio.AudioPlayer
18:13:54.390 [FXGL Background Thread 3 ] DEBUG Engine               - class com.almasb.fxgl.notification.impl.NotificationServiceProvider
18:13:54.390 [FXGL Background Thread 3 ] DEBUG Engine               - class com.almasb.fxgl.achievement.AchievementService
18:13:54.390 [FXGL Background Thread 3 ] DEBUG Engine               - class com.almasb.fxgl.cutscene.CutsceneService
18:13:54.390 [FXGL Background Thread 3 ] DEBUG Engine               - class com.almasb.fxgl.minigames.MiniGameService
18:13:54.390 [FXGL Background Thread 3 ] DEBUG Engine               - class com.almasb.fxgl.net.NetService
18:13:54.390 [FXGL Background Thread 3 ] DEBUG Engine               - class com.almasb.fxgl.app.services.UpdaterService
18:13:54.390 [FXGL Background Thread 3 ] DEBUG Engine               - class com.almasb.fxgl.dev.DevService
18:13:54.797 [FXGL Background Thread 2 ] INFO  UpdaterService       - Your current version:  11.12
18:13:54.797 [FXGL Background Thread 2 ] INFO  UpdaterService       - Latest stable version: 21.1
18:14:16.228 [JavaFX Application Thread] DEBUG FXGLApplication      - Exiting FXGL
18:14:16.228 [JavaFX Application Thread] DEBUG LoopRunner           - Stopping loop
18:14:16.228 [JavaFX Application Thread] DEBUG SystemBundleService  - Saving FXGL system data
18:14:16.231 [JavaFX Application Thread] DEBUG FileSystemAccess     - Writing to: E:\java\Project5\system\fxgl.bundle
18:14:16.233 [JavaFX Application Thread] DEBUG Async                - Shutting down background threads
18:14:16.233 [JavaFX Application Thread] DEBUG MainWindow           - Closing main window
18:14:16.250 [JavaFX Application Thread] DEBUG Logger               - Closing Logger
