23:26:17.428 [main                     ] DEBUG Logger               - Configured Logger
23:26:17.432 [main                     ] DEBUG GameApplication      - Logging settings
Title: project5 make a square
Version: 0.0
Width: 1400
Height: 750
Fullscreen: false
Intro: false
Profiling: false
Single step:false
App Mode: DEVELOPER
Menu Key: ESCAPE
Stage Style: DECORATED
Scene Factory: class com.almasb.fxgl.app.scene.SceneFactory

23:26:18.352 [JavaFX Application Thread] DEBUG FXGLApplication      - Initializing FXGL
23:26:18.355 [JavaFX Application Thread] INFO  Engine               - FXGL-11.12 (11.12.2020 08.51) on WINDOWS (J:21.0.1 FX:15)
23:26:18.355 [JavaFX Application Thread] DEBUG Engine               - JRE Vendor Name: Oracle Corporation
23:26:18.355 [JavaFX Application Thread] DEBUG Engine               - Running on OS: Windows 10 version 10.0
23:26:18.355 [JavaFX Application Thread] DEBUG Engine               - Architecture: amd64
23:26:18.355 [JavaFX Application Thread] INFO  Engine               - Source code and latest versions at: https://github.com/AlmasB/FXGL
23:26:18.356 [JavaFX Application Thread] INFO  Engine               -              Join the FXGL chat at: https://gitter.im/AlmasB/FXGL
23:26:18.536 [JavaFX Application Thread] DEBUG MainWindow           - Creating a JavaFX scene
23:26:18.611 [JavaFX Application Thread] DEBUG MainWindow           - Target settings size: 1400.0 x 750.0
23:26:18.612 [JavaFX Application Thread] DEBUG MainWindow           - Scaled scene size:    1400.0 x 750.0
23:26:18.612 [JavaFX Application Thread] DEBUG MainWindow           - Scaled ratio: (1.0, 1.0)
23:26:18.613 [JavaFX Application Thread] DEBUG MainWindow           - Set initial scene to StartupScene
23:26:18.623 [JavaFX Application Thread] DEBUG MainWindow           - Opening main window
23:26:18.726 [JavaFX Application Thread] DEBUG MainWindow           - Window border size: (14.4000244140625, 38.0)
23:26:18.727 [JavaFX Application Thread] DEBUG MainWindow           - Scaled size: 1400.0 x 750.0
23:26:18.727 [JavaFX Application Thread] DEBUG MainWindow           - Scaled ratio: (1.0, 1.0)
23:26:18.727 [JavaFX Application Thread] DEBUG MainWindow           - Scene size: 1400.0 x 750.0
23:26:18.727 [JavaFX Application Thread] DEBUG MainWindow           - Stage size: 1414.4000244140625 x 788.0
23:26:18.737 [FXGL Background Thread 1 ] DEBUG Engine               - Initializing environment variables
23:26:18.807 [FXGL Background Thread 1 ] DEBUG GameApplicationServi - Applying CSS: fxgl_dark.css
23:26:18.808 [FXGL Background Thread 1 ] DEBUG FXGLAssetLoaderServi - Loading from file system: /assets/ui/css/fxgl_dark.css
23:26:18.881 [FXGL Background Thread 1 ] DEBUG GameApplicationServi - Initializing application scenes
23:26:18.938 [FXGL Background Thread 1 ] DEBUG GameWorld            - Game world initialized
23:26:19.037 [FXGL Background Thread 1 ] DEBUG PhysicsWorld         - Physics world initialized: appHeight=750, physics.ppm=50.0
23:26:19.039 [FXGL Background Thread 1 ] DEBUG GameScene            - Game scene initialized: 1400x750
23:26:19.039 [FXGL Background Thread 1 ] DEBUG GameApplicationServi - Application scenes initialized
23:26:19.072 [FXGL Background Thread 1 ] DEBUG SystemBundleService  - Loading FXGL system data
23:26:19.076 [FXGL Background Thread 1 ] DEBUG FileSystemAccess     - Reading from: C:\Users\ahmma\Desktop\make-a-square\system\fxgl.bundle
23:26:19.087 [FXGL Background Thread 1 ] DEBUG SystemBundleService  - Bundle FXGL: {}
23:26:19.088 [FXGL Background Thread 1 ] DEBUG UpdaterService       - Checking for updates
23:26:19.095 [FXGL Background Thread 4 ] DEBUG FXGLApplication      - Loading fonts
23:26:19.095 [FXGL Background Thread 4 ] DEBUG FXGLAssetLoaderServi - Loading from file system: /assets/ui/fonts/VarelaRound-Regular.ttf
23:26:19.096 [FXGL Background Thread 1 ] DEBUG FXGLApplication      - Loading default localization
23:26:19.096 [FXGL Background Thread 1 ] DEBUG FXGLAssetLoaderServi - Loading from file system: /assets/languages/english.lang
23:26:19.136 [FXGL Background Thread 1 ] INFO  FXGLApplication      - FXGL initialization took: 0.399 sec
23:26:19.156 [JavaFX Application Thread] DEBUG Input                - Registered new binding: Start Solving - Enter
23:26:19.156 [JavaFX Application Thread] DEBUG FXGLAssetLoaderServi - Loading from file system: /assets/textures/fxgl_icon.png
23:26:19.159 [FXGL Background Thread 4 ] DEBUG FXGLAssetLoaderServi - Loading from file system: /assets/ui/fonts/Abel-Regular.ttf
23:26:19.164 [FXGL Background Thread 4 ] DEBUG FXGLAssetLoaderServi - Loading from file system: /assets/ui/fonts/lucida_console.ttf
23:26:19.170 [FXGL Background Thread 4 ] DEBUG FXGLAssetLoaderServi - Loading from file system: /assets/ui/fonts/Courier-Prime.ttf
23:26:19.217 [JavaFX Application Thread] DEBUG FXGLAssetLoaderServi - Loading from file system: /assets/ui/cursors/fxgl_default.png
23:26:19.221 [JavaFX Application Thread] DEBUG Input                - Registered new binding: Screenshot - P
23:26:19.222 [JavaFX Application Thread] DEBUG Input                - Registered new binding: System info dump - CTRL+9
23:26:19.222 [JavaFX Application Thread] DEBUG Input                - Registered new binding: Restart - CTRL+R
23:26:19.223 [JavaFX Application Thread] DEBUG Input                - Registered new binding: Toggle Debug Camera - CTRL+C
23:26:19.227 [JavaFX Application Thread] DEBUG LoopRunner           - Starting loop
23:26:19.228 [JavaFX Application Thread] DEBUG GameApplicationServi - Starting new game
23:26:19.228 [JavaFX Application Thread] DEBUG Input                - Clearing active input actions
23:26:19.242 [JavaFX Application Thread] DEBUG GameApplicationServi - Removing overlay from StartupScene and adding to FXGLLoadingScene
23:26:19.242 [JavaFX Application Thread] DEBUG MainWindow           - StartupScene -> FXGLLoadingScene
23:26:19.242 [JavaFX Application Thread] DEBUG GameApplicationServi - Clearing previous game
23:26:19.243 [JavaFX Application Thread] DEBUG GameScene            - Clearing game scene
23:26:19.243 [JavaFX Application Thread] DEBUG GameWorld            - Clearing game world
23:26:19.243 [JavaFX Application Thread] DEBUG PhysicsWorld         - Clearing physics world
23:26:19.247 [FXGL Background Thread 4 ] DEBUG FXGLApplication      - Initializing game
23:26:19.247 [JavaFX Application Thread] DEBUG FXGLApplication      - Registering font factories with UI factory
23:26:19.294 [FXGL Background Thread 4 ] INFO  FXGLApplication      - Game initialization took: 0.046 sec
23:26:19.337 [JavaFX Application Thread] DEBUG Input                - Clearing active input actions
23:26:19.347 [JavaFX Application Thread] DEBUG GameApplicationServi - Removing overlay from FXGLLoadingScene and adding to GameScene
23:26:19.347 [JavaFX Application Thread] DEBUG MainWindow           - FXGLLoadingScene -> GameScene
23:26:19.761 [FXGL Background Thread 2 ] INFO  UpdaterService       - Your current version:  11.12
23:26:19.761 [FXGL Background Thread 2 ] INFO  UpdaterService       - Latest stable version: 21.1
23:26:22.094 [FXGL Background Thread 3 ] DEBUG Engine               - Logging environment variables
23:26:22.094 [FXGL Background Thread 3 ] DEBUG Engine               - achievements: []
23:26:22.094 [FXGL Background Thread 3 ] DEBUG Engine               - actualHeight: 750.0
23:26:22.094 [FXGL Background Thread 3 ] DEBUG Engine               - actualHeightProperty: ReadOnlyDoubleProperty [value: 750.0]
23:26:22.095 [FXGL Background Thread 3 ] DEBUG Engine               - actualWidth: 1400.0
23:26:22.095 [FXGL Background Thread 3 ] DEBUG Engine               - actualWidthProperty: ReadOnlyDoubleProperty [value: 1400.0]
23:26:22.095 [FXGL Background Thread 3 ] DEBUG Engine               - appIcon: fxgl_icon.png
23:26:22.095 [FXGL Background Thread 3 ] DEBUG Engine               - applicationMode: DEVELOPER
23:26:22.095 [FXGL Background Thread 3 ] DEBUG Engine               - cSSList: [fxgl_dark.css]
23:26:22.095 [FXGL Background Thread 3 ] DEBUG Engine               - configClass: Optional.empty
23:26:22.095 [FXGL Background Thread 3 ] DEBUG Engine               - credits: []
23:26:22.095 [FXGL Background Thread 3 ] DEBUG Engine               - devBBoxColorProperty: ObjectProperty [value: 0xff0000ff]
23:26:22.095 [FXGL Background Thread 3 ] DEBUG Engine               - devEnableDebugCameraProperty: BooleanProperty [value: false]
23:26:22.095 [FXGL Background Thread 3 ] DEBUG Engine               - devSensorColorProperty: ObjectProperty [value: 0xffff00ff]
23:26:22.096 [FXGL Background Thread 3 ] DEBUG Engine               - devShowBBoxProperty: BooleanProperty [value: false]
23:26:22.096 [FXGL Background Thread 3 ] DEBUG Engine               - devShowPositionProperty: BooleanProperty [value: false]
23:26:22.096 [FXGL Background Thread 3 ] DEBUG Engine               - enabledMenuItems: []
23:26:22.096 [FXGL Background Thread 3 ] DEBUG Engine               - engineServices: [class com.almasb.fxgl.app.FXGLApplication$GameApplicationService, class com.almasb.fxgl.app.services.FXGLDialogService, class com.almasb.fxgl.app.services.IOTaskExecutorService, class com.almasb.fxgl.event.EventBusService, class com.almasb.fxgl.io.FileSystemService, class com.almasb.fxgl.localization.LocalizationService, class com.almasb.fxgl.app.services.FXGLAssetLoaderService, class com.almasb.fxgl.app.services.SystemBundleService, class com.almasb.fxgl.profile.SaveLoadService, class com.almasb.fxgl.ui.FXGLUIFactoryServiceProvider, class com.almasb.fxgl.ui.FXGLDialogFactoryServiceProvider, class com.almasb.fxgl.audio.AudioPlayer, class com.almasb.fxgl.notification.impl.NotificationServiceProvider, class com.almasb.fxgl.achievement.AchievementService, class com.almasb.fxgl.cutscene.CutsceneService, class com.almasb.fxgl.minigames.MiniGameService, class com.almasb.fxgl.net.NetService, class com.almasb.fxgl.app.services.UpdaterService, class com.almasb.fxgl.dev.DevService]
23:26:22.096 [FXGL Background Thread 3 ] DEBUG Engine               - fontGame: Abel-Regular.ttf
23:26:22.096 [FXGL Background Thread 3 ] DEBUG Engine               - fontMono: lucida_console.ttf
23:26:22.096 [FXGL Background Thread 3 ] DEBUG Engine               - fontText: Courier-Prime.ttf
23:26:22.096 [FXGL Background Thread 3 ] DEBUG Engine               - fontUI: VarelaRound-Regular.ttf
23:26:22.096 [FXGL Background Thread 3 ] DEBUG Engine               - fullScreen: BooleanProperty [value: false]
23:26:22.096 [FXGL Background Thread 3 ] DEBUG Engine               - gameDifficulty: MEDIUM
23:26:22.096 [FXGL Background Thread 3 ] DEBUG Engine               - gameDifficultyProperty: ObjectProperty [value: MEDIUM]
23:26:22.097 [FXGL Background Thread 3 ] DEBUG Engine               - globalMusicVolume: 0.5
23:26:22.097 [FXGL Background Thread 3 ] DEBUG Engine               - globalMusicVolumeProperty: DoubleProperty [value: 0.5]
23:26:22.097 [FXGL Background Thread 3 ] DEBUG Engine               - globalSoundVolume: 0.5
23:26:22.097 [FXGL Background Thread 3 ] DEBUG Engine               - globalSoundVolumeProperty: DoubleProperty [value: 0.5]
23:26:22.097 [FXGL Background Thread 3 ] DEBUG Engine               - height: 750
23:26:22.097 [FXGL Background Thread 3 ] DEBUG Engine               - isAndroid: false
23:26:22.097 [FXGL Background Thread 3 ] DEBUG Engine               - isBrowser: false
23:26:22.097 [FXGL Background Thread 3 ] DEBUG Engine               - isClickFeedbackEnabled: false
23:26:22.097 [FXGL Background Thread 3 ] DEBUG Engine               - isCloseConfirmation: false
23:26:22.097 [FXGL Background Thread 3 ] DEBUG Engine               - isDesktop: true
23:26:22.098 [FXGL Background Thread 3 ] DEBUG Engine               - isDeveloperMenuEnabled: false
23:26:22.098 [FXGL Background Thread 3 ] DEBUG Engine               - isEntityPreloadEnabled: true
23:26:22.098 [FXGL Background Thread 3 ] DEBUG Engine               - isExperimental3D: false
23:26:22.098 [FXGL Background Thread 3 ] DEBUG Engine               - isExperimentalNative: false
23:26:22.098 [FXGL Background Thread 3 ] DEBUG Engine               - isExperimentalTiledLargeMap: false
23:26:22.098 [FXGL Background Thread 3 ] DEBUG Engine               - isFileSystemWriteAllowed: true
23:26:22.098 [FXGL Background Thread 3 ] DEBUG Engine               - isFullScreenAllowed: false
23:26:22.098 [FXGL Background Thread 3 ] DEBUG Engine               - isFullScreenFromStart: false
23:26:22.098 [FXGL Background Thread 3 ] DEBUG Engine               - isGameMenuEnabled: false
23:26:22.098 [FXGL Background Thread 3 ] DEBUG Engine               - isIOS: false
23:26:22.098 [FXGL Background Thread 3 ] DEBUG Engine               - isIntroEnabled: false
23:26:22.099 [FXGL Background Thread 3 ] DEBUG Engine               - isLinux: false
23:26:22.099 [FXGL Background Thread 3 ] DEBUG Engine               - isMac: false
23:26:22.099 [FXGL Background Thread 3 ] DEBUG Engine               - isMainMenuEnabled: false
23:26:22.099 [FXGL Background Thread 3 ] DEBUG Engine               - isManualResizeEnabled: false
23:26:22.099 [FXGL Background Thread 3 ] DEBUG Engine               - isMobile: false
23:26:22.099 [FXGL Background Thread 3 ] DEBUG Engine               - isPreserveResizeRatio: false
23:26:22.099 [FXGL Background Thread 3 ] DEBUG Engine               - isProfilingEnabled: false
23:26:22.099 [FXGL Background Thread 3 ] DEBUG Engine               - isScaleAffectedOnResize: true
23:26:22.099 [FXGL Background Thread 3 ] DEBUG Engine               - isSingleStep: false
23:26:22.099 [FXGL Background Thread 3 ] DEBUG Engine               - isUserProfileEnabled: false
23:26:22.099 [FXGL Background Thread 3 ] DEBUG Engine               - isWindows: true
23:26:22.099 [FXGL Background Thread 3 ] DEBUG Engine               - language: ObjectProperty [value: ENGLISH]
23:26:22.100 [FXGL Background Thread 3 ] DEBUG Engine               - menuKey: ESCAPE
23:26:22.100 [FXGL Background Thread 3 ] DEBUG Engine               - notificationViewClass: class com.almasb.fxgl.notification.view.XboxNotificationView
23:26:22.100 [FXGL Background Thread 3 ] DEBUG Engine               - pixelsPerMeter: 50.0
23:26:22.100 [FXGL Background Thread 3 ] DEBUG Engine               - platform: WINDOWS
23:26:22.100 [FXGL Background Thread 3 ] DEBUG Engine               - prefHeightProperty: ReadOnlyDoubleProperty [value: 750.0]
23:26:22.100 [FXGL Background Thread 3 ] DEBUG Engine               - prefWidthProperty: ReadOnlyDoubleProperty [value: 1400.0]
23:26:22.100 [FXGL Background Thread 3 ] DEBUG Engine               - profileDir: profiles/
23:26:22.100 [FXGL Background Thread 3 ] DEBUG Engine               - profileName: StringProperty [value: DEFAULT]
23:26:22.101 [FXGL Background Thread 3 ] DEBUG Engine               - randomSeed: -1
23:26:22.101 [FXGL Background Thread 3 ] DEBUG Engine               - runtimeInfo: RuntimeInfo(platform=WINDOWS, version=11.12, build=11.12.2020 08.51)
23:26:22.101 [FXGL Background Thread 3 ] DEBUG Engine               - saveFileExt: sav
23:26:22.101 [FXGL Background Thread 3 ] DEBUG Engine               - scaledHeightProp$fxgl: DoubleProperty [bound, value: 750.0]
23:26:22.101 [FXGL Background Thread 3 ] DEBUG Engine               - scaledWidthProp$fxgl: DoubleProperty [bound, value: 1400.0]
23:26:22.101 [FXGL Background Thread 3 ] DEBUG Engine               - sceneFactory: com.almasb.fxgl.app.scene.SceneFactory@219f27f7
23:26:22.101 [FXGL Background Thread 3 ] DEBUG Engine               - secondsIn24h: 60
23:26:22.101 [FXGL Background Thread 3 ] DEBUG Engine               - soundMenuBack: menu/back.wav
23:26:22.101 [FXGL Background Thread 3 ] DEBUG Engine               - soundMenuPress: menu/press.wav
23:26:22.101 [FXGL Background Thread 3 ] DEBUG Engine               - soundMenuSelect: menu/select.wav
23:26:22.102 [FXGL Background Thread 3 ] DEBUG Engine               - soundNotification: core/notification.wav
23:26:22.102 [FXGL Background Thread 3 ] DEBUG Engine               - stageStyle: DECORATED
23:26:22.102 [FXGL Background Thread 3 ] DEBUG Engine               - supportedLanguages: [ENGLISH, FRENCH, GERMAN, HUNGARIAN, RUSSIAN]
23:26:22.102 [FXGL Background Thread 3 ] DEBUG Engine               - title: project5 make a square
23:26:22.102 [FXGL Background Thread 3 ] DEBUG Engine               - urlGithub: https://github.com/AlmasB/FXGL
23:26:22.102 [FXGL Background Thread 3 ] DEBUG Engine               - urlLeaderboard: http://fxgl-top.herokuapp.com/
23:26:22.102 [FXGL Background Thread 3 ] DEBUG Engine               - urlPOM: https://raw.githubusercontent.com/AlmasB/FXGL/master/README.md
23:26:22.102 [FXGL Background Thread 3 ] DEBUG Engine               - version: 0.0
23:26:22.102 [FXGL Background Thread 3 ] DEBUG Engine               - versionCheckDays: 7
23:26:22.103 [FXGL Background Thread 3 ] DEBUG Engine               - width: 1400
23:26:22.103 [FXGL Background Thread 3 ] DEBUG Engine               - Logging services
23:26:22.103 [FXGL Background Thread 3 ] DEBUG Engine               - class com.almasb.fxgl.app.FXGLApplication$GameApplicationService
23:26:22.103 [FXGL Background Thread 3 ] DEBUG Engine               - class com.almasb.fxgl.app.services.FXGLDialogService
23:26:22.103 [FXGL Background Thread 3 ] DEBUG Engine               - class com.almasb.fxgl.app.services.IOTaskExecutorService
23:26:22.103 [FXGL Background Thread 3 ] DEBUG Engine               - class com.almasb.fxgl.event.EventBusService
23:26:22.103 [FXGL Background Thread 3 ] DEBUG Engine               - class com.almasb.fxgl.io.FileSystemService
23:26:22.103 [FXGL Background Thread 3 ] DEBUG Engine               - class com.almasb.fxgl.localization.LocalizationService
23:26:22.103 [FXGL Background Thread 3 ] DEBUG Engine               - class com.almasb.fxgl.app.services.FXGLAssetLoaderService
23:26:22.103 [FXGL Background Thread 3 ] DEBUG Engine               - class com.almasb.fxgl.app.services.SystemBundleService
23:26:22.103 [FXGL Background Thread 3 ] DEBUG Engine               - class com.almasb.fxgl.profile.SaveLoadService
23:26:22.104 [FXGL Background Thread 3 ] DEBUG Engine               - class com.almasb.fxgl.ui.FXGLUIFactoryServiceProvider
23:26:22.104 [FXGL Background Thread 3 ] DEBUG Engine               - class com.almasb.fxgl.ui.FXGLDialogFactoryServiceProvider
23:26:22.104 [FXGL Background Thread 3 ] DEBUG Engine               - class com.almasb.fxgl.audio.AudioPlayer
23:26:22.104 [FXGL Background Thread 3 ] DEBUG Engine               - class com.almasb.fxgl.notification.impl.NotificationServiceProvider
23:26:22.104 [FXGL Background Thread 3 ] DEBUG Engine               - class com.almasb.fxgl.achievement.AchievementService
23:26:22.104 [FXGL Background Thread 3 ] DEBUG Engine               - class com.almasb.fxgl.cutscene.CutsceneService
23:26:22.104 [FXGL Background Thread 3 ] DEBUG Engine               - class com.almasb.fxgl.minigames.MiniGameService
23:26:22.104 [FXGL Background Thread 3 ] DEBUG Engine               - class com.almasb.fxgl.net.NetService
23:26:22.104 [FXGL Background Thread 3 ] DEBUG Engine               - class com.almasb.fxgl.app.services.UpdaterService
23:26:22.104 [FXGL Background Thread 3 ] DEBUG Engine               - class com.almasb.fxgl.dev.DevService
23:26:25.203 [Thread-1                 ] DEBUG LoopRunner           - Stopping loop
23:26:25.204 [Thread-1                 ] FATAL FXGLApplication      - Uncaught Exception:
java.util.EmptyStackException
	at java.base/java.util.Stack.peek(Stack.java:103)
	at com.project.app.PuzzleSolver.Solve(PuzzleSolver.java:124)
	at com.project.app.PuzzleSolver.run(PuzzleSolver.java:20)

23:26:25.205 [Thread-1                 ] FATAL FXGLApplication      - Application will now exit
23:26:25.226 [Thread-1                 ] DEBUG MainWindow           - Push state: ErrorSubScene
23:26:25.226 [Thread-1                 ] DEBUG Input                - Clearing active input actions
23:26:30.307 [JavaFX Application Thread] DEBUG FXGLApplication      - Exiting FXGL
23:26:30.307 [JavaFX Application Thread] DEBUG Async                - Shutting down background threads
23:26:30.308 [JavaFX Application Thread] DEBUG MainWindow           - Closing main window
23:26:30.337 [JavaFX Application Thread] DEBUG Logger               - Closing Logger
