11:50:26.711 [main                     ] DEBUG Logger               - Configured Logger
11:50:26.715 [main                     ] DEBUG GameApplication      - Logging settings
Title: project5 make a square
Version: 0.0
Width: 1400
Height: 750
Fullscreen: false
Intro: false
Profiling: false
Single step:false
App Mode: DEVELOPER
Menu Key: ESCAPE
Stage Style: DECORATED
Scene Factory: class com.almasb.fxgl.app.scene.SceneFactory

11:50:27.452 [JavaFX Application Thread] DEBUG FXGLApplication      - Initializing FXGL
11:50:27.454 [JavaFX Application Thread] INFO  Engine               - FXGL-11.12 (11.12.2020 08.51) on WINDOWS (J:21.0.2 FX:15)
11:50:27.455 [JavaFX Application Thread] DEBUG Engine               - JRE Vendor Name: Oracle Corporation
11:50:27.455 [JavaFX Application Thread] DEBUG Engine               - Running on OS: Windows 10 version 10.0
11:50:27.455 [JavaFX Application Thread] DEBUG Engine               - Architecture: amd64
11:50:27.455 [JavaFX Application Thread] INFO  Engine               - Source code and latest versions at: https://github.com/AlmasB/FXGL
11:50:27.455 [JavaFX Application Thread] INFO  Engine               -              Join the FXGL chat at: https://gitter.im/AlmasB/FXGL
11:50:27.623 [JavaFX Application Thread] DEBUG MainWindow           - Creating a JavaFX scene
11:50:27.705 [JavaFX Application Thread] DEBUG MainWindow           - Target settings size: 1400.0 x 750.0
11:50:27.705 [JavaFX Application Thread] DEBUG MainWindow           - Scaled scene size:    1400.0 x 750.0
11:50:27.706 [JavaFX Application Thread] DEBUG MainWindow           - Scaled ratio: (1.0, 1.0)
11:50:27.707 [JavaFX Application Thread] DEBUG MainWindow           - Set initial scene to StartupScene
11:50:27.716 [JavaFX Application Thread] DEBUG MainWindow           - Opening main window
11:50:27.840 [JavaFX Application Thread] DEBUG MainWindow           - Window border size: (14.4000244140625, 38.0)
11:50:27.840 [JavaFX Application Thread] DEBUG MainWindow           - Scaled size: 1400.0 x 750.0
11:50:27.841 [JavaFX Application Thread] DEBUG MainWindow           - Scaled ratio: (1.0, 1.0)
11:50:27.841 [JavaFX Application Thread] DEBUG MainWindow           - Scene size: 1400.0 x 750.0
11:50:27.841 [JavaFX Application Thread] DEBUG MainWindow           - Stage size: 1414.4000244140625 x 788.0
11:50:27.849 [FXGL Background Thread 1 ] DEBUG Engine               - Initializing environment variables
11:50:27.899 [FXGL Background Thread 1 ] DEBUG GameApplicationServi - Applying CSS: fxgl_dark.css
11:50:27.900 [FXGL Background Thread 1 ] DEBUG FXGLAssetLoaderServi - Loading from file system: /assets/ui/css/fxgl_dark.css
11:50:27.971 [FXGL Background Thread 1 ] DEBUG GameApplicationServi - Initializing application scenes
11:50:28.032 [FXGL Background Thread 1 ] DEBUG GameWorld            - Game world initialized
11:50:28.166 [FXGL Background Thread 1 ] DEBUG PhysicsWorld         - Physics world initialized: appHeight=750, physics.ppm=50.0
11:50:28.169 [FXGL Background Thread 1 ] DEBUG GameScene            - Game scene initialized: 1400x750
11:50:28.169 [FXGL Background Thread 1 ] DEBUG GameApplicationServi - Application scenes initialized
11:50:28.200 [FXGL Background Thread 1 ] DEBUG SystemBundleService  - Loading FXGL system data
11:50:28.210 [FXGL Background Thread 1 ] DEBUG FileSystemAccess     - Reading from: E:\java\Project5\system\fxgl.bundle
11:50:28.214 [FXGL Background Thread 1 ] DEBUG SystemBundleService  - Bundle FXGL: {}
11:50:28.214 [FXGL Background Thread 1 ] DEBUG UpdaterService       - Checking for updates
11:50:28.221 [FXGL Background Thread 4 ] DEBUG FXGLApplication      - Loading fonts
11:50:28.221 [FXGL Background Thread 4 ] DEBUG FXGLAssetLoaderServi - Loading from file system: /assets/ui/fonts/VarelaRound-Regular.ttf
11:50:28.222 [FXGL Background Thread 1 ] DEBUG FXGLApplication      - Loading default localization
11:50:28.222 [FXGL Background Thread 1 ] DEBUG FXGLAssetLoaderServi - Loading from file system: /assets/languages/english.lang
11:50:28.234 [FXGL Background Thread 4 ] DEBUG FXGLAssetLoaderServi - Loading from file system: /assets/ui/fonts/Abel-Regular.ttf
11:50:28.240 [FXGL Background Thread 4 ] DEBUG FXGLAssetLoaderServi - Loading from file system: /assets/ui/fonts/lucida_console.ttf
11:50:28.248 [FXGL Background Thread 4 ] DEBUG FXGLAssetLoaderServi - Loading from file system: /assets/ui/fonts/Courier-Prime.ttf
11:50:28.258 [JavaFX Application Thread] DEBUG FXGLApplication      - Registering font factories with UI factory
11:50:28.263 [FXGL Background Thread 1 ] INFO  FXGLApplication      - FXGL initialization took: 0.414 sec
11:50:28.265 [JavaFX Application Thread] DEBUG FXGLAssetLoaderServi - Loading from file system: /assets/textures/fxgl_icon.png
11:50:28.333 [JavaFX Application Thread] DEBUG FXGLAssetLoaderServi - Loading from file system: /assets/ui/cursors/fxgl_default.png
11:50:28.348 [JavaFX Application Thread] DEBUG Input                - Registered new binding: Screenshot - P
11:50:28.349 [JavaFX Application Thread] DEBUG Input                - Registered new binding: System info dump - CTRL+9
11:50:28.349 [JavaFX Application Thread] DEBUG Input                - Registered new binding: Restart - CTRL+R
11:50:28.351 [JavaFX Application Thread] DEBUG Input                - Registered new binding: Toggle Debug Camera - CTRL+C
11:50:28.356 [JavaFX Application Thread] DEBUG LoopRunner           - Starting loop
11:50:28.357 [JavaFX Application Thread] DEBUG GameApplicationServi - Starting new game
11:50:28.358 [JavaFX Application Thread] DEBUG Input                - Clearing active input actions
11:50:28.373 [JavaFX Application Thread] DEBUG GameApplicationServi - Removing overlay from StartupScene and adding to FXGLLoadingScene
11:50:28.373 [JavaFX Application Thread] DEBUG MainWindow           - StartupScene -> FXGLLoadingScene
11:50:28.374 [JavaFX Application Thread] DEBUG GameApplicationServi - Clearing previous game
11:50:28.374 [JavaFX Application Thread] DEBUG GameScene            - Clearing game scene
11:50:28.374 [JavaFX Application Thread] DEBUG GameWorld            - Clearing game world
11:50:28.374 [JavaFX Application Thread] DEBUG PhysicsWorld         - Clearing physics world
11:50:28.381 [FXGL Background Thread 1 ] DEBUG FXGLApplication      - Initializing game
11:50:28.423 [FXGL Background Thread 1 ] INFO  FXGLApplication      - Game initialization took: 0.042 sec
11:50:28.494 [JavaFX Application Thread] DEBUG Input                - Clearing active input actions
11:50:28.511 [JavaFX Application Thread] DEBUG GameApplicationServi - Removing overlay from FXGLLoadingScene and adding to GameScene
11:50:28.511 [JavaFX Application Thread] DEBUG MainWindow           - FXGLLoadingScene -> GameScene
11:50:28.603 [JavaFX Application Thread] DEBUG LoopRunner           - Stopping loop
11:50:28.612 [JavaFX Application Thread] FATAL FXGLApplication      - Uncaught Exception:
java.lang.NullPointerException: Cannot invoke "javafx.scene.Node.getScene()" because "<local2>" is null
	at javafx.scene.Scene$ScenePulseListener.synchronizeSceneNodes(Scene.java:2359)
	at javafx.scene.Scene$ScenePulseListener.pulse(Scene.java:2506)
	at com.sun.javafx.tk.Toolkit.lambda$runPulse$2(Toolkit.java:413)
	at java.base/java.security.AccessController.doPrivileged(AccessController.java:400)
	at com.sun.javafx.tk.Toolkit.runPulse(Toolkit.java:412)
	at com.sun.javafx.tk.Toolkit.firePulse(Toolkit.java:439)
	at com.sun.javafx.tk.quantum.QuantumToolkit.pulse(QuantumToolkit.java:563)
	at com.sun.javafx.tk.quantum.QuantumToolkit.pulse(QuantumToolkit.java:543)
	at com.sun.javafx.tk.quantum.QuantumToolkit.pulseFromQueue(QuantumToolkit.java:536)
	at com.sun.javafx.tk.quantum.QuantumToolkit.lambda$runToolkit$11(QuantumToolkit.java:342)
	at com.sun.glass.ui.InvokeLaterDispatcher$Future.run(InvokeLaterDispatcher.java:96)
	at com.sun.glass.ui.win.WinApplication._runLoop(Native Method)
	at com.sun.glass.ui.win.WinApplication.lambda$runLoop$3(WinApplication.java:174)
	at java.base/java.lang.Thread.run(Thread.java:1583)

11:50:28.612 [JavaFX Application Thread] FATAL FXGLApplication      - Application will now exit
11:50:28.668 [JavaFX Application Thread] DEBUG MainWindow           - Push state: ErrorSubScene
11:50:28.668 [JavaFX Application Thread] DEBUG Input                - Clearing active input actions
11:50:28.676 [JavaFX Application Thread] DEBUG GameApplicationServi - Removing overlay from GameScene and adding to ErrorSubScene
11:50:28.677 [JavaFX Application Thread] DEBUG MainWindow           - GameScene -> ErrorSubScene
11:50:28.739 [FXGL Background Thread 2 ] WARN  UpdaterService       - Failed to find updates: java.net.UnknownHostException: raw.githubusercontent.com
11:50:31.219 [FXGL Background Thread 3 ] DEBUG Engine               - Logging environment variables
11:50:31.219 [FXGL Background Thread 3 ] DEBUG Engine               - achievements: []
11:50:31.219 [FXGL Background Thread 3 ] DEBUG Engine               - actualHeight: 750.0
11:50:31.219 [FXGL Background Thread 3 ] DEBUG Engine               - actualHeightProperty: ReadOnlyDoubleProperty [value: 750.0]
11:50:31.219 [FXGL Background Thread 3 ] DEBUG Engine               - actualWidth: 1400.0
11:50:31.220 [FXGL Background Thread 3 ] DEBUG Engine               - actualWidthProperty: ReadOnlyDoubleProperty [value: 1400.0]
11:50:31.220 [FXGL Background Thread 3 ] DEBUG Engine               - appIcon: fxgl_icon.png
11:50:31.220 [FXGL Background Thread 3 ] DEBUG Engine               - applicationMode: DEVELOPER
11:50:31.220 [FXGL Background Thread 3 ] DEBUG Engine               - cSSList: [fxgl_dark.css]
11:50:31.220 [FXGL Background Thread 3 ] DEBUG Engine               - configClass: Optional.empty
11:50:31.220 [FXGL Background Thread 3 ] DEBUG Engine               - credits: []
11:50:31.220 [FXGL Background Thread 3 ] DEBUG Engine               - devBBoxColorProperty: ObjectProperty [value: 0xff0000ff]
11:50:31.220 [FXGL Background Thread 3 ] DEBUG Engine               - devEnableDebugCameraProperty: BooleanProperty [value: false]
11:50:31.221 [FXGL Background Thread 3 ] DEBUG Engine               - devSensorColorProperty: ObjectProperty [value: 0xffff00ff]
11:50:31.221 [FXGL Background Thread 3 ] DEBUG Engine               - devShowBBoxProperty: BooleanProperty [value: false]
11:50:31.221 [FXGL Background Thread 3 ] DEBUG Engine               - devShowPositionProperty: BooleanProperty [value: false]
11:50:31.221 [FXGL Background Thread 3 ] DEBUG Engine               - enabledMenuItems: []
11:50:31.221 [FXGL Background Thread 3 ] DEBUG Engine               - engineServices: [class com.almasb.fxgl.app.FXGLApplication$GameApplicationService, class com.almasb.fxgl.app.services.FXGLDialogService, class com.almasb.fxgl.app.services.IOTaskExecutorService, class com.almasb.fxgl.event.EventBusService, class com.almasb.fxgl.io.FileSystemService, class com.almasb.fxgl.localization.LocalizationService, class com.almasb.fxgl.app.services.FXGLAssetLoaderService, class com.almasb.fxgl.app.services.SystemBundleService, class com.almasb.fxgl.profile.SaveLoadService, class com.almasb.fxgl.ui.FXGLUIFactoryServiceProvider, class com.almasb.fxgl.ui.FXGLDialogFactoryServiceProvider, class com.almasb.fxgl.audio.AudioPlayer, class com.almasb.fxgl.notification.impl.NotificationServiceProvider, class com.almasb.fxgl.achievement.AchievementService, class com.almasb.fxgl.cutscene.CutsceneService, class com.almasb.fxgl.minigames.MiniGameService, class com.almasb.fxgl.net.NetService, class com.almasb.fxgl.app.services.UpdaterService, class com.almasb.fxgl.dev.DevService]
11:50:31.221 [FXGL Background Thread 3 ] DEBUG Engine               - fontGame: Abel-Regular.ttf
11:50:31.221 [FXGL Background Thread 3 ] DEBUG Engine               - fontMono: lucida_console.ttf
11:50:31.221 [FXGL Background Thread 3 ] DEBUG Engine               - fontText: Courier-Prime.ttf
11:50:31.222 [FXGL Background Thread 3 ] DEBUG Engine               - fontUI: VarelaRound-Regular.ttf
11:50:31.222 [FXGL Background Thread 3 ] DEBUG Engine               - fullScreen: BooleanProperty [value: false]
11:50:31.222 [FXGL Background Thread 3 ] DEBUG Engine               - gameDifficulty: MEDIUM
11:50:31.222 [FXGL Background Thread 3 ] DEBUG Engine               - gameDifficultyProperty: ObjectProperty [value: MEDIUM]
11:50:31.222 [FXGL Background Thread 3 ] DEBUG Engine               - globalMusicVolume: 0.5
11:50:31.222 [FXGL Background Thread 3 ] DEBUG Engine               - globalMusicVolumeProperty: DoubleProperty [value: 0.5]
11:50:31.223 [FXGL Background Thread 3 ] DEBUG Engine               - globalSoundVolume: 0.5
11:50:31.223 [FXGL Background Thread 3 ] DEBUG Engine               - globalSoundVolumeProperty: DoubleProperty [value: 0.5]
11:50:31.223 [FXGL Background Thread 3 ] DEBUG Engine               - height: 750
11:50:31.223 [FXGL Background Thread 3 ] DEBUG Engine               - isAndroid: false
11:50:31.223 [FXGL Background Thread 3 ] DEBUG Engine               - isBrowser: false
11:50:31.223 [FXGL Background Thread 3 ] DEBUG Engine               - isClickFeedbackEnabled: false
11:50:31.223 [FXGL Background Thread 3 ] DEBUG Engine               - isCloseConfirmation: false
11:50:31.223 [FXGL Background Thread 3 ] DEBUG Engine               - isDesktop: true
11:50:31.223 [FXGL Background Thread 3 ] DEBUG Engine               - isDeveloperMenuEnabled: false
11:50:31.223 [FXGL Background Thread 3 ] DEBUG Engine               - isEntityPreloadEnabled: true
11:50:31.224 [FXGL Background Thread 3 ] DEBUG Engine               - isExperimental3D: false
11:50:31.224 [FXGL Background Thread 3 ] DEBUG Engine               - isExperimentalNative: false
11:50:31.224 [FXGL Background Thread 3 ] DEBUG Engine               - isExperimentalTiledLargeMap: false
11:50:31.224 [FXGL Background Thread 3 ] DEBUG Engine               - isFileSystemWriteAllowed: true
11:50:31.224 [FXGL Background Thread 3 ] DEBUG Engine               - isFullScreenAllowed: false
11:50:31.224 [FXGL Background Thread 3 ] DEBUG Engine               - isFullScreenFromStart: false
11:50:31.224 [FXGL Background Thread 3 ] DEBUG Engine               - isGameMenuEnabled: false
11:50:31.224 [FXGL Background Thread 3 ] DEBUG Engine               - isIOS: false
11:50:31.224 [FXGL Background Thread 3 ] DEBUG Engine               - isIntroEnabled: false
11:50:31.224 [FXGL Background Thread 3 ] DEBUG Engine               - isLinux: false
11:50:31.224 [FXGL Background Thread 3 ] DEBUG Engine               - isMac: false
11:50:31.224 [FXGL Background Thread 3 ] DEBUG Engine               - isMainMenuEnabled: false
11:50:31.224 [FXGL Background Thread 3 ] DEBUG Engine               - isManualResizeEnabled: false
11:50:31.224 [FXGL Background Thread 3 ] DEBUG Engine               - isMobile: false
11:50:31.224 [FXGL Background Thread 3 ] DEBUG Engine               - isPreserveResizeRatio: false
11:50:31.224 [FXGL Background Thread 3 ] DEBUG Engine               - isProfilingEnabled: false
11:50:31.224 [FXGL Background Thread 3 ] DEBUG Engine               - isScaleAffectedOnResize: true
11:50:31.224 [FXGL Background Thread 3 ] DEBUG Engine               - isSingleStep: false
11:50:31.225 [FXGL Background Thread 3 ] DEBUG Engine               - isUserProfileEnabled: false
11:50:31.225 [FXGL Background Thread 3 ] DEBUG Engine               - isWindows: true
11:50:31.225 [FXGL Background Thread 3 ] DEBUG Engine               - language: ObjectProperty [value: ENGLISH]
11:50:31.225 [FXGL Background Thread 3 ] DEBUG Engine               - menuKey: ESCAPE
11:50:31.225 [FXGL Background Thread 3 ] DEBUG Engine               - notificationViewClass: class com.almasb.fxgl.notification.view.XboxNotificationView
11:50:31.225 [FXGL Background Thread 3 ] DEBUG Engine               - pixelsPerMeter: 50.0
11:50:31.225 [FXGL Background Thread 3 ] DEBUG Engine               - platform: WINDOWS
11:50:31.225 [FXGL Background Thread 3 ] DEBUG Engine               - prefHeightProperty: ReadOnlyDoubleProperty [value: 750.0]
11:50:31.225 [FXGL Background Thread 3 ] DEBUG Engine               - prefWidthProperty: ReadOnlyDoubleProperty [value: 1400.0]
11:50:31.225 [FXGL Background Thread 3 ] DEBUG Engine               - profileDir: profiles/
11:50:31.225 [FXGL Background Thread 3 ] DEBUG Engine               - profileName: StringProperty [value: DEFAULT]
11:50:31.225 [FXGL Background Thread 3 ] DEBUG Engine               - randomSeed: -1
11:50:31.225 [FXGL Background Thread 3 ] DEBUG Engine               - runtimeInfo: RuntimeInfo(platform=WINDOWS, version=11.12, build=11.12.2020 08.51)
11:50:31.225 [FXGL Background Thread 3 ] DEBUG Engine               - saveFileExt: sav
11:50:31.226 [FXGL Background Thread 3 ] DEBUG Engine               - scaledHeightProp$fxgl: DoubleProperty [bound, value: 750.0]
11:50:31.226 [FXGL Background Thread 3 ] DEBUG Engine               - scaledWidthProp$fxgl: DoubleProperty [bound, value: 1400.0]
11:50:31.226 [FXGL Background Thread 3 ] DEBUG Engine               - sceneFactory: com.almasb.fxgl.app.scene.SceneFactory@6c0c06a8
11:50:31.226 [FXGL Background Thread 3 ] DEBUG Engine               - secondsIn24h: 60
11:50:31.226 [FXGL Background Thread 3 ] DEBUG Engine               - soundMenuBack: menu/back.wav
11:50:31.226 [FXGL Background Thread 3 ] DEBUG Engine               - soundMenuPress: menu/press.wav
11:50:31.226 [FXGL Background Thread 3 ] DEBUG Engine               - soundMenuSelect: menu/select.wav
11:50:31.226 [FXGL Background Thread 3 ] DEBUG Engine               - soundNotification: core/notification.wav
11:50:31.226 [FXGL Background Thread 3 ] DEBUG Engine               - stageStyle: DECORATED
11:50:31.226 [FXGL Background Thread 3 ] DEBUG Engine               - supportedLanguages: [ENGLISH, FRENCH, GERMAN, HUNGARIAN, RUSSIAN]
11:50:31.226 [FXGL Background Thread 3 ] DEBUG Engine               - title: project5 make a square
11:50:31.226 [FXGL Background Thread 3 ] DEBUG Engine               - urlGithub: https://github.com/AlmasB/FXGL
11:50:31.227 [FXGL Background Thread 3 ] DEBUG Engine               - urlLeaderboard: http://fxgl-top.herokuapp.com/
11:50:31.227 [FXGL Background Thread 3 ] DEBUG Engine               - urlPOM: https://raw.githubusercontent.com/AlmasB/FXGL/master/README.md
11:50:31.227 [FXGL Background Thread 3 ] DEBUG Engine               - version: 0.0
11:50:31.227 [FXGL Background Thread 3 ] DEBUG Engine               - versionCheckDays: 7
11:50:31.227 [FXGL Background Thread 3 ] DEBUG Engine               - width: 1400
11:50:31.227 [FXGL Background Thread 3 ] DEBUG Engine               - Logging services
11:50:31.227 [FXGL Background Thread 3 ] DEBUG Engine               - class com.almasb.fxgl.app.FXGLApplication$GameApplicationService
11:50:31.227 [FXGL Background Thread 3 ] DEBUG Engine               - class com.almasb.fxgl.app.services.FXGLDialogService
11:50:31.228 [FXGL Background Thread 3 ] DEBUG Engine               - class com.almasb.fxgl.app.services.IOTaskExecutorService
11:50:31.228 [FXGL Background Thread 3 ] DEBUG Engine               - class com.almasb.fxgl.event.EventBusService
11:50:31.228 [FXGL Background Thread 3 ] DEBUG Engine               - class com.almasb.fxgl.io.FileSystemService
11:50:31.228 [FXGL Background Thread 3 ] DEBUG Engine               - class com.almasb.fxgl.localization.LocalizationService
11:50:31.228 [FXGL Background Thread 3 ] DEBUG Engine               - class com.almasb.fxgl.app.services.FXGLAssetLoaderService
11:50:31.228 [FXGL Background Thread 3 ] DEBUG Engine               - class com.almasb.fxgl.app.services.SystemBundleService
11:50:31.228 [FXGL Background Thread 3 ] DEBUG Engine               - class com.almasb.fxgl.profile.SaveLoadService
11:50:31.228 [FXGL Background Thread 3 ] DEBUG Engine               - class com.almasb.fxgl.ui.FXGLUIFactoryServiceProvider
11:50:31.228 [FXGL Background Thread 3 ] DEBUG Engine               - class com.almasb.fxgl.ui.FXGLDialogFactoryServiceProvider
11:50:31.228 [FXGL Background Thread 3 ] DEBUG Engine               - class com.almasb.fxgl.audio.AudioPlayer
11:50:31.228 [FXGL Background Thread 3 ] DEBUG Engine               - class com.almasb.fxgl.notification.impl.NotificationServiceProvider
11:50:31.228 [FXGL Background Thread 3 ] DEBUG Engine               - class com.almasb.fxgl.achievement.AchievementService
11:50:31.228 [FXGL Background Thread 3 ] DEBUG Engine               - class com.almasb.fxgl.cutscene.CutsceneService
11:50:31.228 [FXGL Background Thread 3 ] DEBUG Engine               - class com.almasb.fxgl.minigames.MiniGameService
11:50:31.229 [FXGL Background Thread 3 ] DEBUG Engine               - class com.almasb.fxgl.net.NetService
11:50:31.229 [FXGL Background Thread 3 ] DEBUG Engine               - class com.almasb.fxgl.app.services.UpdaterService
11:50:31.229 [FXGL Background Thread 3 ] DEBUG Engine               - class com.almasb.fxgl.dev.DevService
11:50:38.469 [JavaFX Application Thread] DEBUG FXGLApplication      - Exiting FXGL
11:50:38.469 [JavaFX Application Thread] DEBUG Async                - Shutting down background threads
11:50:38.470 [JavaFX Application Thread] DEBUG MainWindow           - Closing main window
11:50:38.483 [JavaFX Application Thread] DEBUG Logger               - Closing Logger
