22:48:39.663 [main                     ] DEBUG Logger               - Configured Logger
22:48:39.668 [main                     ] DEBUG GameApplication      - Logging settings
Title: project5 make a square
Version: 0.0
Width: 1400
Height: 750
Fullscreen: false
Intro: false
Profiling: false
Single step:false
App Mode: DEVELOPER
Menu Key: ESCAPE
Stage Style: DECORATED
Scene Factory: class com.almasb.fxgl.app.scene.SceneFactory

22:48:40.285 [JavaFX Application Thread] DEBUG FXGLApplication      - Initializing FXGL
22:48:40.289 [JavaFX Application Thread] INFO  Engine               - FXGL-11.12 (11.12.2020 08.51) on WINDOWS (J:21.0.2 FX:15)
22:48:40.289 [JavaFX Application Thread] DEBUG Engine               - JRE Vendor Name: Oracle Corporation
22:48:40.289 [JavaFX Application Thread] DEBUG Engine               - Running on OS: Windows 10 version 10.0
22:48:40.289 [JavaFX Application Thread] DEBUG Engine               - Architecture: amd64
22:48:40.289 [JavaFX Application Thread] INFO  Engine               - Source code and latest versions at: https://github.com/AlmasB/FXGL
22:48:40.289 [JavaFX Application Thread] INFO  Engine               -              Join the FXGL chat at: https://gitter.im/AlmasB/FXGL
22:48:40.464 [JavaFX Application Thread] DEBUG MainWindow           - Creating a JavaFX scene
22:48:40.550 [JavaFX Application Thread] DEBUG MainWindow           - Target settings size: 1400.0 x 750.0
22:48:40.550 [JavaFX Application Thread] DEBUG MainWindow           - Scaled scene size:    1400.0 x 750.0
22:48:40.550 [JavaFX Application Thread] DEBUG MainWindow           - Scaled ratio: (1.0, 1.0)
22:48:40.551 [JavaFX Application Thread] DEBUG MainWindow           - Set initial scene to StartupScene
22:48:40.559 [JavaFX Application Thread] DEBUG MainWindow           - Opening main window
22:48:40.695 [JavaFX Application Thread] DEBUG MainWindow           - Window border size: (14.4000244140625, 38.0)
22:48:40.696 [JavaFX Application Thread] DEBUG MainWindow           - Scaled size: 1400.0 x 750.0
22:48:40.696 [JavaFX Application Thread] DEBUG MainWindow           - Scaled ratio: (1.0, 1.0)
22:48:40.697 [JavaFX Application Thread] DEBUG MainWindow           - Scene size: 1400.0 x 750.0
22:48:40.697 [JavaFX Application Thread] DEBUG MainWindow           - Stage size: 1414.4000244140625 x 788.0
22:48:40.710 [FXGL Background Thread 1 ] DEBUG Engine               - Initializing environment variables
22:48:40.801 [FXGL Background Thread 1 ] DEBUG GameApplicationServi - Applying CSS: fxgl_dark.css
22:48:40.804 [FXGL Background Thread 1 ] DEBUG FXGLAssetLoaderServi - Loading from file system: /assets/ui/css/fxgl_dark.css
22:48:40.909 [FXGL Background Thread 1 ] DEBUG GameApplicationServi - Initializing application scenes
22:48:40.984 [FXGL Background Thread 1 ] DEBUG GameWorld            - Game world initialized
22:48:41.120 [FXGL Background Thread 1 ] DEBUG PhysicsWorld         - Physics world initialized: appHeight=750, physics.ppm=50.0
22:48:41.123 [FXGL Background Thread 1 ] DEBUG GameScene            - Game scene initialized: 1400x750
22:48:41.184 [FXGL Background Thread 1 ] DEBUG FXGLAssetLoaderServi - Loading from file system: /assets/textures/particles/trace_horizontal.png
22:48:41.283 [FXGL Background Thread 1 ] DEBUG FXGL.DefaultMenu     - createMenuBodyMainMenu()
22:48:41.314 [FXGL Background Thread 1 ] DEBUG FXGL.DefaultMenu     - createOptionsMenu()
22:48:41.322 [FXGL Background Thread 1 ] DEBUG FXGLAssetLoaderServi - Loading from file system: /assets/textures/particles/smoke.png
22:48:41.422 [FXGL Background Thread 1 ] DEBUG FXGLAssetLoaderServi - Loading from cache: /assets/textures/particles/trace_horizontal.png@64.0x64.0
22:48:41.423 [FXGL Background Thread 1 ] DEBUG FXGL.DefaultMenu     - createMenuBodyGameMenu()
22:48:41.424 [FXGL Background Thread 1 ] DEBUG FXGL.DefaultMenu     - createOptionsMenu()
22:48:41.429 [FXGL Background Thread 1 ] DEBUG FXGLAssetLoaderServi - Loading from cache: /assets/textures/particles/smoke.png@128.0x128.0
22:48:41.457 [FXGL Background Thread 1 ] DEBUG GameApplicationServi - Application scenes initialized
22:48:41.476 [FXGL Background Thread 1 ] DEBUG SystemBundleService  - Loading FXGL system data
22:48:41.483 [FXGL Background Thread 1 ] DEBUG FileSystemAccess     - Reading from: E:\java\Project5\system\fxgl.bundle
22:48:41.501 [FXGL Background Thread 1 ] DEBUG SystemBundleService  - Bundle FXGL: {}
22:48:41.502 [FXGL Background Thread 1 ] DEBUG UpdaterService       - Checking for updates
22:48:41.509 [FXGL Background Thread 4 ] DEBUG FXGLApplication      - Loading fonts
22:48:41.509 [FXGL Background Thread 4 ] DEBUG FXGLAssetLoaderServi - Loading from file system: /assets/ui/fonts/VarelaRound-Regular.ttf
22:48:41.510 [FXGL Background Thread 1 ] DEBUG FXGLApplication      - Loading default localization
22:48:41.510 [FXGL Background Thread 1 ] DEBUG FXGLAssetLoaderServi - Loading from file system: /assets/languages/english.lang
22:48:41.553 [FXGL Background Thread 1 ] INFO  FXGLApplication      - FXGL initialization took: 0.842 sec
22:48:41.554 [JavaFX Application Thread] DEBUG FXGLAssetLoaderServi - Loading from file system: /assets/textures/fxgl_icon.png
22:48:41.566 [FXGL Background Thread 4 ] DEBUG FXGLAssetLoaderServi - Loading from file system: /assets/ui/fonts/Abel-Regular.ttf
22:48:41.571 [FXGL Background Thread 4 ] DEBUG FXGLAssetLoaderServi - Loading from file system: /assets/ui/fonts/lucida_console.ttf
22:48:41.578 [FXGL Background Thread 4 ] DEBUG FXGLAssetLoaderServi - Loading from file system: /assets/ui/fonts/Courier-Prime.ttf
22:48:41.607 [JavaFX Application Thread] DEBUG FXGLAssetLoaderServi - Loading from file system: /assets/ui/cursors/fxgl_default.png
22:48:41.628 [JavaFX Application Thread] DEBUG Input                - Registered new binding: Screenshot - P
22:48:41.629 [JavaFX Application Thread] DEBUG Input                - Registered new binding: System info dump - CTRL+9
22:48:41.630 [JavaFX Application Thread] DEBUG Input                - Registered new binding: Restart - CTRL+R
22:48:41.633 [JavaFX Application Thread] DEBUG Input                - Registered new binding: Toggle Debug Camera - CTRL+C
22:48:41.638 [JavaFX Application Thread] DEBUG LoopRunner           - Starting loop
22:48:41.642 [JavaFX Application Thread] DEBUG Input                - Clearing active input actions
22:48:41.654 [JavaFX Application Thread] DEBUG GameApplicationServi - Removing overlay from StartupScene and adding to FXGLMainMenuDummyScene
22:48:41.654 [JavaFX Application Thread] DEBUG MainWindow           - StartupScene -> FXGLMainMenuDummyScene
22:48:41.654 [JavaFX Application Thread] DEBUG MainWindow           - Push state: FXGLDefaultMenu
22:48:41.666 [JavaFX Application Thread] DEBUG Input                - Clearing active input actions
22:48:41.683 [JavaFX Application Thread] DEBUG GameApplicationServi - Removing overlay from FXGLMainMenuDummyScene and adding to FXGLDefaultMenu
22:48:41.684 [JavaFX Application Thread] DEBUG MainWindow           - FXGLMainMenuDummyScene -> FXGLDefaultMenu
22:48:41.698 [JavaFX Application Thread] DEBUG FXGLApplication      - Registering font factories with UI factory
22:48:42.715 [FXGL Background Thread 2 ] INFO  UpdaterService       - Your current version:  11.12
22:48:42.715 [FXGL Background Thread 2 ] INFO  UpdaterService       - Latest stable version: 21.1
22:48:44.507 [FXGL Background Thread 3 ] DEBUG Engine               - Logging environment variables
22:48:44.509 [FXGL Background Thread 3 ] DEBUG Engine               - achievements: []
22:48:44.509 [FXGL Background Thread 3 ] DEBUG Engine               - actualHeight: 750.0
22:48:44.509 [FXGL Background Thread 3 ] DEBUG Engine               - actualHeightProperty: ReadOnlyDoubleProperty [value: 750.0]
22:48:44.510 [FXGL Background Thread 3 ] DEBUG Engine               - actualWidth: 1400.0
22:48:44.510 [FXGL Background Thread 3 ] DEBUG Engine               - actualWidthProperty: ReadOnlyDoubleProperty [value: 1400.0]
22:48:44.511 [FXGL Background Thread 3 ] DEBUG Engine               - appIcon: fxgl_icon.png
22:48:44.511 [FXGL Background Thread 3 ] DEBUG Engine               - applicationMode: DEVELOPER
22:48:44.511 [FXGL Background Thread 3 ] DEBUG Engine               - cSSList: [fxgl_dark.css]
22:48:44.511 [FXGL Background Thread 3 ] DEBUG Engine               - configClass: Optional.empty
22:48:44.511 [FXGL Background Thread 3 ] DEBUG Engine               - credits: []
22:48:44.512 [FXGL Background Thread 3 ] DEBUG Engine               - devBBoxColorProperty: ObjectProperty [value: 0xff0000ff]
22:48:44.512 [FXGL Background Thread 3 ] DEBUG Engine               - devEnableDebugCameraProperty: BooleanProperty [value: false]
22:48:44.512 [FXGL Background Thread 3 ] DEBUG Engine               - devSensorColorProperty: ObjectProperty [value: 0xffff00ff]
22:48:44.512 [FXGL Background Thread 3 ] DEBUG Engine               - devShowBBoxProperty: BooleanProperty [value: false]
22:48:44.512 [FXGL Background Thread 3 ] DEBUG Engine               - devShowPositionProperty: BooleanProperty [value: false]
22:48:44.512 [FXGL Background Thread 3 ] DEBUG Engine               - enabledMenuItems: []
22:48:44.512 [FXGL Background Thread 3 ] DEBUG Engine               - engineServices: [class com.almasb.fxgl.app.FXGLApplication$GameApplicationService, class com.almasb.fxgl.app.services.FXGLDialogService, class com.almasb.fxgl.app.services.IOTaskExecutorService, class com.almasb.fxgl.event.EventBusService, class com.almasb.fxgl.io.FileSystemService, class com.almasb.fxgl.localization.LocalizationService, class com.almasb.fxgl.app.services.FXGLAssetLoaderService, class com.almasb.fxgl.app.services.SystemBundleService, class com.almasb.fxgl.profile.SaveLoadService, class com.almasb.fxgl.ui.FXGLUIFactoryServiceProvider, class com.almasb.fxgl.ui.FXGLDialogFactoryServiceProvider, class com.almasb.fxgl.audio.AudioPlayer, class com.almasb.fxgl.notification.impl.NotificationServiceProvider, class com.almasb.fxgl.achievement.AchievementService, class com.almasb.fxgl.cutscene.CutsceneService, class com.almasb.fxgl.minigames.MiniGameService, class com.almasb.fxgl.net.NetService, class com.almasb.fxgl.app.services.UpdaterService, class com.almasb.fxgl.dev.DevService]
22:48:44.512 [FXGL Background Thread 3 ] DEBUG Engine               - fontGame: Abel-Regular.ttf
22:48:44.512 [FXGL Background Thread 3 ] DEBUG Engine               - fontMono: lucida_console.ttf
22:48:44.512 [FXGL Background Thread 3 ] DEBUG Engine               - fontText: Courier-Prime.ttf
22:48:44.512 [FXGL Background Thread 3 ] DEBUG Engine               - fontUI: VarelaRound-Regular.ttf
22:48:44.512 [FXGL Background Thread 3 ] DEBUG Engine               - fullScreen: BooleanProperty [value: false]
22:48:44.512 [FXGL Background Thread 3 ] DEBUG Engine               - gameDifficulty: MEDIUM
22:48:44.512 [FXGL Background Thread 3 ] DEBUG Engine               - gameDifficultyProperty: ObjectProperty [value: MEDIUM]
22:48:44.513 [FXGL Background Thread 3 ] DEBUG Engine               - globalMusicVolume: 0.5
22:48:44.513 [FXGL Background Thread 3 ] DEBUG Engine               - globalMusicVolumeProperty: DoubleProperty [value: 0.5]
22:48:44.513 [FXGL Background Thread 3 ] DEBUG Engine               - globalSoundVolume: 0.5
22:48:44.513 [FXGL Background Thread 3 ] DEBUG Engine               - globalSoundVolumeProperty: DoubleProperty [value: 0.5]
22:48:44.513 [FXGL Background Thread 3 ] DEBUG Engine               - height: 750
22:48:44.513 [FXGL Background Thread 3 ] DEBUG Engine               - isAndroid: false
22:48:44.513 [FXGL Background Thread 3 ] DEBUG Engine               - isBrowser: false
22:48:44.513 [FXGL Background Thread 3 ] DEBUG Engine               - isClickFeedbackEnabled: false
22:48:44.514 [FXGL Background Thread 3 ] DEBUG Engine               - isCloseConfirmation: false
22:48:44.514 [FXGL Background Thread 3 ] DEBUG Engine               - isDesktop: true
22:48:44.514 [FXGL Background Thread 3 ] DEBUG Engine               - isDeveloperMenuEnabled: false
22:48:44.514 [FXGL Background Thread 3 ] DEBUG Engine               - isEntityPreloadEnabled: true
22:48:44.514 [FXGL Background Thread 3 ] DEBUG Engine               - isExperimental3D: false
22:48:44.514 [FXGL Background Thread 3 ] DEBUG Engine               - isExperimentalNative: false
22:48:44.514 [FXGL Background Thread 3 ] DEBUG Engine               - isExperimentalTiledLargeMap: false
22:48:44.514 [FXGL Background Thread 3 ] DEBUG Engine               - isFileSystemWriteAllowed: true
22:48:44.515 [FXGL Background Thread 3 ] DEBUG Engine               - isFullScreenAllowed: false
22:48:44.515 [FXGL Background Thread 3 ] DEBUG Engine               - isFullScreenFromStart: false
22:48:44.515 [FXGL Background Thread 3 ] DEBUG Engine               - isGameMenuEnabled: true
22:48:44.515 [FXGL Background Thread 3 ] DEBUG Engine               - isIOS: false
22:48:44.515 [FXGL Background Thread 3 ] DEBUG Engine               - isIntroEnabled: false
22:48:44.515 [FXGL Background Thread 3 ] DEBUG Engine               - isLinux: false
22:48:44.515 [FXGL Background Thread 3 ] DEBUG Engine               - isMac: false
22:48:44.515 [FXGL Background Thread 3 ] DEBUG Engine               - isMainMenuEnabled: true
22:48:44.515 [FXGL Background Thread 3 ] DEBUG Engine               - isManualResizeEnabled: false
22:48:44.515 [FXGL Background Thread 3 ] DEBUG Engine               - isMobile: false
22:48:44.515 [FXGL Background Thread 3 ] DEBUG Engine               - isPreserveResizeRatio: false
22:48:44.515 [FXGL Background Thread 3 ] DEBUG Engine               - isProfilingEnabled: false
22:48:44.515 [FXGL Background Thread 3 ] DEBUG Engine               - isScaleAffectedOnResize: true
22:48:44.515 [FXGL Background Thread 3 ] DEBUG Engine               - isSingleStep: false
22:48:44.515 [FXGL Background Thread 3 ] DEBUG Engine               - isUserProfileEnabled: false
22:48:44.515 [FXGL Background Thread 3 ] DEBUG Engine               - isWindows: true
22:48:44.515 [FXGL Background Thread 3 ] DEBUG Engine               - language: ObjectProperty [value: ENGLISH]
22:48:44.515 [FXGL Background Thread 3 ] DEBUG Engine               - menuKey: ESCAPE
22:48:44.515 [FXGL Background Thread 3 ] DEBUG Engine               - notificationViewClass: class com.almasb.fxgl.notification.view.XboxNotificationView
22:48:44.516 [FXGL Background Thread 3 ] DEBUG Engine               - pixelsPerMeter: 50.0
22:48:44.516 [FXGL Background Thread 3 ] DEBUG Engine               - platform: WINDOWS
22:48:44.516 [FXGL Background Thread 3 ] DEBUG Engine               - prefHeightProperty: ReadOnlyDoubleProperty [value: 750.0]
22:48:44.516 [FXGL Background Thread 3 ] DEBUG Engine               - prefWidthProperty: ReadOnlyDoubleProperty [value: 1400.0]
22:48:44.517 [FXGL Background Thread 3 ] DEBUG Engine               - profileDir: profiles/
22:48:44.517 [FXGL Background Thread 3 ] DEBUG Engine               - profileName: StringProperty [value: DEFAULT]
22:48:44.517 [FXGL Background Thread 3 ] DEBUG Engine               - randomSeed: -1
22:48:44.517 [FXGL Background Thread 3 ] DEBUG Engine               - runtimeInfo: RuntimeInfo(platform=WINDOWS, version=11.12, build=11.12.2020 08.51)
22:48:44.517 [FXGL Background Thread 3 ] DEBUG Engine               - saveFileExt: sav
22:48:44.517 [FXGL Background Thread 3 ] DEBUG Engine               - scaledHeightProp$fxgl: DoubleProperty [bound, value: 750.0]
22:48:44.518 [FXGL Background Thread 3 ] DEBUG Engine               - scaledWidthProp$fxgl: DoubleProperty [bound, value: 1400.0]
22:48:44.518 [FXGL Background Thread 3 ] DEBUG Engine               - sceneFactory: com.almasb.fxgl.app.scene.SceneFactory@309c2c96
22:48:44.518 [FXGL Background Thread 3 ] DEBUG Engine               - secondsIn24h: 60
22:48:44.518 [FXGL Background Thread 3 ] DEBUG Engine               - soundMenuBack: menu/back.wav
22:48:44.518 [FXGL Background Thread 3 ] DEBUG Engine               - soundMenuPress: menu/press.wav
22:48:44.518 [FXGL Background Thread 3 ] DEBUG Engine               - soundMenuSelect: menu/select.wav
22:48:44.518 [FXGL Background Thread 3 ] DEBUG Engine               - soundNotification: core/notification.wav
22:48:44.518 [FXGL Background Thread 3 ] DEBUG Engine               - stageStyle: DECORATED
22:48:44.518 [FXGL Background Thread 3 ] DEBUG Engine               - supportedLanguages: [ENGLISH, FRENCH, GERMAN, HUNGARIAN, RUSSIAN]
22:48:44.518 [FXGL Background Thread 3 ] DEBUG Engine               - title: project5 make a square
22:48:44.518 [FXGL Background Thread 3 ] DEBUG Engine               - urlGithub: https://github.com/AlmasB/FXGL
22:48:44.518 [FXGL Background Thread 3 ] DEBUG Engine               - urlLeaderboard: http://fxgl-top.herokuapp.com/
22:48:44.518 [FXGL Background Thread 3 ] DEBUG Engine               - urlPOM: https://raw.githubusercontent.com/AlmasB/FXGL/master/README.md
22:48:44.519 [FXGL Background Thread 3 ] DEBUG Engine               - version: 0.0
22:48:44.519 [FXGL Background Thread 3 ] DEBUG Engine               - versionCheckDays: 7
22:48:44.519 [FXGL Background Thread 3 ] DEBUG Engine               - width: 1400
22:48:44.519 [FXGL Background Thread 3 ] DEBUG Engine               - Logging services
22:48:44.519 [FXGL Background Thread 3 ] DEBUG Engine               - class com.almasb.fxgl.app.FXGLApplication$GameApplicationService
22:48:44.519 [FXGL Background Thread 3 ] DEBUG Engine               - class com.almasb.fxgl.app.services.FXGLDialogService
22:48:44.519 [FXGL Background Thread 3 ] DEBUG Engine               - class com.almasb.fxgl.app.services.IOTaskExecutorService
22:48:44.519 [FXGL Background Thread 3 ] DEBUG Engine               - class com.almasb.fxgl.event.EventBusService
22:48:44.519 [FXGL Background Thread 3 ] DEBUG Engine               - class com.almasb.fxgl.io.FileSystemService
22:48:44.520 [FXGL Background Thread 3 ] DEBUG Engine               - class com.almasb.fxgl.localization.LocalizationService
22:48:44.520 [FXGL Background Thread 3 ] DEBUG Engine               - class com.almasb.fxgl.app.services.FXGLAssetLoaderService
22:48:44.520 [FXGL Background Thread 3 ] DEBUG Engine               - class com.almasb.fxgl.app.services.SystemBundleService
22:48:44.520 [FXGL Background Thread 3 ] DEBUG Engine               - class com.almasb.fxgl.profile.SaveLoadService
22:48:44.520 [FXGL Background Thread 3 ] DEBUG Engine               - class com.almasb.fxgl.ui.FXGLUIFactoryServiceProvider
22:48:44.520 [FXGL Background Thread 3 ] DEBUG Engine               - class com.almasb.fxgl.ui.FXGLDialogFactoryServiceProvider
22:48:44.520 [FXGL Background Thread 3 ] DEBUG Engine               - class com.almasb.fxgl.audio.AudioPlayer
22:48:44.520 [FXGL Background Thread 3 ] DEBUG Engine               - class com.almasb.fxgl.notification.impl.NotificationServiceProvider
22:48:44.520 [FXGL Background Thread 3 ] DEBUG Engine               - class com.almasb.fxgl.achievement.AchievementService
22:48:44.520 [FXGL Background Thread 3 ] DEBUG Engine               - class com.almasb.fxgl.cutscene.CutsceneService
22:48:44.520 [FXGL Background Thread 3 ] DEBUG Engine               - class com.almasb.fxgl.minigames.MiniGameService
22:48:44.520 [FXGL Background Thread 3 ] DEBUG Engine               - class com.almasb.fxgl.net.NetService
22:48:44.521 [FXGL Background Thread 3 ] DEBUG Engine               - class com.almasb.fxgl.app.services.UpdaterService
22:48:44.521 [FXGL Background Thread 3 ] DEBUG Engine               - class com.almasb.fxgl.dev.DevService
22:48:51.878 [JavaFX Application Thread] DEBUG Menu                 - fireNewGame()
22:48:51.878 [JavaFX Application Thread] DEBUG GameApplicationServi - Starting new game
22:48:51.882 [JavaFX Application Thread] DEBUG MainWindow           - Pop state: FXGLDefaultMenu
22:48:51.882 [JavaFX Application Thread] DEBUG Input                - Clearing active input actions
22:48:51.883 [JavaFX Application Thread] DEBUG GameApplicationServi - Removing overlay from FXGLDefaultMenu and adding to FXGLMainMenuDummyScene
22:48:51.885 [JavaFX Application Thread] DEBUG MainWindow           - FXGLMainMenuDummyScene <- FXGLDefaultMenu
22:48:51.885 [JavaFX Application Thread] DEBUG Input                - Clearing active input actions
22:48:51.901 [JavaFX Application Thread] DEBUG GameApplicationServi - Removing overlay from FXGLMainMenuDummyScene and adding to FXGLLoadingScene
22:48:51.901 [JavaFX Application Thread] DEBUG MainWindow           - FXGLMainMenuDummyScene -> FXGLLoadingScene
22:48:51.901 [JavaFX Application Thread] DEBUG GameApplicationServi - Clearing previous game
22:48:51.901 [JavaFX Application Thread] DEBUG GameScene            - Clearing game scene
22:48:51.901 [JavaFX Application Thread] DEBUG GameWorld            - Clearing game world
22:48:51.901 [JavaFX Application Thread] DEBUG PhysicsWorld         - Clearing physics world
22:48:51.903 [FXGL Background Thread 2 ] DEBUG FXGLApplication      - Initializing game
22:48:51.950 [FXGL Background Thread 2 ] INFO  FXGLApplication      - Game initialization took: 0.047 sec
22:48:52.046 [JavaFX Application Thread] DEBUG Input                - Clearing active input actions
22:48:52.059 [JavaFX Application Thread] DEBUG GameApplicationServi - Removing overlay from FXGLLoadingScene and adding to GameScene
22:48:52.060 [JavaFX Application Thread] DEBUG MainWindow           - FXGLLoadingScene -> GameScene
22:48:54.940 [JavaFX Application Thread] DEBUG FXGLApplication      - Exiting FXGL
22:48:54.940 [JavaFX Application Thread] DEBUG LoopRunner           - Stopping loop
22:48:54.940 [JavaFX Application Thread] DEBUG SystemBundleService  - Saving FXGL system data
22:48:54.942 [JavaFX Application Thread] DEBUG FileSystemAccess     - Writing to: E:\java\Project5\system\fxgl.bundle
22:48:54.945 [JavaFX Application Thread] DEBUG Async                - Shutting down background threads
22:48:54.945 [JavaFX Application Thread] DEBUG MainWindow           - Closing main window
22:48:54.970 [JavaFX Application Thread] DEBUG Logger               - Closing Logger
