14:58:31.281 [main                     ] DEBUG Logger               - Configured Logger
14:58:31.284 [main                     ] DEBUG GameApplication      - Logging settings
Title: project5 make a square
Version: 0.0
Width: 1400
Height: 750
Fullscreen: false
Intro: false
Profiling: false
Single step:false
App Mode: DEVELOPER
Menu Key: ESCAPE
Stage Style: DECORATED
Scene Factory: class com.almasb.fxgl.app.scene.SceneFactory

14:58:31.799 [JavaFX Application Thread] DEBUG FXGLApplication      - Initializing FXGL
14:58:31.807 [JavaFX Application Thread] INFO  Engine               - FXGL-11.12 (11.12.2020 08.51) on WINDOWS (J:21.0.2 FX:15)
14:58:31.807 [JavaFX Application Thread] DEBUG Engine               - JRE Vendor Name: Oracle Corporation
14:58:31.807 [JavaFX Application Thread] DEBUG Engine               - Running on OS: Windows 10 version 10.0
14:58:31.807 [JavaFX Application Thread] DEBUG Engine               - Architecture: amd64
14:58:31.808 [JavaFX Application Thread] INFO  Engine               - Source code and latest versions at: https://github.com/AlmasB/FXGL
14:58:31.808 [JavaFX Application Thread] INFO  Engine               -              Join the FXGL chat at: https://gitter.im/AlmasB/FXGL
14:58:31.950 [JavaFX Application Thread] DEBUG MainWindow           - Creating a JavaFX scene
14:58:32.020 [JavaFX Application Thread] DEBUG MainWindow           - Target settings size: 1400.0 x 750.0
14:58:32.020 [JavaFX Application Thread] DEBUG MainWindow           - Scaled scene size:    1400.0 x 750.0
14:58:32.020 [JavaFX Application Thread] DEBUG MainWindow           - Scaled ratio: (1.0, 1.0)
14:58:32.022 [JavaFX Application Thread] DEBUG MainWindow           - Set initial scene to StartupScene
14:58:32.029 [JavaFX Application Thread] DEBUG MainWindow           - Opening main window
14:58:32.156 [JavaFX Application Thread] DEBUG MainWindow           - Window border size: (14.4000244140625, 38.0)
14:58:32.157 [JavaFX Application Thread] DEBUG MainWindow           - Scaled size: 1400.0 x 750.0
14:58:32.157 [JavaFX Application Thread] DEBUG MainWindow           - Scaled ratio: (1.0, 1.0)
14:58:32.157 [JavaFX Application Thread] DEBUG MainWindow           - Scene size: 1400.0 x 750.0
14:58:32.157 [JavaFX Application Thread] DEBUG MainWindow           - Stage size: 1414.4000244140625 x 788.0
14:58:32.165 [FXGL Background Thread 1 ] DEBUG Engine               - Initializing environment variables
14:58:32.240 [FXGL Background Thread 1 ] DEBUG GameApplicationServi - Applying CSS: fxgl_dark.css
14:58:32.240 [FXGL Background Thread 1 ] DEBUG FXGLAssetLoaderServi - Loading from file system: /assets/ui/css/fxgl_dark.css
14:58:32.314 [FXGL Background Thread 1 ] DEBUG GameApplicationServi - Initializing application scenes
14:58:32.370 [FXGL Background Thread 1 ] DEBUG GameWorld            - Game world initialized
14:58:32.456 [FXGL Background Thread 1 ] DEBUG PhysicsWorld         - Physics world initialized: appHeight=750, physics.ppm=50.0
14:58:32.458 [FXGL Background Thread 1 ] DEBUG GameScene            - Game scene initialized: 1400x750
14:58:32.458 [FXGL Background Thread 1 ] DEBUG GameApplicationServi - Application scenes initialized
14:58:32.484 [FXGL Background Thread 1 ] DEBUG SystemBundleService  - Loading FXGL system data
14:58:32.491 [FXGL Background Thread 1 ] DEBUG FileSystemAccess     - Reading from: E:\java\Project5\system\fxgl.bundle
14:58:32.502 [FXGL Background Thread 1 ] DEBUG SystemBundleService  - Bundle FXGL: {}
14:58:32.502 [FXGL Background Thread 1 ] DEBUG UpdaterService       - Checking for updates
14:58:32.508 [FXGL Background Thread 4 ] DEBUG FXGLApplication      - Loading fonts
14:58:32.509 [FXGL Background Thread 4 ] DEBUG FXGLAssetLoaderServi - Loading from file system: /assets/ui/fonts/VarelaRound-Regular.ttf
14:58:32.509 [FXGL Background Thread 1 ] DEBUG FXGLApplication      - Loading default localization
14:58:32.509 [FXGL Background Thread 1 ] DEBUG FXGLAssetLoaderServi - Loading from file system: /assets/languages/english.lang
14:58:32.552 [FXGL Background Thread 1 ] INFO  FXGLApplication      - FXGL initialization took: 0.387 sec
14:58:32.572 [FXGL Background Thread 4 ] DEBUG FXGLAssetLoaderServi - Loading from file system: /assets/ui/fonts/Abel-Regular.ttf
14:58:32.576 [FXGL Background Thread 4 ] DEBUG FXGLAssetLoaderServi - Loading from file system: /assets/ui/fonts/lucida_console.ttf
14:58:32.577 [JavaFX Application Thread] DEBUG Input                - Registered new binding: Start Solving - Enter
14:58:32.577 [JavaFX Application Thread] DEBUG FXGLAssetLoaderServi - Loading from file system: /assets/textures/fxgl_icon.png
14:58:32.582 [FXGL Background Thread 4 ] DEBUG FXGLAssetLoaderServi - Loading from file system: /assets/ui/fonts/Courier-Prime.ttf
14:58:32.635 [JavaFX Application Thread] DEBUG FXGLAssetLoaderServi - Loading from file system: /assets/ui/cursors/fxgl_default.png
14:58:32.638 [JavaFX Application Thread] DEBUG Input                - Registered new binding: Screenshot - P
14:58:32.639 [JavaFX Application Thread] DEBUG Input                - Registered new binding: System info dump - CTRL+9
14:58:32.640 [JavaFX Application Thread] DEBUG Input                - Registered new binding: Restart - CTRL+R
14:58:32.641 [JavaFX Application Thread] DEBUG Input                - Registered new binding: Toggle Debug Camera - CTRL+C
14:58:32.644 [JavaFX Application Thread] DEBUG LoopRunner           - Starting loop
14:58:32.645 [JavaFX Application Thread] DEBUG GameApplicationServi - Starting new game
14:58:32.645 [JavaFX Application Thread] DEBUG Input                - Clearing active input actions
14:58:32.660 [JavaFX Application Thread] DEBUG GameApplicationServi - Removing overlay from StartupScene and adding to FXGLLoadingScene
14:58:32.661 [JavaFX Application Thread] DEBUG MainWindow           - StartupScene -> FXGLLoadingScene
14:58:32.661 [JavaFX Application Thread] DEBUG GameApplicationServi - Clearing previous game
14:58:32.661 [JavaFX Application Thread] DEBUG GameScene            - Clearing game scene
14:58:32.661 [JavaFX Application Thread] DEBUG GameWorld            - Clearing game world
14:58:32.661 [JavaFX Application Thread] DEBUG PhysicsWorld         - Clearing physics world
14:58:32.666 [FXGL Background Thread 4 ] DEBUG FXGLApplication      - Initializing game
14:58:32.666 [JavaFX Application Thread] DEBUG FXGLApplication      - Registering font factories with UI factory
14:58:32.702 [FXGL Background Thread 4 ] INFO  FXGLApplication      - Game initialization took: 0.036 sec
14:58:32.748 [JavaFX Application Thread] DEBUG Input                - Clearing active input actions
14:58:32.768 [JavaFX Application Thread] DEBUG GameApplicationServi - Removing overlay from FXGLLoadingScene and adding to GameScene
14:58:32.768 [JavaFX Application Thread] DEBUG MainWindow           - FXGLLoadingScene -> GameScene
14:58:33.410 [FXGL Background Thread 2 ] INFO  UpdaterService       - Your current version:  11.12
14:58:33.410 [FXGL Background Thread 2 ] INFO  UpdaterService       - Latest stable version: 21.1
14:58:35.507 [FXGL Background Thread 3 ] DEBUG Engine               - Logging environment variables
14:58:35.507 [FXGL Background Thread 3 ] DEBUG Engine               - achievements: []
14:58:35.507 [FXGL Background Thread 3 ] DEBUG Engine               - actualHeight: 750.0
14:58:35.508 [FXGL Background Thread 3 ] DEBUG Engine               - actualHeightProperty: ReadOnlyDoubleProperty [value: 750.0]
14:58:35.508 [FXGL Background Thread 3 ] DEBUG Engine               - actualWidth: 1400.0
14:58:35.508 [FXGL Background Thread 3 ] DEBUG Engine               - actualWidthProperty: ReadOnlyDoubleProperty [value: 1400.0]
14:58:35.508 [FXGL Background Thread 3 ] DEBUG Engine               - appIcon: fxgl_icon.png
14:58:35.508 [FXGL Background Thread 3 ] DEBUG Engine               - applicationMode: DEVELOPER
14:58:35.508 [FXGL Background Thread 3 ] DEBUG Engine               - cSSList: [fxgl_dark.css]
14:58:35.508 [FXGL Background Thread 3 ] DEBUG Engine               - configClass: Optional.empty
14:58:35.508 [FXGL Background Thread 3 ] DEBUG Engine               - credits: []
14:58:35.508 [FXGL Background Thread 3 ] DEBUG Engine               - devBBoxColorProperty: ObjectProperty [value: 0xff0000ff]
14:58:35.508 [FXGL Background Thread 3 ] DEBUG Engine               - devEnableDebugCameraProperty: BooleanProperty [value: false]
14:58:35.508 [FXGL Background Thread 3 ] DEBUG Engine               - devSensorColorProperty: ObjectProperty [value: 0xffff00ff]
14:58:35.508 [FXGL Background Thread 3 ] DEBUG Engine               - devShowBBoxProperty: BooleanProperty [value: false]
14:58:35.509 [FXGL Background Thread 3 ] DEBUG Engine               - devShowPositionProperty: BooleanProperty [value: false]
14:58:35.509 [FXGL Background Thread 3 ] DEBUG Engine               - enabledMenuItems: []
14:58:35.509 [FXGL Background Thread 3 ] DEBUG Engine               - engineServices: [class com.almasb.fxgl.app.FXGLApplication$GameApplicationService, class com.almasb.fxgl.app.services.FXGLDialogService, class com.almasb.fxgl.app.services.IOTaskExecutorService, class com.almasb.fxgl.event.EventBusService, class com.almasb.fxgl.io.FileSystemService, class com.almasb.fxgl.localization.LocalizationService, class com.almasb.fxgl.app.services.FXGLAssetLoaderService, class com.almasb.fxgl.app.services.SystemBundleService, class com.almasb.fxgl.profile.SaveLoadService, class com.almasb.fxgl.ui.FXGLUIFactoryServiceProvider, class com.almasb.fxgl.ui.FXGLDialogFactoryServiceProvider, class com.almasb.fxgl.audio.AudioPlayer, class com.almasb.fxgl.notification.impl.NotificationServiceProvider, class com.almasb.fxgl.achievement.AchievementService, class com.almasb.fxgl.cutscene.CutsceneService, class com.almasb.fxgl.minigames.MiniGameService, class com.almasb.fxgl.net.NetService, class com.almasb.fxgl.app.services.UpdaterService, class com.almasb.fxgl.dev.DevService]
14:58:35.509 [FXGL Background Thread 3 ] DEBUG Engine               - fontGame: Abel-Regular.ttf
14:58:35.509 [FXGL Background Thread 3 ] DEBUG Engine               - fontMono: lucida_console.ttf
14:58:35.509 [FXGL Background Thread 3 ] DEBUG Engine               - fontText: Courier-Prime.ttf
14:58:35.509 [FXGL Background Thread 3 ] DEBUG Engine               - fontUI: VarelaRound-Regular.ttf
14:58:35.509 [FXGL Background Thread 3 ] DEBUG Engine               - fullScreen: BooleanProperty [value: false]
14:58:35.509 [FXGL Background Thread 3 ] DEBUG Engine               - gameDifficulty: MEDIUM
14:58:35.509 [FXGL Background Thread 3 ] DEBUG Engine               - gameDifficultyProperty: ObjectProperty [value: MEDIUM]
14:58:35.509 [FXGL Background Thread 3 ] DEBUG Engine               - globalMusicVolume: 0.5
14:58:35.509 [FXGL Background Thread 3 ] DEBUG Engine               - globalMusicVolumeProperty: DoubleProperty [value: 0.5]
14:58:35.509 [FXGL Background Thread 3 ] DEBUG Engine               - globalSoundVolume: 0.5
14:58:35.510 [FXGL Background Thread 3 ] DEBUG Engine               - globalSoundVolumeProperty: DoubleProperty [value: 0.5]
14:58:35.510 [FXGL Background Thread 3 ] DEBUG Engine               - height: 750
14:58:35.510 [FXGL Background Thread 3 ] DEBUG Engine               - isAndroid: false
14:58:35.510 [FXGL Background Thread 3 ] DEBUG Engine               - isBrowser: false
14:58:35.510 [FXGL Background Thread 3 ] DEBUG Engine               - isClickFeedbackEnabled: false
14:58:35.510 [FXGL Background Thread 3 ] DEBUG Engine               - isCloseConfirmation: false
14:58:35.510 [FXGL Background Thread 3 ] DEBUG Engine               - isDesktop: true
14:58:35.510 [FXGL Background Thread 3 ] DEBUG Engine               - isDeveloperMenuEnabled: false
14:58:35.511 [FXGL Background Thread 3 ] DEBUG Engine               - isEntityPreloadEnabled: true
14:58:35.511 [FXGL Background Thread 3 ] DEBUG Engine               - isExperimental3D: false
14:58:35.511 [FXGL Background Thread 3 ] DEBUG Engine               - isExperimentalNative: false
14:58:35.511 [FXGL Background Thread 3 ] DEBUG Engine               - isExperimentalTiledLargeMap: false
14:58:35.511 [FXGL Background Thread 3 ] DEBUG Engine               - isFileSystemWriteAllowed: true
14:58:35.511 [FXGL Background Thread 3 ] DEBUG Engine               - isFullScreenAllowed: false
14:58:35.511 [FXGL Background Thread 3 ] DEBUG Engine               - isFullScreenFromStart: false
14:58:35.511 [FXGL Background Thread 3 ] DEBUG Engine               - isGameMenuEnabled: false
14:58:35.511 [FXGL Background Thread 3 ] DEBUG Engine               - isIOS: false
14:58:35.511 [FXGL Background Thread 3 ] DEBUG Engine               - isIntroEnabled: false
14:58:35.511 [FXGL Background Thread 3 ] DEBUG Engine               - isLinux: false
14:58:35.511 [FXGL Background Thread 3 ] DEBUG Engine               - isMac: false
14:58:35.511 [FXGL Background Thread 3 ] DEBUG Engine               - isMainMenuEnabled: false
14:58:35.511 [FXGL Background Thread 3 ] DEBUG Engine               - isManualResizeEnabled: false
14:58:35.511 [FXGL Background Thread 3 ] DEBUG Engine               - isMobile: false
14:58:35.511 [FXGL Background Thread 3 ] DEBUG Engine               - isPreserveResizeRatio: false
14:58:35.512 [FXGL Background Thread 3 ] DEBUG Engine               - isProfilingEnabled: false
14:58:35.512 [FXGL Background Thread 3 ] DEBUG Engine               - isScaleAffectedOnResize: true
14:58:35.512 [FXGL Background Thread 3 ] DEBUG Engine               - isSingleStep: false
14:58:35.512 [FXGL Background Thread 3 ] DEBUG Engine               - isUserProfileEnabled: false
14:58:35.512 [FXGL Background Thread 3 ] DEBUG Engine               - isWindows: true
14:58:35.512 [FXGL Background Thread 3 ] DEBUG Engine               - language: ObjectProperty [value: ENGLISH]
14:58:35.512 [FXGL Background Thread 3 ] DEBUG Engine               - menuKey: ESCAPE
14:58:35.512 [FXGL Background Thread 3 ] DEBUG Engine               - notificationViewClass: class com.almasb.fxgl.notification.view.XboxNotificationView
14:58:35.512 [FXGL Background Thread 3 ] DEBUG Engine               - pixelsPerMeter: 50.0
14:58:35.512 [FXGL Background Thread 3 ] DEBUG Engine               - platform: WINDOWS
14:58:35.512 [FXGL Background Thread 3 ] DEBUG Engine               - prefHeightProperty: ReadOnlyDoubleProperty [value: 750.0]
14:58:35.512 [FXGL Background Thread 3 ] DEBUG Engine               - prefWidthProperty: ReadOnlyDoubleProperty [value: 1400.0]
14:58:35.512 [FXGL Background Thread 3 ] DEBUG Engine               - profileDir: profiles/
14:58:35.513 [FXGL Background Thread 3 ] DEBUG Engine               - profileName: StringProperty [value: DEFAULT]
14:58:35.513 [FXGL Background Thread 3 ] DEBUG Engine               - randomSeed: -1
14:58:35.513 [FXGL Background Thread 3 ] DEBUG Engine               - runtimeInfo: RuntimeInfo(platform=WINDOWS, version=11.12, build=11.12.2020 08.51)
14:58:35.513 [FXGL Background Thread 3 ] DEBUG Engine               - saveFileExt: sav
14:58:35.513 [FXGL Background Thread 3 ] DEBUG Engine               - scaledHeightProp$fxgl: DoubleProperty [bound, value: 750.0]
14:58:35.513 [FXGL Background Thread 3 ] DEBUG Engine               - scaledWidthProp$fxgl: DoubleProperty [bound, value: 1400.0]
14:58:35.513 [FXGL Background Thread 3 ] DEBUG Engine               - sceneFactory: com.almasb.fxgl.app.scene.SceneFactory@1cea3e19
14:58:35.513 [FXGL Background Thread 3 ] DEBUG Engine               - secondsIn24h: 60
14:58:35.513 [FXGL Background Thread 3 ] DEBUG Engine               - soundMenuBack: menu/back.wav
14:58:35.513 [FXGL Background Thread 3 ] DEBUG Engine               - soundMenuPress: menu/press.wav
14:58:35.513 [FXGL Background Thread 3 ] DEBUG Engine               - soundMenuSelect: menu/select.wav
14:58:35.513 [FXGL Background Thread 3 ] DEBUG Engine               - soundNotification: core/notification.wav
14:58:35.513 [FXGL Background Thread 3 ] DEBUG Engine               - stageStyle: DECORATED
14:58:35.513 [FXGL Background Thread 3 ] DEBUG Engine               - supportedLanguages: [ENGLISH, FRENCH, GERMAN, HUNGARIAN, RUSSIAN]
14:58:35.513 [FXGL Background Thread 3 ] DEBUG Engine               - title: project5 make a square
14:58:35.513 [FXGL Background Thread 3 ] DEBUG Engine               - urlGithub: https://github.com/AlmasB/FXGL
14:58:35.513 [FXGL Background Thread 3 ] DEBUG Engine               - urlLeaderboard: http://fxgl-top.herokuapp.com/
14:58:35.514 [FXGL Background Thread 3 ] DEBUG Engine               - urlPOM: https://raw.githubusercontent.com/AlmasB/FXGL/master/README.md
14:58:35.514 [FXGL Background Thread 3 ] DEBUG Engine               - version: 0.0
14:58:35.514 [FXGL Background Thread 3 ] DEBUG Engine               - versionCheckDays: 7
14:58:35.514 [FXGL Background Thread 3 ] DEBUG Engine               - width: 1400
14:58:35.514 [FXGL Background Thread 3 ] DEBUG Engine               - Logging services
14:58:35.514 [FXGL Background Thread 3 ] DEBUG Engine               - class com.almasb.fxgl.app.FXGLApplication$GameApplicationService
14:58:35.514 [FXGL Background Thread 3 ] DEBUG Engine               - class com.almasb.fxgl.app.services.FXGLDialogService
14:58:35.514 [FXGL Background Thread 3 ] DEBUG Engine               - class com.almasb.fxgl.app.services.IOTaskExecutorService
14:58:35.514 [FXGL Background Thread 3 ] DEBUG Engine               - class com.almasb.fxgl.event.EventBusService
14:58:35.514 [FXGL Background Thread 3 ] DEBUG Engine               - class com.almasb.fxgl.io.FileSystemService
14:58:35.514 [FXGL Background Thread 3 ] DEBUG Engine               - class com.almasb.fxgl.localization.LocalizationService
14:58:35.514 [FXGL Background Thread 3 ] DEBUG Engine               - class com.almasb.fxgl.app.services.FXGLAssetLoaderService
14:58:35.514 [FXGL Background Thread 3 ] DEBUG Engine               - class com.almasb.fxgl.app.services.SystemBundleService
14:58:35.514 [FXGL Background Thread 3 ] DEBUG Engine               - class com.almasb.fxgl.profile.SaveLoadService
14:58:35.514 [FXGL Background Thread 3 ] DEBUG Engine               - class com.almasb.fxgl.ui.FXGLUIFactoryServiceProvider
14:58:35.514 [FXGL Background Thread 3 ] DEBUG Engine               - class com.almasb.fxgl.ui.FXGLDialogFactoryServiceProvider
14:58:35.514 [FXGL Background Thread 3 ] DEBUG Engine               - class com.almasb.fxgl.audio.AudioPlayer
14:58:35.514 [FXGL Background Thread 3 ] DEBUG Engine               - class com.almasb.fxgl.notification.impl.NotificationServiceProvider
14:58:35.514 [FXGL Background Thread 3 ] DEBUG Engine               - class com.almasb.fxgl.achievement.AchievementService
14:58:35.514 [FXGL Background Thread 3 ] DEBUG Engine               - class com.almasb.fxgl.cutscene.CutsceneService
14:58:35.515 [FXGL Background Thread 3 ] DEBUG Engine               - class com.almasb.fxgl.minigames.MiniGameService
14:58:35.515 [FXGL Background Thread 3 ] DEBUG Engine               - class com.almasb.fxgl.net.NetService
14:58:35.515 [FXGL Background Thread 3 ] DEBUG Engine               - class com.almasb.fxgl.app.services.UpdaterService
14:58:35.515 [FXGL Background Thread 3 ] DEBUG Engine               - class com.almasb.fxgl.dev.DevService
14:58:58.753 [JavaFX Application Thread] DEBUG FXGLApplication      - Exiting FXGL
14:58:58.753 [JavaFX Application Thread] DEBUG LoopRunner           - Stopping loop
14:58:58.753 [JavaFX Application Thread] DEBUG SystemBundleService  - Saving FXGL system data
14:58:58.755 [JavaFX Application Thread] DEBUG FileSystemAccess     - Writing to: E:\java\Project5\system\fxgl.bundle
14:58:58.758 [JavaFX Application Thread] DEBUG Async                - Shutting down background threads
14:58:58.759 [JavaFX Application Thread] DEBUG MainWindow           - Closing main window
14:58:58.782 [JavaFX Application Thread] DEBUG Logger               - Closing Logger
