21:38:20.661 [main                     ] DEBUG Logger               - Configured Logger
21:38:20.666 [main                     ] DEBUG GameApplication      - Logging settings
Title: project5 make a square
Version: 0.0
Width: 1400
Height: 750
Fullscreen: false
Intro: false
Profiling: false
Single step:false
App Mode: DEVELOPER
Menu Key: ESCAPE
Stage Style: DECORATED
Scene Factory: class com.almasb.fxgl.app.scene.SceneFactory

21:38:21.565 [JavaFX Application Thread] DEBUG FXGLApplication      - Initializing FXGL
21:38:21.568 [JavaFX Application Thread] INFO  Engine               - FXGL-11.12 (11.12.2020 08.51) on WINDOWS (J:21.0.1 FX:15)
21:38:21.568 [JavaFX Application Thread] DEBUG Engine               - JRE Vendor Name: Oracle Corporation
21:38:21.568 [JavaFX Application Thread] DEBUG Engine               - Running on OS: Windows 10 version 10.0
21:38:21.568 [JavaFX Application Thread] DEBUG Engine               - Architecture: amd64
21:38:21.569 [JavaFX Application Thread] INFO  Engine               - Source code and latest versions at: https://github.com/AlmasB/FXGL
21:38:21.569 [JavaFX Application Thread] INFO  Engine               -              Join the FXGL chat at: https://gitter.im/AlmasB/FXGL
21:38:21.733 [JavaFX Application Thread] DEBUG MainWindow           - Creating a JavaFX scene
21:38:21.800 [JavaFX Application Thread] DEBUG MainWindow           - Target settings size: 1400.0 x 750.0
21:38:21.800 [JavaFX Application Thread] DEBUG MainWindow           - Scaled scene size:    1400.0 x 750.0
21:38:21.800 [JavaFX Application Thread] DEBUG MainWindow           - Scaled ratio: (1.0, 1.0)
21:38:21.801 [JavaFX Application Thread] DEBUG MainWindow           - Set initial scene to StartupScene
21:38:21.810 [JavaFX Application Thread] DEBUG MainWindow           - Opening main window
21:38:21.902 [JavaFX Application Thread] DEBUG MainWindow           - Window border size: (14.4000244140625, 38.0)
21:38:21.902 [JavaFX Application Thread] DEBUG MainWindow           - Scaled size: 1400.0 x 750.0
21:38:21.902 [JavaFX Application Thread] DEBUG MainWindow           - Scaled ratio: (1.0, 1.0)
21:38:21.902 [JavaFX Application Thread] DEBUG MainWindow           - Scene size: 1400.0 x 750.0
21:38:21.902 [JavaFX Application Thread] DEBUG MainWindow           - Stage size: 1414.4000244140625 x 788.0
21:38:21.912 [FXGL Background Thread 1 ] DEBUG Engine               - Initializing environment variables
21:38:21.977 [FXGL Background Thread 1 ] DEBUG GameApplicationServi - Applying CSS: fxgl_dark.css
21:38:21.977 [FXGL Background Thread 1 ] DEBUG FXGLAssetLoaderServi - Loading from file system: /assets/ui/css/fxgl_dark.css
21:38:22.043 [FXGL Background Thread 1 ] DEBUG GameApplicationServi - Initializing application scenes
21:38:22.099 [FXGL Background Thread 1 ] DEBUG GameWorld            - Game world initialized
21:38:22.183 [FXGL Background Thread 1 ] DEBUG PhysicsWorld         - Physics world initialized: appHeight=750, physics.ppm=50.0
21:38:22.185 [FXGL Background Thread 1 ] DEBUG GameScene            - Game scene initialized: 1400x750
21:38:22.185 [FXGL Background Thread 1 ] DEBUG GameApplicationServi - Application scenes initialized
21:38:22.214 [FXGL Background Thread 1 ] DEBUG SystemBundleService  - Loading FXGL system data
21:38:22.219 [FXGL Background Thread 1 ] DEBUG FileSystemAccess     - Reading from: C:\Users\ahmma\Desktop\make-a-square\system\fxgl.bundle
21:38:22.229 [FXGL Background Thread 1 ] DEBUG SystemBundleService  - Bundle FXGL: {}
21:38:22.230 [FXGL Background Thread 1 ] DEBUG UpdaterService       - Checking for updates
21:38:22.237 [FXGL Background Thread 4 ] DEBUG FXGLApplication      - Loading fonts
21:38:22.237 [FXGL Background Thread 4 ] DEBUG FXGLAssetLoaderServi - Loading from file system: /assets/ui/fonts/VarelaRound-Regular.ttf
21:38:22.238 [FXGL Background Thread 1 ] DEBUG FXGLApplication      - Loading default localization
21:38:22.238 [FXGL Background Thread 1 ] DEBUG FXGLAssetLoaderServi - Loading from file system: /assets/languages/english.lang
21:38:22.282 [FXGL Background Thread 1 ] INFO  FXGLApplication      - FXGL initialization took: 0.370 sec
21:38:22.292 [FXGL Background Thread 4 ] DEBUG FXGLAssetLoaderServi - Loading from file system: /assets/ui/fonts/Abel-Regular.ttf
21:38:22.296 [FXGL Background Thread 4 ] DEBUG FXGLAssetLoaderServi - Loading from file system: /assets/ui/fonts/lucida_console.ttf
21:38:22.297 [JavaFX Application Thread] DEBUG Input                - Registered new binding: Start Solving - Enter
21:38:22.297 [JavaFX Application Thread] DEBUG FXGLAssetLoaderServi - Loading from file system: /assets/textures/fxgl_icon.png
21:38:22.303 [FXGL Background Thread 4 ] DEBUG FXGLAssetLoaderServi - Loading from file system: /assets/ui/fonts/Courier-Prime.ttf
21:38:22.365 [JavaFX Application Thread] DEBUG FXGLAssetLoaderServi - Loading from file system: /assets/ui/cursors/fxgl_default.png
21:38:22.370 [JavaFX Application Thread] DEBUG Input                - Registered new binding: Screenshot - P
21:38:22.371 [JavaFX Application Thread] DEBUG Input                - Registered new binding: System info dump - CTRL+9
21:38:22.371 [JavaFX Application Thread] DEBUG Input                - Registered new binding: Restart - CTRL+R
21:38:22.372 [JavaFX Application Thread] DEBUG Input                - Registered new binding: Toggle Debug Camera - CTRL+C
21:38:22.376 [JavaFX Application Thread] DEBUG LoopRunner           - Starting loop
21:38:22.377 [JavaFX Application Thread] DEBUG GameApplicationServi - Starting new game
21:38:22.378 [JavaFX Application Thread] DEBUG Input                - Clearing active input actions
21:38:22.398 [JavaFX Application Thread] DEBUG GameApplicationServi - Removing overlay from StartupScene and adding to FXGLLoadingScene
21:38:22.398 [JavaFX Application Thread] DEBUG MainWindow           - StartupScene -> FXGLLoadingScene
21:38:22.398 [JavaFX Application Thread] DEBUG GameApplicationServi - Clearing previous game
21:38:22.398 [JavaFX Application Thread] DEBUG GameScene            - Clearing game scene
21:38:22.398 [JavaFX Application Thread] DEBUG GameWorld            - Clearing game world
21:38:22.398 [JavaFX Application Thread] DEBUG PhysicsWorld         - Clearing physics world
21:38:22.399 [JavaFX Application Thread] DEBUG FXGLApplication      - Registering font factories with UI factory
21:38:22.399 [FXGL Background Thread 4 ] DEBUG FXGLApplication      - Initializing game
21:38:22.432 [FXGL Background Thread 4 ] INFO  FXGLApplication      - Game initialization took: 0.031 sec
21:38:22.470 [JavaFX Application Thread] DEBUG Input                - Clearing active input actions
21:38:22.485 [JavaFX Application Thread] DEBUG GameApplicationServi - Removing overlay from FXGLLoadingScene and adding to GameScene
21:38:22.486 [JavaFX Application Thread] DEBUG MainWindow           - FXGLLoadingScene -> GameScene
21:38:24.055 [FXGL Background Thread 2 ] INFO  UpdaterService       - Your current version:  11.12
21:38:24.055 [FXGL Background Thread 2 ] INFO  UpdaterService       - Latest stable version: 21.1
21:38:25.236 [FXGL Background Thread 3 ] DEBUG Engine               - Logging environment variables
21:38:25.237 [FXGL Background Thread 3 ] DEBUG Engine               - achievements: []
21:38:25.237 [FXGL Background Thread 3 ] DEBUG Engine               - actualHeight: 750.0
21:38:25.238 [FXGL Background Thread 3 ] DEBUG Engine               - actualHeightProperty: ReadOnlyDoubleProperty [value: 750.0]
21:38:25.238 [FXGL Background Thread 3 ] DEBUG Engine               - actualWidth: 1400.0
21:38:25.238 [FXGL Background Thread 3 ] DEBUG Engine               - actualWidthProperty: ReadOnlyDoubleProperty [value: 1400.0]
21:38:25.239 [FXGL Background Thread 3 ] DEBUG Engine               - appIcon: fxgl_icon.png
21:38:25.239 [FXGL Background Thread 3 ] DEBUG Engine               - applicationMode: DEVELOPER
21:38:25.239 [FXGL Background Thread 3 ] DEBUG Engine               - cSSList: [fxgl_dark.css]
21:38:25.239 [FXGL Background Thread 3 ] DEBUG Engine               - configClass: Optional.empty
21:38:25.240 [FXGL Background Thread 3 ] DEBUG Engine               - credits: []
21:38:25.240 [FXGL Background Thread 3 ] DEBUG Engine               - devBBoxColorProperty: ObjectProperty [value: 0xff0000ff]
21:38:25.241 [FXGL Background Thread 3 ] DEBUG Engine               - devEnableDebugCameraProperty: BooleanProperty [value: false]
21:38:25.241 [FXGL Background Thread 3 ] DEBUG Engine               - devSensorColorProperty: ObjectProperty [value: 0xffff00ff]
21:38:25.241 [FXGL Background Thread 3 ] DEBUG Engine               - devShowBBoxProperty: BooleanProperty [value: false]
21:38:25.242 [FXGL Background Thread 3 ] DEBUG Engine               - devShowPositionProperty: BooleanProperty [value: false]
21:38:25.242 [FXGL Background Thread 3 ] DEBUG Engine               - enabledMenuItems: []
21:38:25.242 [FXGL Background Thread 3 ] DEBUG Engine               - engineServices: [class com.almasb.fxgl.app.FXGLApplication$GameApplicationService, class com.almasb.fxgl.app.services.FXGLDialogService, class com.almasb.fxgl.app.services.IOTaskExecutorService, class com.almasb.fxgl.event.EventBusService, class com.almasb.fxgl.io.FileSystemService, class com.almasb.fxgl.localization.LocalizationService, class com.almasb.fxgl.app.services.FXGLAssetLoaderService, class com.almasb.fxgl.app.services.SystemBundleService, class com.almasb.fxgl.profile.SaveLoadService, class com.almasb.fxgl.ui.FXGLUIFactoryServiceProvider, class com.almasb.fxgl.ui.FXGLDialogFactoryServiceProvider, class com.almasb.fxgl.audio.AudioPlayer, class com.almasb.fxgl.notification.impl.NotificationServiceProvider, class com.almasb.fxgl.achievement.AchievementService, class com.almasb.fxgl.cutscene.CutsceneService, class com.almasb.fxgl.minigames.MiniGameService, class com.almasb.fxgl.net.NetService, class com.almasb.fxgl.app.services.UpdaterService, class com.almasb.fxgl.dev.DevService]
21:38:25.242 [FXGL Background Thread 3 ] DEBUG Engine               - fontGame: Abel-Regular.ttf
21:38:25.243 [FXGL Background Thread 3 ] DEBUG Engine               - fontMono: lucida_console.ttf
21:38:25.243 [FXGL Background Thread 3 ] DEBUG Engine               - fontText: Courier-Prime.ttf
21:38:25.243 [FXGL Background Thread 3 ] DEBUG Engine               - fontUI: VarelaRound-Regular.ttf
21:38:25.243 [FXGL Background Thread 3 ] DEBUG Engine               - fullScreen: BooleanProperty [value: false]
21:38:25.244 [FXGL Background Thread 3 ] DEBUG Engine               - gameDifficulty: MEDIUM
21:38:25.244 [FXGL Background Thread 3 ] DEBUG Engine               - gameDifficultyProperty: ObjectProperty [value: MEDIUM]
21:38:25.244 [FXGL Background Thread 3 ] DEBUG Engine               - globalMusicVolume: 0.5
21:38:25.244 [FXGL Background Thread 3 ] DEBUG Engine               - globalMusicVolumeProperty: DoubleProperty [value: 0.5]
21:38:25.245 [FXGL Background Thread 3 ] DEBUG Engine               - globalSoundVolume: 0.5
21:38:25.245 [FXGL Background Thread 3 ] DEBUG Engine               - globalSoundVolumeProperty: DoubleProperty [value: 0.5]
21:38:25.245 [FXGL Background Thread 3 ] DEBUG Engine               - height: 750
21:38:25.246 [FXGL Background Thread 3 ] DEBUG Engine               - isAndroid: false
21:38:25.246 [FXGL Background Thread 3 ] DEBUG Engine               - isBrowser: false
21:38:25.246 [FXGL Background Thread 3 ] DEBUG Engine               - isClickFeedbackEnabled: false
21:38:25.246 [FXGL Background Thread 3 ] DEBUG Engine               - isCloseConfirmation: false
21:38:25.247 [FXGL Background Thread 3 ] DEBUG Engine               - isDesktop: true
21:38:25.247 [FXGL Background Thread 3 ] DEBUG Engine               - isDeveloperMenuEnabled: false
21:38:25.247 [FXGL Background Thread 3 ] DEBUG Engine               - isEntityPreloadEnabled: true
21:38:25.247 [FXGL Background Thread 3 ] DEBUG Engine               - isExperimental3D: false
21:38:25.248 [FXGL Background Thread 3 ] DEBUG Engine               - isExperimentalNative: false
21:38:25.248 [FXGL Background Thread 3 ] DEBUG Engine               - isExperimentalTiledLargeMap: false
21:38:25.248 [FXGL Background Thread 3 ] DEBUG Engine               - isFileSystemWriteAllowed: true
21:38:25.249 [FXGL Background Thread 3 ] DEBUG Engine               - isFullScreenAllowed: false
21:38:25.249 [FXGL Background Thread 3 ] DEBUG Engine               - isFullScreenFromStart: false
21:38:25.249 [FXGL Background Thread 3 ] DEBUG Engine               - isGameMenuEnabled: false
21:38:25.249 [FXGL Background Thread 3 ] DEBUG Engine               - isIOS: false
21:38:25.250 [FXGL Background Thread 3 ] DEBUG Engine               - isIntroEnabled: false
21:38:25.250 [FXGL Background Thread 3 ] DEBUG Engine               - isLinux: false
21:38:25.250 [FXGL Background Thread 3 ] DEBUG Engine               - isMac: false
21:38:25.250 [FXGL Background Thread 3 ] DEBUG Engine               - isMainMenuEnabled: false
21:38:25.251 [FXGL Background Thread 3 ] DEBUG Engine               - isManualResizeEnabled: false
21:38:25.251 [FXGL Background Thread 3 ] DEBUG Engine               - isMobile: false
21:38:25.251 [FXGL Background Thread 3 ] DEBUG Engine               - isPreserveResizeRatio: false
21:38:25.251 [FXGL Background Thread 3 ] DEBUG Engine               - isProfilingEnabled: false
21:38:25.252 [FXGL Background Thread 3 ] DEBUG Engine               - isScaleAffectedOnResize: true
21:38:25.252 [FXGL Background Thread 3 ] DEBUG Engine               - isSingleStep: false
21:38:25.252 [FXGL Background Thread 3 ] DEBUG Engine               - isUserProfileEnabled: false
21:38:25.252 [FXGL Background Thread 3 ] DEBUG Engine               - isWindows: true
21:38:25.252 [FXGL Background Thread 3 ] DEBUG Engine               - language: ObjectProperty [value: ENGLISH]
21:38:25.253 [FXGL Background Thread 3 ] DEBUG Engine               - menuKey: ESCAPE
21:38:25.253 [FXGL Background Thread 3 ] DEBUG Engine               - notificationViewClass: class com.almasb.fxgl.notification.view.XboxNotificationView
21:38:25.253 [FXGL Background Thread 3 ] DEBUG Engine               - pixelsPerMeter: 50.0
21:38:25.254 [FXGL Background Thread 3 ] DEBUG Engine               - platform: WINDOWS
21:38:25.254 [FXGL Background Thread 3 ] DEBUG Engine               - prefHeightProperty: ReadOnlyDoubleProperty [value: 750.0]
21:38:25.254 [FXGL Background Thread 3 ] DEBUG Engine               - prefWidthProperty: ReadOnlyDoubleProperty [value: 1400.0]
21:38:25.255 [FXGL Background Thread 3 ] DEBUG Engine               - profileDir: profiles/
21:38:25.255 [FXGL Background Thread 3 ] DEBUG Engine               - profileName: StringProperty [value: DEFAULT]
21:38:25.255 [FXGL Background Thread 3 ] DEBUG Engine               - randomSeed: -1
21:38:25.255 [FXGL Background Thread 3 ] DEBUG Engine               - runtimeInfo: RuntimeInfo(platform=WINDOWS, version=11.12, build=11.12.2020 08.51)
21:38:25.256 [FXGL Background Thread 3 ] DEBUG Engine               - saveFileExt: sav
21:38:25.256 [FXGL Background Thread 3 ] DEBUG Engine               - scaledHeightProp$fxgl: DoubleProperty [bound, value: 750.0]
21:38:25.256 [FXGL Background Thread 3 ] DEBUG Engine               - scaledWidthProp$fxgl: DoubleProperty [bound, value: 1400.0]
21:38:25.257 [FXGL Background Thread 3 ] DEBUG Engine               - sceneFactory: com.almasb.fxgl.app.scene.SceneFactory@4790be19
21:38:25.257 [FXGL Background Thread 3 ] DEBUG Engine               - secondsIn24h: 60
21:38:25.257 [FXGL Background Thread 3 ] DEBUG Engine               - soundMenuBack: menu/back.wav
21:38:25.257 [FXGL Background Thread 3 ] DEBUG Engine               - soundMenuPress: menu/press.wav
21:38:25.257 [FXGL Background Thread 3 ] DEBUG Engine               - soundMenuSelect: menu/select.wav
21:38:25.258 [FXGL Background Thread 3 ] DEBUG Engine               - soundNotification: core/notification.wav
21:38:25.258 [FXGL Background Thread 3 ] DEBUG Engine               - stageStyle: DECORATED
21:38:25.258 [FXGL Background Thread 3 ] DEBUG Engine               - supportedLanguages: [ENGLISH, FRENCH, GERMAN, HUNGARIAN, RUSSIAN]
21:38:25.258 [FXGL Background Thread 3 ] DEBUG Engine               - title: project5 make a square
21:38:25.258 [FXGL Background Thread 3 ] DEBUG Engine               - urlGithub: https://github.com/AlmasB/FXGL
21:38:25.259 [FXGL Background Thread 3 ] DEBUG Engine               - urlLeaderboard: http://fxgl-top.herokuapp.com/
21:38:25.259 [FXGL Background Thread 3 ] DEBUG Engine               - urlPOM: https://raw.githubusercontent.com/AlmasB/FXGL/master/README.md
21:38:25.259 [FXGL Background Thread 3 ] DEBUG Engine               - version: 0.0
21:38:25.259 [FXGL Background Thread 3 ] DEBUG Engine               - versionCheckDays: 7
21:38:25.260 [FXGL Background Thread 3 ] DEBUG Engine               - width: 1400
21:38:25.260 [FXGL Background Thread 3 ] DEBUG Engine               - Logging services
21:38:25.260 [FXGL Background Thread 3 ] DEBUG Engine               - class com.almasb.fxgl.app.FXGLApplication$GameApplicationService
21:38:25.260 [FXGL Background Thread 3 ] DEBUG Engine               - class com.almasb.fxgl.app.services.FXGLDialogService
21:38:25.260 [FXGL Background Thread 3 ] DEBUG Engine               - class com.almasb.fxgl.app.services.IOTaskExecutorService
21:38:25.261 [FXGL Background Thread 3 ] DEBUG Engine               - class com.almasb.fxgl.event.EventBusService
21:38:25.261 [FXGL Background Thread 3 ] DEBUG Engine               - class com.almasb.fxgl.io.FileSystemService
21:38:25.261 [FXGL Background Thread 3 ] DEBUG Engine               - class com.almasb.fxgl.localization.LocalizationService
21:38:25.261 [FXGL Background Thread 3 ] DEBUG Engine               - class com.almasb.fxgl.app.services.FXGLAssetLoaderService
21:38:25.261 [FXGL Background Thread 3 ] DEBUG Engine               - class com.almasb.fxgl.app.services.SystemBundleService
21:38:25.262 [FXGL Background Thread 3 ] DEBUG Engine               - class com.almasb.fxgl.profile.SaveLoadService
21:38:25.262 [FXGL Background Thread 3 ] DEBUG Engine               - class com.almasb.fxgl.ui.FXGLUIFactoryServiceProvider
21:38:25.262 [FXGL Background Thread 3 ] DEBUG Engine               - class com.almasb.fxgl.ui.FXGLDialogFactoryServiceProvider
21:38:25.262 [FXGL Background Thread 3 ] DEBUG Engine               - class com.almasb.fxgl.audio.AudioPlayer
21:38:25.263 [FXGL Background Thread 3 ] DEBUG Engine               - class com.almasb.fxgl.notification.impl.NotificationServiceProvider
21:38:25.263 [FXGL Background Thread 3 ] DEBUG Engine               - class com.almasb.fxgl.achievement.AchievementService
21:38:25.263 [FXGL Background Thread 3 ] DEBUG Engine               - class com.almasb.fxgl.cutscene.CutsceneService
21:38:25.263 [FXGL Background Thread 3 ] DEBUG Engine               - class com.almasb.fxgl.minigames.MiniGameService
21:38:25.264 [FXGL Background Thread 3 ] DEBUG Engine               - class com.almasb.fxgl.net.NetService
21:38:25.264 [FXGL Background Thread 3 ] DEBUG Engine               - class com.almasb.fxgl.app.services.UpdaterService
21:38:25.264 [FXGL Background Thread 3 ] DEBUG Engine               - class com.almasb.fxgl.dev.DevService
21:38:39.709 [JavaFX Application Thread] DEBUG FXGLApplication      - Exiting FXGL
21:38:39.709 [JavaFX Application Thread] DEBUG LoopRunner           - Stopping loop
21:38:39.709 [JavaFX Application Thread] DEBUG SystemBundleService  - Saving FXGL system data
21:38:39.712 [JavaFX Application Thread] DEBUG FileSystemAccess     - Writing to: C:\Users\ahmma\Desktop\make-a-square\system\fxgl.bundle
21:38:39.714 [JavaFX Application Thread] DEBUG Async                - Shutting down background threads
21:38:39.714 [JavaFX Application Thread] DEBUG MainWindow           - Closing main window
21:38:39.729 [JavaFX Application Thread] DEBUG Logger               - Closing Logger
