11:21:39.747 [main                     ] DEBUG Logger               - Configured Logger
11:21:39.750 [main                     ] DEBUG GameApplication      - Logging settings
Title: project5 make a square
Version: 0.0
Width: 1400
Height: 750
Fullscreen: false
Intro: false
Profiling: false
Single step:false
App Mode: DEVELOPER
Menu Key: ESCAPE
Stage Style: DECORATED
Scene Factory: class com.almasb.fxgl.app.scene.SceneFactory

11:21:40.276 [JavaFX Application Thread] DEBUG FXGLApplication      - Initializing FXGL
11:21:40.278 [JavaFX Application Thread] INFO  Engine               - FXGL-11.12 (11.12.2020 08.51) on WINDOWS (J:21.0.2 FX:15)
11:21:40.279 [JavaFX Application Thread] DEBUG Engine               - JRE Vendor Name: Oracle Corporation
11:21:40.279 [JavaFX Application Thread] DEBUG Engine               - Running on OS: Windows 10 version 10.0
11:21:40.279 [JavaFX Application Thread] DEBUG Engine               - Architecture: amd64
11:21:40.279 [JavaFX Application Thread] INFO  Engine               - Source code and latest versions at: https://github.com/AlmasB/FXGL
11:21:40.279 [JavaFX Application Thread] INFO  Engine               -              Join the FXGL chat at: https://gitter.im/AlmasB/FXGL
11:21:40.423 [JavaFX Application Thread] DEBUG MainWindow           - Creating a JavaFX scene
11:21:40.495 [JavaFX Application Thread] DEBUG MainWindow           - Target settings size: 1400.0 x 750.0
11:21:40.495 [JavaFX Application Thread] DEBUG MainWindow           - Scaled scene size:    1400.0 x 750.0
11:21:40.495 [JavaFX Application Thread] DEBUG MainWindow           - Scaled ratio: (1.0, 1.0)
11:21:40.496 [JavaFX Application Thread] DEBUG MainWindow           - Set initial scene to StartupScene
11:21:40.504 [JavaFX Application Thread] DEBUG MainWindow           - Opening main window
11:21:40.616 [JavaFX Application Thread] DEBUG MainWindow           - Window border size: (14.4000244140625, 38.0)
11:21:40.617 [JavaFX Application Thread] DEBUG MainWindow           - Scaled size: 1400.0 x 750.0
11:21:40.617 [JavaFX Application Thread] DEBUG MainWindow           - Scaled ratio: (1.0, 1.0)
11:21:40.617 [JavaFX Application Thread] DEBUG MainWindow           - Scene size: 1400.0 x 750.0
11:21:40.617 [JavaFX Application Thread] DEBUG MainWindow           - Stage size: 1414.4000244140625 x 788.0
11:21:40.627 [FXGL Background Thread 1 ] DEBUG Engine               - Initializing environment variables
11:21:40.700 [FXGL Background Thread 1 ] DEBUG GameApplicationServi - Applying CSS: fxgl_dark.css
11:21:40.701 [FXGL Background Thread 1 ] DEBUG FXGLAssetLoaderServi - Loading from file system: /assets/ui/css/fxgl_dark.css
11:21:40.773 [FXGL Background Thread 1 ] DEBUG GameApplicationServi - Initializing application scenes
11:21:40.819 [FXGL Background Thread 1 ] DEBUG GameWorld            - Game world initialized
11:21:40.931 [FXGL Background Thread 1 ] DEBUG PhysicsWorld         - Physics world initialized: appHeight=750, physics.ppm=50.0
11:21:40.935 [FXGL Background Thread 1 ] DEBUG GameScene            - Game scene initialized: 1400x750
11:21:40.976 [FXGL Background Thread 1 ] DEBUG FXGLAssetLoaderServi - Loading from file system: /assets/textures/particles/trace_horizontal.png
11:21:41.033 [FXGL Background Thread 1 ] DEBUG FXGL.DefaultMenu     - createMenuBodyGameMenu()
11:21:41.059 [FXGL Background Thread 1 ] DEBUG FXGL.DefaultMenu     - createOptionsMenu()
11:21:41.065 [FXGL Background Thread 1 ] DEBUG FXGLAssetLoaderServi - Loading from file system: /assets/textures/particles/smoke.png
11:21:41.152 [FXGL Background Thread 1 ] DEBUG GameApplicationServi - Application scenes initialized
11:21:41.170 [FXGL Background Thread 1 ] DEBUG SystemBundleService  - Loading FXGL system data
11:21:41.178 [FXGL Background Thread 1 ] DEBUG FileSystemAccess     - Reading from: E:\java\Project5\system\fxgl.bundle
11:21:41.196 [FXGL Background Thread 1 ] DEBUG SystemBundleService  - Bundle FXGL: {}
11:21:41.196 [FXGL Background Thread 1 ] DEBUG UpdaterService       - Checking for updates
11:21:41.202 [FXGL Background Thread 4 ] DEBUG FXGLApplication      - Loading fonts
11:21:41.202 [FXGL Background Thread 4 ] DEBUG FXGLAssetLoaderServi - Loading from file system: /assets/ui/fonts/VarelaRound-Regular.ttf
11:21:41.203 [FXGL Background Thread 1 ] DEBUG FXGLApplication      - Loading default localization
11:21:41.203 [FXGL Background Thread 1 ] DEBUG FXGLAssetLoaderServi - Loading from file system: /assets/languages/english.lang
11:21:41.250 [FXGL Background Thread 1 ] INFO  FXGLApplication      - FXGL initialization took: 0.623 sec
11:21:41.251 [JavaFX Application Thread] DEBUG FXGLAssetLoaderServi - Loading from file system: /assets/textures/fxgl_icon.png
11:21:41.257 [FXGL Background Thread 4 ] DEBUG FXGLAssetLoaderServi - Loading from file system: /assets/ui/fonts/Abel-Regular.ttf
11:21:41.262 [FXGL Background Thread 4 ] DEBUG FXGLAssetLoaderServi - Loading from file system: /assets/ui/fonts/lucida_console.ttf
11:21:41.269 [FXGL Background Thread 4 ] DEBUG FXGLAssetLoaderServi - Loading from file system: /assets/ui/fonts/Courier-Prime.ttf
11:21:41.291 [JavaFX Application Thread] DEBUG FXGLAssetLoaderServi - Loading from file system: /assets/ui/cursors/fxgl_default.png
11:21:41.311 [JavaFX Application Thread] DEBUG Input                - Registered new binding: Screenshot - P
11:21:41.312 [JavaFX Application Thread] DEBUG Input                - Registered new binding: System info dump - CTRL+9
11:21:41.313 [JavaFX Application Thread] DEBUG Input                - Registered new binding: Restart - CTRL+R
11:21:41.315 [JavaFX Application Thread] DEBUG Input                - Registered new binding: Toggle Debug Camera - CTRL+C
11:21:41.319 [JavaFX Application Thread] DEBUG LoopRunner           - Starting loop
11:21:41.320 [JavaFX Application Thread] DEBUG GameApplicationServi - Starting new game
11:21:41.321 [JavaFX Application Thread] DEBUG Input                - Clearing active input actions
11:21:41.336 [JavaFX Application Thread] DEBUG GameApplicationServi - Removing overlay from StartupScene and adding to FXGLLoadingScene
11:21:41.337 [JavaFX Application Thread] DEBUG MainWindow           - StartupScene -> FXGLLoadingScene
11:21:41.337 [JavaFX Application Thread] DEBUG GameApplicationServi - Clearing previous game
11:21:41.337 [JavaFX Application Thread] DEBUG GameScene            - Clearing game scene
11:21:41.337 [JavaFX Application Thread] DEBUG GameWorld            - Clearing game world
11:21:41.337 [JavaFX Application Thread] DEBUG PhysicsWorld         - Clearing physics world
11:21:41.339 [FXGL Background Thread 4 ] DEBUG FXGLApplication      - Initializing game
11:21:41.384 [FXGL Background Thread 4 ] INFO  FXGLApplication      - Game initialization took: 0.046 sec
11:21:41.400 [JavaFX Application Thread] DEBUG Input                - Clearing active input actions
11:21:41.410 [JavaFX Application Thread] DEBUG GameApplicationServi - Removing overlay from FXGLLoadingScene and adding to GameScene
11:21:41.411 [JavaFX Application Thread] DEBUG MainWindow           - FXGLLoadingScene -> GameScene
11:21:41.974 [FXGL Background Thread 2 ] INFO  UpdaterService       - Your current version:  11.12
11:21:41.974 [FXGL Background Thread 2 ] INFO  UpdaterService       - Latest stable version: 21.1
11:21:44.202 [FXGL Background Thread 3 ] DEBUG Engine               - Logging environment variables
11:21:44.202 [FXGL Background Thread 3 ] DEBUG Engine               - achievements: []
11:21:44.203 [FXGL Background Thread 3 ] DEBUG Engine               - actualHeight: 750.0
11:21:44.203 [FXGL Background Thread 3 ] DEBUG Engine               - actualHeightProperty: ReadOnlyDoubleProperty [value: 750.0]
11:21:44.203 [FXGL Background Thread 3 ] DEBUG Engine               - actualWidth: 1400.0
11:21:44.203 [FXGL Background Thread 3 ] DEBUG Engine               - actualWidthProperty: ReadOnlyDoubleProperty [value: 1400.0]
11:21:44.203 [FXGL Background Thread 3 ] DEBUG Engine               - appIcon: fxgl_icon.png
11:21:44.203 [FXGL Background Thread 3 ] DEBUG Engine               - applicationMode: DEVELOPER
11:21:44.203 [FXGL Background Thread 3 ] DEBUG Engine               - cSSList: [fxgl_dark.css]
11:21:44.203 [FXGL Background Thread 3 ] DEBUG Engine               - configClass: Optional.empty
11:21:44.203 [FXGL Background Thread 3 ] DEBUG Engine               - credits: []
11:21:44.203 [FXGL Background Thread 3 ] DEBUG Engine               - devBBoxColorProperty: ObjectProperty [value: 0xff0000ff]
11:21:44.203 [FXGL Background Thread 3 ] DEBUG Engine               - devEnableDebugCameraProperty: BooleanProperty [value: false]
11:21:44.204 [FXGL Background Thread 3 ] DEBUG Engine               - devSensorColorProperty: ObjectProperty [value: 0xffff00ff]
11:21:44.204 [FXGL Background Thread 3 ] DEBUG Engine               - devShowBBoxProperty: BooleanProperty [value: false]
11:21:44.204 [FXGL Background Thread 3 ] DEBUG Engine               - devShowPositionProperty: BooleanProperty [value: false]
11:21:44.204 [FXGL Background Thread 3 ] DEBUG Engine               - enabledMenuItems: []
11:21:44.204 [FXGL Background Thread 3 ] DEBUG Engine               - engineServices: [class com.almasb.fxgl.app.FXGLApplication$GameApplicationService, class com.almasb.fxgl.app.services.FXGLDialogService, class com.almasb.fxgl.app.services.IOTaskExecutorService, class com.almasb.fxgl.event.EventBusService, class com.almasb.fxgl.io.FileSystemService, class com.almasb.fxgl.localization.LocalizationService, class com.almasb.fxgl.app.services.FXGLAssetLoaderService, class com.almasb.fxgl.app.services.SystemBundleService, class com.almasb.fxgl.profile.SaveLoadService, class com.almasb.fxgl.ui.FXGLUIFactoryServiceProvider, class com.almasb.fxgl.ui.FXGLDialogFactoryServiceProvider, class com.almasb.fxgl.audio.AudioPlayer, class com.almasb.fxgl.notification.impl.NotificationServiceProvider, class com.almasb.fxgl.achievement.AchievementService, class com.almasb.fxgl.cutscene.CutsceneService, class com.almasb.fxgl.minigames.MiniGameService, class com.almasb.fxgl.net.NetService, class com.almasb.fxgl.app.services.UpdaterService, class com.almasb.fxgl.dev.DevService]
11:21:44.204 [FXGL Background Thread 3 ] DEBUG Engine               - fontGame: Abel-Regular.ttf
11:21:44.204 [FXGL Background Thread 3 ] DEBUG Engine               - fontMono: lucida_console.ttf
11:21:44.204 [FXGL Background Thread 3 ] DEBUG Engine               - fontText: Courier-Prime.ttf
11:21:44.204 [FXGL Background Thread 3 ] DEBUG Engine               - fontUI: VarelaRound-Regular.ttf
11:21:44.204 [FXGL Background Thread 3 ] DEBUG Engine               - fullScreen: BooleanProperty [value: false]
11:21:44.204 [FXGL Background Thread 3 ] DEBUG Engine               - gameDifficulty: MEDIUM
11:21:44.204 [FXGL Background Thread 3 ] DEBUG Engine               - gameDifficultyProperty: ObjectProperty [value: MEDIUM]
11:21:44.204 [FXGL Background Thread 3 ] DEBUG Engine               - globalMusicVolume: 0.5
11:21:44.204 [FXGL Background Thread 3 ] DEBUG Engine               - globalMusicVolumeProperty: DoubleProperty [value: 0.5]
11:21:44.205 [FXGL Background Thread 3 ] DEBUG Engine               - globalSoundVolume: 0.5
11:21:44.205 [FXGL Background Thread 3 ] DEBUG Engine               - globalSoundVolumeProperty: DoubleProperty [value: 0.5]
11:21:44.205 [FXGL Background Thread 3 ] DEBUG Engine               - height: 750
11:21:44.205 [FXGL Background Thread 3 ] DEBUG Engine               - isAndroid: false
11:21:44.205 [FXGL Background Thread 3 ] DEBUG Engine               - isBrowser: false
11:21:44.205 [FXGL Background Thread 3 ] DEBUG Engine               - isClickFeedbackEnabled: false
11:21:44.205 [FXGL Background Thread 3 ] DEBUG Engine               - isCloseConfirmation: false
11:21:44.205 [FXGL Background Thread 3 ] DEBUG Engine               - isDesktop: true
11:21:44.205 [FXGL Background Thread 3 ] DEBUG Engine               - isDeveloperMenuEnabled: false
11:21:44.205 [FXGL Background Thread 3 ] DEBUG Engine               - isEntityPreloadEnabled: true
11:21:44.206 [FXGL Background Thread 3 ] DEBUG Engine               - isExperimental3D: false
11:21:44.206 [FXGL Background Thread 3 ] DEBUG Engine               - isExperimentalNative: false
11:21:44.206 [FXGL Background Thread 3 ] DEBUG Engine               - isExperimentalTiledLargeMap: false
11:21:44.206 [FXGL Background Thread 3 ] DEBUG Engine               - isFileSystemWriteAllowed: true
11:21:44.206 [FXGL Background Thread 3 ] DEBUG Engine               - isFullScreenAllowed: false
11:21:44.206 [FXGL Background Thread 3 ] DEBUG Engine               - isFullScreenFromStart: false
11:21:44.206 [FXGL Background Thread 3 ] DEBUG Engine               - isGameMenuEnabled: true
11:21:44.206 [FXGL Background Thread 3 ] DEBUG Engine               - isIOS: false
11:21:44.206 [FXGL Background Thread 3 ] DEBUG Engine               - isIntroEnabled: false
11:21:44.206 [FXGL Background Thread 3 ] DEBUG Engine               - isLinux: false
11:21:44.206 [FXGL Background Thread 3 ] DEBUG Engine               - isMac: false
11:21:44.206 [FXGL Background Thread 3 ] DEBUG Engine               - isMainMenuEnabled: false
11:21:44.206 [FXGL Background Thread 3 ] DEBUG Engine               - isManualResizeEnabled: false
11:21:44.206 [FXGL Background Thread 3 ] DEBUG Engine               - isMobile: false
11:21:44.206 [FXGL Background Thread 3 ] DEBUG Engine               - isPreserveResizeRatio: false
11:21:44.206 [FXGL Background Thread 3 ] DEBUG Engine               - isProfilingEnabled: false
11:21:44.206 [FXGL Background Thread 3 ] DEBUG Engine               - isScaleAffectedOnResize: true
11:21:44.207 [FXGL Background Thread 3 ] DEBUG Engine               - isSingleStep: false
11:21:44.207 [FXGL Background Thread 3 ] DEBUG Engine               - isUserProfileEnabled: false
11:21:44.207 [FXGL Background Thread 3 ] DEBUG Engine               - isWindows: true
11:21:44.207 [FXGL Background Thread 3 ] DEBUG Engine               - language: ObjectProperty [value: ENGLISH]
11:21:44.207 [FXGL Background Thread 3 ] DEBUG Engine               - menuKey: ESCAPE
11:21:44.207 [FXGL Background Thread 3 ] DEBUG Engine               - notificationViewClass: class com.almasb.fxgl.notification.view.XboxNotificationView
11:21:44.207 [FXGL Background Thread 3 ] DEBUG Engine               - pixelsPerMeter: 50.0
11:21:44.207 [FXGL Background Thread 3 ] DEBUG Engine               - platform: WINDOWS
11:21:44.207 [FXGL Background Thread 3 ] DEBUG Engine               - prefHeightProperty: ReadOnlyDoubleProperty [value: 750.0]
11:21:44.207 [FXGL Background Thread 3 ] DEBUG Engine               - prefWidthProperty: ReadOnlyDoubleProperty [value: 1400.0]
11:21:44.208 [FXGL Background Thread 3 ] DEBUG Engine               - profileDir: profiles/
11:21:44.208 [FXGL Background Thread 3 ] DEBUG Engine               - profileName: StringProperty [value: DEFAULT]
11:21:44.208 [FXGL Background Thread 3 ] DEBUG Engine               - randomSeed: -1
11:21:44.208 [FXGL Background Thread 3 ] DEBUG Engine               - runtimeInfo: RuntimeInfo(platform=WINDOWS, version=11.12, build=11.12.2020 08.51)
11:21:44.208 [FXGL Background Thread 3 ] DEBUG Engine               - saveFileExt: sav
11:21:44.208 [FXGL Background Thread 3 ] DEBUG Engine               - scaledHeightProp$fxgl: DoubleProperty [bound, value: 750.0]
11:21:44.208 [FXGL Background Thread 3 ] DEBUG Engine               - scaledWidthProp$fxgl: DoubleProperty [bound, value: 1400.0]
11:21:44.208 [FXGL Background Thread 3 ] DEBUG Engine               - sceneFactory: com.almasb.fxgl.app.scene.SceneFactory@42970115
11:21:44.208 [FXGL Background Thread 3 ] DEBUG Engine               - secondsIn24h: 60
11:21:44.208 [FXGL Background Thread 3 ] DEBUG Engine               - soundMenuBack: menu/back.wav
11:21:44.208 [FXGL Background Thread 3 ] DEBUG Engine               - soundMenuPress: menu/press.wav
11:21:44.208 [FXGL Background Thread 3 ] DEBUG Engine               - soundMenuSelect: menu/select.wav
11:21:44.208 [FXGL Background Thread 3 ] DEBUG Engine               - soundNotification: core/notification.wav
11:21:44.208 [FXGL Background Thread 3 ] DEBUG Engine               - stageStyle: DECORATED
11:21:44.208 [FXGL Background Thread 3 ] DEBUG Engine               - supportedLanguages: [ENGLISH, FRENCH, GERMAN, HUNGARIAN, RUSSIAN]
11:21:44.209 [FXGL Background Thread 3 ] DEBUG Engine               - title: project5 make a square
11:21:44.209 [FXGL Background Thread 3 ] DEBUG Engine               - urlGithub: https://github.com/AlmasB/FXGL
11:21:44.209 [FXGL Background Thread 3 ] DEBUG Engine               - urlLeaderboard: http://fxgl-top.herokuapp.com/
11:21:44.209 [FXGL Background Thread 3 ] DEBUG Engine               - urlPOM: https://raw.githubusercontent.com/AlmasB/FXGL/master/README.md
11:21:44.209 [FXGL Background Thread 3 ] DEBUG Engine               - version: 0.0
11:21:44.209 [FXGL Background Thread 3 ] DEBUG Engine               - versionCheckDays: 7
11:21:44.209 [FXGL Background Thread 3 ] DEBUG Engine               - width: 1400
11:21:44.209 [FXGL Background Thread 3 ] DEBUG Engine               - Logging services
11:21:44.209 [FXGL Background Thread 3 ] DEBUG Engine               - class com.almasb.fxgl.app.FXGLApplication$GameApplicationService
11:21:44.209 [FXGL Background Thread 3 ] DEBUG Engine               - class com.almasb.fxgl.app.services.FXGLDialogService
11:21:44.209 [FXGL Background Thread 3 ] DEBUG Engine               - class com.almasb.fxgl.app.services.IOTaskExecutorService
11:21:44.209 [FXGL Background Thread 3 ] DEBUG Engine               - class com.almasb.fxgl.event.EventBusService
11:21:44.209 [FXGL Background Thread 3 ] DEBUG Engine               - class com.almasb.fxgl.io.FileSystemService
11:21:44.209 [FXGL Background Thread 3 ] DEBUG Engine               - class com.almasb.fxgl.localization.LocalizationService
11:21:44.209 [FXGL Background Thread 3 ] DEBUG Engine               - class com.almasb.fxgl.app.services.FXGLAssetLoaderService
11:21:44.209 [FXGL Background Thread 3 ] DEBUG Engine               - class com.almasb.fxgl.app.services.SystemBundleService
11:21:44.209 [FXGL Background Thread 3 ] DEBUG Engine               - class com.almasb.fxgl.profile.SaveLoadService
11:21:44.209 [FXGL Background Thread 3 ] DEBUG Engine               - class com.almasb.fxgl.ui.FXGLUIFactoryServiceProvider
11:21:44.209 [FXGL Background Thread 3 ] DEBUG Engine               - class com.almasb.fxgl.ui.FXGLDialogFactoryServiceProvider
11:21:44.209 [FXGL Background Thread 3 ] DEBUG Engine               - class com.almasb.fxgl.audio.AudioPlayer
11:21:44.209 [FXGL Background Thread 3 ] DEBUG Engine               - class com.almasb.fxgl.notification.impl.NotificationServiceProvider
11:21:44.210 [FXGL Background Thread 3 ] DEBUG Engine               - class com.almasb.fxgl.achievement.AchievementService
11:21:44.210 [FXGL Background Thread 3 ] DEBUG Engine               - class com.almasb.fxgl.cutscene.CutsceneService
11:21:44.210 [FXGL Background Thread 3 ] DEBUG Engine               - class com.almasb.fxgl.minigames.MiniGameService
11:21:44.210 [FXGL Background Thread 3 ] DEBUG Engine               - class com.almasb.fxgl.net.NetService
11:21:44.210 [FXGL Background Thread 3 ] DEBUG Engine               - class com.almasb.fxgl.app.services.UpdaterService
11:21:44.210 [FXGL Background Thread 3 ] DEBUG Engine               - class com.almasb.fxgl.dev.DevService
11:21:47.593 [JavaFX Application Thread] DEBUG FXGLApplication      - Exiting FXGL
11:21:47.593 [JavaFX Application Thread] DEBUG LoopRunner           - Stopping loop
11:21:47.593 [JavaFX Application Thread] DEBUG SystemBundleService  - Saving FXGL system data
11:21:47.595 [JavaFX Application Thread] DEBUG FileSystemAccess     - Writing to: E:\java\Project5\system\fxgl.bundle
11:21:47.598 [JavaFX Application Thread] DEBUG Async                - Shutting down background threads
11:21:47.598 [JavaFX Application Thread] DEBUG MainWindow           - Closing main window
11:21:47.617 [JavaFX Application Thread] DEBUG Logger               - Closing Logger
