17:23:32.828 [main                     ] DEBUG Logger               - Configured Logger
17:23:32.844 [main                     ] DEBUG GameApplication      - Logging settings
Title: project5 make a square
Version: 0.0
Width: 1400
Height: 750
Fullscreen: false
Intro: false
Profiling: false
Single step:false
App Mode: DEVELOPER
Menu Key: ESCAPE
Stage Style: DECORATED
Scene Factory: class com.almasb.fxgl.app.scene.SceneFactory

17:23:33.264 [JavaFX Application Thread] DEBUG FXGLApplication      - Initializing FXGL
17:23:33.266 [JavaFX Application Thread] INFO  Engine               - FXGL-11.12 (11.12.2020 08.51) on WINDOWS (J:21.0.5 FX:15)
17:23:33.267 [JavaFX Application Thread] DEBUG Engine               - JRE Vendor Name: Oracle Corporation
17:23:33.267 [JavaFX Application Thread] DEBUG Engine               - Running on OS: Windows 10 version 10.0
17:23:33.267 [JavaFX Application Thread] DEBUG Engine               - Architecture: amd64
17:23:33.267 [JavaFX Application Thread] INFO  Engine               - Source code and latest versions at: https://github.com/AlmasB/FXGL
17:23:33.267 [JavaFX Application Thread] INFO  Engine               -              Join the FXGL chat at: https://gitter.im/AlmasB/FXGL
17:23:33.392 [JavaFX Application Thread] DEBUG MainWindow           - Creating a JavaFX scene
17:23:33.458 [JavaFX Application Thread] DEBUG MainWindow           - Target settings size: 1400.0 x 750.0
17:23:33.458 [JavaFX Application Thread] DEBUG MainWindow           - Scaled scene size:    1400.0 x 750.0
17:23:33.458 [JavaFX Application Thread] DEBUG MainWindow           - Scaled ratio: (1.0, 1.0)
17:23:33.459 [JavaFX Application Thread] DEBUG MainWindow           - Set initial scene to StartupScene
17:23:33.466 [JavaFX Application Thread] DEBUG MainWindow           - Opening main window
17:23:33.570 [JavaFX Application Thread] DEBUG MainWindow           - Window border size: (16.0, 39.0)
17:23:33.571 [JavaFX Application Thread] DEBUG MainWindow           - Scaled size: 1400.0 x 750.0
17:23:33.571 [JavaFX Application Thread] DEBUG MainWindow           - Scaled ratio: (1.0, 1.0)
17:23:33.571 [JavaFX Application Thread] DEBUG MainWindow           - Scene size: 1400.0 x 750.0
17:23:33.571 [JavaFX Application Thread] DEBUG MainWindow           - Stage size: 1416.0 x 789.0
17:23:33.582 [FXGL Background Thread 1 ] DEBUG Engine               - Initializing environment variables
17:23:33.649 [FXGL Background Thread 1 ] DEBUG GameApplicationServi - Applying CSS: fxgl_dark.css
17:23:33.649 [FXGL Background Thread 1 ] DEBUG FXGLAssetLoaderServi - Loading from file system: /assets/ui/css/fxgl_dark.css
17:23:33.698 [FXGL Background Thread 1 ] DEBUG GameApplicationServi - Initializing application scenes
17:23:33.741 [FXGL Background Thread 1 ] DEBUG GameWorld            - Game world initialized
17:23:33.835 [FXGL Background Thread 1 ] DEBUG PhysicsWorld         - Physics world initialized: appHeight=750, physics.ppm=50.0
17:23:33.837 [FXGL Background Thread 1 ] DEBUG GameScene            - Game scene initialized: 1400x750
17:23:33.837 [FXGL Background Thread 1 ] DEBUG GameApplicationServi - Application scenes initialized
17:23:33.860 [FXGL Background Thread 1 ] DEBUG SystemBundleService  - Loading FXGL system data
17:23:33.868 [FXGL Background Thread 1 ] DEBUG FileSystemAccess     - Reading from: D:\study\FCAI-H\FCAI-H projects\make-a-square\system\fxgl.bundle
17:23:33.881 [FXGL Background Thread 1 ] DEBUG SystemBundleService  - Bundle FXGL: {}
17:23:33.881 [FXGL Background Thread 1 ] DEBUG UpdaterService       - Checking for updates
17:23:33.887 [FXGL Background Thread 4 ] DEBUG FXGLApplication      - Loading fonts
17:23:33.887 [FXGL Background Thread 4 ] DEBUG FXGLAssetLoaderServi - Loading from file system: /assets/ui/fonts/VarelaRound-Regular.ttf
17:23:33.887 [FXGL Background Thread 1 ] DEBUG FXGLApplication      - Loading default localization
17:23:33.888 [FXGL Background Thread 1 ] DEBUG FXGLAssetLoaderServi - Loading from file system: /assets/languages/english.lang
17:23:33.905 [FXGL Background Thread 1 ] INFO  FXGLApplication      - FXGL initialization took: 0.323 sec
17:23:33.906 [JavaFX Application Thread] DEBUG FXGLAssetLoaderServi - Loading from file system: /assets/textures/fxgl_icon.png
17:23:33.946 [FXGL Background Thread 4 ] DEBUG FXGLAssetLoaderServi - Loading from file system: /assets/ui/fonts/Abel-Regular.ttf
17:23:33.950 [FXGL Background Thread 4 ] DEBUG FXGLAssetLoaderServi - Loading from file system: /assets/ui/fonts/lucida_console.ttf
17:23:33.955 [FXGL Background Thread 4 ] DEBUG FXGLAssetLoaderServi - Loading from file system: /assets/ui/fonts/Courier-Prime.ttf
17:23:33.981 [JavaFX Application Thread] DEBUG FXGLAssetLoaderServi - Loading from file system: /assets/ui/cursors/fxgl_default.png
17:23:33.994 [JavaFX Application Thread] DEBUG Input                - Registered new binding: Screenshot - P
17:23:33.994 [JavaFX Application Thread] DEBUG Input                - Registered new binding: System info dump - CTRL+9
17:23:33.995 [JavaFX Application Thread] DEBUG Input                - Registered new binding: Restart - CTRL+R
17:23:33.995 [JavaFX Application Thread] DEBUG Input                - Registered new binding: Toggle Debug Camera - CTRL+C
17:23:33.997 [JavaFX Application Thread] DEBUG LoopRunner           - Starting loop
17:23:33.998 [JavaFX Application Thread] DEBUG GameApplicationServi - Starting new game
17:23:33.999 [JavaFX Application Thread] DEBUG Input                - Clearing active input actions
17:23:34.013 [JavaFX Application Thread] DEBUG GameApplicationServi - Removing overlay from StartupScene and adding to FXGLLoadingScene
17:23:34.014 [JavaFX Application Thread] DEBUG MainWindow           - StartupScene -> FXGLLoadingScene
17:23:34.014 [JavaFX Application Thread] DEBUG GameApplicationServi - Clearing previous game
17:23:34.014 [JavaFX Application Thread] DEBUG GameScene            - Clearing game scene
17:23:34.014 [JavaFX Application Thread] DEBUG GameWorld            - Clearing game world
17:23:34.014 [JavaFX Application Thread] DEBUG PhysicsWorld         - Clearing physics world
17:23:34.017 [JavaFX Application Thread] DEBUG FXGLApplication      - Registering font factories with UI factory
17:23:34.039 [FXGL Background Thread 4 ] INFO  FXGLApplication      - Game initialization took: 0.022 sec
17:23:34.086 [JavaFX Application Thread] DEBUG Input                - Clearing active input actions
17:23:34.095 [JavaFX Application Thread] DEBUG GameApplicationServi - Removing overlay from FXGLLoadingScene and adding to GameScene
17:23:34.097 [JavaFX Application Thread] DEBUG MainWindow           - FXGLLoadingScene -> GameScene
17:23:34.520 [FXGL Background Thread 2 ] INFO  UpdaterService       - Your current version:  11.12
17:23:34.520 [FXGL Background Thread 2 ] INFO  UpdaterService       - Latest stable version: 21.1
17:23:36.886 [FXGL Background Thread 3 ] DEBUG Engine               - Logging environment variables
17:23:36.887 [FXGL Background Thread 3 ] DEBUG Engine               - achievements: []
17:23:36.887 [FXGL Background Thread 3 ] DEBUG Engine               - actualHeight: 750.0
17:23:36.887 [FXGL Background Thread 3 ] DEBUG Engine               - actualHeightProperty: ReadOnlyDoubleProperty [value: 750.0]
17:23:36.887 [FXGL Background Thread 3 ] DEBUG Engine               - actualWidth: 1400.0
17:23:36.887 [FXGL Background Thread 3 ] DEBUG Engine               - actualWidthProperty: ReadOnlyDoubleProperty [value: 1400.0]
17:23:36.888 [FXGL Background Thread 3 ] DEBUG Engine               - appIcon: fxgl_icon.png
17:23:36.888 [FXGL Background Thread 3 ] DEBUG Engine               - applicationMode: DEVELOPER
17:23:36.888 [FXGL Background Thread 3 ] DEBUG Engine               - cSSList: [fxgl_dark.css]
17:23:36.888 [FXGL Background Thread 3 ] DEBUG Engine               - configClass: Optional.empty
17:23:36.888 [FXGL Background Thread 3 ] DEBUG Engine               - credits: []
17:23:36.888 [FXGL Background Thread 3 ] DEBUG Engine               - devBBoxColorProperty: ObjectProperty [value: 0xff0000ff]
17:23:36.888 [FXGL Background Thread 3 ] DEBUG Engine               - devEnableDebugCameraProperty: BooleanProperty [value: false]
17:23:36.889 [FXGL Background Thread 3 ] DEBUG Engine               - devSensorColorProperty: ObjectProperty [value: 0xffff00ff]
17:23:36.889 [FXGL Background Thread 3 ] DEBUG Engine               - devShowBBoxProperty: BooleanProperty [value: false]
17:23:36.889 [FXGL Background Thread 3 ] DEBUG Engine               - devShowPositionProperty: BooleanProperty [value: false]
17:23:36.889 [FXGL Background Thread 3 ] DEBUG Engine               - enabledMenuItems: []
17:23:36.889 [FXGL Background Thread 3 ] DEBUG Engine               - engineServices: [class com.almasb.fxgl.app.FXGLApplication$GameApplicationService, class com.almasb.fxgl.app.services.FXGLDialogService, class com.almasb.fxgl.app.services.IOTaskExecutorService, class com.almasb.fxgl.event.EventBusService, class com.almasb.fxgl.io.FileSystemService, class com.almasb.fxgl.localization.LocalizationService, class com.almasb.fxgl.app.services.FXGLAssetLoaderService, class com.almasb.fxgl.app.services.SystemBundleService, class com.almasb.fxgl.profile.SaveLoadService, class com.almasb.fxgl.ui.FXGLUIFactoryServiceProvider, class com.almasb.fxgl.ui.FXGLDialogFactoryServiceProvider, class com.almasb.fxgl.audio.AudioPlayer, class com.almasb.fxgl.notification.impl.NotificationServiceProvider, class com.almasb.fxgl.achievement.AchievementService, class com.almasb.fxgl.cutscene.CutsceneService, class com.almasb.fxgl.minigames.MiniGameService, class com.almasb.fxgl.net.NetService, class com.almasb.fxgl.app.services.UpdaterService, class com.almasb.fxgl.dev.DevService]
17:23:36.889 [FXGL Background Thread 3 ] DEBUG Engine               - fontGame: Abel-Regular.ttf
17:23:36.889 [FXGL Background Thread 3 ] DEBUG Engine               - fontMono: lucida_console.ttf
17:23:36.890 [FXGL Background Thread 3 ] DEBUG Engine               - fontText: Courier-Prime.ttf
17:23:36.890 [FXGL Background Thread 3 ] DEBUG Engine               - fontUI: VarelaRound-Regular.ttf
17:23:36.890 [FXGL Background Thread 3 ] DEBUG Engine               - fullScreen: BooleanProperty [value: false]
17:23:36.890 [FXGL Background Thread 3 ] DEBUG Engine               - gameDifficulty: MEDIUM
17:23:36.890 [FXGL Background Thread 3 ] DEBUG Engine               - gameDifficultyProperty: ObjectProperty [value: MEDIUM]
17:23:36.890 [FXGL Background Thread 3 ] DEBUG Engine               - globalMusicVolume: 0.5
17:23:36.890 [FXGL Background Thread 3 ] DEBUG Engine               - globalMusicVolumeProperty: DoubleProperty [value: 0.5]
17:23:36.891 [FXGL Background Thread 3 ] DEBUG Engine               - globalSoundVolume: 0.5
17:23:36.891 [FXGL Background Thread 3 ] DEBUG Engine               - globalSoundVolumeProperty: DoubleProperty [value: 0.5]
17:23:36.891 [FXGL Background Thread 3 ] DEBUG Engine               - height: 750
17:23:36.891 [FXGL Background Thread 3 ] DEBUG Engine               - isAndroid: false
17:23:36.891 [FXGL Background Thread 3 ] DEBUG Engine               - isBrowser: false
17:23:36.891 [FXGL Background Thread 3 ] DEBUG Engine               - isClickFeedbackEnabled: false
17:23:36.891 [FXGL Background Thread 3 ] DEBUG Engine               - isCloseConfirmation: false
17:23:36.891 [FXGL Background Thread 3 ] DEBUG Engine               - isDesktop: true
17:23:36.892 [FXGL Background Thread 3 ] DEBUG Engine               - isDeveloperMenuEnabled: false
17:23:36.892 [FXGL Background Thread 3 ] DEBUG Engine               - isEntityPreloadEnabled: true
17:23:36.892 [FXGL Background Thread 3 ] DEBUG Engine               - isExperimental3D: false
17:23:36.892 [FXGL Background Thread 3 ] DEBUG Engine               - isExperimentalNative: false
17:23:36.892 [FXGL Background Thread 3 ] DEBUG Engine               - isExperimentalTiledLargeMap: false
17:23:36.892 [FXGL Background Thread 3 ] DEBUG Engine               - isFileSystemWriteAllowed: true
17:23:36.892 [FXGL Background Thread 3 ] DEBUG Engine               - isFullScreenAllowed: false
17:23:36.892 [FXGL Background Thread 3 ] DEBUG Engine               - isFullScreenFromStart: false
17:23:36.893 [FXGL Background Thread 3 ] DEBUG Engine               - isGameMenuEnabled: false
17:23:36.893 [FXGL Background Thread 3 ] DEBUG Engine               - isIOS: false
17:23:36.893 [FXGL Background Thread 3 ] DEBUG Engine               - isIntroEnabled: false
17:23:36.893 [FXGL Background Thread 3 ] DEBUG Engine               - isLinux: false
17:23:36.894 [FXGL Background Thread 3 ] DEBUG Engine               - isMac: false
17:23:36.894 [FXGL Background Thread 3 ] DEBUG Engine               - isMainMenuEnabled: false
17:23:36.894 [FXGL Background Thread 3 ] DEBUG Engine               - isManualResizeEnabled: false
17:23:36.894 [FXGL Background Thread 3 ] DEBUG Engine               - isMobile: false
17:23:36.894 [FXGL Background Thread 3 ] DEBUG Engine               - isPreserveResizeRatio: false
17:23:36.895 [FXGL Background Thread 3 ] DEBUG Engine               - isProfilingEnabled: false
17:23:36.895 [FXGL Background Thread 3 ] DEBUG Engine               - isScaleAffectedOnResize: true
17:23:36.895 [FXGL Background Thread 3 ] DEBUG Engine               - isSingleStep: false
17:23:36.895 [FXGL Background Thread 3 ] DEBUG Engine               - isUserProfileEnabled: false
17:23:36.895 [FXGL Background Thread 3 ] DEBUG Engine               - isWindows: true
17:23:36.895 [FXGL Background Thread 3 ] DEBUG Engine               - language: ObjectProperty [value: ENGLISH]
17:23:36.895 [FXGL Background Thread 3 ] DEBUG Engine               - menuKey: ESCAPE
17:23:36.895 [FXGL Background Thread 3 ] DEBUG Engine               - notificationViewClass: class com.almasb.fxgl.notification.view.XboxNotificationView
17:23:36.895 [FXGL Background Thread 3 ] DEBUG Engine               - pixelsPerMeter: 50.0
17:23:36.896 [FXGL Background Thread 3 ] DEBUG Engine               - platform: WINDOWS
17:23:36.896 [FXGL Background Thread 3 ] DEBUG Engine               - prefHeightProperty: ReadOnlyDoubleProperty [value: 750.0]
17:23:36.896 [FXGL Background Thread 3 ] DEBUG Engine               - prefWidthProperty: ReadOnlyDoubleProperty [value: 1400.0]
17:23:36.896 [FXGL Background Thread 3 ] DEBUG Engine               - profileDir: profiles/
17:23:36.896 [FXGL Background Thread 3 ] DEBUG Engine               - profileName: StringProperty [value: DEFAULT]
17:23:36.896 [FXGL Background Thread 3 ] DEBUG Engine               - randomSeed: -1
17:23:36.897 [FXGL Background Thread 3 ] DEBUG Engine               - runtimeInfo: RuntimeInfo(platform=WINDOWS, version=11.12, build=11.12.2020 08.51)
17:23:36.897 [FXGL Background Thread 3 ] DEBUG Engine               - saveFileExt: sav
17:23:36.897 [FXGL Background Thread 3 ] DEBUG Engine               - scaledHeightProp$fxgl: DoubleProperty [bound, value: 750.0]
17:23:36.897 [FXGL Background Thread 3 ] DEBUG Engine               - scaledWidthProp$fxgl: DoubleProperty [bound, value: 1400.0]
17:23:36.897 [FXGL Background Thread 3 ] DEBUG Engine               - sceneFactory: com.almasb.fxgl.app.scene.SceneFactory@5195a0d2
17:23:36.897 [FXGL Background Thread 3 ] DEBUG Engine               - secondsIn24h: 60
17:23:36.897 [FXGL Background Thread 3 ] DEBUG Engine               - soundMenuBack: menu/back.wav
17:23:36.897 [FXGL Background Thread 3 ] DEBUG Engine               - soundMenuPress: menu/press.wav
17:23:36.897 [FXGL Background Thread 3 ] DEBUG Engine               - soundMenuSelect: menu/select.wav
17:23:36.898 [FXGL Background Thread 3 ] DEBUG Engine               - soundNotification: core/notification.wav
17:23:36.898 [FXGL Background Thread 3 ] DEBUG Engine               - stageStyle: DECORATED
17:23:36.898 [FXGL Background Thread 3 ] DEBUG Engine               - supportedLanguages: [ENGLISH, FRENCH, GERMAN, HUNGARIAN, RUSSIAN]
17:23:36.898 [FXGL Background Thread 3 ] DEBUG Engine               - title: project5 make a square
17:23:36.898 [FXGL Background Thread 3 ] DEBUG Engine               - urlGithub: https://github.com/AlmasB/FXGL
17:23:36.898 [FXGL Background Thread 3 ] DEBUG Engine               - urlLeaderboard: http://fxgl-top.herokuapp.com/
17:23:36.898 [FXGL Background Thread 3 ] DEBUG Engine               - urlPOM: https://raw.githubusercontent.com/AlmasB/FXGL/master/README.md
17:23:36.898 [FXGL Background Thread 3 ] DEBUG Engine               - version: 0.0
17:23:36.898 [FXGL Background Thread 3 ] DEBUG Engine               - versionCheckDays: 7
17:23:36.898 [FXGL Background Thread 3 ] DEBUG Engine               - width: 1400
17:23:36.899 [FXGL Background Thread 3 ] DEBUG Engine               - Logging services
17:23:36.899 [FXGL Background Thread 3 ] DEBUG Engine               - class com.almasb.fxgl.app.FXGLApplication$GameApplicationService
17:23:36.899 [FXGL Background Thread 3 ] DEBUG Engine               - class com.almasb.fxgl.app.services.FXGLDialogService
17:23:36.899 [FXGL Background Thread 3 ] DEBUG Engine               - class com.almasb.fxgl.app.services.IOTaskExecutorService
17:23:36.899 [FXGL Background Thread 3 ] DEBUG Engine               - class com.almasb.fxgl.event.EventBusService
17:23:36.899 [FXGL Background Thread 3 ] DEBUG Engine               - class com.almasb.fxgl.io.FileSystemService
17:23:36.899 [FXGL Background Thread 3 ] DEBUG Engine               - class com.almasb.fxgl.localization.LocalizationService
17:23:36.899 [FXGL Background Thread 3 ] DEBUG Engine               - class com.almasb.fxgl.app.services.FXGLAssetLoaderService
17:23:36.899 [FXGL Background Thread 3 ] DEBUG Engine               - class com.almasb.fxgl.app.services.SystemBundleService
17:23:36.899 [FXGL Background Thread 3 ] DEBUG Engine               - class com.almasb.fxgl.profile.SaveLoadService
17:23:36.900 [FXGL Background Thread 3 ] DEBUG Engine               - class com.almasb.fxgl.ui.FXGLUIFactoryServiceProvider
17:23:36.900 [FXGL Background Thread 3 ] DEBUG Engine               - class com.almasb.fxgl.ui.FXGLDialogFactoryServiceProvider
17:23:36.900 [FXGL Background Thread 3 ] DEBUG Engine               - class com.almasb.fxgl.audio.AudioPlayer
17:23:36.900 [FXGL Background Thread 3 ] DEBUG Engine               - class com.almasb.fxgl.notification.impl.NotificationServiceProvider
17:23:36.900 [FXGL Background Thread 3 ] DEBUG Engine               - class com.almasb.fxgl.achievement.AchievementService
17:23:36.900 [FXGL Background Thread 3 ] DEBUG Engine               - class com.almasb.fxgl.cutscene.CutsceneService
17:23:36.900 [FXGL Background Thread 3 ] DEBUG Engine               - class com.almasb.fxgl.minigames.MiniGameService
17:23:36.900 [FXGL Background Thread 3 ] DEBUG Engine               - class com.almasb.fxgl.net.NetService
17:23:36.900 [FXGL Background Thread 3 ] DEBUG Engine               - class com.almasb.fxgl.app.services.UpdaterService
17:23:36.900 [FXGL Background Thread 3 ] DEBUG Engine               - class com.almasb.fxgl.dev.DevService
17:23:44.094 [Thread-0                 ] DEBUG LoopRunner           - Stopping loop
17:23:44.102 [Thread-0                 ] FATAL FXGLApplication      - Uncaught Exception:
java.util.EmptyStackException
	at java.base/java.util.Stack.peek(Stack.java:103)
	at com.project.app.Solver.Solve(Solver.java:102)
	at com.project.app.PuzzleSolver.run(PuzzleSolver.java:19)

17:23:44.102 [Thread-0                 ] FATAL FXGLApplication      - Application will now exit
17:23:44.144 [Thread-0                 ] DEBUG MainWindow           - Push state: ErrorSubScene
17:23:44.145 [Thread-0                 ] DEBUG Input                - Clearing active input actions
17:23:45.987 [JavaFX Application Thread] DEBUG FXGLApplication      - Exiting FXGL
17:23:45.987 [JavaFX Application Thread] DEBUG Async                - Shutting down background threads
17:23:45.988 [JavaFX Application Thread] DEBUG MainWindow           - Closing main window
17:23:46.000 [JavaFX Application Thread] DEBUG Logger               - Closing Logger
