14:49:48.421 [main                     ] DEBUG Logger               - Configured Logger
14:49:48.424 [main                     ] DEBUG GameApplication      - Logging settings
Title: project5 make a square
Version: 0.0
Width: 1400
Height: 750
Fullscreen: false
Intro: false
Profiling: false
Single step:false
App Mode: DEVELOPER
Menu Key: ESCAPE
Stage Style: DECORATED
Scene Factory: class com.almasb.fxgl.app.scene.SceneFactory

14:49:48.918 [JavaFX Application Thread] DEBUG FXGLApplication      - Initializing FXGL
14:49:48.921 [JavaFX Application Thread] INFO  Engine               - FXGL-11.12 (11.12.2020 08.51) on WINDOWS (J:21.0.2 FX:15)
14:49:48.922 [JavaFX Application Thread] DEBUG Engine               - JRE Vendor Name: Oracle Corporation
14:49:48.922 [JavaFX Application Thread] DEBUG Engine               - Running on OS: Windows 10 version 10.0
14:49:48.922 [JavaFX Application Thread] DEBUG Engine               - Architecture: amd64
14:49:48.922 [JavaFX Application Thread] INFO  Engine               - Source code and latest versions at: https://github.com/AlmasB/FXGL
14:49:48.922 [JavaFX Application Thread] INFO  Engine               -              Join the FXGL chat at: https://gitter.im/AlmasB/FXGL
14:49:49.069 [JavaFX Application Thread] DEBUG MainWindow           - Creating a JavaFX scene
14:49:49.141 [JavaFX Application Thread] DEBUG MainWindow           - Target settings size: 1400.0 x 750.0
14:49:49.141 [JavaFX Application Thread] DEBUG MainWindow           - Scaled scene size:    1400.0 x 750.0
14:49:49.141 [JavaFX Application Thread] DEBUG MainWindow           - Scaled ratio: (1.0, 1.0)
14:49:49.142 [JavaFX Application Thread] DEBUG MainWindow           - Set initial scene to StartupScene
14:49:49.150 [JavaFX Application Thread] DEBUG MainWindow           - Opening main window
14:49:49.268 [JavaFX Application Thread] DEBUG MainWindow           - Window border size: (14.4000244140625, 38.0)
14:49:49.268 [JavaFX Application Thread] DEBUG MainWindow           - Scaled size: 1400.0 x 750.0
14:49:49.268 [JavaFX Application Thread] DEBUG MainWindow           - Scaled ratio: (1.0, 1.0)
14:49:49.269 [JavaFX Application Thread] DEBUG MainWindow           - Scene size: 1400.0 x 750.0
14:49:49.269 [JavaFX Application Thread] DEBUG MainWindow           - Stage size: 1414.4000244140625 x 788.0
14:49:49.277 [FXGL Background Thread 1 ] DEBUG Engine               - Initializing environment variables
14:49:49.356 [FXGL Background Thread 1 ] DEBUG GameApplicationServi - Applying CSS: fxgl_dark.css
14:49:49.356 [FXGL Background Thread 1 ] DEBUG FXGLAssetLoaderServi - Loading from file system: /assets/ui/css/fxgl_dark.css
14:49:49.429 [FXGL Background Thread 1 ] DEBUG GameApplicationServi - Initializing application scenes
14:49:49.489 [FXGL Background Thread 1 ] DEBUG GameWorld            - Game world initialized
14:49:49.570 [FXGL Background Thread 1 ] DEBUG PhysicsWorld         - Physics world initialized: appHeight=750, physics.ppm=50.0
14:49:49.572 [FXGL Background Thread 1 ] DEBUG GameScene            - Game scene initialized: 1400x750
14:49:49.572 [FXGL Background Thread 1 ] DEBUG GameApplicationServi - Application scenes initialized
14:49:49.597 [FXGL Background Thread 1 ] DEBUG SystemBundleService  - Loading FXGL system data
14:49:49.602 [FXGL Background Thread 1 ] DEBUG FileSystemAccess     - Reading from: E:\java\Project5\system\fxgl.bundle
14:49:49.614 [FXGL Background Thread 1 ] DEBUG SystemBundleService  - Bundle FXGL: {}
14:49:49.614 [FXGL Background Thread 1 ] DEBUG UpdaterService       - Checking for updates
14:49:49.621 [FXGL Background Thread 4 ] DEBUG FXGLApplication      - Loading fonts
14:49:49.621 [FXGL Background Thread 4 ] DEBUG FXGLAssetLoaderServi - Loading from file system: /assets/ui/fonts/VarelaRound-Regular.ttf
14:49:49.621 [FXGL Background Thread 1 ] DEBUG FXGLApplication      - Loading default localization
14:49:49.621 [FXGL Background Thread 1 ] DEBUG FXGLAssetLoaderServi - Loading from file system: /assets/languages/english.lang
14:49:49.673 [FXGL Background Thread 1 ] INFO  FXGLApplication      - FXGL initialization took: 0.396 sec
14:49:49.684 [FXGL Background Thread 4 ] DEBUG FXGLAssetLoaderServi - Loading from file system: /assets/ui/fonts/Abel-Regular.ttf
14:49:49.689 [FXGL Background Thread 4 ] DEBUG FXGLAssetLoaderServi - Loading from file system: /assets/ui/fonts/lucida_console.ttf
14:49:49.693 [JavaFX Application Thread] DEBUG Input                - Registered new binding: Start Solving - Enter
14:49:49.693 [JavaFX Application Thread] DEBUG FXGLAssetLoaderServi - Loading from file system: /assets/textures/fxgl_icon.png
14:49:49.696 [FXGL Background Thread 4 ] DEBUG FXGLAssetLoaderServi - Loading from file system: /assets/ui/fonts/Courier-Prime.ttf
14:49:49.754 [JavaFX Application Thread] DEBUG FXGLAssetLoaderServi - Loading from file system: /assets/ui/cursors/fxgl_default.png
14:49:49.758 [JavaFX Application Thread] DEBUG Input                - Registered new binding: Screenshot - P
14:49:49.759 [JavaFX Application Thread] DEBUG Input                - Registered new binding: System info dump - CTRL+9
14:49:49.759 [JavaFX Application Thread] DEBUG Input                - Registered new binding: Restart - CTRL+R
14:49:49.760 [JavaFX Application Thread] DEBUG Input                - Registered new binding: Toggle Debug Camera - CTRL+C
14:49:49.765 [JavaFX Application Thread] DEBUG LoopRunner           - Starting loop
14:49:49.768 [JavaFX Application Thread] DEBUG GameApplicationServi - Starting new game
14:49:49.768 [JavaFX Application Thread] DEBUG Input                - Clearing active input actions
14:49:49.784 [JavaFX Application Thread] DEBUG GameApplicationServi - Removing overlay from StartupScene and adding to FXGLLoadingScene
14:49:49.784 [JavaFX Application Thread] DEBUG MainWindow           - StartupScene -> FXGLLoadingScene
14:49:49.784 [JavaFX Application Thread] DEBUG GameApplicationServi - Clearing previous game
14:49:49.784 [JavaFX Application Thread] DEBUG GameScene            - Clearing game scene
14:49:49.784 [JavaFX Application Thread] DEBUG GameWorld            - Clearing game world
14:49:49.784 [JavaFX Application Thread] DEBUG PhysicsWorld         - Clearing physics world
14:49:49.788 [JavaFX Application Thread] DEBUG FXGLApplication      - Registering font factories with UI factory
14:49:49.788 [FXGL Background Thread 4 ] DEBUG FXGLApplication      - Initializing game
14:49:49.830 [FXGL Background Thread 4 ] INFO  FXGLApplication      - Game initialization took: 0.042 sec
14:49:49.873 [JavaFX Application Thread] DEBUG Input                - Clearing active input actions
14:49:49.888 [JavaFX Application Thread] DEBUG GameApplicationServi - Removing overlay from FXGLLoadingScene and adding to GameScene
14:49:49.888 [JavaFX Application Thread] DEBUG MainWindow           - FXGLLoadingScene -> GameScene
14:49:50.342 [FXGL Background Thread 2 ] INFO  UpdaterService       - Your current version:  11.12
14:49:50.343 [FXGL Background Thread 2 ] INFO  UpdaterService       - Latest stable version: 21.1
14:49:51.336 [JavaFX Application Thread] DEBUG LoopRunner           - Stopping loop
14:49:51.338 [JavaFX Application Thread] FATAL FXGLApplication      - Uncaught Exception:
java.lang.IndexOutOfBoundsException: Index -1 out of bounds for length 2
	at java.base/jdk.internal.util.Preconditions.outOfBounds(Preconditions.java:100)
	at java.base/jdk.internal.util.Preconditions.outOfBoundsCheckIndex(Preconditions.java:106)
	at java.base/jdk.internal.util.Preconditions.checkIndex(Preconditions.java:302)
	at java.base/java.util.Objects.checkIndex(Objects.java:385)
	at java.base/java.util.ArrayList.get(ArrayList.java:427)
	at javafx.scene.Parent.updateCachedBounds(Parent.java:1704)
	at javafx.scene.Parent.recomputeBounds(Parent.java:1648)
	at javafx.scene.Parent.doComputeGeomBounds(Parent.java:1501)
	at javafx.scene.Parent$1.doComputeGeomBounds(Parent.java:115)
	at com.sun.javafx.scene.ParentHelper.computeGeomBoundsImpl(ParentHelper.java:84)
	at com.sun.javafx.scene.NodeHelper.computeGeomBounds(NodeHelper.java:115)
	at javafx.scene.Node.updateGeomBounds(Node.java:3844)
	at javafx.scene.Node.getGeomBounds(Node.java:3806)
	at javafx.scene.Node.getLocalBounds(Node.java:3754)
	at javafx.scene.Node.updateTxBounds(Node.java:3908)
	at javafx.scene.Node.getTransformedBounds(Node.java:3700)
	at javafx.scene.Parent.getChildTransformedBounds(Parent.java:1848)
	at javafx.scene.Parent.updateCachedBounds(Parent.java:1709)
	at javafx.scene.Parent.recomputeBounds(Parent.java:1648)
	at javafx.scene.Parent.doComputeGeomBounds(Parent.java:1501)
	at javafx.scene.Parent$1.doComputeGeomBounds(Parent.java:115)
	at com.sun.javafx.scene.ParentHelper.computeGeomBoundsImpl(ParentHelper.java:84)
	at com.sun.javafx.scene.layout.RegionHelper.superComputeGeomBoundsImpl(RegionHelper.java:78)
	at com.sun.javafx.scene.layout.RegionHelper.superComputeGeomBounds(RegionHelper.java:62)
	at javafx.scene.layout.Region.doComputeGeomBounds(Region.java:3289)
	at javafx.scene.layout.Region$1.doComputeGeomBounds(Region.java:168)
	at com.sun.javafx.scene.layout.RegionHelper.computeGeomBoundsImpl(RegionHelper.java:89)
	at com.sun.javafx.scene.NodeHelper.computeGeomBounds(NodeHelper.java:115)
	at javafx.scene.Node.updateGeomBounds(Node.java:3844)
	at javafx.scene.Node.getGeomBounds(Node.java:3806)
	at javafx.scene.Node.getLocalBounds(Node.java:3754)
	at javafx.scene.Node.updateTxBounds(Node.java:3908)
	at javafx.scene.Node.getTransformedBounds(Node.java:3700)
	at javafx.scene.Parent.getChildTransformedBounds(Parent.java:1848)
	at javafx.scene.Parent.updateCachedBounds(Parent.java:1709)
	at javafx.scene.Parent.recomputeBounds(Parent.java:1648)
	at javafx.scene.Parent.doComputeGeomBounds(Parent.java:1501)
	at javafx.scene.Parent$1.doComputeGeomBounds(Parent.java:115)
	at com.sun.javafx.scene.ParentHelper.computeGeomBoundsImpl(ParentHelper.java:84)
	at com.sun.javafx.scene.layout.RegionHelper.superComputeGeomBoundsImpl(RegionHelper.java:78)
	at com.sun.javafx.scene.layout.RegionHelper.superComputeGeomBounds(RegionHelper.java:62)
	at javafx.scene.layout.Region.doComputeGeomBounds(Region.java:3289)
	at javafx.scene.layout.Region$1.doComputeGeomBounds(Region.java:168)
	at com.sun.javafx.scene.layout.RegionHelper.computeGeomBoundsImpl(RegionHelper.java:89)
	at com.sun.javafx.scene.NodeHelper.computeGeomBounds(NodeHelper.java:115)
	at javafx.scene.Node.updateGeomBounds(Node.java:3844)
	at javafx.scene.Node.getGeomBounds(Node.java:3806)
	at javafx.scene.Node.getLocalBounds(Node.java:3754)
	at javafx.scene.Node.intersectsBounds(Node.java:5289)
	at javafx.scene.Node$1.intersectsBounds(Node.java:549)
	at com.sun.javafx.scene.NodeHelper.intersectsBounds(NodeHelper.java:262)
	at javafx.scene.layout.Region.doPickNodeLocal(Region.java:3158)
	at javafx.scene.layout.Region$1.doPickNodeLocal(Region.java:184)
	at com.sun.javafx.scene.layout.RegionHelper.pickNodeLocalImpl(RegionHelper.java:104)
	at com.sun.javafx.scene.NodeHelper.pickNodeLocal(NodeHelper.java:128)
	at javafx.scene.Node.pickNode(Node.java:5199)
	at javafx.scene.Scene$MouseHandler.pickNode(Scene.java:3999)
	at javafx.scene.Scene.pick(Scene.java:2031)
	at javafx.scene.Scene$MouseHandler.process(Scene.java:3809)
	at javafx.scene.Scene.processMouseEvent(Scene.java:1851)
	at javafx.scene.Scene$ScenePeerListener.mouseEvent(Scene.java:2584)
	at com.sun.javafx.tk.quantum.GlassViewEventHandler$MouseEventNotification.run(GlassViewEventHandler.java:409)
	at com.sun.javafx.tk.quantum.GlassViewEventHandler$MouseEventNotification.run(GlassViewEventHandler.java:299)
	at java.base/java.security.AccessController.doPrivileged(AccessController.java:400)
	at com.sun.javafx.tk.quantum.GlassViewEventHandler.lambda$handleMouseEvent$2(GlassViewEventHandler.java:447)
	at com.sun.javafx.tk.quantum.QuantumToolkit.runWithoutRenderLock(QuantumToolkit.java:412)
	at com.sun.javafx.tk.quantum.GlassViewEventHandler.handleMouseEvent(GlassViewEventHandler.java:446)
	at com.sun.glass.ui.View.handleMouseEvent(View.java:556)
	at com.sun.glass.ui.View.notifyMouse(View.java:942)
	at com.sun.glass.ui.win.WinApplication._runLoop(Native Method)
	at com.sun.glass.ui.win.WinApplication.lambda$runLoop$3(WinApplication.java:174)
	at java.base/java.lang.Thread.run(Thread.java:1583)

14:49:51.339 [JavaFX Application Thread] FATAL FXGLApplication      - Application will now exit
14:49:51.363 [JavaFX Application Thread] DEBUG MainWindow           - Push state: ErrorSubScene
14:49:51.363 [JavaFX Application Thread] DEBUG Input                - Clearing active input actions
14:49:51.371 [JavaFX Application Thread] DEBUG GameApplicationServi - Removing overlay from GameScene and adding to ErrorSubScene
14:49:51.371 [JavaFX Application Thread] DEBUG MainWindow           - GameScene -> ErrorSubScene
14:49:52.620 [FXGL Background Thread 3 ] DEBUG Engine               - Logging environment variables
14:49:52.620 [FXGL Background Thread 3 ] DEBUG Engine               - achievements: []
14:49:52.620 [FXGL Background Thread 3 ] DEBUG Engine               - actualHeight: 750.0
14:49:52.620 [FXGL Background Thread 3 ] DEBUG Engine               - actualHeightProperty: ReadOnlyDoubleProperty [value: 750.0]
14:49:52.621 [FXGL Background Thread 3 ] DEBUG Engine               - actualWidth: 1400.0
14:49:52.621 [FXGL Background Thread 3 ] DEBUG Engine               - actualWidthProperty: ReadOnlyDoubleProperty [value: 1400.0]
14:49:52.621 [FXGL Background Thread 3 ] DEBUG Engine               - appIcon: fxgl_icon.png
14:49:52.621 [FXGL Background Thread 3 ] DEBUG Engine               - applicationMode: DEVELOPER
14:49:52.621 [FXGL Background Thread 3 ] DEBUG Engine               - cSSList: [fxgl_dark.css]
14:49:52.621 [FXGL Background Thread 3 ] DEBUG Engine               - configClass: Optional.empty
14:49:52.621 [FXGL Background Thread 3 ] DEBUG Engine               - credits: []
14:49:52.621 [FXGL Background Thread 3 ] DEBUG Engine               - devBBoxColorProperty: ObjectProperty [value: 0xff0000ff]
14:49:52.621 [FXGL Background Thread 3 ] DEBUG Engine               - devEnableDebugCameraProperty: BooleanProperty [value: false]
14:49:52.621 [FXGL Background Thread 3 ] DEBUG Engine               - devSensorColorProperty: ObjectProperty [value: 0xffff00ff]
14:49:52.621 [FXGL Background Thread 3 ] DEBUG Engine               - devShowBBoxProperty: BooleanProperty [value: false]
14:49:52.621 [FXGL Background Thread 3 ] DEBUG Engine               - devShowPositionProperty: BooleanProperty [value: false]
14:49:52.621 [FXGL Background Thread 3 ] DEBUG Engine               - enabledMenuItems: []
14:49:52.622 [FXGL Background Thread 3 ] DEBUG Engine               - engineServices: [class com.almasb.fxgl.app.FXGLApplication$GameApplicationService, class com.almasb.fxgl.app.services.FXGLDialogService, class com.almasb.fxgl.app.services.IOTaskExecutorService, class com.almasb.fxgl.event.EventBusService, class com.almasb.fxgl.io.FileSystemService, class com.almasb.fxgl.localization.LocalizationService, class com.almasb.fxgl.app.services.FXGLAssetLoaderService, class com.almasb.fxgl.app.services.SystemBundleService, class com.almasb.fxgl.profile.SaveLoadService, class com.almasb.fxgl.ui.FXGLUIFactoryServiceProvider, class com.almasb.fxgl.ui.FXGLDialogFactoryServiceProvider, class com.almasb.fxgl.audio.AudioPlayer, class com.almasb.fxgl.notification.impl.NotificationServiceProvider, class com.almasb.fxgl.achievement.AchievementService, class com.almasb.fxgl.cutscene.CutsceneService, class com.almasb.fxgl.minigames.MiniGameService, class com.almasb.fxgl.net.NetService, class com.almasb.fxgl.app.services.UpdaterService, class com.almasb.fxgl.dev.DevService]
14:49:52.622 [FXGL Background Thread 3 ] DEBUG Engine               - fontGame: Abel-Regular.ttf
14:49:52.622 [FXGL Background Thread 3 ] DEBUG Engine               - fontMono: lucida_console.ttf
14:49:52.622 [FXGL Background Thread 3 ] DEBUG Engine               - fontText: Courier-Prime.ttf
14:49:52.622 [FXGL Background Thread 3 ] DEBUG Engine               - fontUI: VarelaRound-Regular.ttf
14:49:52.622 [FXGL Background Thread 3 ] DEBUG Engine               - fullScreen: BooleanProperty [value: false]
14:49:52.622 [FXGL Background Thread 3 ] DEBUG Engine               - gameDifficulty: MEDIUM
14:49:52.622 [FXGL Background Thread 3 ] DEBUG Engine               - gameDifficultyProperty: ObjectProperty [value: MEDIUM]
14:49:52.622 [FXGL Background Thread 3 ] DEBUG Engine               - globalMusicVolume: 0.5
14:49:52.622 [FXGL Background Thread 3 ] DEBUG Engine               - globalMusicVolumeProperty: DoubleProperty [value: 0.5]
14:49:52.622 [FXGL Background Thread 3 ] DEBUG Engine               - globalSoundVolume: 0.5
14:49:52.622 [FXGL Background Thread 3 ] DEBUG Engine               - globalSoundVolumeProperty: DoubleProperty [value: 0.5]
14:49:52.622 [FXGL Background Thread 3 ] DEBUG Engine               - height: 750
14:49:52.622 [FXGL Background Thread 3 ] DEBUG Engine               - isAndroid: false
14:49:52.622 [FXGL Background Thread 3 ] DEBUG Engine               - isBrowser: false
14:49:52.622 [FXGL Background Thread 3 ] DEBUG Engine               - isClickFeedbackEnabled: false
14:49:52.623 [FXGL Background Thread 3 ] DEBUG Engine               - isCloseConfirmation: false
14:49:52.623 [FXGL Background Thread 3 ] DEBUG Engine               - isDesktop: true
14:49:52.623 [FXGL Background Thread 3 ] DEBUG Engine               - isDeveloperMenuEnabled: false
14:49:52.623 [FXGL Background Thread 3 ] DEBUG Engine               - isEntityPreloadEnabled: true
14:49:52.623 [FXGL Background Thread 3 ] DEBUG Engine               - isExperimental3D: false
14:49:52.623 [FXGL Background Thread 3 ] DEBUG Engine               - isExperimentalNative: false
14:49:52.623 [FXGL Background Thread 3 ] DEBUG Engine               - isExperimentalTiledLargeMap: false
14:49:52.623 [FXGL Background Thread 3 ] DEBUG Engine               - isFileSystemWriteAllowed: true
14:49:52.623 [FXGL Background Thread 3 ] DEBUG Engine               - isFullScreenAllowed: false
14:49:52.623 [FXGL Background Thread 3 ] DEBUG Engine               - isFullScreenFromStart: false
14:49:52.623 [FXGL Background Thread 3 ] DEBUG Engine               - isGameMenuEnabled: false
14:49:52.623 [FXGL Background Thread 3 ] DEBUG Engine               - isIOS: false
14:49:52.623 [FXGL Background Thread 3 ] DEBUG Engine               - isIntroEnabled: false
14:49:52.623 [FXGL Background Thread 3 ] DEBUG Engine               - isLinux: false
14:49:52.623 [FXGL Background Thread 3 ] DEBUG Engine               - isMac: false
14:49:52.623 [FXGL Background Thread 3 ] DEBUG Engine               - isMainMenuEnabled: false
14:49:52.623 [FXGL Background Thread 3 ] DEBUG Engine               - isManualResizeEnabled: false
14:49:52.624 [FXGL Background Thread 3 ] DEBUG Engine               - isMobile: false
14:49:52.624 [FXGL Background Thread 3 ] DEBUG Engine               - isPreserveResizeRatio: false
14:49:52.624 [FXGL Background Thread 3 ] DEBUG Engine               - isProfilingEnabled: false
14:49:52.624 [FXGL Background Thread 3 ] DEBUG Engine               - isScaleAffectedOnResize: true
14:49:52.624 [FXGL Background Thread 3 ] DEBUG Engine               - isSingleStep: false
14:49:52.624 [FXGL Background Thread 3 ] DEBUG Engine               - isUserProfileEnabled: false
14:49:52.624 [FXGL Background Thread 3 ] DEBUG Engine               - isWindows: true
14:49:52.624 [FXGL Background Thread 3 ] DEBUG Engine               - language: ObjectProperty [value: ENGLISH]
14:49:52.624 [FXGL Background Thread 3 ] DEBUG Engine               - menuKey: ESCAPE
14:49:52.624 [FXGL Background Thread 3 ] DEBUG Engine               - notificationViewClass: class com.almasb.fxgl.notification.view.XboxNotificationView
14:49:52.624 [FXGL Background Thread 3 ] DEBUG Engine               - pixelsPerMeter: 50.0
14:49:52.624 [FXGL Background Thread 3 ] DEBUG Engine               - platform: WINDOWS
14:49:52.624 [FXGL Background Thread 3 ] DEBUG Engine               - prefHeightProperty: ReadOnlyDoubleProperty [value: 750.0]
14:49:52.624 [FXGL Background Thread 3 ] DEBUG Engine               - prefWidthProperty: ReadOnlyDoubleProperty [value: 1400.0]
14:49:52.624 [FXGL Background Thread 3 ] DEBUG Engine               - profileDir: profiles/
14:49:52.625 [FXGL Background Thread 3 ] DEBUG Engine               - profileName: StringProperty [value: DEFAULT]
14:49:52.625 [FXGL Background Thread 3 ] DEBUG Engine               - randomSeed: -1
14:49:52.625 [FXGL Background Thread 3 ] DEBUG Engine               - runtimeInfo: RuntimeInfo(platform=WINDOWS, version=11.12, build=11.12.2020 08.51)
14:49:52.625 [FXGL Background Thread 3 ] DEBUG Engine               - saveFileExt: sav
14:49:52.625 [FXGL Background Thread 3 ] DEBUG Engine               - scaledHeightProp$fxgl: DoubleProperty [bound, value: 750.0]
14:49:52.625 [FXGL Background Thread 3 ] DEBUG Engine               - scaledWidthProp$fxgl: DoubleProperty [bound, value: 1400.0]
14:49:52.625 [FXGL Background Thread 3 ] DEBUG Engine               - sceneFactory: com.almasb.fxgl.app.scene.SceneFactory@3c21905e
14:49:52.625 [FXGL Background Thread 3 ] DEBUG Engine               - secondsIn24h: 60
14:49:52.625 [FXGL Background Thread 3 ] DEBUG Engine               - soundMenuBack: menu/back.wav
14:49:52.625 [FXGL Background Thread 3 ] DEBUG Engine               - soundMenuPress: menu/press.wav
14:49:52.625 [FXGL Background Thread 3 ] DEBUG Engine               - soundMenuSelect: menu/select.wav
14:49:52.625 [FXGL Background Thread 3 ] DEBUG Engine               - soundNotification: core/notification.wav
14:49:52.625 [FXGL Background Thread 3 ] DEBUG Engine               - stageStyle: DECORATED
14:49:52.625 [FXGL Background Thread 3 ] DEBUG Engine               - supportedLanguages: [ENGLISH, FRENCH, GERMAN, HUNGARIAN, RUSSIAN]
14:49:52.625 [FXGL Background Thread 3 ] DEBUG Engine               - title: project5 make a square
14:49:52.625 [FXGL Background Thread 3 ] DEBUG Engine               - urlGithub: https://github.com/AlmasB/FXGL
14:49:52.625 [FXGL Background Thread 3 ] DEBUG Engine               - urlLeaderboard: http://fxgl-top.herokuapp.com/
14:49:52.626 [FXGL Background Thread 3 ] DEBUG Engine               - urlPOM: https://raw.githubusercontent.com/AlmasB/FXGL/master/README.md
14:49:52.626 [FXGL Background Thread 3 ] DEBUG Engine               - version: 0.0
14:49:52.626 [FXGL Background Thread 3 ] DEBUG Engine               - versionCheckDays: 7
14:49:52.626 [FXGL Background Thread 3 ] DEBUG Engine               - width: 1400
14:49:52.626 [FXGL Background Thread 3 ] DEBUG Engine               - Logging services
14:49:52.626 [FXGL Background Thread 3 ] DEBUG Engine               - class com.almasb.fxgl.app.FXGLApplication$GameApplicationService
14:49:52.626 [FXGL Background Thread 3 ] DEBUG Engine               - class com.almasb.fxgl.app.services.FXGLDialogService
14:49:52.626 [FXGL Background Thread 3 ] DEBUG Engine               - class com.almasb.fxgl.app.services.IOTaskExecutorService
14:49:52.626 [FXGL Background Thread 3 ] DEBUG Engine               - class com.almasb.fxgl.event.EventBusService
14:49:52.626 [FXGL Background Thread 3 ] DEBUG Engine               - class com.almasb.fxgl.io.FileSystemService
14:49:52.626 [FXGL Background Thread 3 ] DEBUG Engine               - class com.almasb.fxgl.localization.LocalizationService
14:49:52.626 [FXGL Background Thread 3 ] DEBUG Engine               - class com.almasb.fxgl.app.services.FXGLAssetLoaderService
14:49:52.626 [FXGL Background Thread 3 ] DEBUG Engine               - class com.almasb.fxgl.app.services.SystemBundleService
14:49:52.626 [FXGL Background Thread 3 ] DEBUG Engine               - class com.almasb.fxgl.profile.SaveLoadService
14:49:52.626 [FXGL Background Thread 3 ] DEBUG Engine               - class com.almasb.fxgl.ui.FXGLUIFactoryServiceProvider
14:49:52.627 [FXGL Background Thread 3 ] DEBUG Engine               - class com.almasb.fxgl.ui.FXGLDialogFactoryServiceProvider
14:49:52.627 [FXGL Background Thread 3 ] DEBUG Engine               - class com.almasb.fxgl.audio.AudioPlayer
14:49:52.627 [FXGL Background Thread 3 ] DEBUG Engine               - class com.almasb.fxgl.notification.impl.NotificationServiceProvider
14:49:52.627 [FXGL Background Thread 3 ] DEBUG Engine               - class com.almasb.fxgl.achievement.AchievementService
14:49:52.627 [FXGL Background Thread 3 ] DEBUG Engine               - class com.almasb.fxgl.cutscene.CutsceneService
14:49:52.627 [FXGL Background Thread 3 ] DEBUG Engine               - class com.almasb.fxgl.minigames.MiniGameService
14:49:52.627 [FXGL Background Thread 3 ] DEBUG Engine               - class com.almasb.fxgl.net.NetService
14:49:52.627 [FXGL Background Thread 3 ] DEBUG Engine               - class com.almasb.fxgl.app.services.UpdaterService
14:49:52.627 [FXGL Background Thread 3 ] DEBUG Engine               - class com.almasb.fxgl.dev.DevService
14:49:54.431 [JavaFX Application Thread] DEBUG FXGLApplication      - Exiting FXGL
14:49:54.431 [JavaFX Application Thread] DEBUG Async                - Shutting down background threads
14:49:54.431 [JavaFX Application Thread] DEBUG MainWindow           - Closing main window
14:49:54.452 [JavaFX Application Thread] DEBUG Logger               - Closing Logger
