18:06:44.959 [main                     ] DEBUG Logger               - Configured Logger
18:06:44.964 [main                     ] DEBUG GameApplication      - Logging settings
Title: project5 make a square
Version: 0.0
Width: 1400
Height: 750
Fullscreen: false
Intro: false
Profiling: false
Single step:false
App Mode: DEVELOPER
Menu Key: ESCAPE
Stage Style: DECORATED
Scene Factory: class com.almasb.fxgl.app.scene.SceneFactory

18:06:45.458 [JavaFX Application Thread] DEBUG FXGLApplication      - Initializing FXGL
18:06:45.462 [JavaFX Application Thread] INFO  Engine               - FXGL-11.12 (11.12.2020 08.51) on WINDOWS (J:21.0.2 FX:15)
18:06:45.463 [JavaFX Application Thread] DEBUG Engine               - JRE Vendor Name: Oracle Corporation
18:06:45.463 [JavaFX Application Thread] DEBUG Engine               - Running on OS: Windows 10 version 10.0
18:06:45.463 [JavaFX Application Thread] DEBUG Engine               - Architecture: amd64
18:06:45.463 [JavaFX Application Thread] INFO  Engine               - Source code and latest versions at: https://github.com/AlmasB/FXGL
18:06:45.463 [JavaFX Application Thread] INFO  Engine               -              Join the FXGL chat at: https://gitter.im/AlmasB/FXGL
18:06:45.606 [JavaFX Application Thread] DEBUG MainWindow           - Creating a JavaFX scene
18:06:45.672 [JavaFX Application Thread] DEBUG MainWindow           - Target settings size: 1400.0 x 750.0
18:06:45.672 [JavaFX Application Thread] DEBUG MainWindow           - Scaled scene size:    1400.0 x 750.0
18:06:45.672 [JavaFX Application Thread] DEBUG MainWindow           - Scaled ratio: (1.0, 1.0)
18:06:45.673 [JavaFX Application Thread] DEBUG MainWindow           - Set initial scene to StartupScene
18:06:45.682 [JavaFX Application Thread] DEBUG MainWindow           - Opening main window
18:06:45.806 [JavaFX Application Thread] DEBUG MainWindow           - Window border size: (14.4000244140625, 38.0)
18:06:45.806 [JavaFX Application Thread] DEBUG MainWindow           - Scaled size: 1400.0 x 750.0
18:06:45.806 [JavaFX Application Thread] DEBUG MainWindow           - Scaled ratio: (1.0, 1.0)
18:06:45.806 [JavaFX Application Thread] DEBUG MainWindow           - Scene size: 1400.0 x 750.0
18:06:45.806 [JavaFX Application Thread] DEBUG MainWindow           - Stage size: 1414.4000244140625 x 788.0
18:06:45.814 [FXGL Background Thread 1 ] DEBUG Engine               - Initializing environment variables
18:06:45.894 [FXGL Background Thread 1 ] DEBUG GameApplicationServi - Applying CSS: fxgl_dark.css
18:06:45.895 [FXGL Background Thread 1 ] DEBUG FXGLAssetLoaderServi - Loading from file system: /assets/ui/css/fxgl_dark.css
18:06:45.968 [FXGL Background Thread 1 ] DEBUG GameApplicationServi - Initializing application scenes
18:06:46.020 [FXGL Background Thread 1 ] DEBUG GameWorld            - Game world initialized
18:06:46.109 [FXGL Background Thread 1 ] DEBUG PhysicsWorld         - Physics world initialized: appHeight=750, physics.ppm=50.0
18:06:46.112 [FXGL Background Thread 1 ] DEBUG GameScene            - Game scene initialized: 1400x750
18:06:46.112 [FXGL Background Thread 1 ] DEBUG GameApplicationServi - Application scenes initialized
18:06:46.133 [FXGL Background Thread 1 ] DEBUG SystemBundleService  - Loading FXGL system data
18:06:46.140 [FXGL Background Thread 1 ] DEBUG FileSystemAccess     - Reading from: E:\java\Project5\system\fxgl.bundle
18:06:46.155 [FXGL Background Thread 1 ] DEBUG SystemBundleService  - Bundle FXGL: {}
18:06:46.155 [FXGL Background Thread 1 ] DEBUG UpdaterService       - Checking for updates
18:06:46.161 [FXGL Background Thread 4 ] DEBUG FXGLApplication      - Loading fonts
18:06:46.161 [FXGL Background Thread 4 ] DEBUG FXGLAssetLoaderServi - Loading from file system: /assets/ui/fonts/VarelaRound-Regular.ttf
18:06:46.162 [FXGL Background Thread 1 ] DEBUG FXGLApplication      - Loading default localization
18:06:46.162 [FXGL Background Thread 1 ] DEBUG FXGLAssetLoaderServi - Loading from file system: /assets/languages/english.lang
18:06:46.208 [FXGL Background Thread 1 ] INFO  FXGLApplication      - FXGL initialization took: 0.394 sec
18:06:46.215 [FXGL Background Thread 4 ] DEBUG FXGLAssetLoaderServi - Loading from file system: /assets/ui/fonts/Abel-Regular.ttf
18:06:46.220 [FXGL Background Thread 4 ] DEBUG FXGLAssetLoaderServi - Loading from file system: /assets/ui/fonts/lucida_console.ttf
18:06:46.224 [JavaFX Application Thread] DEBUG Input                - Registered new binding: Start Solving - Enter
18:06:46.224 [JavaFX Application Thread] DEBUG FXGLAssetLoaderServi - Loading from file system: /assets/textures/fxgl_icon.png
18:06:46.227 [FXGL Background Thread 4 ] DEBUG FXGLAssetLoaderServi - Loading from file system: /assets/ui/fonts/Courier-Prime.ttf
18:06:46.285 [JavaFX Application Thread] DEBUG FXGLAssetLoaderServi - Loading from file system: /assets/ui/cursors/fxgl_default.png
18:06:46.289 [JavaFX Application Thread] DEBUG Input                - Registered new binding: Screenshot - P
18:06:46.289 [JavaFX Application Thread] DEBUG Input                - Registered new binding: System info dump - CTRL+9
18:06:46.290 [JavaFX Application Thread] DEBUG Input                - Registered new binding: Restart - CTRL+R
18:06:46.291 [JavaFX Application Thread] DEBUG Input                - Registered new binding: Toggle Debug Camera - CTRL+C
18:06:46.294 [JavaFX Application Thread] DEBUG LoopRunner           - Starting loop
18:06:46.295 [JavaFX Application Thread] DEBUG GameApplicationServi - Starting new game
18:06:46.296 [JavaFX Application Thread] DEBUG Input                - Clearing active input actions
18:06:46.311 [JavaFX Application Thread] DEBUG GameApplicationServi - Removing overlay from StartupScene and adding to FXGLLoadingScene
18:06:46.312 [JavaFX Application Thread] DEBUG MainWindow           - StartupScene -> FXGLLoadingScene
18:06:46.312 [JavaFX Application Thread] DEBUG GameApplicationServi - Clearing previous game
18:06:46.312 [JavaFX Application Thread] DEBUG GameScene            - Clearing game scene
18:06:46.312 [JavaFX Application Thread] DEBUG GameWorld            - Clearing game world
18:06:46.312 [JavaFX Application Thread] DEBUG PhysicsWorld         - Clearing physics world
18:06:46.314 [FXGL Background Thread 4 ] DEBUG FXGLApplication      - Initializing game
18:06:46.314 [JavaFX Application Thread] DEBUG FXGLApplication      - Registering font factories with UI factory
18:06:46.377 [FXGL Background Thread 4 ] INFO  FXGLApplication      - Game initialization took: 0.063 sec
18:06:46.404 [JavaFX Application Thread] DEBUG Input                - Clearing active input actions
18:06:46.418 [JavaFX Application Thread] DEBUG GameApplicationServi - Removing overlay from FXGLLoadingScene and adding to GameScene
18:06:46.419 [JavaFX Application Thread] DEBUG MainWindow           - FXGLLoadingScene -> GameScene
18:06:49.160 [FXGL Background Thread 3 ] DEBUG Engine               - Logging environment variables
18:06:49.160 [FXGL Background Thread 3 ] DEBUG Engine               - achievements: []
18:06:49.160 [FXGL Background Thread 3 ] DEBUG Engine               - actualHeight: 750.0
18:06:49.160 [FXGL Background Thread 3 ] DEBUG Engine               - actualHeightProperty: ReadOnlyDoubleProperty [value: 750.0]
18:06:49.160 [FXGL Background Thread 3 ] DEBUG Engine               - actualWidth: 1400.0
18:06:49.161 [FXGL Background Thread 3 ] DEBUG Engine               - actualWidthProperty: ReadOnlyDoubleProperty [value: 1400.0]
18:06:49.161 [FXGL Background Thread 3 ] DEBUG Engine               - appIcon: fxgl_icon.png
18:06:49.161 [FXGL Background Thread 3 ] DEBUG Engine               - applicationMode: DEVELOPER
18:06:49.161 [FXGL Background Thread 3 ] DEBUG Engine               - cSSList: [fxgl_dark.css]
18:06:49.161 [FXGL Background Thread 3 ] DEBUG Engine               - configClass: Optional.empty
18:06:49.161 [FXGL Background Thread 3 ] DEBUG Engine               - credits: []
18:06:49.161 [FXGL Background Thread 3 ] DEBUG Engine               - devBBoxColorProperty: ObjectProperty [value: 0xff0000ff]
18:06:49.161 [FXGL Background Thread 3 ] DEBUG Engine               - devEnableDebugCameraProperty: BooleanProperty [value: false]
18:06:49.161 [FXGL Background Thread 3 ] DEBUG Engine               - devSensorColorProperty: ObjectProperty [value: 0xffff00ff]
18:06:49.161 [FXGL Background Thread 3 ] DEBUG Engine               - devShowBBoxProperty: BooleanProperty [value: false]
18:06:49.161 [FXGL Background Thread 3 ] DEBUG Engine               - devShowPositionProperty: BooleanProperty [value: false]
18:06:49.161 [FXGL Background Thread 3 ] DEBUG Engine               - enabledMenuItems: []
18:06:49.161 [FXGL Background Thread 3 ] DEBUG Engine               - engineServices: [class com.almasb.fxgl.app.FXGLApplication$GameApplicationService, class com.almasb.fxgl.app.services.FXGLDialogService, class com.almasb.fxgl.app.services.IOTaskExecutorService, class com.almasb.fxgl.event.EventBusService, class com.almasb.fxgl.io.FileSystemService, class com.almasb.fxgl.localization.LocalizationService, class com.almasb.fxgl.app.services.FXGLAssetLoaderService, class com.almasb.fxgl.app.services.SystemBundleService, class com.almasb.fxgl.profile.SaveLoadService, class com.almasb.fxgl.ui.FXGLUIFactoryServiceProvider, class com.almasb.fxgl.ui.FXGLDialogFactoryServiceProvider, class com.almasb.fxgl.audio.AudioPlayer, class com.almasb.fxgl.notification.impl.NotificationServiceProvider, class com.almasb.fxgl.achievement.AchievementService, class com.almasb.fxgl.cutscene.CutsceneService, class com.almasb.fxgl.minigames.MiniGameService, class com.almasb.fxgl.net.NetService, class com.almasb.fxgl.app.services.UpdaterService, class com.almasb.fxgl.dev.DevService]
18:06:49.162 [FXGL Background Thread 3 ] DEBUG Engine               - fontGame: Abel-Regular.ttf
18:06:49.162 [FXGL Background Thread 3 ] DEBUG Engine               - fontMono: lucida_console.ttf
18:06:49.162 [FXGL Background Thread 3 ] DEBUG Engine               - fontText: Courier-Prime.ttf
18:06:49.162 [FXGL Background Thread 3 ] DEBUG Engine               - fontUI: VarelaRound-Regular.ttf
18:06:49.162 [FXGL Background Thread 3 ] DEBUG Engine               - fullScreen: BooleanProperty [value: false]
18:06:49.162 [FXGL Background Thread 3 ] DEBUG Engine               - gameDifficulty: MEDIUM
18:06:49.162 [FXGL Background Thread 3 ] DEBUG Engine               - gameDifficultyProperty: ObjectProperty [value: MEDIUM]
18:06:49.162 [FXGL Background Thread 3 ] DEBUG Engine               - globalMusicVolume: 0.5
18:06:49.162 [FXGL Background Thread 3 ] DEBUG Engine               - globalMusicVolumeProperty: DoubleProperty [value: 0.5]
18:06:49.162 [FXGL Background Thread 3 ] DEBUG Engine               - globalSoundVolume: 0.5
18:06:49.162 [FXGL Background Thread 3 ] DEBUG Engine               - globalSoundVolumeProperty: DoubleProperty [value: 0.5]
18:06:49.162 [FXGL Background Thread 3 ] DEBUG Engine               - height: 750
18:06:49.162 [FXGL Background Thread 3 ] DEBUG Engine               - isAndroid: false
18:06:49.162 [FXGL Background Thread 3 ] DEBUG Engine               - isBrowser: false
18:06:49.162 [FXGL Background Thread 3 ] DEBUG Engine               - isClickFeedbackEnabled: false
18:06:49.163 [FXGL Background Thread 3 ] DEBUG Engine               - isCloseConfirmation: false
18:06:49.163 [FXGL Background Thread 3 ] DEBUG Engine               - isDesktop: true
18:06:49.163 [FXGL Background Thread 3 ] DEBUG Engine               - isDeveloperMenuEnabled: false
18:06:49.163 [FXGL Background Thread 3 ] DEBUG Engine               - isEntityPreloadEnabled: true
18:06:49.163 [FXGL Background Thread 3 ] DEBUG Engine               - isExperimental3D: false
18:06:49.163 [FXGL Background Thread 3 ] DEBUG Engine               - isExperimentalNative: false
18:06:49.163 [FXGL Background Thread 3 ] DEBUG Engine               - isExperimentalTiledLargeMap: false
18:06:49.163 [FXGL Background Thread 3 ] DEBUG Engine               - isFileSystemWriteAllowed: true
18:06:49.163 [FXGL Background Thread 3 ] DEBUG Engine               - isFullScreenAllowed: false
18:06:49.163 [FXGL Background Thread 3 ] DEBUG Engine               - isFullScreenFromStart: false
18:06:49.163 [FXGL Background Thread 3 ] DEBUG Engine               - isGameMenuEnabled: false
18:06:49.163 [FXGL Background Thread 3 ] DEBUG Engine               - isIOS: false
18:06:49.163 [FXGL Background Thread 3 ] DEBUG Engine               - isIntroEnabled: false
18:06:49.163 [FXGL Background Thread 3 ] DEBUG Engine               - isLinux: false
18:06:49.164 [FXGL Background Thread 3 ] DEBUG Engine               - isMac: false
18:06:49.164 [FXGL Background Thread 3 ] DEBUG Engine               - isMainMenuEnabled: false
18:06:49.164 [FXGL Background Thread 3 ] DEBUG Engine               - isManualResizeEnabled: false
18:06:49.164 [FXGL Background Thread 3 ] DEBUG Engine               - isMobile: false
18:06:49.164 [FXGL Background Thread 3 ] DEBUG Engine               - isPreserveResizeRatio: false
18:06:49.164 [FXGL Background Thread 3 ] DEBUG Engine               - isProfilingEnabled: false
18:06:49.164 [FXGL Background Thread 3 ] DEBUG Engine               - isScaleAffectedOnResize: true
18:06:49.164 [FXGL Background Thread 3 ] DEBUG Engine               - isSingleStep: false
18:06:49.164 [FXGL Background Thread 3 ] DEBUG Engine               - isUserProfileEnabled: false
18:06:49.164 [FXGL Background Thread 3 ] DEBUG Engine               - isWindows: true
18:06:49.165 [FXGL Background Thread 3 ] DEBUG Engine               - language: ObjectProperty [value: ENGLISH]
18:06:49.165 [FXGL Background Thread 3 ] DEBUG Engine               - menuKey: ESCAPE
18:06:49.165 [FXGL Background Thread 3 ] DEBUG Engine               - notificationViewClass: class com.almasb.fxgl.notification.view.XboxNotificationView
18:06:49.165 [FXGL Background Thread 3 ] DEBUG Engine               - pixelsPerMeter: 50.0
18:06:49.165 [FXGL Background Thread 3 ] DEBUG Engine               - platform: WINDOWS
18:06:49.165 [FXGL Background Thread 3 ] DEBUG Engine               - prefHeightProperty: ReadOnlyDoubleProperty [value: 750.0]
18:06:49.165 [FXGL Background Thread 3 ] DEBUG Engine               - prefWidthProperty: ReadOnlyDoubleProperty [value: 1400.0]
18:06:49.165 [FXGL Background Thread 3 ] DEBUG Engine               - profileDir: profiles/
18:06:49.166 [FXGL Background Thread 3 ] DEBUG Engine               - profileName: StringProperty [value: DEFAULT]
18:06:49.166 [FXGL Background Thread 3 ] DEBUG Engine               - randomSeed: -1
18:06:49.166 [FXGL Background Thread 3 ] DEBUG Engine               - runtimeInfo: RuntimeInfo(platform=WINDOWS, version=11.12, build=11.12.2020 08.51)
18:06:49.166 [FXGL Background Thread 3 ] DEBUG Engine               - saveFileExt: sav
18:06:49.166 [FXGL Background Thread 3 ] DEBUG Engine               - scaledHeightProp$fxgl: DoubleProperty [bound, value: 750.0]
18:06:49.166 [FXGL Background Thread 3 ] DEBUG Engine               - scaledWidthProp$fxgl: DoubleProperty [bound, value: 1400.0]
18:06:49.166 [FXGL Background Thread 3 ] DEBUG Engine               - sceneFactory: com.almasb.fxgl.app.scene.SceneFactory@356140fe
18:06:49.166 [FXGL Background Thread 3 ] DEBUG Engine               - secondsIn24h: 60
18:06:49.166 [FXGL Background Thread 3 ] DEBUG Engine               - soundMenuBack: menu/back.wav
18:06:49.166 [FXGL Background Thread 3 ] DEBUG Engine               - soundMenuPress: menu/press.wav
18:06:49.166 [FXGL Background Thread 3 ] DEBUG Engine               - soundMenuSelect: menu/select.wav
18:06:49.166 [FXGL Background Thread 3 ] DEBUG Engine               - soundNotification: core/notification.wav
18:06:49.166 [FXGL Background Thread 3 ] DEBUG Engine               - stageStyle: DECORATED
18:06:49.167 [FXGL Background Thread 3 ] DEBUG Engine               - supportedLanguages: [ENGLISH, FRENCH, GERMAN, HUNGARIAN, RUSSIAN]
18:06:49.167 [FXGL Background Thread 3 ] DEBUG Engine               - title: project5 make a square
18:06:49.167 [FXGL Background Thread 3 ] DEBUG Engine               - urlGithub: https://github.com/AlmasB/FXGL
18:06:49.167 [FXGL Background Thread 3 ] DEBUG Engine               - urlLeaderboard: http://fxgl-top.herokuapp.com/
18:06:49.167 [FXGL Background Thread 3 ] DEBUG Engine               - urlPOM: https://raw.githubusercontent.com/AlmasB/FXGL/master/README.md
18:06:49.167 [FXGL Background Thread 3 ] DEBUG Engine               - version: 0.0
18:06:49.167 [FXGL Background Thread 3 ] DEBUG Engine               - versionCheckDays: 7
18:06:49.167 [FXGL Background Thread 3 ] DEBUG Engine               - width: 1400
18:06:49.167 [FXGL Background Thread 3 ] DEBUG Engine               - Logging services
18:06:49.167 [FXGL Background Thread 3 ] DEBUG Engine               - class com.almasb.fxgl.app.FXGLApplication$GameApplicationService
18:06:49.167 [FXGL Background Thread 3 ] DEBUG Engine               - class com.almasb.fxgl.app.services.FXGLDialogService
18:06:49.167 [FXGL Background Thread 3 ] DEBUG Engine               - class com.almasb.fxgl.app.services.IOTaskExecutorService
18:06:49.167 [FXGL Background Thread 3 ] DEBUG Engine               - class com.almasb.fxgl.event.EventBusService
18:06:49.167 [FXGL Background Thread 3 ] DEBUG Engine               - class com.almasb.fxgl.io.FileSystemService
18:06:49.167 [FXGL Background Thread 3 ] DEBUG Engine               - class com.almasb.fxgl.localization.LocalizationService
18:06:49.167 [FXGL Background Thread 3 ] DEBUG Engine               - class com.almasb.fxgl.app.services.FXGLAssetLoaderService
18:06:49.167 [FXGL Background Thread 3 ] DEBUG Engine               - class com.almasb.fxgl.app.services.SystemBundleService
18:06:49.168 [FXGL Background Thread 3 ] DEBUG Engine               - class com.almasb.fxgl.profile.SaveLoadService
18:06:49.168 [FXGL Background Thread 3 ] DEBUG Engine               - class com.almasb.fxgl.ui.FXGLUIFactoryServiceProvider
18:06:49.168 [FXGL Background Thread 3 ] DEBUG Engine               - class com.almasb.fxgl.ui.FXGLDialogFactoryServiceProvider
18:06:49.168 [FXGL Background Thread 3 ] DEBUG Engine               - class com.almasb.fxgl.audio.AudioPlayer
18:06:49.168 [FXGL Background Thread 3 ] DEBUG Engine               - class com.almasb.fxgl.notification.impl.NotificationServiceProvider
18:06:49.168 [FXGL Background Thread 3 ] DEBUG Engine               - class com.almasb.fxgl.achievement.AchievementService
18:06:49.168 [FXGL Background Thread 3 ] DEBUG Engine               - class com.almasb.fxgl.cutscene.CutsceneService
18:06:49.168 [FXGL Background Thread 3 ] DEBUG Engine               - class com.almasb.fxgl.minigames.MiniGameService
18:06:49.168 [FXGL Background Thread 3 ] DEBUG Engine               - class com.almasb.fxgl.net.NetService
18:06:49.168 [FXGL Background Thread 3 ] DEBUG Engine               - class com.almasb.fxgl.app.services.UpdaterService
18:06:49.168 [FXGL Background Thread 3 ] DEBUG Engine               - class com.almasb.fxgl.dev.DevService
18:07:06.620 [FXGL Background Thread 2 ] INFO  UpdaterService       - Your current version:  11.12
18:07:06.620 [FXGL Background Thread 2 ] INFO  UpdaterService       - Latest stable version: 21.1
18:08:30.720 [JavaFX Application Thread] DEBUG FXGLApplication      - Exiting FXGL
18:08:30.720 [JavaFX Application Thread] DEBUG LoopRunner           - Stopping loop
18:08:30.720 [JavaFX Application Thread] DEBUG SystemBundleService  - Saving FXGL system data
18:08:30.722 [JavaFX Application Thread] DEBUG FileSystemAccess     - Writing to: E:\java\Project5\system\fxgl.bundle
18:08:30.725 [JavaFX Application Thread] DEBUG Async                - Shutting down background threads
18:08:30.725 [JavaFX Application Thread] DEBUG MainWindow           - Closing main window
18:08:30.743 [JavaFX Application Thread] DEBUG Logger               - Closing Logger
