22:16:17.136 [main                     ] DEBUG Logger               - Configured Logger
22:16:17.141 [main                     ] DEBUG GameApplication      - Logging settings
Title: project5 make a square
Version: 0.0
Width: 1400
Height: 750
Fullscreen: false
Intro: false
Profiling: false
Single step:false
App Mode: DEVELOPER
Menu Key: ESCAPE
Stage Style: DECORATED
Scene Factory: class com.almasb.fxgl.app.scene.SceneFactory

22:16:17.679 [JavaFX Application Thread] DEBUG FXGLApplication      - Initializing FXGL
22:16:17.682 [JavaFX Application Thread] INFO  Engine               - FXGL-11.12 (11.12.2020 08.51) on WINDOWS (J:21.0.2 FX:15)
22:16:17.682 [JavaFX Application Thread] DEBUG Engine               - JRE Vendor Name: Oracle Corporation
22:16:17.682 [JavaFX Application Thread] DEBUG Engine               - Running on OS: Windows 10 version 10.0
22:16:17.682 [JavaFX Application Thread] DEBUG Engine               - Architecture: amd64
22:16:17.683 [JavaFX Application Thread] INFO  Engine               - Source code and latest versions at: https://github.com/AlmasB/FXGL
22:16:17.683 [JavaFX Application Thread] INFO  Engine               -              Join the FXGL chat at: https://gitter.im/AlmasB/FXGL
22:16:17.832 [JavaFX Application Thread] DEBUG MainWindow           - Creating a JavaFX scene
22:16:17.904 [JavaFX Application Thread] DEBUG MainWindow           - Target settings size: 1400.0 x 750.0
22:16:17.904 [JavaFX Application Thread] DEBUG MainWindow           - Scaled scene size:    1400.0 x 750.0
22:16:17.904 [JavaFX Application Thread] DEBUG MainWindow           - Scaled ratio: (1.0, 1.0)
22:16:17.905 [JavaFX Application Thread] DEBUG MainWindow           - Set initial scene to StartupScene
22:16:17.912 [JavaFX Application Thread] DEBUG MainWindow           - Opening main window
22:16:18.041 [JavaFX Application Thread] DEBUG MainWindow           - Window border size: (14.4000244140625, 38.0)
22:16:18.042 [JavaFX Application Thread] DEBUG MainWindow           - Scaled size: 1400.0 x 750.0
22:16:18.042 [JavaFX Application Thread] DEBUG MainWindow           - Scaled ratio: (1.0, 1.0)
22:16:18.042 [JavaFX Application Thread] DEBUG MainWindow           - Scene size: 1400.0 x 750.0
22:16:18.042 [JavaFX Application Thread] DEBUG MainWindow           - Stage size: 1414.4000244140625 x 788.0
22:16:18.053 [FXGL Background Thread 1 ] DEBUG Engine               - Initializing environment variables
22:16:18.127 [FXGL Background Thread 1 ] DEBUG GameApplicationServi - Applying CSS: fxgl_dark.css
22:16:18.129 [FXGL Background Thread 1 ] DEBUG FXGLAssetLoaderServi - Loading from file system: /assets/ui/css/fxgl_dark.css
22:16:18.193 [FXGL Background Thread 1 ] DEBUG GameApplicationServi - Initializing application scenes
22:16:18.241 [FXGL Background Thread 1 ] DEBUG GameWorld            - Game world initialized
22:16:18.364 [FXGL Background Thread 1 ] DEBUG PhysicsWorld         - Physics world initialized: appHeight=750, physics.ppm=50.0
22:16:18.366 [FXGL Background Thread 1 ] DEBUG GameScene            - Game scene initialized: 1400x750
22:16:18.367 [FXGL Background Thread 1 ] DEBUG GameApplicationServi - Application scenes initialized
22:16:18.390 [FXGL Background Thread 1 ] DEBUG SystemBundleService  - Loading FXGL system data
22:16:18.395 [FXGL Background Thread 1 ] DEBUG FileSystemAccess     - Reading from: E:\java\Project5\system\fxgl.bundle
22:16:18.407 [FXGL Background Thread 1 ] DEBUG SystemBundleService  - Bundle FXGL: {}
22:16:18.407 [FXGL Background Thread 1 ] DEBUG UpdaterService       - Checking for updates
22:16:18.414 [FXGL Background Thread 4 ] DEBUG FXGLApplication      - Loading fonts
22:16:18.414 [FXGL Background Thread 4 ] DEBUG FXGLAssetLoaderServi - Loading from file system: /assets/ui/fonts/VarelaRound-Regular.ttf
22:16:18.415 [FXGL Background Thread 1 ] DEBUG FXGLApplication      - Loading default localization
22:16:18.415 [FXGL Background Thread 1 ] DEBUG FXGLAssetLoaderServi - Loading from file system: /assets/languages/english.lang
22:16:18.470 [FXGL Background Thread 1 ] INFO  FXGLApplication      - FXGL initialization took: 0.417 sec
22:16:18.471 [JavaFX Application Thread] DEBUG FXGLAssetLoaderServi - Loading from file system: /assets/textures/fxgl_icon.png
22:16:18.483 [FXGL Background Thread 4 ] DEBUG FXGLAssetLoaderServi - Loading from file system: /assets/ui/fonts/Abel-Regular.ttf
22:16:18.488 [FXGL Background Thread 4 ] DEBUG FXGLAssetLoaderServi - Loading from file system: /assets/ui/fonts/lucida_console.ttf
22:16:18.496 [FXGL Background Thread 4 ] DEBUG FXGLAssetLoaderServi - Loading from file system: /assets/ui/fonts/Courier-Prime.ttf
22:16:18.545 [JavaFX Application Thread] DEBUG FXGLAssetLoaderServi - Loading from file system: /assets/ui/cursors/fxgl_default.png
22:16:18.562 [JavaFX Application Thread] DEBUG Input                - Registered new binding: Screenshot - P
22:16:18.563 [JavaFX Application Thread] DEBUG Input                - Registered new binding: System info dump - CTRL+9
22:16:18.564 [JavaFX Application Thread] DEBUG Input                - Registered new binding: Restart - CTRL+R
22:16:18.565 [JavaFX Application Thread] DEBUG Input                - Registered new binding: Toggle Debug Camera - CTRL+C
22:16:18.569 [JavaFX Application Thread] DEBUG LoopRunner           - Starting loop
22:16:18.571 [JavaFX Application Thread] DEBUG GameApplicationServi - Starting new game
22:16:18.572 [JavaFX Application Thread] DEBUG Input                - Clearing active input actions
22:16:18.589 [JavaFX Application Thread] DEBUG GameApplicationServi - Removing overlay from StartupScene and adding to FXGLLoadingScene
22:16:18.590 [JavaFX Application Thread] DEBUG MainWindow           - StartupScene -> FXGLLoadingScene
22:16:18.590 [JavaFX Application Thread] DEBUG GameApplicationServi - Clearing previous game
22:16:18.590 [JavaFX Application Thread] DEBUG GameScene            - Clearing game scene
22:16:18.590 [JavaFX Application Thread] DEBUG GameWorld            - Clearing game world
22:16:18.590 [JavaFX Application Thread] DEBUG PhysicsWorld         - Clearing physics world
22:16:18.594 [FXGL Background Thread 4 ] DEBUG FXGLApplication      - Initializing game
22:16:18.594 [JavaFX Application Thread] DEBUG FXGLApplication      - Registering font factories with UI factory
22:16:18.657 [FXGL Background Thread 4 ] INFO  FXGLApplication      - Game initialization took: 0.063 sec
22:16:18.740 [JavaFX Application Thread] DEBUG Input                - Clearing active input actions
22:16:18.756 [JavaFX Application Thread] DEBUG GameApplicationServi - Removing overlay from FXGLLoadingScene and adding to GameScene
22:16:18.757 [JavaFX Application Thread] DEBUG MainWindow           - FXGLLoadingScene -> GameScene
22:16:19.352 [FXGL Background Thread 2 ] INFO  UpdaterService       - Your current version:  11.12
22:16:19.352 [FXGL Background Thread 2 ] INFO  UpdaterService       - Latest stable version: 21.1
22:16:20.757 [JavaFX Application Thread] DEBUG FXGLApplication      - Exiting FXGL
22:16:20.758 [JavaFX Application Thread] DEBUG LoopRunner           - Stopping loop
22:16:20.758 [JavaFX Application Thread] DEBUG SystemBundleService  - Saving FXGL system data
22:16:20.760 [JavaFX Application Thread] DEBUG FileSystemAccess     - Writing to: E:\java\Project5\system\fxgl.bundle
22:16:20.762 [JavaFX Application Thread] DEBUG Async                - Shutting down background threads
22:16:20.763 [JavaFX Application Thread] DEBUG MainWindow           - Closing main window
22:16:20.791 [JavaFX Application Thread] DEBUG Logger               - Closing Logger
