23:22:37.047 [main                     ] DEBUG Logger               - Configured Logger
23:22:37.051 [main                     ] DEBUG GameApplication      - Logging settings
Title: project5 make a square
Version: 0.0
Width: 1400
Height: 750
Fullscreen: false
Intro: false
Profiling: false
Single step:false
App Mode: DEVELOPER
Menu Key: ESCAPE
Stage Style: DECORATED
Scene Factory: class com.almasb.fxgl.app.scene.SceneFactory

23:22:37.936 [JavaFX Application Thread] DEBUG FXGLApplication      - Initializing FXGL
23:22:37.938 [JavaFX Application Thread] INFO  Engine               - FXGL-11.12 (11.12.2020 08.51) on WINDOWS (J:21.0.1 FX:15)
23:22:37.938 [JavaFX Application Thread] DEBUG Engine               - JRE Vendor Name: Oracle Corporation
23:22:37.939 [JavaFX Application Thread] DEBUG Engine               - Running on OS: Windows 10 version 10.0
23:22:37.939 [JavaFX Application Thread] DEBUG Engine               - Architecture: amd64
23:22:37.939 [JavaFX Application Thread] INFO  Engine               - Source code and latest versions at: https://github.com/AlmasB/FXGL
23:22:37.939 [JavaFX Application Thread] INFO  Engine               -              Join the FXGL chat at: https://gitter.im/AlmasB/FXGL
23:22:38.101 [JavaFX Application Thread] DEBUG MainWindow           - Creating a JavaFX scene
23:22:38.168 [JavaFX Application Thread] DEBUG MainWindow           - Target settings size: 1400.0 x 750.0
23:22:38.169 [JavaFX Application Thread] DEBUG MainWindow           - Scaled scene size:    1400.0 x 750.0
23:22:38.169 [JavaFX Application Thread] DEBUG MainWindow           - Scaled ratio: (1.0, 1.0)
23:22:38.170 [JavaFX Application Thread] DEBUG MainWindow           - Set initial scene to StartupScene
23:22:38.178 [JavaFX Application Thread] DEBUG MainWindow           - Opening main window
23:22:38.271 [JavaFX Application Thread] DEBUG MainWindow           - Window border size: (14.4000244140625, 38.0)
23:22:38.272 [JavaFX Application Thread] DEBUG MainWindow           - Scaled size: 1400.0 x 750.0
23:22:38.272 [JavaFX Application Thread] DEBUG MainWindow           - Scaled ratio: (1.0, 1.0)
23:22:38.272 [JavaFX Application Thread] DEBUG MainWindow           - Scene size: 1400.0 x 750.0
23:22:38.272 [JavaFX Application Thread] DEBUG MainWindow           - Stage size: 1414.4000244140625 x 788.0
23:22:38.281 [FXGL Background Thread 1 ] DEBUG Engine               - Initializing environment variables
23:22:38.343 [FXGL Background Thread 1 ] DEBUG GameApplicationServi - Applying CSS: fxgl_dark.css
23:22:38.344 [FXGL Background Thread 1 ] DEBUG FXGLAssetLoaderServi - Loading from file system: /assets/ui/css/fxgl_dark.css
23:22:38.411 [FXGL Background Thread 1 ] DEBUG GameApplicationServi - Initializing application scenes
23:22:38.464 [FXGL Background Thread 1 ] DEBUG GameWorld            - Game world initialized
23:22:38.551 [FXGL Background Thread 1 ] DEBUG PhysicsWorld         - Physics world initialized: appHeight=750, physics.ppm=50.0
23:22:38.553 [FXGL Background Thread 1 ] DEBUG GameScene            - Game scene initialized: 1400x750
23:22:38.553 [FXGL Background Thread 1 ] DEBUG GameApplicationServi - Application scenes initialized
23:22:38.579 [FXGL Background Thread 1 ] DEBUG SystemBundleService  - Loading FXGL system data
23:22:38.584 [FXGL Background Thread 1 ] DEBUG FileSystemAccess     - Reading from: C:\Users\ahmma\Desktop\make-a-square\system\fxgl.bundle
23:22:38.594 [FXGL Background Thread 1 ] DEBUG SystemBundleService  - Bundle FXGL: {}
23:22:38.595 [FXGL Background Thread 1 ] DEBUG UpdaterService       - Checking for updates
23:22:38.603 [FXGL Background Thread 4 ] DEBUG FXGLApplication      - Loading fonts
23:22:38.603 [FXGL Background Thread 4 ] DEBUG FXGLAssetLoaderServi - Loading from file system: /assets/ui/fonts/VarelaRound-Regular.ttf
23:22:38.604 [FXGL Background Thread 1 ] DEBUG FXGLApplication      - Loading default localization
23:22:38.604 [FXGL Background Thread 1 ] DEBUG FXGLAssetLoaderServi - Loading from file system: /assets/languages/english.lang
23:22:38.648 [FXGL Background Thread 1 ] INFO  FXGLApplication      - FXGL initialization took: 0.367 sec
23:22:38.658 [FXGL Background Thread 4 ] DEBUG FXGLAssetLoaderServi - Loading from file system: /assets/ui/fonts/Abel-Regular.ttf
23:22:38.663 [FXGL Background Thread 4 ] DEBUG FXGLAssetLoaderServi - Loading from file system: /assets/ui/fonts/lucida_console.ttf
23:22:38.666 [JavaFX Application Thread] DEBUG Input                - Registered new binding: Start Solving - Enter
23:22:38.666 [JavaFX Application Thread] DEBUG FXGLAssetLoaderServi - Loading from file system: /assets/textures/fxgl_icon.png
23:22:38.672 [FXGL Background Thread 4 ] DEBUG FXGLAssetLoaderServi - Loading from file system: /assets/ui/fonts/Courier-Prime.ttf
23:22:38.725 [JavaFX Application Thread] DEBUG FXGLAssetLoaderServi - Loading from file system: /assets/ui/cursors/fxgl_default.png
23:22:38.729 [JavaFX Application Thread] DEBUG Input                - Registered new binding: Screenshot - P
23:22:38.730 [JavaFX Application Thread] DEBUG Input                - Registered new binding: System info dump - CTRL+9
23:22:38.730 [JavaFX Application Thread] DEBUG Input                - Registered new binding: Restart - CTRL+R
23:22:38.731 [JavaFX Application Thread] DEBUG Input                - Registered new binding: Toggle Debug Camera - CTRL+C
23:22:38.734 [JavaFX Application Thread] DEBUG LoopRunner           - Starting loop
23:22:38.735 [JavaFX Application Thread] DEBUG GameApplicationServi - Starting new game
23:22:38.736 [JavaFX Application Thread] DEBUG Input                - Clearing active input actions
23:22:38.752 [JavaFX Application Thread] DEBUG GameApplicationServi - Removing overlay from StartupScene and adding to FXGLLoadingScene
23:22:38.752 [JavaFX Application Thread] DEBUG MainWindow           - StartupScene -> FXGLLoadingScene
23:22:38.752 [JavaFX Application Thread] DEBUG GameApplicationServi - Clearing previous game
23:22:38.752 [JavaFX Application Thread] DEBUG GameScene            - Clearing game scene
23:22:38.752 [JavaFX Application Thread] DEBUG GameWorld            - Clearing game world
23:22:38.752 [JavaFX Application Thread] DEBUG PhysicsWorld         - Clearing physics world
23:22:38.755 [JavaFX Application Thread] DEBUG FXGLApplication      - Registering font factories with UI factory
23:22:38.755 [FXGL Background Thread 4 ] DEBUG FXGLApplication      - Initializing game
23:22:38.802 [FXGL Background Thread 4 ] INFO  FXGLApplication      - Game initialization took: 0.048 sec
23:22:38.834 [JavaFX Application Thread] DEBUG Input                - Clearing active input actions
23:22:38.850 [JavaFX Application Thread] DEBUG GameApplicationServi - Removing overlay from FXGLLoadingScene and adding to GameScene
23:22:38.851 [JavaFX Application Thread] DEBUG MainWindow           - FXGLLoadingScene -> GameScene
23:22:39.447 [FXGL Background Thread 2 ] INFO  UpdaterService       - Your current version:  11.12
23:22:39.447 [FXGL Background Thread 2 ] INFO  UpdaterService       - Latest stable version: 21.1
23:22:41.602 [FXGL Background Thread 3 ] DEBUG Engine               - Logging environment variables
23:22:41.603 [FXGL Background Thread 3 ] DEBUG Engine               - achievements: []
23:22:41.603 [FXGL Background Thread 3 ] DEBUG Engine               - actualHeight: 750.0
23:22:41.604 [FXGL Background Thread 3 ] DEBUG Engine               - actualHeightProperty: ReadOnlyDoubleProperty [value: 750.0]
23:22:41.604 [FXGL Background Thread 3 ] DEBUG Engine               - actualWidth: 1400.0
23:22:41.604 [FXGL Background Thread 3 ] DEBUG Engine               - actualWidthProperty: ReadOnlyDoubleProperty [value: 1400.0]
23:22:41.605 [FXGL Background Thread 3 ] DEBUG Engine               - appIcon: fxgl_icon.png
23:22:41.605 [FXGL Background Thread 3 ] DEBUG Engine               - applicationMode: DEVELOPER
23:22:41.605 [FXGL Background Thread 3 ] DEBUG Engine               - cSSList: [fxgl_dark.css]
23:22:41.606 [FXGL Background Thread 3 ] DEBUG Engine               - configClass: Optional.empty
23:22:41.606 [FXGL Background Thread 3 ] DEBUG Engine               - credits: []
23:22:41.607 [FXGL Background Thread 3 ] DEBUG Engine               - devBBoxColorProperty: ObjectProperty [value: 0xff0000ff]
23:22:41.607 [FXGL Background Thread 3 ] DEBUG Engine               - devEnableDebugCameraProperty: BooleanProperty [value: false]
23:22:41.607 [FXGL Background Thread 3 ] DEBUG Engine               - devSensorColorProperty: ObjectProperty [value: 0xffff00ff]
23:22:41.607 [FXGL Background Thread 3 ] DEBUG Engine               - devShowBBoxProperty: BooleanProperty [value: false]
23:22:41.608 [FXGL Background Thread 3 ] DEBUG Engine               - devShowPositionProperty: BooleanProperty [value: false]
23:22:41.608 [FXGL Background Thread 3 ] DEBUG Engine               - enabledMenuItems: []
23:22:41.608 [FXGL Background Thread 3 ] DEBUG Engine               - engineServices: [class com.almasb.fxgl.app.FXGLApplication$GameApplicationService, class com.almasb.fxgl.app.services.FXGLDialogService, class com.almasb.fxgl.app.services.IOTaskExecutorService, class com.almasb.fxgl.event.EventBusService, class com.almasb.fxgl.io.FileSystemService, class com.almasb.fxgl.localization.LocalizationService, class com.almasb.fxgl.app.services.FXGLAssetLoaderService, class com.almasb.fxgl.app.services.SystemBundleService, class com.almasb.fxgl.profile.SaveLoadService, class com.almasb.fxgl.ui.FXGLUIFactoryServiceProvider, class com.almasb.fxgl.ui.FXGLDialogFactoryServiceProvider, class com.almasb.fxgl.audio.AudioPlayer, class com.almasb.fxgl.notification.impl.NotificationServiceProvider, class com.almasb.fxgl.achievement.AchievementService, class com.almasb.fxgl.cutscene.CutsceneService, class com.almasb.fxgl.minigames.MiniGameService, class com.almasb.fxgl.net.NetService, class com.almasb.fxgl.app.services.UpdaterService, class com.almasb.fxgl.dev.DevService]
23:22:41.608 [FXGL Background Thread 3 ] DEBUG Engine               - fontGame: Abel-Regular.ttf
23:22:41.609 [FXGL Background Thread 3 ] DEBUG Engine               - fontMono: lucida_console.ttf
23:22:41.609 [FXGL Background Thread 3 ] DEBUG Engine               - fontText: Courier-Prime.ttf
23:22:41.609 [FXGL Background Thread 3 ] DEBUG Engine               - fontUI: VarelaRound-Regular.ttf
23:22:41.609 [FXGL Background Thread 3 ] DEBUG Engine               - fullScreen: BooleanProperty [value: false]
23:22:41.609 [FXGL Background Thread 3 ] DEBUG Engine               - gameDifficulty: MEDIUM
23:22:41.610 [FXGL Background Thread 3 ] DEBUG Engine               - gameDifficultyProperty: ObjectProperty [value: MEDIUM]
23:22:41.610 [FXGL Background Thread 3 ] DEBUG Engine               - globalMusicVolume: 0.5
23:22:41.610 [FXGL Background Thread 3 ] DEBUG Engine               - globalMusicVolumeProperty: DoubleProperty [value: 0.5]
23:22:41.611 [FXGL Background Thread 3 ] DEBUG Engine               - globalSoundVolume: 0.5
23:22:41.611 [FXGL Background Thread 3 ] DEBUG Engine               - globalSoundVolumeProperty: DoubleProperty [value: 0.5]
23:22:41.611 [FXGL Background Thread 3 ] DEBUG Engine               - height: 750
23:22:41.611 [FXGL Background Thread 3 ] DEBUG Engine               - isAndroid: false
23:22:41.612 [FXGL Background Thread 3 ] DEBUG Engine               - isBrowser: false
23:22:41.612 [FXGL Background Thread 3 ] DEBUG Engine               - isClickFeedbackEnabled: false
23:22:41.612 [FXGL Background Thread 3 ] DEBUG Engine               - isCloseConfirmation: false
23:22:41.612 [FXGL Background Thread 3 ] DEBUG Engine               - isDesktop: true
23:22:41.613 [FXGL Background Thread 3 ] DEBUG Engine               - isDeveloperMenuEnabled: false
23:22:41.613 [FXGL Background Thread 3 ] DEBUG Engine               - isEntityPreloadEnabled: true
23:22:41.613 [FXGL Background Thread 3 ] DEBUG Engine               - isExperimental3D: false
23:22:41.613 [FXGL Background Thread 3 ] DEBUG Engine               - isExperimentalNative: false
23:22:41.614 [FXGL Background Thread 3 ] DEBUG Engine               - isExperimentalTiledLargeMap: false
23:22:41.614 [FXGL Background Thread 3 ] DEBUG Engine               - isFileSystemWriteAllowed: true
23:22:41.614 [FXGL Background Thread 3 ] DEBUG Engine               - isFullScreenAllowed: false
23:22:41.614 [FXGL Background Thread 3 ] DEBUG Engine               - isFullScreenFromStart: false
23:22:41.615 [FXGL Background Thread 3 ] DEBUG Engine               - isGameMenuEnabled: false
23:22:41.615 [FXGL Background Thread 3 ] DEBUG Engine               - isIOS: false
23:22:41.615 [FXGL Background Thread 3 ] DEBUG Engine               - isIntroEnabled: false
23:22:41.615 [FXGL Background Thread 3 ] DEBUG Engine               - isLinux: false
23:22:41.616 [FXGL Background Thread 3 ] DEBUG Engine               - isMac: false
23:22:41.616 [FXGL Background Thread 3 ] DEBUG Engine               - isMainMenuEnabled: false
23:22:41.616 [FXGL Background Thread 3 ] DEBUG Engine               - isManualResizeEnabled: false
23:22:41.616 [FXGL Background Thread 3 ] DEBUG Engine               - isMobile: false
23:22:41.617 [FXGL Background Thread 3 ] DEBUG Engine               - isPreserveResizeRatio: false
23:22:41.617 [FXGL Background Thread 3 ] DEBUG Engine               - isProfilingEnabled: false
23:22:41.618 [FXGL Background Thread 3 ] DEBUG Engine               - isScaleAffectedOnResize: true
23:22:41.618 [FXGL Background Thread 3 ] DEBUG Engine               - isSingleStep: false
23:22:41.618 [FXGL Background Thread 3 ] DEBUG Engine               - isUserProfileEnabled: false
23:22:41.618 [FXGL Background Thread 3 ] DEBUG Engine               - isWindows: true
23:22:41.618 [FXGL Background Thread 3 ] DEBUG Engine               - language: ObjectProperty [value: ENGLISH]
23:22:41.619 [FXGL Background Thread 3 ] DEBUG Engine               - menuKey: ESCAPE
23:22:41.619 [FXGL Background Thread 3 ] DEBUG Engine               - notificationViewClass: class com.almasb.fxgl.notification.view.XboxNotificationView
23:22:41.619 [FXGL Background Thread 3 ] DEBUG Engine               - pixelsPerMeter: 50.0
23:22:41.619 [FXGL Background Thread 3 ] DEBUG Engine               - platform: WINDOWS
23:22:41.620 [FXGL Background Thread 3 ] DEBUG Engine               - prefHeightProperty: ReadOnlyDoubleProperty [value: 750.0]
23:22:41.620 [FXGL Background Thread 3 ] DEBUG Engine               - prefWidthProperty: ReadOnlyDoubleProperty [value: 1400.0]
23:22:41.620 [FXGL Background Thread 3 ] DEBUG Engine               - profileDir: profiles/
23:22:41.621 [FXGL Background Thread 3 ] DEBUG Engine               - profileName: StringProperty [value: DEFAULT]
23:22:41.621 [FXGL Background Thread 3 ] DEBUG Engine               - randomSeed: -1
23:22:41.621 [FXGL Background Thread 3 ] DEBUG Engine               - runtimeInfo: RuntimeInfo(platform=WINDOWS, version=11.12, build=11.12.2020 08.51)
23:22:41.621 [FXGL Background Thread 3 ] DEBUG Engine               - saveFileExt: sav
23:22:41.622 [FXGL Background Thread 3 ] DEBUG Engine               - scaledHeightProp$fxgl: DoubleProperty [bound, value: 750.0]
23:22:41.622 [FXGL Background Thread 3 ] DEBUG Engine               - scaledWidthProp$fxgl: DoubleProperty [bound, value: 1400.0]
23:22:41.622 [FXGL Background Thread 3 ] DEBUG Engine               - sceneFactory: com.almasb.fxgl.app.scene.SceneFactory@6e992e60
23:22:41.622 [FXGL Background Thread 3 ] DEBUG Engine               - secondsIn24h: 60
23:22:41.623 [FXGL Background Thread 3 ] DEBUG Engine               - soundMenuBack: menu/back.wav
23:22:41.623 [FXGL Background Thread 3 ] DEBUG Engine               - soundMenuPress: menu/press.wav
23:22:41.623 [FXGL Background Thread 3 ] DEBUG Engine               - soundMenuSelect: menu/select.wav
23:22:41.623 [FXGL Background Thread 3 ] DEBUG Engine               - soundNotification: core/notification.wav
23:22:41.624 [FXGL Background Thread 3 ] DEBUG Engine               - stageStyle: DECORATED
23:22:41.624 [FXGL Background Thread 3 ] DEBUG Engine               - supportedLanguages: [ENGLISH, FRENCH, GERMAN, HUNGARIAN, RUSSIAN]
23:22:41.624 [FXGL Background Thread 3 ] DEBUG Engine               - title: project5 make a square
23:22:41.624 [FXGL Background Thread 3 ] DEBUG Engine               - urlGithub: https://github.com/AlmasB/FXGL
23:22:41.624 [FXGL Background Thread 3 ] DEBUG Engine               - urlLeaderboard: http://fxgl-top.herokuapp.com/
23:22:41.625 [FXGL Background Thread 3 ] DEBUG Engine               - urlPOM: https://raw.githubusercontent.com/AlmasB/FXGL/master/README.md
23:22:41.625 [FXGL Background Thread 3 ] DEBUG Engine               - version: 0.0
23:22:41.625 [FXGL Background Thread 3 ] DEBUG Engine               - versionCheckDays: 7
23:22:41.625 [FXGL Background Thread 3 ] DEBUG Engine               - width: 1400
23:22:41.626 [FXGL Background Thread 3 ] DEBUG Engine               - Logging services
23:22:41.626 [FXGL Background Thread 3 ] DEBUG Engine               - class com.almasb.fxgl.app.FXGLApplication$GameApplicationService
23:22:41.626 [FXGL Background Thread 3 ] DEBUG Engine               - class com.almasb.fxgl.app.services.FXGLDialogService
23:22:41.626 [FXGL Background Thread 3 ] DEBUG Engine               - class com.almasb.fxgl.app.services.IOTaskExecutorService
23:22:41.626 [FXGL Background Thread 3 ] DEBUG Engine               - class com.almasb.fxgl.event.EventBusService
23:22:41.627 [FXGL Background Thread 3 ] DEBUG Engine               - class com.almasb.fxgl.io.FileSystemService
23:22:41.627 [FXGL Background Thread 3 ] DEBUG Engine               - class com.almasb.fxgl.localization.LocalizationService
23:22:41.627 [FXGL Background Thread 3 ] DEBUG Engine               - class com.almasb.fxgl.app.services.FXGLAssetLoaderService
23:22:41.627 [FXGL Background Thread 3 ] DEBUG Engine               - class com.almasb.fxgl.app.services.SystemBundleService
23:22:41.628 [FXGL Background Thread 3 ] DEBUG Engine               - class com.almasb.fxgl.profile.SaveLoadService
23:22:41.628 [FXGL Background Thread 3 ] DEBUG Engine               - class com.almasb.fxgl.ui.FXGLUIFactoryServiceProvider
23:22:41.628 [FXGL Background Thread 3 ] DEBUG Engine               - class com.almasb.fxgl.ui.FXGLDialogFactoryServiceProvider
23:22:41.628 [FXGL Background Thread 3 ] DEBUG Engine               - class com.almasb.fxgl.audio.AudioPlayer
23:22:41.629 [FXGL Background Thread 3 ] DEBUG Engine               - class com.almasb.fxgl.notification.impl.NotificationServiceProvider
23:22:41.629 [FXGL Background Thread 3 ] DEBUG Engine               - class com.almasb.fxgl.achievement.AchievementService
23:22:41.629 [FXGL Background Thread 3 ] DEBUG Engine               - class com.almasb.fxgl.cutscene.CutsceneService
23:22:41.629 [FXGL Background Thread 3 ] DEBUG Engine               - class com.almasb.fxgl.minigames.MiniGameService
23:22:41.630 [FXGL Background Thread 3 ] DEBUG Engine               - class com.almasb.fxgl.net.NetService
23:22:41.630 [FXGL Background Thread 3 ] DEBUG Engine               - class com.almasb.fxgl.app.services.UpdaterService
23:22:41.630 [FXGL Background Thread 3 ] DEBUG Engine               - class com.almasb.fxgl.dev.DevService
23:22:44.013 [Thread-3                 ] DEBUG LoopRunner           - Stopping loop
23:22:44.017 [Thread-3                 ] FATAL FXGLApplication      - Uncaught Exception:
java.util.EmptyStackException
	at java.base/java.util.Stack.peek(Stack.java:103)
	at com.project.app.PuzzleSolver.Solve(PuzzleSolver.java:124)
	at com.project.app.PuzzleSolver.run(PuzzleSolver.java:20)

23:22:44.017 [Thread-3                 ] FATAL FXGLApplication      - Application will now exit
23:22:44.044 [Thread-3                 ] DEBUG MainWindow           - Push state: ErrorSubScene
23:22:44.044 [Thread-3                 ] DEBUG Input                - Clearing active input actions
23:22:46.394 [JavaFX Application Thread] DEBUG FXGLApplication      - Exiting FXGL
23:22:46.394 [JavaFX Application Thread] DEBUG Async                - Shutting down background threads
23:22:46.395 [JavaFX Application Thread] DEBUG MainWindow           - Closing main window
23:22:46.425 [JavaFX Application Thread] DEBUG Logger               - Closing Logger
