23:03:41.629 [main                     ] DEBUG Logger               - Configured Logger
23:03:41.634 [main                     ] DEBUG GameApplication      - Logging settings
Title: project5 make a square
Version: 0.0
Width: 1400
Height: 750
Fullscreen: false
Intro: false
Profiling: false
Single step:false
App Mode: DEVELOPER
Menu Key: ESCAPE
Stage Style: DECORATED
Scene Factory: class com.almasb.fxgl.app.scene.SceneFactory

23:03:42.239 [JavaFX Application Thread] DEBUG FXGLApplication      - Initializing FXGL
23:03:42.241 [JavaFX Application Thread] INFO  Engine               - FXGL-11.12 (11.12.2020 08.51) on WINDOWS (J:21.0.2 FX:15)
23:03:42.242 [JavaFX Application Thread] DEBUG Engine               - JRE Vendor Name: Oracle Corporation
23:03:42.242 [JavaFX Application Thread] DEBUG Engine               - Running on OS: Windows 10 version 10.0
23:03:42.242 [JavaFX Application Thread] DEBUG Engine               - Architecture: amd64
23:03:42.242 [JavaFX Application Thread] INFO  Engine               - Source code and latest versions at: https://github.com/AlmasB/FXGL
23:03:42.243 [JavaFX Application Thread] INFO  Engine               -              Join the FXGL chat at: https://gitter.im/AlmasB/FXGL
23:03:42.418 [JavaFX Application Thread] DEBUG MainWindow           - Creating a JavaFX scene
23:03:42.503 [JavaFX Application Thread] DEBUG MainWindow           - Target settings size: 1400.0 x 750.0
23:03:42.504 [JavaFX Application Thread] DEBUG MainWindow           - Scaled scene size:    1400.0 x 750.0
23:03:42.504 [JavaFX Application Thread] DEBUG MainWindow           - Scaled ratio: (1.0, 1.0)
23:03:42.505 [JavaFX Application Thread] DEBUG MainWindow           - Set initial scene to StartupScene
23:03:42.515 [JavaFX Application Thread] DEBUG MainWindow           - Opening main window
23:03:42.656 [JavaFX Application Thread] DEBUG MainWindow           - Window border size: (14.4000244140625, 38.0)
23:03:42.656 [JavaFX Application Thread] DEBUG MainWindow           - Scaled size: 1400.0 x 750.0
23:03:42.656 [JavaFX Application Thread] DEBUG MainWindow           - Scaled ratio: (1.0, 1.0)
23:03:42.656 [JavaFX Application Thread] DEBUG MainWindow           - Scene size: 1400.0 x 750.0
23:03:42.657 [JavaFX Application Thread] DEBUG MainWindow           - Stage size: 1414.4000244140625 x 788.0
23:03:42.670 [FXGL Background Thread 1 ] DEBUG Engine               - Initializing environment variables
23:03:42.757 [FXGL Background Thread 1 ] DEBUG GameApplicationServi - Applying CSS: fxgl_dark.css
23:03:42.758 [FXGL Background Thread 1 ] DEBUG FXGLAssetLoaderServi - Loading from file system: /assets/ui/css/fxgl_dark.css
23:03:42.847 [FXGL Background Thread 1 ] DEBUG GameApplicationServi - Initializing application scenes
23:03:42.919 [FXGL Background Thread 1 ] DEBUG GameWorld            - Game world initialized
23:03:43.053 [FXGL Background Thread 1 ] DEBUG PhysicsWorld         - Physics world initialized: appHeight=750, physics.ppm=50.0
23:03:43.058 [FXGL Background Thread 1 ] DEBUG GameScene            - Game scene initialized: 1400x750
23:03:43.058 [FXGL Background Thread 1 ] DEBUG GameApplicationServi - Application scenes initialized
23:03:43.091 [FXGL Background Thread 1 ] DEBUG SystemBundleService  - Loading FXGL system data
23:03:43.099 [FXGL Background Thread 1 ] DEBUG FileSystemAccess     - Reading from: E:\java\Project5\system\fxgl.bundle
23:03:43.111 [FXGL Background Thread 1 ] DEBUG SystemBundleService  - Bundle FXGL: {}
23:03:43.112 [FXGL Background Thread 1 ] DEBUG UpdaterService       - Checking for updates
23:03:43.121 [FXGL Background Thread 4 ] DEBUG FXGLApplication      - Loading fonts
23:03:43.121 [FXGL Background Thread 4 ] DEBUG FXGLAssetLoaderServi - Loading from file system: /assets/ui/fonts/VarelaRound-Regular.ttf
23:03:43.123 [FXGL Background Thread 1 ] DEBUG FXGLApplication      - Loading default localization
23:03:43.123 [FXGL Background Thread 1 ] DEBUG FXGLAssetLoaderServi - Loading from file system: /assets/languages/english.lang
23:03:43.173 [FXGL Background Thread 1 ] INFO  FXGLApplication      - FXGL initialization took: 0.504 sec
23:03:43.175 [JavaFX Application Thread] DEBUG FXGLAssetLoaderServi - Loading from file system: /assets/textures/fxgl_icon.png
23:03:43.193 [FXGL Background Thread 4 ] DEBUG FXGLAssetLoaderServi - Loading from file system: /assets/ui/fonts/Abel-Regular.ttf
23:03:43.199 [FXGL Background Thread 4 ] DEBUG FXGLAssetLoaderServi - Loading from file system: /assets/ui/fonts/lucida_console.ttf
23:03:43.207 [FXGL Background Thread 4 ] DEBUG FXGLAssetLoaderServi - Loading from file system: /assets/ui/fonts/Courier-Prime.ttf
23:03:43.269 [JavaFX Application Thread] DEBUG FXGLAssetLoaderServi - Loading from file system: /assets/ui/cursors/fxgl_default.png
23:03:43.291 [JavaFX Application Thread] DEBUG Input                - Registered new binding: Screenshot - P
23:03:43.292 [JavaFX Application Thread] DEBUG Input                - Registered new binding: System info dump - CTRL+9
23:03:43.292 [JavaFX Application Thread] DEBUG Input                - Registered new binding: Restart - CTRL+R
23:03:43.294 [JavaFX Application Thread] DEBUG Input                - Registered new binding: Toggle Debug Camera - CTRL+C
23:03:43.298 [JavaFX Application Thread] DEBUG LoopRunner           - Starting loop
23:03:43.300 [JavaFX Application Thread] DEBUG GameApplicationServi - Starting new game
23:03:43.301 [JavaFX Application Thread] DEBUG Input                - Clearing active input actions
23:03:43.321 [JavaFX Application Thread] DEBUG GameApplicationServi - Removing overlay from StartupScene and adding to FXGLLoadingScene
23:03:43.322 [JavaFX Application Thread] DEBUG MainWindow           - StartupScene -> FXGLLoadingScene
23:03:43.322 [JavaFX Application Thread] DEBUG GameApplicationServi - Clearing previous game
23:03:43.322 [JavaFX Application Thread] DEBUG GameScene            - Clearing game scene
23:03:43.322 [JavaFX Application Thread] DEBUG GameWorld            - Clearing game world
23:03:43.323 [JavaFX Application Thread] DEBUG PhysicsWorld         - Clearing physics world
23:03:43.328 [FXGL Background Thread 4 ] DEBUG FXGLApplication      - Initializing game
23:03:43.331 [JavaFX Application Thread] DEBUG FXGLApplication      - Registering font factories with UI factory
23:03:43.416 [FXGL Background Thread 4 ] INFO  FXGLApplication      - Game initialization took: 0.087 sec
23:03:43.565 [JavaFX Application Thread] DEBUG Input                - Clearing active input actions
23:03:43.603 [JavaFX Application Thread] DEBUG GameApplicationServi - Removing overlay from FXGLLoadingScene and adding to GameScene
23:03:43.604 [JavaFX Application Thread] DEBUG MainWindow           - FXGLLoadingScene -> GameScene
23:03:44.445 [FXGL Background Thread 2 ] INFO  UpdaterService       - Your current version:  11.12
23:03:44.445 [FXGL Background Thread 2 ] INFO  UpdaterService       - Latest stable version: 21.1
23:03:46.122 [FXGL Background Thread 3 ] DEBUG Engine               - Logging environment variables
23:03:46.123 [FXGL Background Thread 3 ] DEBUG Engine               - achievements: []
23:03:46.123 [FXGL Background Thread 3 ] DEBUG Engine               - actualHeight: 750.0
23:03:46.123 [FXGL Background Thread 3 ] DEBUG Engine               - actualHeightProperty: ReadOnlyDoubleProperty [value: 750.0]
23:03:46.123 [FXGL Background Thread 3 ] DEBUG Engine               - actualWidth: 1400.0
23:03:46.124 [FXGL Background Thread 3 ] DEBUG Engine               - actualWidthProperty: ReadOnlyDoubleProperty [value: 1400.0]
23:03:46.124 [FXGL Background Thread 3 ] DEBUG Engine               - appIcon: fxgl_icon.png
23:03:46.124 [FXGL Background Thread 3 ] DEBUG Engine               - applicationMode: DEVELOPER
23:03:46.124 [FXGL Background Thread 3 ] DEBUG Engine               - cSSList: [fxgl_dark.css]
23:03:46.124 [FXGL Background Thread 3 ] DEBUG Engine               - configClass: Optional.empty
23:03:46.124 [FXGL Background Thread 3 ] DEBUG Engine               - credits: []
23:03:46.124 [FXGL Background Thread 3 ] DEBUG Engine               - devBBoxColorProperty: ObjectProperty [value: 0xff0000ff]
23:03:46.124 [FXGL Background Thread 3 ] DEBUG Engine               - devEnableDebugCameraProperty: BooleanProperty [value: false]
23:03:46.124 [FXGL Background Thread 3 ] DEBUG Engine               - devSensorColorProperty: ObjectProperty [value: 0xffff00ff]
23:03:46.124 [FXGL Background Thread 3 ] DEBUG Engine               - devShowBBoxProperty: BooleanProperty [value: false]
23:03:46.124 [FXGL Background Thread 3 ] DEBUG Engine               - devShowPositionProperty: BooleanProperty [value: false]
23:03:46.124 [FXGL Background Thread 3 ] DEBUG Engine               - enabledMenuItems: []
23:03:46.124 [FXGL Background Thread 3 ] DEBUG Engine               - engineServices: [class com.almasb.fxgl.app.FXGLApplication$GameApplicationService, class com.almasb.fxgl.app.services.FXGLDialogService, class com.almasb.fxgl.app.services.IOTaskExecutorService, class com.almasb.fxgl.event.EventBusService, class com.almasb.fxgl.io.FileSystemService, class com.almasb.fxgl.localization.LocalizationService, class com.almasb.fxgl.app.services.FXGLAssetLoaderService, class com.almasb.fxgl.app.services.SystemBundleService, class com.almasb.fxgl.profile.SaveLoadService, class com.almasb.fxgl.ui.FXGLUIFactoryServiceProvider, class com.almasb.fxgl.ui.FXGLDialogFactoryServiceProvider, class com.almasb.fxgl.audio.AudioPlayer, class com.almasb.fxgl.notification.impl.NotificationServiceProvider, class com.almasb.fxgl.achievement.AchievementService, class com.almasb.fxgl.cutscene.CutsceneService, class com.almasb.fxgl.minigames.MiniGameService, class com.almasb.fxgl.net.NetService, class com.almasb.fxgl.app.services.UpdaterService, class com.almasb.fxgl.dev.DevService]
23:03:46.125 [FXGL Background Thread 3 ] DEBUG Engine               - fontGame: Abel-Regular.ttf
23:03:46.125 [FXGL Background Thread 3 ] DEBUG Engine               - fontMono: lucida_console.ttf
23:03:46.125 [FXGL Background Thread 3 ] DEBUG Engine               - fontText: Courier-Prime.ttf
23:03:46.125 [FXGL Background Thread 3 ] DEBUG Engine               - fontUI: VarelaRound-Regular.ttf
23:03:46.125 [FXGL Background Thread 3 ] DEBUG Engine               - fullScreen: BooleanProperty [value: false]
23:03:46.125 [FXGL Background Thread 3 ] DEBUG Engine               - gameDifficulty: MEDIUM
23:03:46.125 [FXGL Background Thread 3 ] DEBUG Engine               - gameDifficultyProperty: ObjectProperty [value: MEDIUM]
23:03:46.125 [FXGL Background Thread 3 ] DEBUG Engine               - globalMusicVolume: 0.5
23:03:46.125 [FXGL Background Thread 3 ] DEBUG Engine               - globalMusicVolumeProperty: DoubleProperty [value: 0.5]
23:03:46.126 [FXGL Background Thread 3 ] DEBUG Engine               - globalSoundVolume: 0.5
23:03:46.126 [FXGL Background Thread 3 ] DEBUG Engine               - globalSoundVolumeProperty: DoubleProperty [value: 0.5]
23:03:46.126 [FXGL Background Thread 3 ] DEBUG Engine               - height: 750
23:03:46.126 [FXGL Background Thread 3 ] DEBUG Engine               - isAndroid: false
23:03:46.126 [FXGL Background Thread 3 ] DEBUG Engine               - isBrowser: false
23:03:46.126 [FXGL Background Thread 3 ] DEBUG Engine               - isClickFeedbackEnabled: false
23:03:46.126 [FXGL Background Thread 3 ] DEBUG Engine               - isCloseConfirmation: false
23:03:46.126 [FXGL Background Thread 3 ] DEBUG Engine               - isDesktop: true
23:03:46.127 [FXGL Background Thread 3 ] DEBUG Engine               - isDeveloperMenuEnabled: false
23:03:46.127 [FXGL Background Thread 3 ] DEBUG Engine               - isEntityPreloadEnabled: true
23:03:46.127 [FXGL Background Thread 3 ] DEBUG Engine               - isExperimental3D: false
23:03:46.127 [FXGL Background Thread 3 ] DEBUG Engine               - isExperimentalNative: false
23:03:46.127 [FXGL Background Thread 3 ] DEBUG Engine               - isExperimentalTiledLargeMap: false
23:03:46.127 [FXGL Background Thread 3 ] DEBUG Engine               - isFileSystemWriteAllowed: true
23:03:46.127 [FXGL Background Thread 3 ] DEBUG Engine               - isFullScreenAllowed: false
23:03:46.127 [FXGL Background Thread 3 ] DEBUG Engine               - isFullScreenFromStart: false
23:03:46.127 [FXGL Background Thread 3 ] DEBUG Engine               - isGameMenuEnabled: false
23:03:46.127 [FXGL Background Thread 3 ] DEBUG Engine               - isIOS: false
23:03:46.127 [FXGL Background Thread 3 ] DEBUG Engine               - isIntroEnabled: false
23:03:46.127 [FXGL Background Thread 3 ] DEBUG Engine               - isLinux: false
23:03:46.127 [FXGL Background Thread 3 ] DEBUG Engine               - isMac: false
23:03:46.127 [FXGL Background Thread 3 ] DEBUG Engine               - isMainMenuEnabled: false
23:03:46.127 [FXGL Background Thread 3 ] DEBUG Engine               - isManualResizeEnabled: false
23:03:46.127 [FXGL Background Thread 3 ] DEBUG Engine               - isMobile: false
23:03:46.128 [FXGL Background Thread 3 ] DEBUG Engine               - isPreserveResizeRatio: false
23:03:46.128 [FXGL Background Thread 3 ] DEBUG Engine               - isProfilingEnabled: false
23:03:46.128 [FXGL Background Thread 3 ] DEBUG Engine               - isScaleAffectedOnResize: true
23:03:46.128 [FXGL Background Thread 3 ] DEBUG Engine               - isSingleStep: false
23:03:46.128 [FXGL Background Thread 3 ] DEBUG Engine               - isUserProfileEnabled: false
23:03:46.128 [FXGL Background Thread 3 ] DEBUG Engine               - isWindows: true
23:03:46.128 [FXGL Background Thread 3 ] DEBUG Engine               - language: ObjectProperty [value: ENGLISH]
23:03:46.129 [FXGL Background Thread 3 ] DEBUG Engine               - menuKey: ESCAPE
23:03:46.129 [FXGL Background Thread 3 ] DEBUG Engine               - notificationViewClass: class com.almasb.fxgl.notification.view.XboxNotificationView
23:03:46.129 [FXGL Background Thread 3 ] DEBUG Engine               - pixelsPerMeter: 50.0
23:03:46.129 [FXGL Background Thread 3 ] DEBUG Engine               - platform: WINDOWS
23:03:46.129 [FXGL Background Thread 3 ] DEBUG Engine               - prefHeightProperty: ReadOnlyDoubleProperty [value: 750.0]
23:03:46.129 [FXGL Background Thread 3 ] DEBUG Engine               - prefWidthProperty: ReadOnlyDoubleProperty [value: 1400.0]
23:03:46.129 [FXGL Background Thread 3 ] DEBUG Engine               - profileDir: profiles/
23:03:46.130 [FXGL Background Thread 3 ] DEBUG Engine               - profileName: StringProperty [value: DEFAULT]
23:03:46.130 [FXGL Background Thread 3 ] DEBUG Engine               - randomSeed: -1
23:03:46.130 [FXGL Background Thread 3 ] DEBUG Engine               - runtimeInfo: RuntimeInfo(platform=WINDOWS, version=11.12, build=11.12.2020 08.51)
23:03:46.130 [FXGL Background Thread 3 ] DEBUG Engine               - saveFileExt: sav
23:03:46.130 [FXGL Background Thread 3 ] DEBUG Engine               - scaledHeightProp$fxgl: DoubleProperty [bound, value: 750.0]
23:03:46.130 [FXGL Background Thread 3 ] DEBUG Engine               - scaledWidthProp$fxgl: DoubleProperty [bound, value: 1400.0]
23:03:46.130 [FXGL Background Thread 3 ] DEBUG Engine               - sceneFactory: com.almasb.fxgl.app.scene.SceneFactory@31b943b7
23:03:46.130 [FXGL Background Thread 3 ] DEBUG Engine               - secondsIn24h: 60
23:03:46.130 [FXGL Background Thread 3 ] DEBUG Engine               - soundMenuBack: menu/back.wav
23:03:46.130 [FXGL Background Thread 3 ] DEBUG Engine               - soundMenuPress: menu/press.wav
23:03:46.130 [FXGL Background Thread 3 ] DEBUG Engine               - soundMenuSelect: menu/select.wav
23:03:46.130 [FXGL Background Thread 3 ] DEBUG Engine               - soundNotification: core/notification.wav
23:03:46.130 [FXGL Background Thread 3 ] DEBUG Engine               - stageStyle: DECORATED
23:03:46.130 [FXGL Background Thread 3 ] DEBUG Engine               - supportedLanguages: [ENGLISH, FRENCH, GERMAN, HUNGARIAN, RUSSIAN]
23:03:46.130 [FXGL Background Thread 3 ] DEBUG Engine               - title: project5 make a square
23:03:46.130 [FXGL Background Thread 3 ] DEBUG Engine               - urlGithub: https://github.com/AlmasB/FXGL
23:03:46.130 [FXGL Background Thread 3 ] DEBUG Engine               - urlLeaderboard: http://fxgl-top.herokuapp.com/
23:03:46.131 [FXGL Background Thread 3 ] DEBUG Engine               - urlPOM: https://raw.githubusercontent.com/AlmasB/FXGL/master/README.md
23:03:46.131 [FXGL Background Thread 3 ] DEBUG Engine               - version: 0.0
23:03:46.131 [FXGL Background Thread 3 ] DEBUG Engine               - versionCheckDays: 7
23:03:46.131 [FXGL Background Thread 3 ] DEBUG Engine               - width: 1400
23:03:46.131 [FXGL Background Thread 3 ] DEBUG Engine               - Logging services
23:03:46.131 [FXGL Background Thread 3 ] DEBUG Engine               - class com.almasb.fxgl.app.FXGLApplication$GameApplicationService
23:03:46.131 [FXGL Background Thread 3 ] DEBUG Engine               - class com.almasb.fxgl.app.services.FXGLDialogService
23:03:46.131 [FXGL Background Thread 3 ] DEBUG Engine               - class com.almasb.fxgl.app.services.IOTaskExecutorService
23:03:46.131 [FXGL Background Thread 3 ] DEBUG Engine               - class com.almasb.fxgl.event.EventBusService
23:03:46.131 [FXGL Background Thread 3 ] DEBUG Engine               - class com.almasb.fxgl.io.FileSystemService
23:03:46.132 [FXGL Background Thread 3 ] DEBUG Engine               - class com.almasb.fxgl.localization.LocalizationService
23:03:46.132 [FXGL Background Thread 3 ] DEBUG Engine               - class com.almasb.fxgl.app.services.FXGLAssetLoaderService
23:03:46.132 [FXGL Background Thread 3 ] DEBUG Engine               - class com.almasb.fxgl.app.services.SystemBundleService
23:03:46.132 [FXGL Background Thread 3 ] DEBUG Engine               - class com.almasb.fxgl.profile.SaveLoadService
23:03:46.132 [FXGL Background Thread 3 ] DEBUG Engine               - class com.almasb.fxgl.ui.FXGLUIFactoryServiceProvider
23:03:46.132 [FXGL Background Thread 3 ] DEBUG Engine               - class com.almasb.fxgl.ui.FXGLDialogFactoryServiceProvider
23:03:46.132 [FXGL Background Thread 3 ] DEBUG Engine               - class com.almasb.fxgl.audio.AudioPlayer
23:03:46.132 [FXGL Background Thread 3 ] DEBUG Engine               - class com.almasb.fxgl.notification.impl.NotificationServiceProvider
23:03:46.132 [FXGL Background Thread 3 ] DEBUG Engine               - class com.almasb.fxgl.achievement.AchievementService
23:03:46.133 [FXGL Background Thread 3 ] DEBUG Engine               - class com.almasb.fxgl.cutscene.CutsceneService
23:03:46.133 [FXGL Background Thread 3 ] DEBUG Engine               - class com.almasb.fxgl.minigames.MiniGameService
23:03:46.133 [FXGL Background Thread 3 ] DEBUG Engine               - class com.almasb.fxgl.net.NetService
23:03:46.133 [FXGL Background Thread 3 ] DEBUG Engine               - class com.almasb.fxgl.app.services.UpdaterService
23:03:46.133 [FXGL Background Thread 3 ] DEBUG Engine               - class com.almasb.fxgl.dev.DevService
23:05:25.148 [JavaFX Application Thread] DEBUG FXGLApplication      - Exiting FXGL
23:05:25.148 [JavaFX Application Thread] DEBUG LoopRunner           - Stopping loop
23:05:25.149 [JavaFX Application Thread] DEBUG SystemBundleService  - Saving FXGL system data
23:05:25.151 [JavaFX Application Thread] DEBUG FileSystemAccess     - Writing to: E:\java\Project5\system\fxgl.bundle
23:05:25.154 [JavaFX Application Thread] DEBUG Async                - Shutting down background threads
23:05:25.155 [JavaFX Application Thread] DEBUG MainWindow           - Closing main window
23:05:25.166 [JavaFX Application Thread] DEBUG Logger               - Closing Logger
