21:41:20.210 [main                     ] DEBUG Logger               - Configured Logger
21:41:20.218 [main                     ] DEBUG GameApplication      - Logging settings
Title: project5 make a square
Version: 0.0
Width: 1400
Height: 750
Fullscreen: false
Intro: false
Profiling: false
Single step:false
App Mode: DEVELOPER
Menu Key: ESCAPE
Stage Style: DECORATED
Scene Factory: class com.almasb.fxgl.app.scene.SceneFactory

21:41:20.950 [JavaFX Application Thread] DEBUG FXGLApplication      - Initializing FXGL
21:41:20.953 [JavaFX Application Thread] INFO  Engine               - FXGL-11.12 (11.12.2020 08.51) on WINDOWS (J:21.0.2 FX:15)
21:41:20.953 [JavaFX Application Thread] DEBUG Engine               - JRE Vendor Name: Oracle Corporation
21:41:20.953 [JavaFX Application Thread] DEBUG Engine               - Running on OS: Windows 10 version 10.0
21:41:20.953 [JavaFX Application Thread] DEBUG Engine               - Architecture: amd64
21:41:20.953 [JavaFX Application Thread] INFO  Engine               - Source code and latest versions at: https://github.com/AlmasB/FXGL
21:41:20.953 [JavaFX Application Thread] INFO  Engine               -              Join the FXGL chat at: https://gitter.im/AlmasB/FXGL
21:41:21.137 [JavaFX Application Thread] DEBUG MainWindow           - Creating a JavaFX scene
21:41:21.210 [JavaFX Application Thread] DEBUG MainWindow           - Target settings size: 1400.0 x 750.0
21:41:21.210 [JavaFX Application Thread] DEBUG MainWindow           - Scaled scene size:    1400.0 x 750.0
21:41:21.210 [JavaFX Application Thread] DEBUG MainWindow           - Scaled ratio: (1.0, 1.0)
21:41:21.211 [JavaFX Application Thread] DEBUG MainWindow           - Set initial scene to StartupScene
21:41:21.220 [JavaFX Application Thread] DEBUG MainWindow           - Opening main window
21:41:21.362 [JavaFX Application Thread] DEBUG MainWindow           - Window border size: (14.4000244140625, 38.0)
21:41:21.363 [JavaFX Application Thread] DEBUG MainWindow           - Scaled size: 1400.0 x 750.0
21:41:21.363 [JavaFX Application Thread] DEBUG MainWindow           - Scaled ratio: (1.0, 1.0)
21:41:21.363 [JavaFX Application Thread] DEBUG MainWindow           - Scene size: 1400.0 x 750.0
21:41:21.364 [JavaFX Application Thread] DEBUG MainWindow           - Stage size: 1414.4000244140625 x 788.0
21:41:21.378 [FXGL Background Thread 1 ] DEBUG Engine               - Initializing environment variables
21:41:21.467 [FXGL Background Thread 1 ] DEBUG GameApplicationServi - Applying CSS: fxgl_dark.css
21:41:21.468 [FXGL Background Thread 1 ] DEBUG FXGLAssetLoaderServi - Loading from file system: /assets/ui/css/fxgl_dark.css
21:41:21.547 [FXGL Background Thread 1 ] DEBUG GameApplicationServi - Initializing application scenes
21:41:21.612 [FXGL Background Thread 1 ] DEBUG GameWorld            - Game world initialized
21:41:21.774 [FXGL Background Thread 1 ] DEBUG PhysicsWorld         - Physics world initialized: appHeight=750, physics.ppm=50.0
21:41:21.779 [FXGL Background Thread 1 ] DEBUG GameScene            - Game scene initialized: 1400x750
21:41:21.779 [FXGL Background Thread 1 ] DEBUG GameApplicationServi - Application scenes initialized
21:41:21.816 [FXGL Background Thread 1 ] DEBUG SystemBundleService  - Loading FXGL system data
21:41:21.822 [FXGL Background Thread 1 ] DEBUG FileSystemAccess     - Reading from: E:\java\Project5\system\fxgl.bundle
21:41:21.837 [FXGL Background Thread 1 ] DEBUG SystemBundleService  - Bundle FXGL: {}
21:41:21.837 [FXGL Background Thread 1 ] DEBUG UpdaterService       - Checking for updates
21:41:21.846 [FXGL Background Thread 4 ] DEBUG FXGLApplication      - Loading fonts
21:41:21.846 [FXGL Background Thread 4 ] DEBUG FXGLAssetLoaderServi - Loading from file system: /assets/ui/fonts/VarelaRound-Regular.ttf
21:41:21.847 [FXGL Background Thread 1 ] DEBUG FXGLApplication      - Loading default localization
21:41:21.847 [FXGL Background Thread 1 ] DEBUG FXGLAssetLoaderServi - Loading from file system: /assets/languages/english.lang
21:41:21.891 [FXGL Background Thread 1 ] INFO  FXGLApplication      - FXGL initialization took: 0.514 sec
21:41:21.893 [JavaFX Application Thread] DEBUG FXGLAssetLoaderServi - Loading from file system: /assets/textures/fxgl_icon.png
21:41:21.916 [FXGL Background Thread 4 ] DEBUG FXGLAssetLoaderServi - Loading from file system: /assets/ui/fonts/Abel-Regular.ttf
21:41:21.922 [FXGL Background Thread 4 ] DEBUG FXGLAssetLoaderServi - Loading from file system: /assets/ui/fonts/lucida_console.ttf
21:41:21.932 [FXGL Background Thread 4 ] DEBUG FXGLAssetLoaderServi - Loading from file system: /assets/ui/fonts/Courier-Prime.ttf
21:41:21.975 [JavaFX Application Thread] DEBUG FXGLAssetLoaderServi - Loading from file system: /assets/ui/cursors/fxgl_default.png
21:41:21.995 [JavaFX Application Thread] DEBUG Input                - Registered new binding: Screenshot - P
21:41:21.996 [JavaFX Application Thread] DEBUG Input                - Registered new binding: System info dump - CTRL+9
21:41:21.997 [JavaFX Application Thread] DEBUG Input                - Registered new binding: Restart - CTRL+R
21:41:21.998 [JavaFX Application Thread] DEBUG Input                - Registered new binding: Toggle Debug Camera - CTRL+C
21:41:22.003 [JavaFX Application Thread] DEBUG LoopRunner           - Starting loop
21:41:22.004 [JavaFX Application Thread] DEBUG GameApplicationServi - Starting new game
21:41:22.005 [JavaFX Application Thread] DEBUG Input                - Clearing active input actions
21:41:22.022 [JavaFX Application Thread] DEBUG GameApplicationServi - Removing overlay from StartupScene and adding to FXGLLoadingScene
21:41:22.023 [JavaFX Application Thread] DEBUG MainWindow           - StartupScene -> FXGLLoadingScene
21:41:22.023 [JavaFX Application Thread] DEBUG GameApplicationServi - Clearing previous game
21:41:22.023 [JavaFX Application Thread] DEBUG GameScene            - Clearing game scene
21:41:22.023 [JavaFX Application Thread] DEBUG GameWorld            - Clearing game world
21:41:22.023 [JavaFX Application Thread] DEBUG PhysicsWorld         - Clearing physics world
21:41:22.027 [FXGL Background Thread 4 ] DEBUG FXGLApplication      - Initializing game
21:41:22.039 [JavaFX Application Thread] DEBUG FXGLApplication      - Registering font factories with UI factory
21:41:22.066 [FXGL Background Thread 4 ] INFO  FXGLApplication      - Game initialization took: 0.039 sec
21:41:22.136 [JavaFX Application Thread] DEBUG Input                - Clearing active input actions
21:41:22.153 [JavaFX Application Thread] DEBUG GameApplicationServi - Removing overlay from FXGLLoadingScene and adding to GameScene
21:41:22.153 [JavaFX Application Thread] DEBUG MainWindow           - FXGLLoadingScene -> GameScene
21:41:23.339 [JavaFX Application Thread] DEBUG FXGLApplication      - Exiting FXGL
21:41:23.339 [JavaFX Application Thread] DEBUG LoopRunner           - Stopping loop
21:41:23.339 [JavaFX Application Thread] DEBUG SystemBundleService  - Saving FXGL system data
21:41:23.342 [JavaFX Application Thread] DEBUG FileSystemAccess     - Writing to: E:\java\Project5\system\fxgl.bundle
21:41:23.346 [JavaFX Application Thread] DEBUG Async                - Shutting down background threads
21:41:23.347 [JavaFX Application Thread] DEBUG MainWindow           - Closing main window
21:41:23.365 [JavaFX Application Thread] DEBUG Logger               - Closing Logger
