19:43:35.880 [main                     ] DEBUG Logger               - Configured Logger
19:43:35.884 [main                     ] DEBUG GameApplication      - Logging settings
Title: project5 make a square
Version: 0.0
Width: 1400
Height: 750
Fullscreen: false
Intro: false
Profiling: false
Single step:false
App Mode: DEVELOPER
Menu Key: ESCAPE
Stage Style: DECORATED
Scene Factory: class com.almasb.fxgl.app.scene.SceneFactory

19:43:36.370 [JavaFX Application Thread] DEBUG FXGLApplication      - Initializing FXGL
19:43:36.375 [JavaFX Application Thread] INFO  Engine               - FXGL-11.12 (11.12.2020 08.51) on WINDOWS (J:21.0.2 FX:15)
19:43:36.376 [JavaFX Application Thread] DEBUG Engine               - JRE Vendor Name: Oracle Corporation
19:43:36.376 [JavaFX Application Thread] DEBUG Engine               - Running on OS: Windows 10 version 10.0
19:43:36.376 [JavaFX Application Thread] DEBUG Engine               - Architecture: amd64
19:43:36.376 [JavaFX Application Thread] INFO  Engine               - Source code and latest versions at: https://github.com/AlmasB/FXGL
19:43:36.377 [JavaFX Application Thread] INFO  Engine               -              Join the FXGL chat at: https://gitter.im/AlmasB/FXGL
19:43:36.538 [JavaFX Application Thread] DEBUG MainWindow           - Creating a JavaFX scene
19:43:36.601 [JavaFX Application Thread] DEBUG MainWindow           - Target settings size: 1400.0 x 750.0
19:43:36.601 [JavaFX Application Thread] DEBUG MainWindow           - Scaled scene size:    1400.0 x 750.0
19:43:36.601 [JavaFX Application Thread] DEBUG MainWindow           - Scaled ratio: (1.0, 1.0)
19:43:36.602 [JavaFX Application Thread] DEBUG MainWindow           - Set initial scene to StartupScene
19:43:36.609 [JavaFX Application Thread] DEBUG MainWindow           - Opening main window
19:43:36.727 [JavaFX Application Thread] DEBUG MainWindow           - Window border size: (14.4000244140625, 38.0)
19:43:36.727 [JavaFX Application Thread] DEBUG MainWindow           - Scaled size: 1400.0 x 750.0
19:43:36.727 [JavaFX Application Thread] DEBUG MainWindow           - Scaled ratio: (1.0, 1.0)
19:43:36.727 [JavaFX Application Thread] DEBUG MainWindow           - Scene size: 1400.0 x 750.0
19:43:36.727 [JavaFX Application Thread] DEBUG MainWindow           - Stage size: 1414.4000244140625 x 788.0
19:43:36.737 [FXGL Background Thread 1 ] DEBUG Engine               - Initializing environment variables
19:43:36.816 [FXGL Background Thread 1 ] DEBUG GameApplicationServi - Applying CSS: fxgl_dark.css
19:43:36.817 [FXGL Background Thread 1 ] DEBUG FXGLAssetLoaderServi - Loading from file system: /assets/ui/css/fxgl_dark.css
19:43:36.885 [FXGL Background Thread 1 ] DEBUG GameApplicationServi - Initializing application scenes
19:43:36.939 [FXGL Background Thread 1 ] DEBUG GameWorld            - Game world initialized
19:43:37.034 [FXGL Background Thread 1 ] DEBUG PhysicsWorld         - Physics world initialized: appHeight=750, physics.ppm=50.0
19:43:37.036 [FXGL Background Thread 1 ] DEBUG GameScene            - Game scene initialized: 1400x750
19:43:37.036 [FXGL Background Thread 1 ] DEBUG GameApplicationServi - Application scenes initialized
19:43:37.058 [FXGL Background Thread 1 ] DEBUG SystemBundleService  - Loading FXGL system data
19:43:37.064 [FXGL Background Thread 1 ] DEBUG FileSystemAccess     - Reading from: E:\java\Project5\system\fxgl.bundle
19:43:37.073 [FXGL Background Thread 1 ] DEBUG SystemBundleService  - Bundle FXGL: {}
19:43:37.073 [FXGL Background Thread 1 ] DEBUG UpdaterService       - Checking for updates
19:43:37.079 [FXGL Background Thread 4 ] DEBUG FXGLApplication      - Loading fonts
19:43:37.080 [FXGL Background Thread 4 ] DEBUG FXGLAssetLoaderServi - Loading from file system: /assets/ui/fonts/VarelaRound-Regular.ttf
19:43:37.080 [FXGL Background Thread 1 ] DEBUG FXGLApplication      - Loading default localization
19:43:37.080 [FXGL Background Thread 1 ] DEBUG FXGLAssetLoaderServi - Loading from file system: /assets/languages/english.lang
19:43:37.137 [FXGL Background Thread 1 ] INFO  FXGLApplication      - FXGL initialization took: 0.401 sec
19:43:37.146 [FXGL Background Thread 4 ] DEBUG FXGLAssetLoaderServi - Loading from file system: /assets/ui/fonts/Abel-Regular.ttf
19:43:37.152 [FXGL Background Thread 4 ] DEBUG FXGLAssetLoaderServi - Loading from file system: /assets/ui/fonts/lucida_console.ttf
19:43:37.159 [FXGL Background Thread 4 ] DEBUG FXGLAssetLoaderServi - Loading from file system: /assets/ui/fonts/Courier-Prime.ttf
19:43:37.159 [JavaFX Application Thread] DEBUG Input                - Registered new binding: Start Solving - Enter
19:43:37.159 [JavaFX Application Thread] DEBUG FXGLAssetLoaderServi - Loading from file system: /assets/textures/fxgl_icon.png
19:43:37.208 [JavaFX Application Thread] DEBUG FXGLAssetLoaderServi - Loading from file system: /assets/ui/cursors/fxgl_default.png
19:43:37.213 [JavaFX Application Thread] DEBUG Input                - Registered new binding: Screenshot - P
19:43:37.213 [JavaFX Application Thread] DEBUG Input                - Registered new binding: System info dump - CTRL+9
19:43:37.214 [JavaFX Application Thread] DEBUG Input                - Registered new binding: Restart - CTRL+R
19:43:37.214 [JavaFX Application Thread] DEBUG Input                - Registered new binding: Toggle Debug Camera - CTRL+C
19:43:37.217 [JavaFX Application Thread] DEBUG LoopRunner           - Starting loop
19:43:37.218 [JavaFX Application Thread] DEBUG GameApplicationServi - Starting new game
19:43:37.219 [JavaFX Application Thread] DEBUG Input                - Clearing active input actions
19:43:37.234 [JavaFX Application Thread] DEBUG GameApplicationServi - Removing overlay from StartupScene and adding to FXGLLoadingScene
19:43:37.234 [JavaFX Application Thread] DEBUG MainWindow           - StartupScene -> FXGLLoadingScene
19:43:37.235 [JavaFX Application Thread] DEBUG GameApplicationServi - Clearing previous game
19:43:37.235 [JavaFX Application Thread] DEBUG GameScene            - Clearing game scene
19:43:37.235 [JavaFX Application Thread] DEBUG GameWorld            - Clearing game world
19:43:37.235 [JavaFX Application Thread] DEBUG PhysicsWorld         - Clearing physics world
19:43:37.237 [FXGL Background Thread 4 ] DEBUG FXGLApplication      - Initializing game
19:43:37.237 [JavaFX Application Thread] DEBUG FXGLApplication      - Registering font factories with UI factory
19:43:37.288 [FXGL Background Thread 4 ] INFO  FXGLApplication      - Game initialization took: 0.050 sec
19:43:37.322 [JavaFX Application Thread] DEBUG Input                - Clearing active input actions
19:43:37.337 [JavaFX Application Thread] DEBUG GameApplicationServi - Removing overlay from FXGLLoadingScene and adding to GameScene
19:43:37.337 [JavaFX Application Thread] DEBUG MainWindow           - FXGLLoadingScene -> GameScene
19:43:38.033 [FXGL Background Thread 2 ] INFO  UpdaterService       - Your current version:  11.12
19:43:38.034 [FXGL Background Thread 2 ] INFO  UpdaterService       - Latest stable version: 21.1
19:43:40.078 [FXGL Background Thread 3 ] DEBUG Engine               - Logging environment variables
19:43:40.078 [FXGL Background Thread 3 ] DEBUG Engine               - achievements: []
19:43:40.079 [FXGL Background Thread 3 ] DEBUG Engine               - actualHeight: 750.0
19:43:40.079 [FXGL Background Thread 3 ] DEBUG Engine               - actualHeightProperty: ReadOnlyDoubleProperty [value: 750.0]
19:43:40.079 [FXGL Background Thread 3 ] DEBUG Engine               - actualWidth: 1400.0
19:43:40.079 [FXGL Background Thread 3 ] DEBUG Engine               - actualWidthProperty: ReadOnlyDoubleProperty [value: 1400.0]
19:43:40.079 [FXGL Background Thread 3 ] DEBUG Engine               - appIcon: fxgl_icon.png
19:43:40.079 [FXGL Background Thread 3 ] DEBUG Engine               - applicationMode: DEVELOPER
19:43:40.079 [FXGL Background Thread 3 ] DEBUG Engine               - cSSList: [fxgl_dark.css]
19:43:40.079 [FXGL Background Thread 3 ] DEBUG Engine               - configClass: Optional.empty
19:43:40.079 [FXGL Background Thread 3 ] DEBUG Engine               - credits: []
19:43:40.080 [FXGL Background Thread 3 ] DEBUG Engine               - devBBoxColorProperty: ObjectProperty [value: 0xff0000ff]
19:43:40.080 [FXGL Background Thread 3 ] DEBUG Engine               - devEnableDebugCameraProperty: BooleanProperty [value: false]
19:43:40.080 [FXGL Background Thread 3 ] DEBUG Engine               - devSensorColorProperty: ObjectProperty [value: 0xffff00ff]
19:43:40.080 [FXGL Background Thread 3 ] DEBUG Engine               - devShowBBoxProperty: BooleanProperty [value: false]
19:43:40.080 [FXGL Background Thread 3 ] DEBUG Engine               - devShowPositionProperty: BooleanProperty [value: false]
19:43:40.080 [FXGL Background Thread 3 ] DEBUG Engine               - enabledMenuItems: []
19:43:40.080 [FXGL Background Thread 3 ] DEBUG Engine               - engineServices: [class com.almasb.fxgl.app.FXGLApplication$GameApplicationService, class com.almasb.fxgl.app.services.FXGLDialogService, class com.almasb.fxgl.app.services.IOTaskExecutorService, class com.almasb.fxgl.event.EventBusService, class com.almasb.fxgl.io.FileSystemService, class com.almasb.fxgl.localization.LocalizationService, class com.almasb.fxgl.app.services.FXGLAssetLoaderService, class com.almasb.fxgl.app.services.SystemBundleService, class com.almasb.fxgl.profile.SaveLoadService, class com.almasb.fxgl.ui.FXGLUIFactoryServiceProvider, class com.almasb.fxgl.ui.FXGLDialogFactoryServiceProvider, class com.almasb.fxgl.audio.AudioPlayer, class com.almasb.fxgl.notification.impl.NotificationServiceProvider, class com.almasb.fxgl.achievement.AchievementService, class com.almasb.fxgl.cutscene.CutsceneService, class com.almasb.fxgl.minigames.MiniGameService, class com.almasb.fxgl.net.NetService, class com.almasb.fxgl.app.services.UpdaterService, class com.almasb.fxgl.dev.DevService]
19:43:40.081 [FXGL Background Thread 3 ] DEBUG Engine               - fontGame: Abel-Regular.ttf
19:43:40.081 [FXGL Background Thread 3 ] DEBUG Engine               - fontMono: lucida_console.ttf
19:43:40.081 [FXGL Background Thread 3 ] DEBUG Engine               - fontText: Courier-Prime.ttf
19:43:40.081 [FXGL Background Thread 3 ] DEBUG Engine               - fontUI: VarelaRound-Regular.ttf
19:43:40.081 [FXGL Background Thread 3 ] DEBUG Engine               - fullScreen: BooleanProperty [value: false]
19:43:40.081 [FXGL Background Thread 3 ] DEBUG Engine               - gameDifficulty: MEDIUM
19:43:40.081 [FXGL Background Thread 3 ] DEBUG Engine               - gameDifficultyProperty: ObjectProperty [value: MEDIUM]
19:43:40.081 [FXGL Background Thread 3 ] DEBUG Engine               - globalMusicVolume: 0.5
19:43:40.082 [FXGL Background Thread 3 ] DEBUG Engine               - globalMusicVolumeProperty: DoubleProperty [value: 0.5]
19:43:40.082 [FXGL Background Thread 3 ] DEBUG Engine               - globalSoundVolume: 0.5
19:43:40.082 [FXGL Background Thread 3 ] DEBUG Engine               - globalSoundVolumeProperty: DoubleProperty [value: 0.5]
19:43:40.082 [FXGL Background Thread 3 ] DEBUG Engine               - height: 750
19:43:40.082 [FXGL Background Thread 3 ] DEBUG Engine               - isAndroid: false
19:43:40.082 [FXGL Background Thread 3 ] DEBUG Engine               - isBrowser: false
19:43:40.082 [FXGL Background Thread 3 ] DEBUG Engine               - isClickFeedbackEnabled: false
19:43:40.082 [FXGL Background Thread 3 ] DEBUG Engine               - isCloseConfirmation: false
19:43:40.082 [FXGL Background Thread 3 ] DEBUG Engine               - isDesktop: true
19:43:40.083 [FXGL Background Thread 3 ] DEBUG Engine               - isDeveloperMenuEnabled: false
19:43:40.083 [FXGL Background Thread 3 ] DEBUG Engine               - isEntityPreloadEnabled: true
19:43:40.083 [FXGL Background Thread 3 ] DEBUG Engine               - isExperimental3D: false
19:43:40.083 [FXGL Background Thread 3 ] DEBUG Engine               - isExperimentalNative: false
19:43:40.083 [FXGL Background Thread 3 ] DEBUG Engine               - isExperimentalTiledLargeMap: false
19:43:40.083 [FXGL Background Thread 3 ] DEBUG Engine               - isFileSystemWriteAllowed: true
19:43:40.083 [FXGL Background Thread 3 ] DEBUG Engine               - isFullScreenAllowed: false
19:43:40.083 [FXGL Background Thread 3 ] DEBUG Engine               - isFullScreenFromStart: false
19:43:40.083 [FXGL Background Thread 3 ] DEBUG Engine               - isGameMenuEnabled: false
19:43:40.083 [FXGL Background Thread 3 ] DEBUG Engine               - isIOS: false
19:43:40.084 [FXGL Background Thread 3 ] DEBUG Engine               - isIntroEnabled: false
19:43:40.084 [FXGL Background Thread 3 ] DEBUG Engine               - isLinux: false
19:43:40.084 [FXGL Background Thread 3 ] DEBUG Engine               - isMac: false
19:43:40.084 [FXGL Background Thread 3 ] DEBUG Engine               - isMainMenuEnabled: false
19:43:40.084 [FXGL Background Thread 3 ] DEBUG Engine               - isManualResizeEnabled: false
19:43:40.084 [FXGL Background Thread 3 ] DEBUG Engine               - isMobile: false
19:43:40.084 [FXGL Background Thread 3 ] DEBUG Engine               - isPreserveResizeRatio: false
19:43:40.084 [FXGL Background Thread 3 ] DEBUG Engine               - isProfilingEnabled: false
19:43:40.084 [FXGL Background Thread 3 ] DEBUG Engine               - isScaleAffectedOnResize: true
19:43:40.084 [FXGL Background Thread 3 ] DEBUG Engine               - isSingleStep: false
19:43:40.084 [FXGL Background Thread 3 ] DEBUG Engine               - isUserProfileEnabled: false
19:43:40.084 [FXGL Background Thread 3 ] DEBUG Engine               - isWindows: true
19:43:40.084 [FXGL Background Thread 3 ] DEBUG Engine               - language: ObjectProperty [value: ENGLISH]
19:43:40.085 [FXGL Background Thread 3 ] DEBUG Engine               - menuKey: ESCAPE
19:43:40.085 [FXGL Background Thread 3 ] DEBUG Engine               - notificationViewClass: class com.almasb.fxgl.notification.view.XboxNotificationView
19:43:40.085 [FXGL Background Thread 3 ] DEBUG Engine               - pixelsPerMeter: 50.0
19:43:40.085 [FXGL Background Thread 3 ] DEBUG Engine               - platform: WINDOWS
19:43:40.085 [FXGL Background Thread 3 ] DEBUG Engine               - prefHeightProperty: ReadOnlyDoubleProperty [value: 750.0]
19:43:40.085 [FXGL Background Thread 3 ] DEBUG Engine               - prefWidthProperty: ReadOnlyDoubleProperty [value: 1400.0]
19:43:40.085 [FXGL Background Thread 3 ] DEBUG Engine               - profileDir: profiles/
19:43:40.085 [FXGL Background Thread 3 ] DEBUG Engine               - profileName: StringProperty [value: DEFAULT]
19:43:40.086 [FXGL Background Thread 3 ] DEBUG Engine               - randomSeed: -1
19:43:40.086 [FXGL Background Thread 3 ] DEBUG Engine               - runtimeInfo: RuntimeInfo(platform=WINDOWS, version=11.12, build=11.12.2020 08.51)
19:43:40.086 [FXGL Background Thread 3 ] DEBUG Engine               - saveFileExt: sav
19:43:40.086 [FXGL Background Thread 3 ] DEBUG Engine               - scaledHeightProp$fxgl: DoubleProperty [bound, value: 750.0]
19:43:40.086 [FXGL Background Thread 3 ] DEBUG Engine               - scaledWidthProp$fxgl: DoubleProperty [bound, value: 1400.0]
19:43:40.086 [FXGL Background Thread 3 ] DEBUG Engine               - sceneFactory: com.almasb.fxgl.app.scene.SceneFactory@3a703579
19:43:40.086 [FXGL Background Thread 3 ] DEBUG Engine               - secondsIn24h: 60
19:43:40.086 [FXGL Background Thread 3 ] DEBUG Engine               - soundMenuBack: menu/back.wav
19:43:40.086 [FXGL Background Thread 3 ] DEBUG Engine               - soundMenuPress: menu/press.wav
19:43:40.086 [FXGL Background Thread 3 ] DEBUG Engine               - soundMenuSelect: menu/select.wav
19:43:40.086 [FXGL Background Thread 3 ] DEBUG Engine               - soundNotification: core/notification.wav
19:43:40.086 [FXGL Background Thread 3 ] DEBUG Engine               - stageStyle: DECORATED
19:43:40.086 [FXGL Background Thread 3 ] DEBUG Engine               - supportedLanguages: [ENGLISH, FRENCH, GERMAN, HUNGARIAN, RUSSIAN]
19:43:40.086 [FXGL Background Thread 3 ] DEBUG Engine               - title: project5 make a square
19:43:40.086 [FXGL Background Thread 3 ] DEBUG Engine               - urlGithub: https://github.com/AlmasB/FXGL
19:43:40.086 [FXGL Background Thread 3 ] DEBUG Engine               - urlLeaderboard: http://fxgl-top.herokuapp.com/
19:43:40.086 [FXGL Background Thread 3 ] DEBUG Engine               - urlPOM: https://raw.githubusercontent.com/AlmasB/FXGL/master/README.md
19:43:40.087 [FXGL Background Thread 3 ] DEBUG Engine               - version: 0.0
19:43:40.087 [FXGL Background Thread 3 ] DEBUG Engine               - versionCheckDays: 7
19:43:40.087 [FXGL Background Thread 3 ] DEBUG Engine               - width: 1400
19:43:40.087 [FXGL Background Thread 3 ] DEBUG Engine               - Logging services
19:43:40.087 [FXGL Background Thread 3 ] DEBUG Engine               - class com.almasb.fxgl.app.FXGLApplication$GameApplicationService
19:43:40.087 [FXGL Background Thread 3 ] DEBUG Engine               - class com.almasb.fxgl.app.services.FXGLDialogService
19:43:40.087 [FXGL Background Thread 3 ] DEBUG Engine               - class com.almasb.fxgl.app.services.IOTaskExecutorService
19:43:40.087 [FXGL Background Thread 3 ] DEBUG Engine               - class com.almasb.fxgl.event.EventBusService
19:43:40.087 [FXGL Background Thread 3 ] DEBUG Engine               - class com.almasb.fxgl.io.FileSystemService
19:43:40.087 [FXGL Background Thread 3 ] DEBUG Engine               - class com.almasb.fxgl.localization.LocalizationService
19:43:40.087 [FXGL Background Thread 3 ] DEBUG Engine               - class com.almasb.fxgl.app.services.FXGLAssetLoaderService
19:43:40.087 [FXGL Background Thread 3 ] DEBUG Engine               - class com.almasb.fxgl.app.services.SystemBundleService
19:43:40.087 [FXGL Background Thread 3 ] DEBUG Engine               - class com.almasb.fxgl.profile.SaveLoadService
19:43:40.087 [FXGL Background Thread 3 ] DEBUG Engine               - class com.almasb.fxgl.ui.FXGLUIFactoryServiceProvider
19:43:40.087 [FXGL Background Thread 3 ] DEBUG Engine               - class com.almasb.fxgl.ui.FXGLDialogFactoryServiceProvider
19:43:40.087 [FXGL Background Thread 3 ] DEBUG Engine               - class com.almasb.fxgl.audio.AudioPlayer
19:43:40.087 [FXGL Background Thread 3 ] DEBUG Engine               - class com.almasb.fxgl.notification.impl.NotificationServiceProvider
19:43:40.087 [FXGL Background Thread 3 ] DEBUG Engine               - class com.almasb.fxgl.achievement.AchievementService
19:43:40.087 [FXGL Background Thread 3 ] DEBUG Engine               - class com.almasb.fxgl.cutscene.CutsceneService
19:43:40.088 [FXGL Background Thread 3 ] DEBUG Engine               - class com.almasb.fxgl.minigames.MiniGameService
19:43:40.088 [FXGL Background Thread 3 ] DEBUG Engine               - class com.almasb.fxgl.net.NetService
19:43:40.088 [FXGL Background Thread 3 ] DEBUG Engine               - class com.almasb.fxgl.app.services.UpdaterService
19:43:40.088 [FXGL Background Thread 3 ] DEBUG Engine               - class com.almasb.fxgl.dev.DevService
19:43:52.206 [JavaFX Application Thread] DEBUG LoopRunner           - Stopping loop
19:43:52.208 [JavaFX Application Thread] FATAL FXGLApplication      - Uncaught Exception:
java.lang.IndexOutOfBoundsException: Index -1 out of bounds for length 5
	at java.base/jdk.internal.util.Preconditions.outOfBounds(Preconditions.java:100)
	at java.base/jdk.internal.util.Preconditions.outOfBoundsCheckIndex(Preconditions.java:106)
	at java.base/jdk.internal.util.Preconditions.checkIndex(Preconditions.java:302)
	at java.base/java.util.Objects.checkIndex(Objects.java:385)
	at java.base/java.util.ArrayList.get(ArrayList.java:427)
	at com.sun.javafx.collections.ObservableListWrapper.get(ObservableListWrapper.java:89)
	at com.sun.javafx.collections.VetoableListDecorator.get(VetoableListDecorator.java:306)
	at javafx.scene.Parent.updateCachedBounds(Parent.java:1704)
	at javafx.scene.Parent.recomputeBounds(Parent.java:1648)
	at javafx.scene.Parent.doComputeGeomBounds(Parent.java:1501)
	at javafx.scene.Parent$1.doComputeGeomBounds(Parent.java:115)
	at com.sun.javafx.scene.ParentHelper.computeGeomBoundsImpl(ParentHelper.java:84)
	at com.sun.javafx.scene.layout.RegionHelper.superComputeGeomBoundsImpl(RegionHelper.java:78)
	at com.sun.javafx.scene.layout.RegionHelper.superComputeGeomBounds(RegionHelper.java:62)
	at javafx.scene.layout.Region.doComputeGeomBounds(Region.java:3289)
	at javafx.scene.layout.Region$1.doComputeGeomBounds(Region.java:168)
	at com.sun.javafx.scene.layout.RegionHelper.computeGeomBoundsImpl(RegionHelper.java:89)
	at com.sun.javafx.scene.NodeHelper.computeGeomBounds(NodeHelper.java:115)
	at javafx.scene.Node.updateGeomBounds(Node.java:3844)
	at javafx.scene.Node.getGeomBounds(Node.java:3806)
	at javafx.scene.Node.getLocalBounds(Node.java:3754)
	at javafx.scene.Node.updateTxBounds(Node.java:3908)
	at javafx.scene.Node.getTransformedBounds(Node.java:3700)
	at javafx.scene.Node.updateBounds(Node.java:762)
	at javafx.scene.Parent.updateBounds(Parent.java:1835)
	at javafx.scene.Scene$ScenePulseListener.pulse(Scene.java:2491)
	at com.sun.javafx.tk.Toolkit.lambda$runPulse$2(Toolkit.java:413)
	at java.base/java.security.AccessController.doPrivileged(AccessController.java:400)
	at com.sun.javafx.tk.Toolkit.runPulse(Toolkit.java:412)
	at com.sun.javafx.tk.Toolkit.firePulse(Toolkit.java:439)
	at com.sun.javafx.tk.quantum.QuantumToolkit.pulse(QuantumToolkit.java:563)
	at com.sun.javafx.tk.quantum.QuantumToolkit.pulse(QuantumToolkit.java:543)
	at com.sun.javafx.tk.quantum.QuantumToolkit.pulseFromQueue(QuantumToolkit.java:536)
	at com.sun.javafx.tk.quantum.QuantumToolkit.lambda$runToolkit$11(QuantumToolkit.java:342)
	at com.sun.glass.ui.InvokeLaterDispatcher$Future.run(InvokeLaterDispatcher.java:96)
	at com.sun.glass.ui.win.WinApplication._runLoop(Native Method)
	at com.sun.glass.ui.win.WinApplication.lambda$runLoop$3(WinApplication.java:174)
	at java.base/java.lang.Thread.run(Thread.java:1583)

19:43:52.209 [JavaFX Application Thread] FATAL FXGLApplication      - Application will now exit
19:43:52.232 [JavaFX Application Thread] DEBUG MainWindow           - Push state: ErrorSubScene
19:43:52.232 [JavaFX Application Thread] DEBUG Input                - Clearing active input actions
19:43:52.238 [JavaFX Application Thread] DEBUG GameApplicationServi - Removing overlay from GameScene and adding to ErrorSubScene
19:43:52.238 [JavaFX Application Thread] DEBUG MainWindow           - GameScene -> ErrorSubScene
19:44:26.110 [JavaFX Application Thread] DEBUG FXGLApplication      - Exiting FXGL
19:44:26.110 [JavaFX Application Thread] DEBUG Async                - Shutting down background threads
19:44:26.110 [JavaFX Application Thread] DEBUG MainWindow           - Closing main window
19:44:26.135 [JavaFX Application Thread] DEBUG Logger               - Closing Logger
